
 *********************************** NBO 6.0 ***********************************
             N A T U R A L   A T O M I C   O R B I T A L   A N D
          N A T U R A L   B O N D   O R B I T A L   A N A L Y S I S
 ****************************** 00000000 (100000) ******************************
  (c) Copyright 1996-2015 Board of Regents of the University of Wisconsin System
      on behalf of the Theoretical Chemistry Institute.  All rights reserved.

          Cite this program as:

          NBO 6.0.  E. D. Glendening, J. K. Badenhoop, A. E. Reed,
          J. E. Carpenter, J. A. Bohmann, C. M. Morales, C. R. Landis,
          and F. Weinhold (Theoretical Chemistry Institute, University
          of Wisconsin, Madison, WI, 2013); http://nbo6.chem.wisc.edu/

 Job title:  Generated by Multiwfn


 NATURAL POPULATIONS:  Natural atomic orbital occupancies

  NAO Atom No lang   Type(AO)    Occupancy
 ------------------------------------------
   1    C  1  s      Cor( 1s)     1.99957
   2    C  1  s      Val( 2s)     1.23939
   3    C  1  s      Ryd( 3s)     0.00082
   4    C  1  s      Ryd( 4s)     0.00010
   5    C  1  s      Ryd( 5s)     0.00000
   6    C  1  s      Ryd( 7s)     0.00000
   7    C  1  s      Ryd( 6s)     0.00000
   8    C  1  px     Val( 2p)     0.71293
   9    C  1  px     Ryd( 3p)     0.00290
  10    C  1  px     Ryd( 4p)     0.00002
  11    C  1  px     Ryd( 5p)     0.00001
  12    C  1  py     Val( 2p)     1.19742
  13    C  1  py     Ryd( 3p)     0.00089
  14    C  1  py     Ryd( 4p)     0.00001
  15    C  1  py     Ryd( 5p)     0.00000
  16    C  1  pz     Val( 2p)     1.19734
  17    C  1  pz     Ryd( 3p)     0.00089
  18    C  1  pz     Ryd( 4p)     0.00001
  19    C  1  pz     Ryd( 5p)     0.00000
  20    C  1  dxy    Ryd( 3d)     0.00058
  21    C  1  dxy    Ryd( 4d)     0.00009
  22    C  1  dxz    Ryd( 3d)     0.00057
  23    C  1  dxz    Ryd( 4d)     0.00009
  24    C  1  dyz    Ryd( 3d)     0.00350
  25    C  1  dyz    Ryd( 4d)     0.00001
  26    C  1  dx2y2  Ryd( 3d)     0.00304
  27    C  1  dx2y2  Ryd( 4d)     0.00007
  28    C  1  dz2    Ryd( 3d)     0.00329
  29    C  1  dz2    Ryd( 4d)     0.00003
  30    C  1  f(0)   Ryd( 4f)     0.00087
  31    C  1  f(c1)  Ryd( 4f)     0.00000
  32    C  1  f(s1)  Ryd( 4f)     0.00005
  33    C  1  f(c2)  Ryd( 4f)     0.00075
  34    C  1  f(s2)  Ryd( 4f)     0.00000
  35    C  1  f(c3)  Ryd( 4f)     0.00001
  36    C  1  f(s3)  Ryd( 4f)     0.00054

  37    H  2  s      Val( 1s)     0.78784
  38    H  2  s      Ryd( 2s)     0.00068
  39    H  2  s      Ryd( 3s)     0.00015
  40    H  2  px     Ryd( 2p)     0.00017
  41    H  2  py     Ryd( 2p)     0.00000
  42    H  2  pz     Ryd( 2p)     0.00091

  43    H  3  s      Val( 1s)     0.78782
  44    H  3  s      Ryd( 2s)     0.00068
  45    H  3  s      Ryd( 3s)     0.00015
  46    H  3  px     Ryd( 2p)     0.00017
  47    H  3  py     Ryd( 2p)     0.00052
  48    H  3  pz     Ryd( 2p)     0.00019

  49    H  4  s      Val( 1s)     0.78779
  50    H  4  s      Ryd( 2s)     0.00068
  51    H  4  s      Ryd( 3s)     0.00015
  52    H  4  px     Ryd( 2p)     0.00017
  53    H  4  py     Ryd( 2p)     0.00059
  54    H  4  pz     Ryd( 2p)     0.00015

  55   Cl  5  s      Cor( 1s)     2.00000
  56   Cl  5  s      Cor( 2s)     1.99999
  57   Cl  5  s      Val( 3s)     1.97001
  58   Cl  5  s      Ryd( 4s)     0.00010
  59   Cl  5  s      Ryd( 5s)     0.00001
  60   Cl  5  s      Ryd( 6s)     0.00000
  61   Cl  5  s      Ryd( 7s)     0.00000
  62   Cl  5  px     Cor( 2p)     1.99999
  63   Cl  5  px     Val( 3p)     1.69844
  64   Cl  5  px     Ryd( 4p)     0.00053
  65   Cl  5  px     Ryd( 5p)     0.00000
  66   Cl  5  px     Ryd( 6p)     0.00000
  67   Cl  5  px     Ryd( 7p)     0.00000
  68   Cl  5  py     Cor( 2p)     2.00000
  69   Cl  5  py     Val( 3p)     1.99845
  70   Cl  5  py     Ryd( 4p)     0.00006
  71   Cl  5  py     Ryd( 5p)     0.00000
  72   Cl  5  py     Ryd( 6p)     0.00000
  73   Cl  5  py     Ryd( 7p)     0.00000
  74   Cl  5  pz     Cor( 2p)     2.00000
  75   Cl  5  pz     Val( 3p)     1.99845
  76   Cl  5  pz     Ryd( 4p)     0.00006
  77   Cl  5  pz     Ryd( 5p)     0.00000
  78   Cl  5  pz     Ryd( 6p)     0.00000
  79   Cl  5  pz     Ryd( 7p)     0.00000
  80   Cl  5  dxy    Ryd( 3d)     0.00025
  81   Cl  5  dxy    Ryd( 4d)     0.00000
  82   Cl  5  dxz    Ryd( 3d)     0.00025
  83   Cl  5  dxz    Ryd( 4d)     0.00000
  84   Cl  5  dyz    Ryd( 3d)     0.00001
  85   Cl  5  dyz    Ryd( 4d)     0.00000
  86   Cl  5  dx2y2  Ryd( 3d)     0.00082
  87   Cl  5  dx2y2  Ryd( 4d)     0.00000
  88   Cl  5  dz2    Ryd( 3d)     0.00028
  89   Cl  5  dz2    Ryd( 4d)     0.00000
  90   Cl  5  f(0)   Ryd( 4f)     0.00000
  91   Cl  5  f(c1)  Ryd( 4f)     0.00001
  92   Cl  5  f(s1)  Ryd( 4f)     0.00000
  93   Cl  5  f(c2)  Ryd( 4f)     0.00001
  94   Cl  5  f(s2)  Ryd( 4f)     0.00000
  95   Cl  5  f(c3)  Ryd( 4f)     0.00002
  96   Cl  5  f(s3)  Ryd( 4f)     0.00001

  97   Br  6  s      Cor( 2s)     2.00000
  98   Br  6  s      Cor( 1s)     2.00000
  99   Br  6  s      Cor( 3s)     1.99999
 100   Br  6  s      Val( 4s)     1.96782
 101   Br  6  s      Ryd( 5s)     0.00016
 102   Br  6  s      Ryd( 6s)     0.00001
 103   Br  6  s      Ryd( 8s)     0.00000
 104   Br  6  s      Ryd( 9s)     0.00000
 105   Br  6  s      Ryd( 7s)     0.00000
 106   Br  6  s      Ryd(10s)     0.00000
 107   Br  6  px     Cor( 2p)     2.00000
 108   Br  6  px     Cor( 3p)     1.99999
 109   Br  6  px     Val( 4p)     1.63029
 110   Br  6  px     Ryd( 5p)     0.00087
 111   Br  6  px     Ryd( 6p)     0.00001
 112   Br  6  px     Ryd( 7p)     0.00000
 113   Br  6  py     Cor( 2p)     2.00000
 114   Br  6  py     Cor( 3p)     2.00000
 115   Br  6  py     Val( 4p)     1.99819
 116   Br  6  py     Ryd( 5p)     0.00010
 117   Br  6  py     Ryd( 6p)     0.00000
 118   Br  6  py     Ryd( 7p)     0.00000
 119   Br  6  pz     Cor( 2p)     2.00000
 120   Br  6  pz     Cor( 3p)     2.00000
 121   Br  6  pz     Val( 4p)     1.99819
 122   Br  6  pz     Ryd( 5p)     0.00010
 123   Br  6  pz     Ryd( 6p)     0.00000
 124   Br  6  pz     Ryd( 7p)     0.00000
 125   Br  6  dxy    Cor( 3d)     2.00000
 126   Br  6  dxy    Ryd( 4d)     0.00032
 127   Br  6  dxy    Ryd( 5d)     0.00001
 128   Br  6  dxy    Ryd( 6d)     0.00000
 129   Br  6  dxz    Cor( 3d)     2.00000
 130   Br  6  dxz    Ryd( 4d)     0.00032
 131   Br  6  dxz    Ryd( 5d)     0.00001
 132   Br  6  dxz    Ryd( 6d)     0.00000
 133   Br  6  dyz    Cor( 3d)     2.00000
 134   Br  6  dyz    Ryd( 5d)     0.00002
 135   Br  6  dyz    Ryd( 4d)     0.00002
 136   Br  6  dyz    Ryd( 6d)     0.00000
 137   Br  6  dx2y2  Cor( 3d)     1.99996
 138   Br  6  dx2y2  Ryd( 4d)     0.00078
 139   Br  6  dx2y2  Ryd( 5d)     0.00005
 140   Br  6  dx2y2  Ryd( 6d)     0.00000
 141   Br  6  dz2    Cor( 3d)     1.99999
 142   Br  6  dz2    Ryd( 4d)     0.00027
 143   Br  6  dz2    Ryd( 5d)     0.00003
 144   Br  6  dz2    Ryd( 6d)     0.00000
 145   Br  6  f(0)   Ryd( 4f)     0.00001
 146   Br  6  f(c1)  Ryd( 4f)     0.00002
 147   Br  6  f(s1)  Ryd( 4f)     0.00000
 148   Br  6  f(c2)  Ryd( 4f)     0.00002
 149   Br  6  f(s2)  Ryd( 4f)     0.00000
 150   Br  6  f(c3)  Ryd( 4f)     0.00003
 151   Br  6  f(s3)  Ryd( 4f)     0.00003


 Summary of Natural Population Analysis:

                                     Natural Population
             Natural    ---------------------------------------------
  Atom No    Charge        Core      Valence    Rydberg      Total
 --------------------------------------------------------------------
    C  1   -0.36582      1.99957     4.34709    0.01916     6.36582
    H  2    0.21025      0.00000     0.78784    0.00191     0.78975
    H  3    0.21048      0.00000     0.78782    0.00171     0.78952
    H  4    0.21048      0.00000     0.78779    0.00174     0.78952
   Cl  5   -0.66779      9.99998     7.66535    0.00246    17.66779
   Br  6   -0.59759     27.99991     7.59449    0.00320    35.59759
 ====================================================================
 * Total * -1.00000     39.99946    21.97037    0.03017    62.00000

                                 Natural Population
 ---------------------------------------------------------
   Core                      39.99946 ( 99.9987% of   40)
   Valence                   21.97037 ( 99.8653% of   22)
   Natural Minimal Basis     61.96983 ( 99.9513% of   62)
   Natural Rydberg Basis      0.03017 (  0.0487% of   62)
 ---------------------------------------------------------

    Atom No         Natural Electron Configuration
 ----------------------------------------------------------------------------
      C  1      [core]2s( 1.24)2p( 3.11)3d( 0.01)
      H  2            1s( 0.79)
      H  3            1s( 0.79)
      H  4            1s( 0.79)
     Cl  5      [core]3s( 1.97)3p( 5.70)
     Br  6      [core]4s( 1.97)4p( 5.63)


 NATURAL BOND ORBITAL ANALYSIS:

                            Occupancies       Lewis Structure    Low   High
         Max    Occ     -------------------  -----------------   occ   occ
  Cycle  Ctr   Thresh    Lewis   non-Lewis     CR  BD  nC  LP    (L)   (NL)
 ============================================================================
    1     2     1.90    61.65190   0.34810     20   4   0   7     1      1
    2     2     1.66    61.65190   0.34810     20   4   0   7     0      1
    3     2     1.59    61.25792   0.74208     20   3   0   8     0      1
    4     2     1.90    61.65190   0.34810     20   4   0   7     1      1
 ----------------------------------------------------------------------------

 Strongly delocalized structure accepted

 -------------------------------------------------------
   Core                     39.99946 ( 99.999% of  40)
   Valence Lewis            21.65244 ( 98.420% of  22)
  ==================      =============================
   Total Lewis              61.65190 ( 99.439% of  62)
  -----------------------------------------------------
   Valence non-Lewis         0.33361 (  0.538% of  62)
   Rydberg non-Lewis         0.01449 (  0.023% of  62)
  ==================      =============================
   Total non-Lewis           0.34810 (  0.561% of  62)
 -------------------------------------------------------


     (Occupancy)   Bond orbital / Coefficients / Hybrids
 ------------------ Lewis ------------------------------------------------------
   1. (1.99957) CR ( 1) C  1            s(100.00%)
                                         1.0000  0.0000  0.0000  0.0000  0.0000
                                         0.0000  0.0000  0.0000  0.0000  0.0000
                                         0.0000  0.0000  0.0000  0.0000  0.0000
                                         0.0000  0.0000  0.0000  0.0000  0.0000
                                         0.0000  0.0000  0.0000  0.0000  0.0000
                                         0.0000  0.0000  0.0000  0.0000  0.0000
                                         0.0000  0.0000  0.0000  0.0000  0.0000
                                         0.0000
   2. (2.00000) CR ( 1)Cl  5            s(100.00%)
                                         1.0000  0.0000  0.0000  0.0000  0.0000
                                         0.0000  0.0000  0.0000  0.0000  0.0000
                                         0.0000  0.0000  0.0000  0.0000  0.0000
                                         0.0000  0.0000  0.0000  0.0000  0.0000
                                         0.0000  0.0000  0.0000  0.0000  0.0000
                                         0.0000  0.0000  0.0000  0.0000  0.0000
                                         0.0000  0.0000  0.0000  0.0000  0.0000
                                         0.0000  0.0000  0.0000  0.0000  0.0000
                                         0.0000  0.0000
   3. (1.99999) CR ( 2)Cl  5            s(100.00%)
                                         0.0000  1.0000  0.0000  0.0000  0.0000
                                         0.0000  0.0000  0.0000  0.0000  0.0000
                                         0.0000  0.0000  0.0000  0.0000  0.0000
                                         0.0000  0.0000  0.0000  0.0000  0.0000
                                         0.0000  0.0000  0.0000  0.0000  0.0000
                                         0.0000  0.0000  0.0000  0.0000  0.0000
                                         0.0000  0.0000  0.0000  0.0000  0.0000
                                         0.0000  0.0000  0.0000  0.0000  0.0000
                                         0.0000  0.0000
   4. (1.99999) CR ( 3)Cl  5            s(  0.00%)p 1.00(100.00%)
                                         0.0000  0.0000  0.0000  0.0000  0.0000
                                         0.0000  0.0000  1.0000  0.0000  0.0000
                                         0.0000  0.0000  0.0000  0.0000  0.0000
                                         0.0000  0.0000  0.0000  0.0000  0.0000
                                         0.0000  0.0000  0.0000  0.0000  0.0000
                                         0.0000  0.0000  0.0000  0.0000  0.0000
                                         0.0000  0.0000  0.0000  0.0000  0.0000
                                         0.0000  0.0000  0.0000  0.0000  0.0000
                                         0.0000  0.0000
   5. (2.00000) CR ( 4)Cl  5            s(  0.00%)p 1.00(100.00%)
                                         0.0000  0.0000  0.0000  0.0000  0.0000
                                         0.0000  0.0000  0.0000  0.0000  0.0000
                                         0.0000  0.0000  0.0000  1.0000  0.0000
                                         0.0000  0.0000  0.0000  0.0000  0.0000
                                         0.0000  0.0000  0.0000  0.0000  0.0000
                                         0.0000  0.0000  0.0000  0.0000  0.0000
                                         0.0000  0.0000  0.0000  0.0000  0.0000
                                         0.0000  0.0000  0.0000  0.0000  0.0000
                                         0.0000  0.0000
   6. (2.00000) CR ( 5)Cl  5            s(  0.00%)p 1.00(100.00%)
                                         0.0000  0.0000  0.0000  0.0000  0.0000
                                         0.0000  0.0000  0.0000  0.0000  0.0000
                                         0.0000  0.0000  0.0000  0.0000  0.0000
                                         0.0000  0.0000  0.0000  0.0000  1.0000
                                         0.0000  0.0000  0.0000  0.0000  0.0000
                                         0.0000  0.0000  0.0000  0.0000  0.0000
                                         0.0000  0.0000  0.0000  0.0000  0.0000
                                         0.0000  0.0000  0.0000  0.0000  0.0000
                                         0.0000  0.0000
   7. (2.00000) CR ( 1)Br  6            s(100.00%)
                                         1.0000  0.0000  0.0000  0.0000  0.0000
                                         0.0000  0.0000  0.0000  0.0000  0.0000
                                         0.0000  0.0000  0.0000  0.0000  0.0000
                                         0.0000  0.0000  0.0000  0.0000  0.0000
                                         0.0000  0.0000  0.0000  0.0000  0.0000
                                         0.0000  0.0000  0.0000  0.0000  0.0000
                                         0.0000  0.0000  0.0000  0.0000  0.0000
                                         0.0000  0.0000  0.0000  0.0000  0.0000
                                         0.0000  0.0000  0.0000  0.0000  0.0000
                                         0.0000  0.0000  0.0000  0.0000  0.0000
                                         0.0000  0.0000  0.0000  0.0000  0.0000
   8. (2.00000) CR ( 2)Br  6            s(100.00%)
                                         0.0000  1.0000  0.0000  0.0000  0.0000
                                         0.0000  0.0000  0.0000  0.0000  0.0000
                                         0.0000  0.0000  0.0000  0.0000  0.0000
                                         0.0000  0.0000  0.0000  0.0000  0.0000
                                         0.0000  0.0000  0.0000  0.0000  0.0000
                                         0.0000  0.0000  0.0000  0.0000  0.0000
                                         0.0000  0.0000  0.0000  0.0000  0.0000
                                         0.0000  0.0000  0.0000  0.0000  0.0000
                                         0.0000  0.0000  0.0000  0.0000  0.0000
                                         0.0000  0.0000  0.0000  0.0000  0.0000
                                         0.0000  0.0000  0.0000  0.0000  0.0000
   9. (1.99999) CR ( 3)Br  6            s(100.00%)
                                         0.0000  0.0000  1.0000  0.0000  0.0000
                                         0.0000  0.0000  0.0000  0.0000  0.0000
                                         0.0000  0.0000  0.0000  0.0000  0.0000
                                         0.0000  0.0000  0.0000  0.0000  0.0000
                                         0.0000  0.0000  0.0000  0.0000  0.0000
                                         0.0000  0.0000  0.0000  0.0000  0.0000
                                         0.0000  0.0000  0.0000  0.0000  0.0000
                                         0.0000  0.0000  0.0000  0.0000  0.0000
                                         0.0000  0.0000  0.0000  0.0000  0.0000
                                         0.0000  0.0000  0.0000  0.0000  0.0000
                                         0.0000  0.0000  0.0000  0.0000  0.0000
  10. (2.00000) CR ( 4)Br  6            s(  0.00%)p 1.00(100.00%)
                                         0.0000  0.0000  0.0000  0.0000  0.0000
                                         0.0000  0.0000  0.0000  0.0000  0.0000
                                         1.0000  0.0000  0.0000  0.0000  0.0000
                                         0.0000  0.0000  0.0000  0.0000  0.0000
                                         0.0000  0.0000  0.0000  0.0000  0.0000
                                         0.0000  0.0000  0.0000  0.0000  0.0000
                                         0.0000  0.0000  0.0000  0.0000  0.0000
                                         0.0000  0.0000  0.0000  0.0000  0.0000
                                         0.0000  0.0000  0.0000  0.0000  0.0000
                                         0.0000  0.0000  0.0000  0.0000  0.0000
                                         0.0000  0.0000  0.0000  0.0000  0.0000
  11. (1.99999) CR ( 5)Br  6            s(  0.00%)p 1.00(100.00%)
                                         0.0000  0.0000  0.0000  0.0000  0.0000
                                         0.0000  0.0000  0.0000  0.0000  0.0000
                                         0.0000  1.0000  0.0000  0.0000  0.0000
                                         0.0000  0.0000  0.0000  0.0000  0.0000
                                         0.0000  0.0000  0.0000  0.0000  0.0000
                                         0.0000  0.0000  0.0000  0.0000  0.0000
                                         0.0000  0.0000  0.0000  0.0000  0.0000
                                         0.0000  0.0000  0.0000  0.0000  0.0000
                                         0.0000  0.0000  0.0000  0.0000  0.0000
                                         0.0000  0.0000  0.0000  0.0000  0.0000
                                         0.0000  0.0000  0.0000  0.0000  0.0000
  12. (2.00000) CR ( 6)Br  6            s(  0.00%)p 1.00(100.00%)
                                         0.0000  0.0000  0.0000  0.0000  0.0000
                                         0.0000  0.0000  0.0000  0.0000  0.0000
                                         0.0000  0.0000  0.0000  0.0000  0.0000
                                         0.0000  1.0000  0.0000  0.0000  0.0000
                                         0.0000  0.0000  0.0000  0.0000  0.0000
                                         0.0000  0.0000  0.0000  0.0000  0.0000
                                         0.0000  0.0000  0.0000  0.0000  0.0000
                                         0.0000  0.0000  0.0000  0.0000  0.0000
                                         0.0000  0.0000  0.0000  0.0000  0.0000
                                         0.0000  0.0000  0.0000  0.0000  0.0000
                                         0.0000  0.0000  0.0000  0.0000  0.0000
  13. (2.00000) CR ( 7)Br  6            s(  0.00%)p 1.00(100.00%)
                                         0.0000  0.0000  0.0000  0.0000  0.0000
                                         0.0000  0.0000  0.0000  0.0000  0.0000
                                         0.0000  0.0000  0.0000  0.0000  0.0000
                                         0.0000  0.0000  1.0000  0.0000  0.0000
                                         0.0000  0.0000  0.0000  0.0000  0.0000
                                         0.0000  0.0000  0.0000  0.0000  0.0000
                                         0.0000  0.0000  0.0000  0.0000  0.0000
                                         0.0000  0.0000  0.0000  0.0000  0.0000
                                         0.0000  0.0000  0.0000  0.0000  0.0000
                                         0.0000  0.0000  0.0000  0.0000  0.0000
                                         0.0000  0.0000  0.0000  0.0000  0.0000
  14. (2.00000) CR ( 8)Br  6            s(  0.00%)p 1.00(100.00%)
                                         0.0000  0.0000  0.0000  0.0000  0.0000
                                         0.0000  0.0000  0.0000  0.0000  0.0000
                                         0.0000  0.0000  0.0000  0.0000  0.0000
                                         0.0000  0.0000  0.0000  0.0000  0.0000
                                         0.0000  0.0000  1.0000  0.0000  0.0000
                                         0.0000  0.0000  0.0000  0.0000  0.0000
                                         0.0000  0.0000  0.0000  0.0000  0.0000
                                         0.0000  0.0000  0.0000  0.0000  0.0000
                                         0.0000  0.0000  0.0000  0.0000  0.0000
                                         0.0000  0.0000  0.0000  0.0000  0.0000
                                         0.0000  0.0000  0.0000  0.0000  0.0000
  15. (2.00000) CR ( 9)Br  6            s(  0.00%)p 1.00(100.00%)
                                         0.0000  0.0000  0.0000  0.0000  0.0000
                                         0.0000  0.0000  0.0000  0.0000  0.0000
                                         0.0000  0.0000  0.0000  0.0000  0.0000
                                         0.0000  0.0000  0.0000  0.0000  0.0000
                                         0.0000  0.0000  0.0000  1.0000  0.0000
                                         0.0000  0.0000  0.0000  0.0000  0.0000
                                         0.0000  0.0000  0.0000  0.0000  0.0000
                                         0.0000  0.0000  0.0000  0.0000  0.0000
                                         0.0000  0.0000  0.0000  0.0000  0.0000
                                         0.0000  0.0000  0.0000  0.0000  0.0000
                                         0.0000  0.0000  0.0000  0.0000  0.0000
  16. (2.00000) CR (10)Br  6            s(  0.00%)p 0.00(  0.00%)d 1.00(100.00%)
                                         0.0000  0.0000  0.0000  0.0000  0.0000
                                         0.0000  0.0000  0.0000  0.0000  0.0000
                                         0.0000  0.0000  0.0000  0.0000  0.0000
                                         0.0000  0.0000  0.0000  0.0000  0.0000
                                         0.0000  0.0000  0.0000  0.0000  0.0000
                                         0.0000  0.0000  0.0000  1.0000  0.0000
                                         0.0000  0.0000  0.0000  0.0000  0.0000
                                         0.0000  0.0000  0.0000  0.0000  0.0000
                                         0.0000  0.0000  0.0000  0.0000  0.0000
                                         0.0000  0.0000  0.0000  0.0000  0.0000
                                         0.0000  0.0000  0.0000  0.0000  0.0000
  17. (2.00000) CR (11)Br  6            s(  0.00%)p 0.00(  0.00%)d 1.00(100.00%)
                                         0.0000  0.0000  0.0000  0.0000  0.0000
                                         0.0000  0.0000  0.0000  0.0000  0.0000
                                         0.0000  0.0000  0.0000  0.0000  0.0000
                                         0.0000  0.0000  0.0000  0.0000  0.0000
                                         0.0000  0.0000  0.0000  0.0000  0.0000
                                         0.0000  0.0000  0.0000  0.0000  0.0000
                                         0.0000  0.0000  1.0000  0.0000  0.0000
                                         0.0000  0.0000  0.0000  0.0000  0.0000
                                         0.0000  0.0000  0.0000  0.0000  0.0000
                                         0.0000  0.0000  0.0000  0.0000  0.0000
                                         0.0000  0.0000  0.0000  0.0000  0.0000
  18. (2.00000) CR (12)Br  6            s(  0.00%)p 0.00(  0.00%)d 1.00(100.00%)
                                         0.0000  0.0000  0.0000  0.0000  0.0000
                                         0.0000  0.0000  0.0000  0.0000  0.0000
                                         0.0000  0.0000  0.0000  0.0000  0.0000
                                         0.0000  0.0000  0.0000  0.0000  0.0000
                                         0.0000  0.0000  0.0000  0.0000  0.0000
                                         0.0000  0.0000  0.0000  0.0000  0.0000
                                         0.0000  0.0000  0.0000  0.0000  0.0000
                                         0.0000  1.0000  0.0000  0.0000  0.0000
                                         0.0000  0.0000  0.0000  0.0000  0.0000
                                         0.0000  0.0000  0.0000  0.0000  0.0000
                                         0.0000  0.0000  0.0000  0.0000  0.0000
  19. (1.99996) CR (13)Br  6            s(  0.00%)p 0.00(  0.00%)d 1.00(100.00%)
                                         0.0000  0.0000  0.0000  0.0000  0.0000
                                         0.0000  0.0000  0.0000  0.0000  0.0000
                                         0.0000  0.0000  0.0000  0.0000  0.0000
                                         0.0000  0.0000  0.0000  0.0000  0.0000
                                         0.0000  0.0000  0.0000  0.0000  0.0000
                                         0.0000  0.0000  0.0000  0.0000  0.0000
                                         0.0000  0.0000  0.0000  0.0000  0.0000
                                         0.0000  0.0000  0.0000  0.0000  0.0000
                                         1.0000  0.0000  0.0000  0.0000  0.0000
                                         0.0000  0.0000  0.0000  0.0000  0.0000
                                         0.0000  0.0000  0.0000  0.0000  0.0000
  20. (1.99999) CR (14)Br  6            s(  0.00%)p 0.00(  0.00%)d 1.00(100.00%)
                                         0.0000  0.0000  0.0000  0.0000  0.0000
                                         0.0000  0.0000  0.0000  0.0000  0.0000
                                         0.0000  0.0000  0.0000  0.0000  0.0000
                                         0.0000  0.0000  0.0000  0.0000  0.0000
                                         0.0000  0.0000  0.0000  0.0000  0.0000
                                         0.0000  0.0000  0.0000  0.0000  0.0000
                                         0.0000  0.0000  0.0000  0.0000  0.0000
                                         0.0000  0.0000  0.0000  0.0000  0.0000
                                         0.0000  0.0000  0.0000  0.0000  1.0000
                                         0.0000  0.0000  0.0000  0.0000  0.0000
                                         0.0000  0.0000  0.0000  0.0000  0.0000
  21. (1.99918) LP ( 1)Cl  5            s( 91.16%)p 0.10(  8.84%)d 0.00(  0.00%)
                                                  f 0.00(  0.00%)
                                         0.0000  0.0000  0.9548 -0.0014  0.0001
                                         0.0000  0.0000  0.0000 -0.2974  0.0014
                                        -0.0004 -0.0002  0.0000  0.0000 -0.0003
                                         0.0000  0.0000  0.0000  0.0000  0.0000
                                         0.0008  0.0000  0.0000  0.0000  0.0000
                                         0.0000  0.0000  0.0000  0.0000  0.0000
                                         0.0000 -0.0022 -0.0006  0.0013  0.0004
                                         0.0000  0.0006  0.0000  0.0000  0.0000
                                        -0.0008  0.0000
  22. (1.99853) LP ( 2)Cl  5            s(  0.00%)p 1.00(100.00%)d 0.00(  0.00%)
                                                  f 0.00(  0.00%)
                                         0.0000  0.0000  0.0001  0.0000  0.0000
                                         0.0000  0.0000  0.0000 -0.0004  0.0000
                                         0.0000  0.0000  0.0000  0.0000  0.9916
                                        -0.0036 -0.0001  0.0002  0.0000  0.0000
                                         0.1289 -0.0005  0.0000  0.0000  0.0000
                                         0.0042  0.0013  0.0005  0.0002 -0.0001
                                         0.0000  0.0000  0.0000  0.0000  0.0000
                                        -0.0002  0.0000 -0.0005  0.0002  0.0000
                                         0.0000  0.0020
  23. (1.99852) LP ( 3)Cl  5            s(  0.00%)p 1.00(100.00%)d 0.00(  0.00%)
                                                  f 0.00(  0.00%)
                                         0.0000  0.0000  0.0007  0.0000  0.0000
                                         0.0000  0.0000  0.0000 -0.0005  0.0000
                                         0.0000  0.0000  0.0000  0.0000  0.1289
                                        -0.0005  0.0000  0.0000  0.0000  0.0000
                                        -0.9916  0.0036  0.0001 -0.0002  0.0000
                                         0.0005  0.0002 -0.0042 -0.0013  0.0000
                                         0.0000 -0.0001  0.0000 -0.0001  0.0000
                                         0.0013  0.0000 -0.0001 -0.0016  0.0000
                                         0.0000  0.0003
  24. (1.66982) LP ( 4)Cl  5            s(  8.85%)p10.30( 91.14%)d 0.00(  0.02%)
                                                  f 0.00(  0.00%)
                                         0.0000  0.0000  0.2974  0.0053 -0.0003
                                         0.0002  0.0000  0.0000  0.9546  0.0096
                                         0.0001 -0.0006 -0.0001  0.0000  0.0003
                                         0.0000  0.0000  0.0000  0.0000  0.0000
                                        -0.0003  0.0000  0.0000  0.0000  0.0000
                                         0.0000  0.0000  0.0000  0.0000  0.0000
                                         0.0000  0.0119 -0.0007 -0.0068  0.0004
                                         0.0000 -0.0013  0.0000  0.0000  0.0000
                                         0.0017  0.0000
  25. (1.99926) LP ( 1)Br  6            s( 92.14%)p 0.09(  7.86%)d 0.00(  0.00%)
                                                  f 0.00(  0.00%)
                                         0.0000  0.0000  0.0000  0.9599 -0.0020
                                        -0.0002  0.0000  0.0000  0.0000  0.0000
                                         0.0000  0.0000  0.2803 -0.0011 -0.0010
                                        -0.0002  0.0000  0.0000  0.0008  0.0000
                                         0.0000  0.0000  0.0000  0.0000  0.0010
                                         0.0000  0.0000  0.0000  0.0000  0.0000
                                         0.0000  0.0000  0.0000  0.0000  0.0000
                                         0.0000  0.0000  0.0000  0.0000  0.0000
                                         0.0000 -0.0031  0.0012  0.0009  0.0000
                                         0.0018 -0.0007 -0.0005  0.0000 -0.0007
                                         0.0000  0.0000  0.0000  0.0009  0.0000
  26. (1.99831) LP ( 2)Br  6            s(  0.00%)p 1.00(100.00%)d 0.00(  0.00%)
                                                  f 0.00(  0.00%)
                                         0.0000  0.0000  0.0000  0.0002  0.0000
                                         0.0000  0.0000  0.0000  0.0000  0.0000
                                         0.0000  0.0000  0.0005  0.0000  0.0000
                                         0.0000  0.0000  0.0000  0.5867 -0.0031
                                        -0.0001 -0.0001  0.0000  0.0000 -0.8098
                                         0.0042  0.0002  0.0001  0.0000 -0.0026
                                         0.0008  0.0001  0.0000  0.0037 -0.0011
                                        -0.0001  0.0000 -0.0002  0.0001  0.0000
                                         0.0000 -0.0001  0.0001  0.0000  0.0000
                                        -0.0001  0.0001  0.0000  0.0014  0.0000
                                        -0.0004 -0.0018  0.0000  0.0000  0.0016
  27. (1.99830) LP ( 3)Br  6            s(  0.00%)p 1.00(100.00%)d 0.00(  0.00%)
                                                  f 0.00(  0.00%)
                                         0.0000  0.0000  0.0000  0.0013  0.0000
                                         0.0000  0.0000  0.0000  0.0000  0.0000
                                         0.0000  0.0000  0.0000  0.0000  0.0000
                                         0.0000  0.0000  0.0000 -0.8098  0.0042
                                         0.0002  0.0001  0.0000  0.0000 -0.5867
                                         0.0031  0.0001  0.0001  0.0000  0.0036
                                        -0.0010 -0.0001  0.0000  0.0026 -0.0008
                                        -0.0001  0.0000  0.0002 -0.0001  0.0000
                                         0.0000 -0.0001  0.0001  0.0000  0.0000
                                        -0.0001  0.0001  0.0000  0.0010  0.0000
                                         0.0006 -0.0013  0.0000  0.0000 -0.0023
  28. (1.99796) BD ( 1) C  1- H  2
               ( 60.67%)   0.7789* C  1 s( 33.07%)p 2.02( 66.64%)d 0.01(  0.23%)
                                                  f 0.00(  0.06%)
                                         0.0000  0.5751  0.0016  0.0003  0.0000
                                         0.0000  0.0000 -0.0430 -0.0002  0.0001
                                         0.0003 -0.0311  0.0005  0.0000  0.0000
                                        -0.8145 -0.0134  0.0011  0.0001  0.0000
                                         0.0000 -0.0006  0.0010 -0.0033  0.0002
                                         0.0039 -0.0024  0.0477  0.0040 -0.0239
                                        -0.0011 -0.0020  0.0036  0.0000  0.0004
                                         0.0002
               ( 39.33%)   0.6272* H  2 s( 99.89%)p 0.00(  0.11%)
                                         0.9995 -0.0006 -0.0005  0.0010  0.0011
                                         0.0324
  29. (1.99797) BD ( 1) C  1- H  3
               ( 60.68%)   0.7790* C  1 s( 33.08%)p 2.01( 66.63%)d 0.01(  0.24%)
                                                  f 0.00(  0.06%)
                                         0.0000  0.5751  0.0016  0.0004  0.0000
                                         0.0000  0.0000 -0.0430 -0.0002  0.0001
                                         0.0003 -0.6898  0.0114  0.0008 -0.0001
                                         0.4341  0.0073 -0.0006 -0.0001 -0.0005
                                         0.0009  0.0003 -0.0005  0.0396 -0.0023
                                        -0.0273 -0.0033 -0.0063  0.0013 -0.0075
                                        -0.0004 -0.0055 -0.0177  0.0006  0.0010
                                         0.0139
               ( 39.32%)   0.6271* H  3 s( 99.92%)p 0.00(  0.08%)
                                         0.9996 -0.0006 -0.0005  0.0009  0.0242
                                        -0.0147
  30. (1.99797) BD ( 1) C  1- H  4
               ( 60.68%)   0.7790* C  1 s( 33.08%)p 2.01( 66.63%)d 0.01(  0.24%)
                                                  f 0.00(  0.06%)
                                         0.0000  0.5751  0.0016  0.0004  0.0000
                                         0.0000  0.0000 -0.0435 -0.0001  0.0001
                                         0.0003  0.7208 -0.0119 -0.0009  0.0001
                                         0.3803  0.0064 -0.0006 -0.0001  0.0005
                                        -0.0009  0.0002 -0.0005 -0.0362  0.0021
                                        -0.0302 -0.0034 -0.0113  0.0010 -0.0082
                                        -0.0003  0.0020 -0.0168 -0.0006  0.0011
                                        -0.0155
               ( 39.32%)   0.6271* H  4 s( 99.92%)p 0.00(  0.08%)
                                         0.9996 -0.0006 -0.0005  0.0010 -0.0259
                                        -0.0130
  31. (1.99661) BD ( 1) C  1-Br  6
               ( 23.67%)   0.4865* C  1 s(  0.65%)p99.99( 99.19%)d 0.24(  0.16%)
                                                  f 0.01(  0.00%)
                                         0.0000  0.0763 -0.0245 -0.0063 -0.0011
                                         0.0000  0.0000  0.9946  0.0525  0.0041
                                         0.0014  0.0004  0.0000  0.0000  0.0000
                                         0.0002 -0.0001  0.0000  0.0000 -0.0001
                                         0.0000  0.0001  0.0000  0.0000  0.0000
                                         0.0337 -0.0069 -0.0194  0.0034  0.0047
                                        -0.0006  0.0007  0.0036  0.0000  0.0005
                                         0.0001
               ( 76.33%)   0.8737*Br  6 s(  7.86%)p11.71( 92.10%)d 0.01(  0.04%)
                                                  f 0.00(  0.00%)
                                         0.0000  0.0000  0.0000  0.2802  0.0093
                                         0.0004  0.0000  0.0000  0.0001  0.0000
                                         0.0000  0.0000 -0.9595 -0.0181 -0.0009
                                        -0.0003  0.0000  0.0000  0.0005  0.0000
                                         0.0000  0.0000  0.0000  0.0000 -0.0001
                                         0.0000  0.0000  0.0000  0.0000  0.0000
                                         0.0000  0.0000  0.0000  0.0000  0.0000
                                         0.0000  0.0000  0.0000  0.0000  0.0000
                                         0.0000  0.0172 -0.0002  0.0005  0.0000
                                        -0.0099  0.0000 -0.0003  0.0000  0.0019
                                         0.0000  0.0000  0.0000 -0.0025  0.0000
 ---------------- non-Lewis ----------------------------------------------------
  32. (0.00463) BD*( 1) C  1- H  2
               ( 39.33%)   0.6272* C  1 s( 33.07%)p 2.02( 66.64%)d 0.01(  0.23%)
                                                  f 0.00(  0.06%)
                                         0.0000 -0.5751 -0.0016 -0.0003  0.0000
                                         0.0000  0.0000  0.0430  0.0002 -0.0001
                                        -0.0003  0.0311 -0.0005  0.0000  0.0000
                                         0.8145  0.0134 -0.0011 -0.0001  0.0000
                                         0.0000  0.0006 -0.0010  0.0033 -0.0002
                                        -0.0039  0.0024 -0.0477 -0.0040  0.0239
                                         0.0011  0.0020 -0.0036  0.0000 -0.0004
                                        -0.0002
               ( 60.67%)  -0.7789* H  2 s( 99.89%)p 0.00(  0.11%)
                                        -0.9995  0.0006  0.0005 -0.0010 -0.0011
                                        -0.0324
  33. (0.00462) BD*( 1) C  1- H  3
               ( 39.32%)   0.6271* C  1 s( 33.08%)p 2.01( 66.63%)d 0.01(  0.24%)
                                                  f 0.00(  0.06%)
                                         0.0000 -0.5751 -0.0016 -0.0004  0.0000
                                         0.0000  0.0000  0.0430  0.0002 -0.0001
                                        -0.0003  0.6898 -0.0114 -0.0008  0.0001
                                        -0.4341 -0.0073  0.0006  0.0001  0.0005
                                        -0.0009 -0.0003  0.0005 -0.0396  0.0023
                                         0.0273  0.0033  0.0063 -0.0013  0.0075
                                         0.0004  0.0055  0.0177 -0.0006 -0.0010
                                        -0.0139
               ( 60.68%)  -0.7790* H  3 s( 99.92%)p 0.00(  0.08%)
                                        -0.9996  0.0006  0.0005 -0.0009 -0.0242
                                         0.0147
  34. (0.00462) BD*( 1) C  1- H  4
               ( 39.32%)   0.6271* C  1 s( 33.08%)p 2.01( 66.63%)d 0.01(  0.24%)
                                                  f 0.00(  0.06%)
                                         0.0000 -0.5751 -0.0016 -0.0004  0.0000
                                         0.0000  0.0000  0.0435  0.0001 -0.0001
                                        -0.0003 -0.7208  0.0119  0.0009 -0.0001
                                        -0.3803 -0.0064  0.0006  0.0001 -0.0005
                                         0.0009 -0.0002  0.0005  0.0362 -0.0021
                                         0.0302  0.0034  0.0113 -0.0010  0.0082
                                         0.0003 -0.0020  0.0168  0.0006 -0.0011
                                         0.0155
               ( 60.68%)  -0.7790* H  4 s( 99.92%)p 0.00(  0.08%)
                                        -0.9996  0.0006  0.0005 -0.0010  0.0259
                                         0.0130
  35. (0.31974) BD*( 1) C  1-Br  6
               ( 76.33%)   0.8737* C  1 s(  0.65%)p99.99( 99.19%)d 0.24(  0.16%)
                                                  f 0.01(  0.00%)
                                         0.0000 -0.0763  0.0245  0.0063  0.0011
                                         0.0000  0.0000 -0.9946 -0.0525 -0.0041
                                        -0.0014 -0.0004  0.0000  0.0000  0.0000
                                        -0.0002  0.0001  0.0000  0.0000  0.0001
                                         0.0000 -0.0001  0.0000  0.0000  0.0000
                                        -0.0337  0.0069  0.0194 -0.0034 -0.0047
                                         0.0006 -0.0007 -0.0036  0.0000 -0.0005
                                        -0.0001
               ( 23.67%)  -0.4865*Br  6 s(  7.86%)p11.71( 92.10%)d 0.01(  0.04%)
                                                  f 0.00(  0.00%)
                                         0.0000  0.0000  0.0000 -0.2802 -0.0093
                                        -0.0004  0.0000  0.0000 -0.0001  0.0000
                                         0.0000  0.0000  0.9595  0.0181  0.0009
                                         0.0003  0.0000  0.0000 -0.0005  0.0000
                                         0.0000  0.0000  0.0000  0.0000  0.0001
                                         0.0000  0.0000  0.0000  0.0000  0.0000
                                         0.0000  0.0000  0.0000  0.0000  0.0000
                                         0.0000  0.0000  0.0000  0.0000  0.0000
                                         0.0000 -0.0172  0.0002 -0.0005  0.0000
                                         0.0099  0.0000  0.0003  0.0000 -0.0019
                                         0.0000  0.0000  0.0000  0.0025  0.0000
  36. (0.00371) RY ( 1) C  1            s( 29.55%)p 0.02(  0.55%)d 2.29( 67.55%)
                                                  f 0.08(  2.35%)
                                         0.0000 -0.0311  0.5381  0.0709 -0.0036
                                         0.0000 -0.0001  0.0469  0.0498  0.0101
                                        -0.0263  0.0001  0.0000 -0.0001 -0.0001
                                        -0.0002  0.0030 -0.0011 -0.0004  0.0002
                                        -0.0001 -0.0001  0.0000  0.0013  0.0002
                                        -0.7088  0.0790  0.4069 -0.0345 -0.1193
                                        -0.0118 -0.0169 -0.0928  0.0000  0.0155
                                        -0.0041
  37. (0.00084) RY ( 2) C  1            s(  0.69%)p99.99( 98.68%)d 0.22(  0.15%)
                                                  f 0.69(  0.48%)
                                         0.0000  0.0024  0.0631 -0.0493 -0.0226
                                        -0.0001  0.0010  0.0533 -0.9831  0.0858
                                         0.1002  0.0001  0.0029 -0.0005 -0.0002
                                         0.0000  0.0006  0.0001  0.0003 -0.0020
                                         0.0007  0.0089 -0.0033  0.0009 -0.0001
                                        -0.0222 -0.0244  0.0123  0.0146 -0.0041
                                         0.0415 -0.0007 -0.0033 -0.0002 -0.0549
                                         0.0002
  38. (0.00070) RY ( 3) C  1            s(  0.00%)p 1.00( 39.50%)d 1.51( 59.69%)
                                                  f 0.02(  0.81%)
                                         0.0000  0.0001  0.0011 -0.0008 -0.0001
                                         0.0000  0.0000  0.0004 -0.0052  0.0004
                                         0.0004 -0.0210 -0.5996  0.0989  0.0095
                                         0.0054 -0.1561 -0.0255  0.0027  0.6824
                                        -0.2668 -0.1691  0.0661 -0.1615  0.0246
                                         0.0108  0.0018  0.0193  0.0033 -0.0138
                                         0.0005  0.0216  0.0180  0.0078  0.0007
                                        -0.0842
  39. (0.00070) RY ( 4) C  1            s(  0.00%)p 1.00( 44.74%)d 1.21( 54.31%)
                                                  f 0.02(  0.95%)
                                         0.0000  0.0001  0.0018 -0.0003 -0.0001
                                         0.0000  0.0000  0.0004 -0.0061  0.0006
                                         0.0002  0.0055  0.1584 -0.0257 -0.0030
                                         0.0223 -0.6405 -0.1032  0.0131 -0.1667
                                         0.0653 -0.6454  0.2529  0.0227 -0.0033
                                         0.0841  0.0138  0.1487  0.0239 -0.0576
                                         0.0040 -0.0057  0.0749 -0.0009  0.0041
                                         0.0226
  40. (0.00063) RY ( 5) C  1            s(  0.00%)p 1.00( 50.70%)d 0.93( 47.35%)
                                                  f 0.04(  1.95%)
                                         0.0000  0.0000  0.0005  0.0003  0.0001
                                         0.0000  0.0000  0.0000 -0.0009  0.0001
                                         0.0001 -0.0253 -0.7037  0.0794  0.0675
                                         0.0006 -0.0171 -0.0023  0.0013 -0.6097
                                         0.2372  0.0045 -0.0017 -0.2089  0.0387
                                        -0.0097 -0.0017 -0.0162 -0.0030 -0.0020
                                         0.0002  0.0347  0.0025 -0.0017 -0.0002
                                        -0.1352
  41. (0.00062) RY ( 6) C  1            s(  0.00%)p 1.00( 45.71%)d 1.15( 52.48%)
                                                  f 0.04(  1.81%)
                                         0.0000  0.0001  0.0015  0.0000  0.0001
                                         0.0000  0.0000 -0.0004  0.0063 -0.0006
                                        -0.0003  0.0002  0.0063 -0.0003 -0.0009
                                         0.0239 -0.6682 -0.0730  0.0675  0.0162
                                        -0.0063  0.6478 -0.2526 -0.0209  0.0038
                                         0.0979  0.0171  0.1726  0.0312 -0.0820
                                         0.0005 -0.0003  0.1065 -0.0001 -0.0008
                                         0.0014
  42. (0.00022) RY ( 7) C  1            s( 84.07%)p 0.01(  0.44%)d 0.18( 14.98%)
                                                  f 0.01(  0.51%)
                                         0.0000  0.0128  0.6817 -0.6126  0.0235
                                         0.0000  0.0002 -0.0071  0.0615 -0.0219
                                        -0.0069  0.0000  0.0005 -0.0001 -0.0001
                                         0.0001  0.0008  0.0007  0.0000 -0.0005
                                         0.0003 -0.0001  0.0001 -0.0003 -0.0002
                                         0.3268 -0.0762 -0.1889  0.0390  0.0526
                                        -0.0153  0.0073  0.0403  0.0000  0.0201
                                         0.0019
  43. (0.00001) RY ( 8) C  1            s( 20.73%)p 0.05(  1.06%)d 0.39(  8.13%)
                                                  f 3.38( 70.08%)
  44. (0.00000) RY ( 9) C  1            s(  0.87%)p95.32( 83.16%)d 3.29(  2.87%)
                                                  f15.01( 13.10%)
  45. (0.00000) RY (10) C  1            s( 86.90%)p 0.12( 10.14%)d 0.01(  1.22%)
                                                  f 0.02(  1.74%)
  46. (0.00000) RY (11) C  1            s(  0.94%)p45.50( 42.83%)d42.74( 40.23%)
                                                  f17.00( 16.00%)
  47. (0.00000) RY (12) C  1            s(  0.00%)p 1.00( 80.39%)d 0.12(  9.53%)
                                                  f 0.13( 10.08%)
  48. (0.00000) RY (13) C  1            s(  0.02%)p99.99( 24.00%)d99.99( 49.75%)
                                                  f99.99( 26.23%)
  49. (0.00000) RY (14) C  1            s(  2.12%)p20.24( 42.94%)d18.36( 38.96%)
                                                  f 7.53( 15.98%)
  50. (0.00000) RY (15) C  1            s(  0.01%)p 1.00( 80.41%)d 0.12(  9.59%)
                                                  f 0.12(  9.99%)
  51. (0.00000) RY (16) C  1            s( 98.48%)p 0.00(  0.47%)d 0.01(  0.54%)
                                                  f 0.01(  0.50%)
  52. (0.00000) RY (17) C  1            s(  0.01%)p 1.00( 28.14%)d 1.75( 49.33%)
                                                  f 0.80( 22.52%)
  53. (0.00000) RY (18) C  1            s( 98.87%)p 0.00(  0.11%)d 0.01(  0.58%)
                                                  f 0.00(  0.44%)
  54. (0.00000) RY (19) C  1            s(  0.14%)p99.99( 17.05%)d99.99( 47.15%)
                                                  f99.99( 35.66%)
  55. (0.00000) RY (20) C  1            s(  0.00%)p 1.00( 12.73%)d 4.04( 51.44%)
                                                  f 2.81( 35.83%)
  56. (0.00000) RY (21) C  1            s(  0.33%)p63.71( 20.85%)d99.99( 70.90%)
                                                  f24.22(  7.92%)
  57. (0.00000) RY (22) C  1            s( 37.98%)p 0.73( 27.55%)d 0.40( 15.29%)
                                                  f 0.50( 19.18%)
  58. (0.00000) RY (23) C  1            s(  5.08%)p 0.79(  4.03%)d14.41( 73.28%)
                                                  f 3.46( 17.61%)
  59. (0.00000) RY (24) C  1            s( 30.24%)p 1.06( 32.10%)d 0.32(  9.62%)
                                                  f 0.93( 28.03%)
  60. (0.00000) RY (25) C  1            s(  0.78%)p 8.43(  6.61%)d87.44( 68.54%)
                                                  f30.70( 24.07%)
  61. (0.00000) RY (26) C  1            s(  0.09%)p99.99( 19.07%)d99.99( 48.69%)
                                                  f99.99( 32.15%)
  62. (0.00000) RY (27) C  1            s(  0.00%)p 1.00(  0.04%)d 8.45(  0.38%)
                                                  f99.99( 99.58%)
  63. (0.00000) RY (28) C  1            s(  0.36%)p50.63( 18.18%)d69.04( 24.79%)
                                                  f99.99( 56.67%)
  64. (0.00000) RY (29) C  1            s(  0.11%)p29.78(  3.37%)d99.99( 59.01%)
                                                  f99.99( 37.51%)
  65. (0.00000) RY (30) C  1            s(  1.71%)p25.90( 44.27%)d 4.25(  7.26%)
                                                  f27.36( 46.76%)
  66. (0.00000) RY (31) C  1            s(  0.02%)p99.99( 21.11%)d99.99( 15.52%)
                                                  f99.99( 63.35%)
  67. (0.00071) RY ( 1) H  2            s( 95.43%)p 0.05(  4.57%)
                                        -0.0046  0.9768  0.0148 -0.1373  0.0061
                                         0.1637
  68. (0.00021) RY ( 2) H  2            s( 45.79%)p 1.18( 54.21%)
                                         0.0010 -0.1137  0.6670 -0.7363 -0.0013
                                         0.0001
  69. (0.00010) RY ( 3) H  2            s( 55.67%)p 0.80( 44.33%)
                                        -0.0026  0.0702  0.7428  0.6622  0.0006
                                         0.0694
  70. (0.00004) RY ( 4) H  2            s(  3.21%)p30.11( 96.79%)
  71. (0.00000) RY ( 5) H  2            s(  0.00%)p 1.00(100.00%)
  72. (0.00071) RY ( 1) H  3            s( 95.33%)p 0.05(  4.67%)
                                        -0.0041  0.9763  0.0108 -0.1332  0.1420
                                        -0.0941
  73. (0.00021) RY ( 2) H  3            s( 48.75%)p 1.05( 51.25%)
                                         0.0023 -0.0969  0.6915 -0.7143 -0.0373
                                         0.0287
  74. (0.00010) RY ( 3) H  3            s( 52.56%)p 0.90( 47.44%)
                                         0.0013  0.0954  0.7187  0.6865 -0.0430
                                         0.0362
  75. (0.00004) RY ( 4) H  3            s(  3.43%)p28.12( 96.57%)
  76. (0.00000) RY ( 5) H  3            s(  0.01%)p 1.00( 99.99%)
  77. (0.00071) RY ( 1) H  4            s( 95.34%)p 0.05(  4.66%)
                                        -0.0042  0.9764  0.0114 -0.1330 -0.1482
                                        -0.0832
  78. (0.00021) RY ( 2) H  4            s( 48.24%)p 1.07( 51.76%)
                                         0.0021 -0.0992  0.6874 -0.7184  0.0307
                                         0.0236
  79. (0.00010) RY ( 3) H  4            s( 53.29%)p 0.88( 46.71%)
                                         0.0007  0.0907  0.7243  0.6825  0.0262
                                         0.0261
  80. (0.00004) RY ( 4) H  4            s(  3.20%)p30.21( 96.80%)
  81. (0.00000) RY ( 5) H  4            s(  0.01%)p99.99( 99.99%)
  82. (0.00113) RY ( 1)Cl  5            s(  0.52%)p60.49( 31.56%)d99.99( 66.46%)
                                                  f 2.80(  1.46%)
                                         0.0000  0.0000 -0.0037  0.0267  0.0669
                                         0.0033  0.0009  0.0000 -0.0166  0.5609
                                         0.0184  0.0182  0.0031  0.0000  0.0000
                                         0.0001  0.0001  0.0000  0.0000  0.0000
                                         0.0000 -0.0007  0.0000 -0.0001  0.0000
                                         0.0003  0.0000 -0.0007 -0.0001  0.0000
                                         0.0000  0.7053 -0.0231 -0.4079  0.0143
                                        -0.0027 -0.0740 -0.0004 -0.0022  0.0000
                                         0.0955  0.0000
  83. (0.00025) RY ( 2)Cl  5            s(  0.00%)p 1.00(  9.95%)d 8.88( 88.33%)
                                                  f 0.17(  1.72%)
                                         0.0000  0.0000  0.0000  0.0043  0.0002
                                        -0.0001 -0.0001  0.0000  0.0000  0.0036
                                        -0.0023 -0.0010  0.0001  0.0000  0.0001
                                        -0.0107  0.0021  0.0011 -0.0001  0.0000
                                        -0.0030  0.3061 -0.0658 -0.0359  0.0038
                                        -0.0307 -0.0001  0.9186  0.0069 -0.0232
                                        -0.0160 -0.0813 -0.0589 -0.1376 -0.0930
                                        -0.0797 -0.0122  0.0011  0.1028 -0.0023
                                        -0.0106 -0.0042
  84. (0.00025) RY ( 3)Cl  5            s(  0.00%)p 1.00( 10.14%)d 8.69( 88.14%)
                                                  f 0.17(  1.72%)
                                         0.0000  0.0000  0.0000  0.0003  0.0000
                                         0.0000  0.0000  0.0000  0.0000  0.0005
                                        -0.0003 -0.0002  0.0000  0.0000 -0.0030
                                         0.3092 -0.0659 -0.0360  0.0038  0.0000
                                        -0.0001  0.0098 -0.0022 -0.0013  0.0001
                                         0.9181  0.0056  0.0307  0.0003  0.1585
                                         0.1080 -0.0126 -0.0089 -0.0206 -0.0139
                                        -0.0027 -0.0018 -0.0325  0.0034  0.0160
                                        -0.0017  0.1259
  85. (0.00009) RY ( 4)Cl  5            s( 53.16%)p 0.51( 27.07%)d 0.21( 11.20%)
                                                  f 0.16(  8.57%)
  86. (0.00001) RY ( 5)Cl  5            s(  0.00%)p 1.00( 81.24%)d 0.23( 18.63%)
                                                  f 0.00(  0.13%)
  87. (0.00001) RY ( 6)Cl  5            s(  0.00%)p 1.00( 81.07%)d 0.23( 18.81%)
                                                  f 0.00(  0.12%)
  88. (0.00000) RY ( 7)Cl  5            s( 95.16%)p 0.04(  3.62%)d 0.01(  0.81%)
                                                  f 0.00(  0.42%)
  89. (0.00000) RY ( 8)Cl  5            s(  4.28%)p20.54( 87.93%)d 1.04(  4.45%)
                                                  f 0.78(  3.34%)
  90. (0.00000) RY ( 9)Cl  5            s(  7.09%)p11.00( 77.99%)d 1.97( 13.95%)
                                                  f 0.14(  0.97%)
  91. (0.00000) RY (10)Cl  5            s( 92.72%)p 0.03(  2.97%)d 0.01(  1.17%)
                                                  f 0.03(  3.14%)
  92. (0.00000) RY (11)Cl  5            s(  0.08%)p99.99( 52.01%)d99.99( 27.58%)
                                                  f99.99( 20.34%)
  93. (0.00000) RY (12)Cl  5            s(  0.00%)p 1.00( 68.37%)d 0.45( 31.03%)
                                                  f 0.01(  0.59%)
  94. (0.00000) RY (13)Cl  5            s(  0.00%)p 1.00( 79.66%)d 0.23( 18.63%)
                                                  f 0.02(  1.71%)
  95. (0.00000) RY (14)Cl  5            s( 33.93%)p 0.21(  6.98%)d 0.44( 14.79%)
                                                  f 1.31( 44.30%)
  96. (0.00000) RY (15)Cl  5            s(  0.00%)p 1.00( 92.65%)d 0.08(  7.15%)
                                                  f 0.00(  0.21%)
  97. (0.00000) RY (16)Cl  5            s(  2.30%)p27.33( 62.93%)d13.16( 30.29%)
                                                  f 1.95(  4.49%)
  98. (0.00000) RY (17)Cl  5            s(  0.00%)p 1.00( 61.91%)d 0.61( 37.98%)
                                                  f 0.00(  0.11%)
  99. (0.00000) RY (18)Cl  5            s(  0.00%)p 1.00( 43.79%)d 0.55( 24.10%)
                                                  f 0.73( 32.11%)
 100. (0.00000) RY (19)Cl  5            s( 14.73%)p 0.88( 12.89%)d 1.27( 18.73%)
                                                  f 3.64( 53.65%)
 101. (0.00000) RY (20)Cl  5            s(  0.09%)p99.99( 70.26%)d99.99( 24.38%)
                                                  f61.20(  5.27%)
 102. (0.00000) RY (21)Cl  5            s(  1.32%)p 8.08( 10.66%)d50.62( 66.77%)
                                                  f16.11( 21.25%)
 103. (0.00000) RY (22)Cl  5            s(  0.51%)p 6.27(  3.21%)d99.99( 72.66%)
                                                  f46.15( 23.62%)
 104. (0.00000) RY (23)Cl  5            s(  2.76%)p29.22( 80.75%)d 2.82(  7.78%)
                                                  f 3.15(  8.70%)
 105. (0.00000) RY (24)Cl  5            s( 22.37%)p 0.80( 17.83%)d 2.66( 59.45%)
                                                  f 0.02(  0.35%)
 106. (0.00000) RY (25)Cl  5            s(  1.89%)p 5.93( 11.22%)d33.58( 63.49%)
                                                  f12.38( 23.40%)
 107. (0.00000) RY (26)Cl  5            s( 14.87%)p 0.13(  1.93%)d 5.17( 76.93%)
                                                  f 0.42(  6.26%)
 108. (0.00000) RY (27)Cl  5            s( 23.33%)p 0.04(  0.89%)d 0.01(  0.21%)
                                                  f 3.24( 75.56%)
 109. (0.00000) RY (28)Cl  5            s( 16.15%)p 0.96( 15.57%)d 2.19( 35.32%)
                                                  f 2.04( 32.96%)
 110. (0.00000) RY (29)Cl  5            s(  0.15%)p 6.07(  0.90%)d63.80(  9.44%)
                                                  f99.99( 89.51%)
 111. (0.00000) RY (30)Cl  5            s(  0.01%)p 1.00(  8.36%)d 1.28( 10.72%)
                                                  f 9.67( 80.91%)
 112. (0.00000) RY (31)Cl  5            s(  0.52%)p34.96( 18.17%)d34.29( 17.82%)
                                                  f99.99( 63.48%)
 113. (0.00000) RY (32)Cl  5            s( 12.06%)p 3.30( 39.82%)d 1.20( 14.48%)
                                                  f 2.79( 33.64%)
 114. (0.00000) RY (33)Cl  5            s(  0.00%)p 1.00( 25.73%)d 0.71( 18.30%)
                                                  f 2.17( 55.97%)
 115. (0.00125) RY ( 1)Br  6            s(  0.78%)p57.94( 45.38%)d67.08( 52.54%)
                                                  f 1.65(  1.29%)
                                         0.0000  0.0000  0.0000 -0.0059  0.0809
                                        -0.0341  0.0012  0.0003  0.0091  0.0000
                                         0.0000  0.0000  0.0267 -0.6728  0.0216
                                         0.0071  0.0000  0.0000  0.0000  0.0001
                                         0.0001  0.0000  0.0000  0.0000  0.0000
                                        -0.0003  0.0001  0.0000  0.0000  0.0001
                                        -0.0001  0.0000  0.0000  0.0005  0.0001
                                         0.0000  0.0000 -0.0002  0.0002  0.0000
                                         0.0000  0.6112  0.1426 -0.0044  0.0000
                                        -0.3530 -0.0827  0.0014 -0.0039  0.0695
                                        -0.0006 -0.0032  0.0000 -0.0897 -0.0001
 116. (0.00036) RY ( 2)Br  6            s(  0.00%)p 1.00(  7.03%)d12.65( 89.00%)
                                                  f 0.56(  3.96%)
                                         0.0000  0.0000  0.0000  0.0000  0.0030
                                         0.0000  0.0002  0.0001  0.0000  0.0000
                                         0.0000  0.0000 -0.0001 -0.0014  0.0015
                                         0.0004  0.0000  0.0000  0.0005 -0.0346
                                         0.0128  0.0017  0.0000  0.0000 -0.0033
                                         0.2463 -0.0903 -0.0118  0.0000  0.1224
                                        -0.0118  0.0011  0.0000 -0.8782  0.0870
                                        -0.0076  0.0000 -0.0521  0.0560  0.0009
                                         0.0000 -0.1037  0.1135  0.0019  0.0000
                                        -0.1759  0.1886  0.0033 -0.1198  0.0193
                                         0.0068  0.1546  0.0063  0.0152 -0.0264
 117. (0.00035) RY ( 3)Br  6            s(  0.00%)p 1.00(  7.20%)d12.33( 88.82%)
                                                  f 0.55(  3.98%)
                                         0.0000  0.0000  0.0000  0.0000  0.0007
                                         0.0000  0.0000  0.0000  0.0000  0.0000
                                         0.0000  0.0000  0.0000 -0.0006  0.0001
                                         0.0000  0.0000  0.0000 -0.0033  0.2495
                                        -0.0911 -0.0118  0.0000  0.0000 -0.0005
                                         0.0344 -0.0124 -0.0016  0.0000 -0.8787
                                         0.0843 -0.0077  0.0000 -0.1220  0.0120
                                        -0.0010  0.0000  0.2025 -0.2166 -0.0036
                                         0.0000 -0.0269  0.0292  0.0004  0.0000
                                        -0.0455  0.0486  0.0009 -0.0167  0.0050
                                        -0.0490  0.0215 -0.0243  0.0038  0.1897
 118. (0.00010) RY ( 4)Br  6            s( 32.00%)p 0.71( 22.85%)d 0.95( 30.44%)
                                                  f 0.46( 14.71%)
                                         0.0000  0.0000  0.0000 -0.0020  0.5437
                                        -0.1535 -0.0020  0.0001 -0.0295  0.0000
                                         0.0000  0.0000  0.0052 -0.4253 -0.1206
                                         0.1818  0.0000  0.0000  0.0000  0.0001
                                        -0.0001 -0.0001  0.0000  0.0000  0.0000
                                        -0.0023 -0.0004  0.0000  0.0000 -0.0001
                                         0.0003 -0.0001  0.0000 -0.0016  0.0023
                                         0.0000  0.0000  0.0000  0.0000  0.0000
                                         0.0000 -0.2638 -0.3894  0.0931  0.0000
                                         0.1562  0.2174 -0.0530  0.0071 -0.2347
                                         0.0011  0.0059  0.0000  0.3032  0.0000
 119. (0.00003) RY ( 5)Br  6            s(  0.00%)p 1.00( 66.50%)d 0.50( 33.05%)
                                                  f 0.01(  0.46%)
 120. (0.00003) RY ( 6)Br  6            s(  0.00%)p 1.00( 66.40%)d 0.50( 33.15%)
                                                  f 0.01(  0.45%)
 121. (0.00000) RY ( 7)Br  6            s( 54.86%)p 0.24( 13.10%)d 0.58( 31.92%)
                                                  f 0.00(  0.11%)
 122. (0.00000) RY ( 8)Br  6            s( 49.87%)p 0.37( 18.58%)d 0.54( 26.76%)
                                                  f 0.10(  4.79%)
 123. (0.00000) RY ( 9)Br  6            s(  2.29%)p27.38( 62.64%)d 5.38( 12.32%)
                                                  f 9.94( 22.75%)
 124. (0.00000) RY (10)Br  6            s( 24.34%)p 1.84( 44.75%)d 0.65( 15.84%)
                                                  f 0.62( 15.08%)
 125. (0.00000) RY (11)Br  6            s( 50.98%)p 0.25( 12.49%)d 0.69( 35.14%)
                                                  f 0.03(  1.38%)
 126. (0.00000) RY (12)Br  6            s(  0.00%)p 1.00( 87.25%)d 0.08(  6.99%)
                                                  f 0.07(  5.77%)
 127. (0.00000) RY (13)Br  6            s(  0.00%)p 1.00( 55.40%)d 0.60( 33.49%)
                                                  f 0.20( 11.11%)
 128. (0.00000) RY (14)Br  6            s( 68.36%)p 0.23( 15.99%)d 0.22( 15.18%)
                                                  f 0.01(  0.47%)
 129. (0.00000) RY (15)Br  6            s(  0.31%)p99.99( 62.38%)d87.70( 27.49%)
                                                  f31.29(  9.81%)
 130. (0.00000) RY (16)Br  6            s(  0.05%)p99.99( 61.79%)d99.99( 28.08%)
                                                  f99.99( 10.08%)
 131. (0.00000) RY (17)Br  6            s( 71.90%)p 0.00(  0.30%)d 0.25( 18.31%)
                                                  f 0.13(  9.49%)
 132. (0.00000) RY (18)Br  6            s(  0.00%)p 1.00( 45.99%)d 1.07( 49.34%)
                                                  f 0.10(  4.67%)
 133. (0.00000) RY (19)Br  6            s(  0.02%)p94.75(  1.96%)d99.99( 90.26%)
                                                  f99.99(  7.76%)
 134. (0.00000) RY (20)Br  6            s( 55.03%)p 0.13(  7.03%)d 0.47( 25.63%)
                                                  f 0.22( 12.31%)
 135. (0.00000) RY (21)Br  6            s( 13.27%)p 2.93( 38.94%)d 3.28( 43.46%)
                                                  f 0.33(  4.32%)
 136. (0.00000) RY (22)Br  6            s(  0.00%)p 1.00(  7.37%)d11.89( 87.62%)
                                                  f 0.68(  5.01%)
 137. (0.00000) RY (23)Br  6            s(  0.00%)p 1.00(  5.56%)d 7.80( 43.37%)
                                                  f 9.18( 51.07%)
 138. (0.00000) RY (24)Br  6            s(  0.11%)p55.62(  5.97%)d99.99( 79.92%)
                                                  f99.99( 14.00%)
 139. (0.00000) RY (25)Br  6            s(  0.05%)p22.32(  1.06%)d99.99( 92.82%)
                                                  f99.99(  6.07%)
 140. (0.00000) RY (26)Br  6            s( 46.62%)p 0.01(  0.48%)d 0.69( 32.29%)
                                                  f 0.44( 20.61%)
 141. (0.00000) RY (27)Br  6            s( 16.79%)p 1.92( 32.18%)d 2.60( 43.70%)
                                                  f 0.44(  7.33%)
 142. (0.00000) RY (28)Br  6            s(  0.00%)p 1.00(  5.05%)d 8.64( 43.57%)
                                                  f10.18( 51.38%)
 143. (0.00000) RY (29)Br  6            s( 81.48%)p 0.00(  0.21%)d 0.10(  8.37%)
                                                  f 0.12(  9.94%)
 144. (0.00000) RY (30)Br  6            s( 10.63%)p 0.04(  0.43%)d 7.73( 82.14%)
                                                  f 0.64(  6.81%)
 145. (0.00000) RY (31)Br  6            s( 12.08%)p 0.05(  0.66%)d 0.02(  0.28%)
                                                  f 7.20( 86.98%)
 146. (0.00000) RY (32)Br  6            s(  1.72%)p 9.22( 15.86%)d37.79( 64.98%)
                                                  f10.15( 17.45%)
 147. (0.00000) RY (33)Br  6            s(  0.00%)p 1.00(  0.01%)d 1.92(  0.02%)
                                                  f99.99( 99.96%)
 148. (0.00000) RY (34)Br  6            s(  0.00%)p 1.00( 15.56%)d 1.64( 25.50%)
                                                  f 3.79( 58.94%)
 149. (0.00000) RY (35)Br  6            s(  0.00%)p 1.00(  8.04%)d 6.72( 54.00%)
                                                  f 4.72( 37.96%)
 150. (0.00000) RY (36)Br  6            s(  6.43%)p 6.56( 42.18%)d 4.19( 26.92%)
                                                  f 3.80( 24.46%)
 151. (0.00000) RY (37)Br  6            s(  0.00%)p 1.00( 15.48%)d 1.76( 27.24%)
                                                  f 3.70( 57.28%)


 NHO DIRECTIONALITY AND BOND BENDING (deviation from line of nuclear centers at
                                      the position of maximum hybrid amplitude)

         [Thresholds for printing:  angular deviation  >  1.0 degree]
                                    p- or d-character  > 25.0%
                                    orbital occupancy  >  0.10e

                        Line of Centers        Hybrid 1             Hybrid 2
                        ---------------  -------------------  ------------------
           NBO            Theta   Phi    Theta   Phi    Dev   Theta   Phi    Dev
 ===============================================================================
  22. LP ( 2)Cl  5          --     --     97.4  270.4   --      --     --    --
  23. LP ( 3)Cl  5          --     --    172.6   87.4   --      --     --    --
  24. LP ( 4)Cl  5          --     --     90.0    0.0   --      --     --    --
  26. LP ( 2)Br  6          --     --    144.1   90.5   --      --     --    --
  27. LP ( 3)Br  6          --     --    125.9  269.6   --      --     --    --
  28. BD ( 1) C  1- H  2  177.6  245.0   176.6  219.3   1.6     --     --    --
  29. BD ( 1) C  1- H  3   57.8  268.8    57.9  266.9   1.6     --     --    --
  30. BD ( 1) C  1- H  4   62.2   91.2    62.2   93.1   1.6     --     --    --


 3-Center, 4-Electron A:-B-:C Hyperbonds (A-B :C <=> A: B-C)
              [threshold for detection: 33.3%]

                                                  NBOs       3-center hybrids
                                              -------------  ----------------
       Hyperbond A:-B-:C   %A-B/%B-C   occ    BD(A-B) LP(C)  h(A)  h(B)  h(C)
      -------------------  ---------  ------  ------- -----  ----  ----  ----
   1. Br  6:- C  1-:Cl  5  55.4/44.6  3.9862      31     24    34    35    24


 NATURAL BOND ORBITALS (Summary):

           NBO                 Occupancy
 ========================================
 Molecular unit  1  (CH3Br)
 ------ Lewis ---------------------------
    1. CR ( 1) C  1             1.99957
    7. CR ( 1)Br  6             2.00000
    8. CR ( 2)Br  6             2.00000
    9. CR ( 3)Br  6             1.99999
   10. CR ( 4)Br  6             2.00000
   11. CR ( 5)Br  6             1.99999
   12. CR ( 6)Br  6             2.00000
   13. CR ( 7)Br  6             2.00000
   14. CR ( 8)Br  6             2.00000
   15. CR ( 9)Br  6             2.00000
   16. CR (10)Br  6             2.00000
   17. CR (11)Br  6             2.00000
   18. CR (12)Br  6             2.00000
   19. CR (13)Br  6             1.99996
   20. CR (14)Br  6             1.99999
   25. LP ( 1)Br  6             1.99926
   26. LP ( 2)Br  6             1.99831
   27. LP ( 3)Br  6             1.99830
   28. BD ( 1) C  1- H  2       1.99796
   29. BD ( 1) C  1- H  3       1.99797
   30. BD ( 1) C  1- H  4       1.99797
   31. BD ( 1) C  1-Br  6       1.99661
 ------ non-Lewis -----------------------
   32. BD*( 1) C  1- H  2       0.00463
   33. BD*( 1) C  1- H  3       0.00462
   34. BD*( 1) C  1- H  4       0.00462
   35. BD*( 1) C  1-Br  6       0.31974
   36. RY ( 1) C  1             0.00371
   37. RY ( 2) C  1             0.00084
   38. RY ( 3) C  1             0.00070
   39. RY ( 4) C  1             0.00070
   40. RY ( 5) C  1             0.00063
   41. RY ( 6) C  1             0.00062
   42. RY ( 7) C  1             0.00022
   43. RY ( 8) C  1             0.00001
   44. RY ( 9) C  1             0.00000
   45. RY (10) C  1             0.00000
   46. RY (11) C  1             0.00000
   47. RY (12) C  1             0.00000
   48. RY (13) C  1             0.00000
   49. RY (14) C  1             0.00000
   50. RY (15) C  1             0.00000
   51. RY (16) C  1             0.00000
   52. RY (17) C  1             0.00000
   53. RY (18) C  1             0.00000
   54. RY (19) C  1             0.00000
   55. RY (20) C  1             0.00000
   56. RY (21) C  1             0.00000
   57. RY (22) C  1             0.00000
   58. RY (23) C  1             0.00000
   59. RY (24) C  1             0.00000
   60. RY (25) C  1             0.00000
   61. RY (26) C  1             0.00000
   62. RY (27) C  1             0.00000
   63. RY (28) C  1             0.00000
   64. RY (29) C  1             0.00000
   65. RY (30) C  1             0.00000
   66. RY (31) C  1             0.00000
   67. RY ( 1) H  2             0.00071
   68. RY ( 2) H  2             0.00021
   69. RY ( 3) H  2             0.00010
   70. RY ( 4) H  2             0.00004
   71. RY ( 5) H  2             0.00000
   72. RY ( 1) H  3             0.00071
   73. RY ( 2) H  3             0.00021
   74. RY ( 3) H  3             0.00010
   75. RY ( 4) H  3             0.00004
   76. RY ( 5) H  3             0.00000
   77. RY ( 1) H  4             0.00071
   78. RY ( 2) H  4             0.00021
   79. RY ( 3) H  4             0.00010
   80. RY ( 4) H  4             0.00004
   81. RY ( 5) H  4             0.00000
  115. RY ( 1)Br  6             0.00125
  116. RY ( 2)Br  6             0.00036
  117. RY ( 3)Br  6             0.00035
  118. RY ( 4)Br  6             0.00010
  119. RY ( 5)Br  6             0.00003
  120. RY ( 6)Br  6             0.00003
  121. RY ( 7)Br  6             0.00000
  122. RY ( 8)Br  6             0.00000
  123. RY ( 9)Br  6             0.00000
  124. RY (10)Br  6             0.00000
  125. RY (11)Br  6             0.00000
  126. RY (12)Br  6             0.00000
  127. RY (13)Br  6             0.00000
  128. RY (14)Br  6             0.00000
  129. RY (15)Br  6             0.00000
  130. RY (16)Br  6             0.00000
  131. RY (17)Br  6             0.00000
  132. RY (18)Br  6             0.00000
  133. RY (19)Br  6             0.00000
  134. RY (20)Br  6             0.00000
  135. RY (21)Br  6             0.00000
  136. RY (22)Br  6             0.00000
  137. RY (23)Br  6             0.00000
  138. RY (24)Br  6             0.00000
  139. RY (25)Br  6             0.00000
  140. RY (26)Br  6             0.00000
  141. RY (27)Br  6             0.00000
  142. RY (28)Br  6             0.00000
  143. RY (29)Br  6             0.00000
  144. RY (30)Br  6             0.00000
  145. RY (31)Br  6             0.00000
  146. RY (32)Br  6             0.00000
  147. RY (33)Br  6             0.00000
  148. RY (34)Br  6             0.00000
  149. RY (35)Br  6             0.00000
  150. RY (36)Br  6             0.00000
  151. RY (37)Br  6             0.00000
          -------------------------------
                 Total Lewis   43.98587  ( 99.2188%)
           Valence non-Lewis    0.33361  (  0.7525%)
           Rydberg non-Lewis    0.01273  (  0.0287%)
          -------------------------------
               Total unit  1   44.33221  (100.0000%)
              Charge unit  1   -0.33221

 Molecular unit  2  (Cl)
 ------ Lewis ---------------------------
    2. CR ( 1)Cl  5             2.00000
    3. CR ( 2)Cl  5             1.99999
    4. CR ( 3)Cl  5             1.99999
    5. CR ( 4)Cl  5             2.00000
    6. CR ( 5)Cl  5             2.00000
   21. LP ( 1)Cl  5             1.99918
   22. LP ( 2)Cl  5             1.99853
   23. LP ( 3)Cl  5             1.99852
   24. LP ( 4)Cl  5             1.66982
 ------ non-Lewis -----------------------
   82. RY ( 1)Cl  5             0.00113
   83. RY ( 2)Cl  5             0.00025
   84. RY ( 3)Cl  5             0.00025
   85. RY ( 4)Cl  5             0.00009
   86. RY ( 5)Cl  5             0.00001
   87. RY ( 6)Cl  5             0.00001
   88. RY ( 7)Cl  5             0.00000
   89. RY ( 8)Cl  5             0.00000
   90. RY ( 9)Cl  5             0.00000
   91. RY (10)Cl  5             0.00000
   92. RY (11)Cl  5             0.00000
   93. RY (12)Cl  5             0.00000
   94. RY (13)Cl  5             0.00000
   95. RY (14)Cl  5             0.00000
   96. RY (15)Cl  5             0.00000
   97. RY (16)Cl  5             0.00000
   98. RY (17)Cl  5             0.00000
   99. RY (18)Cl  5             0.00000
  100. RY (19)Cl  5             0.00000
  101. RY (20)Cl  5             0.00000
  102. RY (21)Cl  5             0.00000
  103. RY (22)Cl  5             0.00000
  104. RY (23)Cl  5             0.00000
  105. RY (24)Cl  5             0.00000
  106. RY (25)Cl  5             0.00000
  107. RY (26)Cl  5             0.00000
  108. RY (27)Cl  5             0.00000
  109. RY (28)Cl  5             0.00000
  110. RY (29)Cl  5             0.00000
  111. RY (30)Cl  5             0.00000
  112. RY (31)Cl  5             0.00000
  113. RY (32)Cl  5             0.00000
  114. RY (33)Cl  5             0.00000
          -------------------------------
                 Total Lewis   17.66603  ( 99.9900%)
           Valence non-Lewis    0.00000  (  0.0000%)
           Rydberg non-Lewis    0.00177  (  0.0100%)
          -------------------------------
               Total unit  2   17.66779  (100.0000%)
              Charge unit  2   -0.66779

 $CHOOSE
   LONE 5 4 6 3 END
   BOND S 1 2 S 1 3 S 1 4 S 1 6 END
 $END

 Maximum scratch memory used by NBO was 500093 words
 Maximum scratch memory used by GENNBO was 23651 words
