
 *********************************** NBO 6.0 ***********************************
             N A T U R A L   A T O M I C   O R B I T A L   A N D
          N A T U R A L   B O N D   O R B I T A L   A N A L Y S I S
 ****************************** 00000000 (100000) ******************************
  (c) Copyright 1996-2015 Board of Regents of the University of Wisconsin System
      on behalf of the Theoretical Chemistry Institute.  All rights reserved.

          Cite this program as:

          NBO 6.0.  E. D. Glendening, J. K. Badenhoop, A. E. Reed,
          J. E. Carpenter, J. A. Bohmann, C. M. Morales, C. R. Landis,
          and F. Weinhold (Theoretical Chemistry Institute, University
          of Wisconsin, Madison, WI, 2013); http://nbo6.chem.wisc.edu/

 Job title:  Generated by Multiwfn


 NATURAL POPULATIONS:  Natural atomic orbital occupancies

  NAO Atom No lang   Type(AO)    Occupancy
 ------------------------------------------
   1    C  1  s      Cor( 1s)     1.99957
   2    C  1  s      Val( 2s)     1.23579
   3    C  1  s      Ryd( 3s)     0.00079
   4    C  1  s      Ryd( 4s)     0.00011
   5    C  1  s      Ryd( 5s)     0.00000
   6    C  1  s      Ryd( 7s)     0.00000
   7    C  1  s      Ryd( 6s)     0.00000
   8    C  1  px     Val( 2p)     0.72615
   9    C  1  px     Ryd( 3p)     0.00297
  10    C  1  px     Ryd( 4p)     0.00002
  11    C  1  px     Ryd( 5p)     0.00001
  12    C  1  py     Val( 2p)     1.19538
  13    C  1  py     Ryd( 3p)     0.00099
  14    C  1  py     Ryd( 4p)     0.00002
  15    C  1  py     Ryd( 5p)     0.00000
  16    C  1  pz     Val( 2p)     1.19537
  17    C  1  pz     Ryd( 3p)     0.00099
  18    C  1  pz     Ryd( 4p)     0.00002
  19    C  1  pz     Ryd( 5p)     0.00000
  20    C  1  dxy    Ryd( 3d)     0.00062
  21    C  1  dxy    Ryd( 4d)     0.00010
  22    C  1  dxz    Ryd( 3d)     0.00062
  23    C  1  dxz    Ryd( 4d)     0.00010
  24    C  1  dyz    Ryd( 3d)     0.00340
  25    C  1  dyz    Ryd( 4d)     0.00002
  26    C  1  dx2y2  Ryd( 3d)     0.00301
  27    C  1  dx2y2  Ryd( 4d)     0.00007
  28    C  1  dz2    Ryd( 3d)     0.00329
  29    C  1  dz2    Ryd( 4d)     0.00003
  30    C  1  f(0)   Ryd( 4f)     0.00025
  31    C  1  f(c1)  Ryd( 4f)     0.00001
  32    C  1  f(s1)  Ryd( 4f)     0.00099
  33    C  1  f(c2)  Ryd( 4f)     0.00038
  34    C  1  f(s2)  Ryd( 4f)     0.00000
  35    C  1  f(c3)  Ryd( 4f)     0.00001
  36    C  1  f(s3)  Ryd( 4f)     0.00060

  37    H  2  s      Val( 1s)     0.79067
  38    H  2  s      Ryd( 2s)     0.00067
  39    H  2  s      Ryd( 3s)     0.00016
  40    H  2  px     Ryd( 2p)     0.00017
  41    H  2  py     Ryd( 2p)     0.00021
  42    H  2  pz     Ryd( 2p)     0.00048

  43    H  3  s      Val( 1s)     0.79052
  44    H  3  s      Ryd( 2s)     0.00068
  45    H  3  s      Ryd( 3s)     0.00016
  46    H  3  px     Ryd( 2p)     0.00018
  47    H  3  py     Ryd( 2p)     0.00089
  48    H  3  pz     Ryd( 2p)     0.00001

  49    H  4  s      Val( 1s)     0.79060
  50    H  4  s      Ryd( 2s)     0.00067
  51    H  4  s      Ryd( 3s)     0.00016
  52    H  4  px     Ryd( 2p)     0.00017
  53    H  4  py     Ryd( 2p)     0.00013
  54    H  4  pz     Ryd( 2p)     0.00062

  55   Cl  5  s      Cor( 1s)     2.00000
  56   Cl  5  s      Cor( 2s)     1.99999
  57   Cl  5  s      Val( 3s)     1.97134
  58   Cl  5  s      Ryd( 4s)     0.00009
  59   Cl  5  s      Ryd( 5s)     0.00001
  60   Cl  5  s      Ryd( 6s)     0.00000
  61   Cl  5  s      Ryd( 7s)     0.00000
  62   Cl  5  px     Cor( 2p)     1.99999
  63   Cl  5  px     Val( 3p)     1.69810
  64   Cl  5  px     Ryd( 4p)     0.00050
  65   Cl  5  px     Ryd( 5p)     0.00000
  66   Cl  5  px     Ryd( 6p)     0.00000
  67   Cl  5  px     Ryd( 7p)     0.00000
  68   Cl  5  py     Cor( 2p)     2.00000
  69   Cl  5  py     Val( 3p)     1.99842
  70   Cl  5  py     Ryd( 4p)     0.00006
  71   Cl  5  py     Ryd( 5p)     0.00000
  72   Cl  5  py     Ryd( 6p)     0.00000
  73   Cl  5  py     Ryd( 7p)     0.00000
  74   Cl  5  pz     Cor( 2p)     2.00000
  75   Cl  5  pz     Val( 3p)     1.99842
  76   Cl  5  pz     Ryd( 4p)     0.00006
  77   Cl  5  pz     Ryd( 5p)     0.00000
  78   Cl  5  pz     Ryd( 6p)     0.00000
  79   Cl  5  pz     Ryd( 7p)     0.00000
  80   Cl  5  dxy    Ryd( 3d)     0.00024
  81   Cl  5  dxy    Ryd( 4d)     0.00001
  82   Cl  5  dxz    Ryd( 3d)     0.00024
  83   Cl  5  dxz    Ryd( 4d)     0.00001
  84   Cl  5  dyz    Ryd( 3d)     0.00001
  85   Cl  5  dyz    Ryd( 4d)     0.00000
  86   Cl  5  dx2y2  Ryd( 3d)     0.00080
  87   Cl  5  dx2y2  Ryd( 4d)     0.00000
  88   Cl  5  dz2    Ryd( 3d)     0.00027
  89   Cl  5  dz2    Ryd( 4d)     0.00000
  90   Cl  5  f(0)   Ryd( 4f)     0.00000
  91   Cl  5  f(c1)  Ryd( 4f)     0.00001
  92   Cl  5  f(s1)  Ryd( 4f)     0.00000
  93   Cl  5  f(c2)  Ryd( 4f)     0.00001
  94   Cl  5  f(s2)  Ryd( 4f)     0.00000
  95   Cl  5  f(c3)  Ryd( 4f)     0.00002
  96   Cl  5  f(s3)  Ryd( 4f)     0.00001

  97   Br  6  s      Cor( 2s)     2.00000
  98   Br  6  s      Cor( 1s)     2.00000
  99   Br  6  s      Cor( 3s)     1.99999
 100   Br  6  s      Val( 4s)     1.96655
 101   Br  6  s      Ryd( 5s)     0.00018
 102   Br  6  s      Ryd( 6s)     0.00001
 103   Br  6  s      Ryd( 8s)     0.00000
 104   Br  6  s      Ryd( 9s)     0.00000
 105   Br  6  s      Ryd( 7s)     0.00000
 106   Br  6  s      Ryd(10s)     0.00000
 107   Br  6  px     Cor( 2p)     2.00000
 108   Br  6  px     Cor( 3p)     1.99999
 109   Br  6  px     Val( 4p)     1.61681
 110   Br  6  px     Ryd( 5p)     0.00093
 111   Br  6  px     Ryd( 6p)     0.00001
 112   Br  6  px     Ryd( 7p)     0.00000
 113   Br  6  py     Cor( 2p)     2.00000
 114   Br  6  py     Cor( 3p)     2.00000
 115   Br  6  py     Val( 4p)     1.99797
 116   Br  6  py     Ryd( 5p)     0.00010
 117   Br  6  py     Ryd( 6p)     0.00000
 118   Br  6  py     Ryd( 7p)     0.00000
 119   Br  6  pz     Cor( 2p)     2.00000
 120   Br  6  pz     Cor( 3p)     2.00000
 121   Br  6  pz     Val( 4p)     1.99794
 122   Br  6  pz     Ryd( 5p)     0.00010
 123   Br  6  pz     Ryd( 6p)     0.00000
 124   Br  6  pz     Ryd( 7p)     0.00000
 125   Br  6  dxy    Cor( 3d)     2.00000
 126   Br  6  dxy    Ryd( 4d)     0.00034
 127   Br  6  dxy    Ryd( 5d)     0.00002
 128   Br  6  dxy    Ryd( 6d)     0.00000
 129   Br  6  dxz    Cor( 3d)     1.99999
 130   Br  6  dxz    Ryd( 4d)     0.00033
 131   Br  6  dxz    Ryd( 5d)     0.00002
 132   Br  6  dxz    Ryd( 6d)     0.00000
 133   Br  6  dyz    Cor( 3d)     2.00000
 134   Br  6  dyz    Ryd( 5d)     0.00002
 135   Br  6  dyz    Ryd( 4d)     0.00002
 136   Br  6  dyz    Ryd( 6d)     0.00000
 137   Br  6  dx2y2  Cor( 3d)     1.99996
 138   Br  6  dx2y2  Ryd( 4d)     0.00082
 139   Br  6  dx2y2  Ryd( 5d)     0.00005
 140   Br  6  dx2y2  Ryd( 6d)     0.00000
 141   Br  6  dz2    Cor( 3d)     1.99999
 142   Br  6  dz2    Ryd( 4d)     0.00028
 143   Br  6  dz2    Ryd( 5d)     0.00003
 144   Br  6  dz2    Ryd( 6d)     0.00000
 145   Br  6  f(0)   Ryd( 4f)     0.00001
 146   Br  6  f(c1)  Ryd( 4f)     0.00002
 147   Br  6  f(s1)  Ryd( 4f)     0.00000
 148   Br  6  f(c2)  Ryd( 4f)     0.00002
 149   Br  6  f(s2)  Ryd( 4f)     0.00000
 150   Br  6  f(c3)  Ryd( 4f)     0.00003
 151   Br  6  f(s3)  Ryd( 4f)     0.00003


 Summary of Natural Population Analysis:

                                     Natural Population
             Natural    ---------------------------------------------
  Atom No    Charge        Core      Valence    Rydberg      Total
 --------------------------------------------------------------------
    C  1   -0.37165      1.99957     4.35269    0.01940     6.37165
    H  2    0.20763      0.00000     0.79067    0.00170     0.79237
    H  3    0.20756      0.00000     0.79052    0.00191     0.79244
    H  4    0.20764      0.00000     0.79060    0.00175     0.79236
   Cl  5   -0.66864      9.99998     7.66627    0.00239    17.66864
   Br  6   -0.58255     27.99990     7.57927    0.00338    35.58255
 ====================================================================
 * Total * -1.00000     39.99945    21.97002    0.03052    62.00000

                                 Natural Population
 ---------------------------------------------------------
   Core                      39.99945 ( 99.9986% of   40)
   Valence                   21.97002 ( 99.8637% of   22)
   Natural Minimal Basis     61.96948 ( 99.9508% of   62)
   Natural Rydberg Basis      0.03052 (  0.0492% of   62)
 ---------------------------------------------------------

    Atom No         Natural Electron Configuration
 ----------------------------------------------------------------------------
      C  1      [core]2s( 1.24)2p( 3.12)3d( 0.01)
      H  2            1s( 0.79)
      H  3            1s( 0.79)
      H  4            1s( 0.79)
     Cl  5      [core]3s( 1.97)3p( 5.69)
     Br  6      [core]4s( 1.97)4p( 5.61)


 NATURAL BOND ORBITAL ANALYSIS:

                            Occupancies       Lewis Structure    Low   High
         Max    Occ     -------------------  -----------------   occ   occ
  Cycle  Ctr   Thresh    Lewis   non-Lewis     CR  BD  nC  LP    (L)   (NL)
 ============================================================================
    1     2     1.90    61.65209   0.34791     20   4   0   7     1      1
    2     2     1.67    61.65209   0.34791     20   4   0   7     0      1
    3     2     1.58    61.24381   0.75619     20   3   0   8     0      1
    4     2     1.90    61.65209   0.34791     20   4   0   7     1      1
 ----------------------------------------------------------------------------

 Strongly delocalized structure accepted

 -------------------------------------------------------
   Core                     39.99945 ( 99.999% of  40)
   Valence Lewis            21.65263 ( 98.421% of  22)
  ==================      =============================
   Total Lewis              61.65209 ( 99.439% of  62)
  -----------------------------------------------------
   Valence non-Lewis         0.33309 (  0.537% of  62)
   Rydberg non-Lewis         0.01483 (  0.024% of  62)
  ==================      =============================
   Total non-Lewis           0.34791 (  0.561% of  62)
 -------------------------------------------------------


     (Occupancy)   Bond orbital / Coefficients / Hybrids
 ------------------ Lewis ------------------------------------------------------
   1. (1.99957) CR ( 1) C  1            s(100.00%)
                                         1.0000  0.0000  0.0000  0.0000  0.0000
                                         0.0000  0.0000  0.0000  0.0000  0.0000
                                         0.0000  0.0000  0.0000  0.0000  0.0000
                                         0.0000  0.0000  0.0000  0.0000  0.0000
                                         0.0000  0.0000  0.0000  0.0000  0.0000
                                         0.0000  0.0000  0.0000  0.0000  0.0000
                                         0.0000  0.0000  0.0000  0.0000  0.0000
                                         0.0000
   2. (2.00000) CR ( 1)Cl  5            s(100.00%)
                                         1.0000  0.0000  0.0000  0.0000  0.0000
                                         0.0000  0.0000  0.0000  0.0000  0.0000
                                         0.0000  0.0000  0.0000  0.0000  0.0000
                                         0.0000  0.0000  0.0000  0.0000  0.0000
                                         0.0000  0.0000  0.0000  0.0000  0.0000
                                         0.0000  0.0000  0.0000  0.0000  0.0000
                                         0.0000  0.0000  0.0000  0.0000  0.0000
                                         0.0000  0.0000  0.0000  0.0000  0.0000
                                         0.0000  0.0000
   3. (1.99999) CR ( 2)Cl  5            s(100.00%)
                                         0.0000  1.0000  0.0000  0.0000  0.0000
                                         0.0000  0.0000  0.0000  0.0000  0.0000
                                         0.0000  0.0000  0.0000  0.0000  0.0000
                                         0.0000  0.0000  0.0000  0.0000  0.0000
                                         0.0000  0.0000  0.0000  0.0000  0.0000
                                         0.0000  0.0000  0.0000  0.0000  0.0000
                                         0.0000  0.0000  0.0000  0.0000  0.0000
                                         0.0000  0.0000  0.0000  0.0000  0.0000
                                         0.0000  0.0000
   4. (1.99999) CR ( 3)Cl  5            s(  0.00%)p 1.00(100.00%)
                                         0.0000  0.0000  0.0000  0.0000  0.0000
                                         0.0000  0.0000  1.0000  0.0000  0.0000
                                         0.0000  0.0000  0.0000  0.0000  0.0000
                                         0.0000  0.0000  0.0000  0.0000  0.0000
                                         0.0000  0.0000  0.0000  0.0000  0.0000
                                         0.0000  0.0000  0.0000  0.0000  0.0000
                                         0.0000  0.0000  0.0000  0.0000  0.0000
                                         0.0000  0.0000  0.0000  0.0000  0.0000
                                         0.0000  0.0000
   5. (2.00000) CR ( 4)Cl  5            s(  0.00%)p 1.00(100.00%)
                                         0.0000  0.0000  0.0000  0.0000  0.0000
                                         0.0000  0.0000  0.0000  0.0000  0.0000
                                         0.0000  0.0000  0.0000  1.0000  0.0000
                                         0.0000  0.0000  0.0000  0.0000  0.0000
                                         0.0000  0.0000  0.0000  0.0000  0.0000
                                         0.0000  0.0000  0.0000  0.0000  0.0000
                                         0.0000  0.0000  0.0000  0.0000  0.0000
                                         0.0000  0.0000  0.0000  0.0000  0.0000
                                         0.0000  0.0000
   6. (2.00000) CR ( 5)Cl  5            s(  0.00%)p 1.00(100.00%)
                                         0.0000  0.0000  0.0000  0.0000  0.0000
                                         0.0000  0.0000  0.0000  0.0000  0.0000
                                         0.0000  0.0000  0.0000  0.0000  0.0000
                                         0.0000  0.0000  0.0000  0.0000  1.0000
                                         0.0000  0.0000  0.0000  0.0000  0.0000
                                         0.0000  0.0000  0.0000  0.0000  0.0000
                                         0.0000  0.0000  0.0000  0.0000  0.0000
                                         0.0000  0.0000  0.0000  0.0000  0.0000
                                         0.0000  0.0000
   7. (2.00000) CR ( 1)Br  6            s(100.00%)
                                         1.0000  0.0000  0.0000  0.0000  0.0000
                                         0.0000  0.0000  0.0000  0.0000  0.0000
                                         0.0000  0.0000  0.0000  0.0000  0.0000
                                         0.0000  0.0000  0.0000  0.0000  0.0000
                                         0.0000  0.0000  0.0000  0.0000  0.0000
                                         0.0000  0.0000  0.0000  0.0000  0.0000
                                         0.0000  0.0000  0.0000  0.0000  0.0000
                                         0.0000  0.0000  0.0000  0.0000  0.0000
                                         0.0000  0.0000  0.0000  0.0000  0.0000
                                         0.0000  0.0000  0.0000  0.0000  0.0000
                                         0.0000  0.0000  0.0000  0.0000  0.0000
   8. (2.00000) CR ( 2)Br  6            s(100.00%)
                                         0.0000  1.0000  0.0000  0.0000  0.0000
                                         0.0000  0.0000  0.0000  0.0000  0.0000
                                         0.0000  0.0000  0.0000  0.0000  0.0000
                                         0.0000  0.0000  0.0000  0.0000  0.0000
                                         0.0000  0.0000  0.0000  0.0000  0.0000
                                         0.0000  0.0000  0.0000  0.0000  0.0000
                                         0.0000  0.0000  0.0000  0.0000  0.0000
                                         0.0000  0.0000  0.0000  0.0000  0.0000
                                         0.0000  0.0000  0.0000  0.0000  0.0000
                                         0.0000  0.0000  0.0000  0.0000  0.0000
                                         0.0000  0.0000  0.0000  0.0000  0.0000
   9. (1.99999) CR ( 3)Br  6            s(100.00%)
                                         0.0000  0.0000  1.0000  0.0000  0.0000
                                         0.0000  0.0000  0.0000  0.0000  0.0000
                                         0.0000  0.0000  0.0000  0.0000  0.0000
                                         0.0000  0.0000  0.0000  0.0000  0.0000
                                         0.0000  0.0000  0.0000  0.0000  0.0000
                                         0.0000  0.0000  0.0000  0.0000  0.0000
                                         0.0000  0.0000  0.0000  0.0000  0.0000
                                         0.0000  0.0000  0.0000  0.0000  0.0000
                                         0.0000  0.0000  0.0000  0.0000  0.0000
                                         0.0000  0.0000  0.0000  0.0000  0.0000
                                         0.0000  0.0000  0.0000  0.0000  0.0000
  10. (2.00000) CR ( 4)Br  6            s(  0.00%)p 1.00(100.00%)
                                         0.0000  0.0000  0.0000  0.0000  0.0000
                                         0.0000  0.0000  0.0000  0.0000  0.0000
                                         1.0000  0.0000  0.0000  0.0000  0.0000
                                         0.0000  0.0000  0.0000  0.0000  0.0000
                                         0.0000  0.0000  0.0000  0.0000  0.0000
                                         0.0000  0.0000  0.0000  0.0000  0.0000
                                         0.0000  0.0000  0.0000  0.0000  0.0000
                                         0.0000  0.0000  0.0000  0.0000  0.0000
                                         0.0000  0.0000  0.0000  0.0000  0.0000
                                         0.0000  0.0000  0.0000  0.0000  0.0000
                                         0.0000  0.0000  0.0000  0.0000  0.0000
  11. (1.99999) CR ( 5)Br  6            s(  0.00%)p 1.00(100.00%)
                                         0.0000  0.0000  0.0000  0.0000  0.0000
                                         0.0000  0.0000  0.0000  0.0000  0.0000
                                         0.0000  1.0000  0.0000  0.0000  0.0000
                                         0.0000  0.0000  0.0000  0.0000  0.0000
                                         0.0000  0.0000  0.0000  0.0000  0.0000
                                         0.0000  0.0000  0.0000  0.0000  0.0000
                                         0.0000  0.0000  0.0000  0.0000  0.0000
                                         0.0000  0.0000  0.0000  0.0000  0.0000
                                         0.0000  0.0000  0.0000  0.0000  0.0000
                                         0.0000  0.0000  0.0000  0.0000  0.0000
                                         0.0000  0.0000  0.0000  0.0000  0.0000
  12. (2.00000) CR ( 6)Br  6            s(  0.00%)p 1.00(100.00%)
                                         0.0000  0.0000  0.0000  0.0000  0.0000
                                         0.0000  0.0000  0.0000  0.0000  0.0000
                                         0.0000  0.0000  0.0000  0.0000  0.0000
                                         0.0000  1.0000  0.0000  0.0000  0.0000
                                         0.0000  0.0000  0.0000  0.0000  0.0000
                                         0.0000  0.0000  0.0000  0.0000  0.0000
                                         0.0000  0.0000  0.0000  0.0000  0.0000
                                         0.0000  0.0000  0.0000  0.0000  0.0000
                                         0.0000  0.0000  0.0000  0.0000  0.0000
                                         0.0000  0.0000  0.0000  0.0000  0.0000
                                         0.0000  0.0000  0.0000  0.0000  0.0000
  13. (2.00000) CR ( 7)Br  6            s(  0.00%)p 1.00(100.00%)
                                         0.0000  0.0000  0.0000  0.0000  0.0000
                                         0.0000  0.0000  0.0000  0.0000  0.0000
                                         0.0000  0.0000  0.0000  0.0000  0.0000
                                         0.0000  0.0000  1.0000  0.0000  0.0000
                                         0.0000  0.0000  0.0000  0.0000  0.0000
                                         0.0000  0.0000  0.0000  0.0000  0.0000
                                         0.0000  0.0000  0.0000  0.0000  0.0000
                                         0.0000  0.0000  0.0000  0.0000  0.0000
                                         0.0000  0.0000  0.0000  0.0000  0.0000
                                         0.0000  0.0000  0.0000  0.0000  0.0000
                                         0.0000  0.0000  0.0000  0.0000  0.0000
  14. (2.00000) CR ( 8)Br  6            s(  0.00%)p 1.00(100.00%)
                                         0.0000  0.0000  0.0000  0.0000  0.0000
                                         0.0000  0.0000  0.0000  0.0000  0.0000
                                         0.0000  0.0000  0.0000  0.0000  0.0000
                                         0.0000  0.0000  0.0000  0.0000  0.0000
                                         0.0000  0.0000  1.0000  0.0000  0.0000
                                         0.0000  0.0000  0.0000  0.0000  0.0000
                                         0.0000  0.0000  0.0000  0.0000  0.0000
                                         0.0000  0.0000  0.0000  0.0000  0.0000
                                         0.0000  0.0000  0.0000  0.0000  0.0000
                                         0.0000  0.0000  0.0000  0.0000  0.0000
                                         0.0000  0.0000  0.0000  0.0000  0.0000
  15. (2.00000) CR ( 9)Br  6            s(  0.00%)p 1.00(100.00%)
                                         0.0000  0.0000  0.0000  0.0000  0.0000
                                         0.0000  0.0000  0.0000  0.0000  0.0000
                                         0.0000  0.0000  0.0000  0.0000  0.0000
                                         0.0000  0.0000  0.0000  0.0000  0.0000
                                         0.0000  0.0000  0.0000  1.0000  0.0000
                                         0.0000  0.0000  0.0000  0.0000  0.0000
                                         0.0000  0.0000  0.0000  0.0000  0.0000
                                         0.0000  0.0000  0.0000  0.0000  0.0000
                                         0.0000  0.0000  0.0000  0.0000  0.0000
                                         0.0000  0.0000  0.0000  0.0000  0.0000
                                         0.0000  0.0000  0.0000  0.0000  0.0000
  16. (2.00000) CR (10)Br  6            s(  0.00%)p 0.00(  0.00%)d 1.00(100.00%)
                                         0.0000  0.0000  0.0000  0.0000  0.0000
                                         0.0000  0.0000  0.0000  0.0000  0.0000
                                         0.0000  0.0000  0.0000  0.0000  0.0000
                                         0.0000  0.0000  0.0000  0.0000  0.0000
                                         0.0000  0.0000  0.0000  0.0000  0.0000
                                         0.0000  0.0000  0.0000  1.0000  0.0000
                                         0.0000  0.0000  0.0000  0.0000  0.0000
                                         0.0000  0.0000  0.0000  0.0000  0.0000
                                         0.0000  0.0000  0.0000  0.0000  0.0000
                                         0.0000  0.0000  0.0000  0.0000  0.0000
                                         0.0000  0.0000  0.0000  0.0000  0.0000
  17. (1.99999) CR (11)Br  6            s(  0.00%)p 0.00(  0.00%)d 1.00(100.00%)
                                         0.0000  0.0000  0.0000  0.0000  0.0000
                                         0.0000  0.0000  0.0000  0.0000  0.0000
                                         0.0000  0.0000  0.0000  0.0000  0.0000
                                         0.0000  0.0000  0.0000  0.0000  0.0000
                                         0.0000  0.0000  0.0000  0.0000  0.0000
                                         0.0000  0.0000  0.0000  0.0000  0.0000
                                         0.0000  0.0000  1.0000  0.0000  0.0000
                                         0.0000  0.0000  0.0000  0.0000  0.0000
                                         0.0000  0.0000  0.0000  0.0000  0.0000
                                         0.0000  0.0000  0.0000  0.0000  0.0000
                                         0.0000  0.0000  0.0000  0.0000  0.0000
  18. (2.00000) CR (12)Br  6            s(  0.00%)p 0.00(  0.00%)d 1.00(100.00%)
                                         0.0000  0.0000  0.0000  0.0000  0.0000
                                         0.0000  0.0000  0.0000  0.0000  0.0000
                                         0.0000  0.0000  0.0000  0.0000  0.0000
                                         0.0000  0.0000  0.0000  0.0000  0.0000
                                         0.0000  0.0000  0.0000  0.0000  0.0000
                                         0.0000  0.0000  0.0000  0.0000  0.0000
                                         0.0000  0.0000  0.0000  0.0000  0.0000
                                         0.0000  1.0000  0.0000  0.0000  0.0000
                                         0.0000  0.0000  0.0000  0.0000  0.0000
                                         0.0000  0.0000  0.0000  0.0000  0.0000
                                         0.0000  0.0000  0.0000  0.0000  0.0000
  19. (1.99996) CR (13)Br  6            s(  0.00%)p 0.00(  0.00%)d 1.00(100.00%)
                                         0.0000  0.0000  0.0000  0.0000  0.0000
                                         0.0000  0.0000  0.0000  0.0000  0.0000
                                         0.0000  0.0000  0.0000  0.0000  0.0000
                                         0.0000  0.0000  0.0000  0.0000  0.0000
                                         0.0000  0.0000  0.0000  0.0000  0.0000
                                         0.0000  0.0000  0.0000  0.0000  0.0000
                                         0.0000  0.0000  0.0000  0.0000  0.0000
                                         0.0000  0.0000  0.0000  0.0000  0.0000
                                         1.0000  0.0000  0.0000  0.0000  0.0000
                                         0.0000  0.0000  0.0000  0.0000  0.0000
                                         0.0000  0.0000  0.0000  0.0000  0.0000
  20. (1.99999) CR (14)Br  6            s(  0.00%)p 0.00(  0.00%)d 1.00(100.00%)
                                         0.0000  0.0000  0.0000  0.0000  0.0000
                                         0.0000  0.0000  0.0000  0.0000  0.0000
                                         0.0000  0.0000  0.0000  0.0000  0.0000
                                         0.0000  0.0000  0.0000  0.0000  0.0000
                                         0.0000  0.0000  0.0000  0.0000  0.0000
                                         0.0000  0.0000  0.0000  0.0000  0.0000
                                         0.0000  0.0000  0.0000  0.0000  0.0000
                                         0.0000  0.0000  0.0000  0.0000  0.0000
                                         0.0000  0.0000  0.0000  0.0000  1.0000
                                         0.0000  0.0000  0.0000  0.0000  0.0000
                                         0.0000  0.0000  0.0000  0.0000  0.0000
  21. (1.99917) LP ( 1)Cl  5            s( 91.54%)p 0.09(  8.46%)d 0.00(  0.00%)
                                                  f 0.00(  0.00%)
                                         0.0000  0.0000  0.9567 -0.0012  0.0001
                                         0.0000  0.0000  0.0000 -0.2909  0.0014
                                        -0.0003 -0.0002  0.0000  0.0000  0.0005
                                         0.0000  0.0000  0.0000  0.0000  0.0000
                                        -0.0001  0.0000  0.0000  0.0000  0.0000
                                         0.0000  0.0000  0.0000  0.0000  0.0000
                                         0.0000 -0.0019 -0.0006  0.0011  0.0003
                                         0.0000  0.0006  0.0000  0.0000  0.0000
                                        -0.0008  0.0000
  22. (1.99850) LP ( 2)Cl  5            s(  0.00%)p 1.00(100.00%)d 0.00(  0.00%)
                                                  f 0.00(  0.00%)
                                         0.0000  0.0000  0.0002  0.0000  0.0000
                                         0.0000  0.0000  0.0000 -0.0011  0.0000
                                         0.0000  0.0000  0.0000  0.0000 -0.8749
                                         0.0031  0.0000 -0.0002  0.0000  0.0000
                                         0.4842 -0.0017  0.0000  0.0001  0.0000
                                        -0.0043 -0.0013  0.0024  0.0007  0.0000
                                         0.0000  0.0000  0.0000  0.0000  0.0000
                                        -0.0006  0.0000  0.0005  0.0008  0.0000
                                         0.0000 -0.0018
  23. (1.99850) LP ( 3)Cl  5            s(  0.00%)p 1.00(100.00%)d 0.00(  0.00%)
                                                  f 0.00(  0.00%)
                                         0.0000  0.0000  0.0003  0.0000  0.0000
                                         0.0000  0.0000  0.0000  0.0015  0.0000
                                         0.0000  0.0000  0.0000  0.0000  0.4842
                                        -0.0017  0.0000  0.0001  0.0000  0.0000
                                         0.8749 -0.0031  0.0000  0.0002  0.0000
                                         0.0024  0.0007  0.0043  0.0013  0.0001
                                         0.0000  0.0000  0.0000  0.0000  0.0000
                                        -0.0012  0.0000 -0.0003  0.0015  0.0000
                                         0.0000  0.0010
  24. (1.67080) LP ( 4)Cl  5            s(  8.46%)p10.81( 91.52%)d 0.00(  0.02%)
                                                  f 0.00(  0.00%)
                                         0.0000  0.0000  0.2909  0.0047 -0.0003
                                         0.0002  0.0000  0.0000  0.9566  0.0094
                                        -0.0001 -0.0007 -0.0001  0.0000 -0.0016
                                         0.0000  0.0000  0.0000  0.0000  0.0000
                                        -0.0008  0.0000  0.0000  0.0000  0.0000
                                         0.0000  0.0000  0.0000  0.0000  0.0000
                                         0.0000  0.0120 -0.0007 -0.0069  0.0004
                                         0.0000 -0.0014  0.0000  0.0000  0.0000
                                         0.0017  0.0000
  25. (1.99925) LP ( 1)Br  6            s( 92.12%)p 0.09(  7.88%)d 0.00(  0.00%)
                                                  f 0.00(  0.00%)
                                         0.0000  0.0000  0.0000  0.9598 -0.0021
                                        -0.0002  0.0000  0.0000  0.0000  0.0000
                                         0.0000  0.0000  0.2807 -0.0011 -0.0010
                                        -0.0003  0.0000  0.0000 -0.0026  0.0000
                                         0.0000  0.0000  0.0000  0.0000 -0.0006
                                         0.0000  0.0000  0.0000  0.0000  0.0000
                                         0.0000  0.0000  0.0000  0.0000  0.0000
                                         0.0000  0.0000  0.0000  0.0000  0.0000
                                         0.0000 -0.0029  0.0012  0.0009  0.0000
                                         0.0017 -0.0007 -0.0005  0.0000 -0.0008
                                         0.0000  0.0000  0.0000  0.0010  0.0000
  26. (1.99810) LP ( 2)Br  6            s(  0.00%)p 1.00(100.00%)d 0.00(  0.00%)
                                                  f 0.00(  0.00%)
                                         0.0000  0.0000  0.0000  0.0030  0.0000
                                         0.0000  0.0000  0.0000  0.0000  0.0000
                                         0.0000  0.0000 -0.0010  0.0000  0.0000
                                         0.0000  0.0000  0.0000  0.9999 -0.0052
                                        -0.0002 -0.0001  0.0000  0.0000 -0.0105
                                         0.0001  0.0000  0.0000  0.0000 -0.0051
                                         0.0016  0.0001  0.0000  0.0001  0.0000
                                         0.0000  0.0000  0.0000  0.0000  0.0000
                                         0.0000  0.0001 -0.0001  0.0000  0.0000
                                         0.0002 -0.0001  0.0000  0.0000  0.0000
                                        -0.0008  0.0000  0.0000  0.0000  0.0030
  27. (1.99807) LP ( 3)Br  6            s(  0.00%)p 1.00(100.00%)d 0.00(  0.00%)
                                                  f 0.00(  0.00%)
                                         0.0000  0.0000  0.0000  0.0008  0.0000
                                         0.0000  0.0000  0.0000  0.0000  0.0000
                                         0.0000  0.0000 -0.0006  0.0000  0.0000
                                         0.0000  0.0000  0.0000  0.0105 -0.0001
                                         0.0000  0.0000  0.0000  0.0000  0.9999
                                        -0.0052 -0.0002 -0.0001  0.0000  0.0000
                                         0.0000  0.0000  0.0000 -0.0051  0.0015
                                         0.0001  0.0000  0.0002 -0.0001  0.0000
                                         0.0000  0.0000  0.0000  0.0000  0.0000
                                         0.0000  0.0000  0.0000 -0.0019  0.0000
                                         0.0000  0.0024  0.0000  0.0000  0.0000
  28. (1.99793) BD ( 1) C  1- H  2
               ( 60.53%)   0.7780* C  1 s( 33.01%)p 2.02( 66.69%)d 0.01(  0.23%)
                                                  f 0.00(  0.06%)
                                         0.0000  0.5746  0.0017  0.0004  0.0001
                                         0.0000  0.0000 -0.0498  0.0003  0.0002
                                         0.0003 -0.4582 -0.0078  0.0006  0.0001
                                         0.6741 -0.0114 -0.0009 -0.0001 -0.0001
                                         0.0007  0.0001 -0.0010 -0.0404 -0.0027
                                        -0.0100 -0.0027  0.0244  0.0027  0.0060
                                        -0.0012 -0.0185 -0.0138  0.0010  0.0009
                                         0.0055
               ( 39.47%)   0.6282* H  2 s( 99.92%)p 0.00(  0.08%)
                                         0.9996 -0.0006 -0.0004  0.0014  0.0153
                                        -0.0233
  29. (1.99792) BD ( 1) C  1- H  3
               ( 60.53%)   0.7780* C  1 s( 33.03%)p 2.02( 66.68%)d 0.01(  0.23%)
                                                  f 0.00(  0.06%)
                                         0.0000  0.5747  0.0016  0.0004  0.0000
                                         0.0000  0.0000 -0.0489  0.0003  0.0002
                                         0.0003  0.8128  0.0137 -0.0012 -0.0001
                                         0.0597 -0.0010 -0.0001  0.0000  0.0004
                                        -0.0013  0.0000 -0.0001  0.0062  0.0005
                                        -0.0389 -0.0039 -0.0263 -0.0003 -0.0021
                                        -0.0001 -0.0116 -0.0033 -0.0001  0.0017
                                        -0.0211
               ( 39.47%)   0.6282* H  3 s( 99.90%)p 0.00(  0.10%)
                                         0.9995 -0.0006 -0.0004  0.0015 -0.0319
                                        -0.0021
  30. (1.99794) BD ( 1) C  1- H  4
               ( 60.54%)   0.7780* C  1 s( 33.00%)p 2.02( 66.70%)d 0.01(  0.23%)
                                                  f 0.00(  0.06%)
                                         0.0000  0.5745  0.0017  0.0004  0.0001
                                         0.0000  0.0000 -0.0497  0.0003  0.0002
                                         0.0003 -0.3548 -0.0061  0.0005  0.0001
                                        -0.7338  0.0124  0.0010  0.0001 -0.0001
                                         0.0005 -0.0002  0.0011  0.0338  0.0024
                                        -0.0045 -0.0025  0.0337  0.0033 -0.0126
                                        -0.0014 -0.0179  0.0103 -0.0008  0.0008
                                         0.0033
               ( 39.46%)   0.6282* H  4 s( 99.91%)p 0.00(  0.09%)
                                         0.9996 -0.0006 -0.0004  0.0015  0.0121
                                         0.0265
  31. (1.99645) BD ( 1) C  1-Br  6
               ( 24.53%)   0.4953* C  1 s(  0.82%)p99.99( 99.01%)d 0.20(  0.17%)
                                                  f 0.00(  0.00%)
                                         0.0000  0.0871 -0.0245 -0.0066 -0.0012
                                         0.0000  0.0000  0.9937  0.0505  0.0043
                                         0.0018 -0.0007  0.0000  0.0000  0.0000
                                         0.0000  0.0000  0.0000  0.0000 -0.0001
                                         0.0000  0.0001  0.0000  0.0001  0.0000
                                         0.0343 -0.0071 -0.0203  0.0038  0.0010
                                        -0.0004  0.0056  0.0008 -0.0001  0.0006
                                         0.0015
               ( 75.47%)   0.8687*Br  6 s(  7.89%)p11.67( 92.07%)d 0.01(  0.04%)
                                                  f 0.00(  0.00%)
                                         0.0000  0.0000  0.0000  0.2807  0.0098
                                         0.0005  0.0000  0.0000  0.0001  0.0000
                                         0.0000  0.0000 -0.9593 -0.0186 -0.0009
                                        -0.0003  0.0000  0.0000 -0.0018  0.0000
                                         0.0000  0.0000  0.0000  0.0000 -0.0007
                                         0.0000  0.0000  0.0000  0.0000  0.0001
                                         0.0000  0.0000  0.0000  0.0000  0.0000
                                         0.0000  0.0000  0.0000  0.0000  0.0000
                                         0.0000  0.0180 -0.0002  0.0005  0.0000
                                        -0.0103  0.0000 -0.0003  0.0000  0.0021
                                        -0.0001  0.0000  0.0000 -0.0027  0.0000
 ---------------- non-Lewis ----------------------------------------------------
  32. (0.00464) BD*( 1) C  1- H  2
               ( 39.47%)   0.6282* C  1 s( 33.01%)p 2.02( 66.69%)d 0.01(  0.23%)
                                                  f 0.00(  0.06%)
                                         0.0000 -0.5746 -0.0017 -0.0004 -0.0001
                                         0.0000  0.0000  0.0498 -0.0003 -0.0002
                                        -0.0003  0.4582  0.0078 -0.0006 -0.0001
                                        -0.6741  0.0114  0.0009  0.0001  0.0001
                                        -0.0007 -0.0001  0.0010  0.0404  0.0027
                                         0.0100  0.0027 -0.0244 -0.0027 -0.0060
                                         0.0012  0.0185  0.0138 -0.0010 -0.0009
                                        -0.0055
               ( 60.53%)  -0.7780* H  2 s( 99.92%)p 0.00(  0.08%)
                                        -0.9996  0.0006  0.0004 -0.0014 -0.0153
                                         0.0233
  33. (0.00464) BD*( 1) C  1- H  3
               ( 39.47%)   0.6282* C  1 s( 33.03%)p 2.02( 66.68%)d 0.01(  0.23%)
                                                  f 0.00(  0.06%)
                                         0.0000 -0.5747 -0.0016 -0.0004  0.0000
                                         0.0000  0.0000  0.0489 -0.0003 -0.0002
                                        -0.0003 -0.8128 -0.0137  0.0012  0.0001
                                        -0.0597  0.0010  0.0001  0.0000 -0.0004
                                         0.0013  0.0000  0.0001 -0.0062 -0.0005
                                         0.0389  0.0039  0.0263  0.0003  0.0021
                                         0.0001  0.0116  0.0033  0.0001 -0.0017
                                         0.0211
               ( 60.53%)  -0.7780* H  3 s( 99.90%)p 0.00(  0.10%)
                                        -0.9995  0.0006  0.0004 -0.0015  0.0319
                                         0.0021
  34. (0.00464) BD*( 1) C  1- H  4
               ( 39.46%)   0.6282* C  1 s( 33.00%)p 2.02( 66.70%)d 0.01(  0.23%)
                                                  f 0.00(  0.06%)
                                         0.0000 -0.5745 -0.0017 -0.0004 -0.0001
                                         0.0000  0.0000  0.0497 -0.0003 -0.0002
                                        -0.0003  0.3548  0.0061 -0.0005 -0.0001
                                         0.7338 -0.0124 -0.0010 -0.0001  0.0001
                                        -0.0005  0.0002 -0.0011 -0.0338 -0.0024
                                         0.0045  0.0025 -0.0337 -0.0033  0.0126
                                         0.0014  0.0179 -0.0103  0.0008 -0.0008
                                        -0.0033
               ( 60.54%)  -0.7780* H  4 s( 99.91%)p 0.00(  0.09%)
                                        -0.9996  0.0006  0.0004 -0.0015 -0.0121
                                        -0.0265
  35. (0.31917) BD*( 1) C  1-Br  6
               ( 75.47%)   0.8687* C  1 s(  0.82%)p99.99( 99.01%)d 0.20(  0.17%)
                                                  f 0.00(  0.00%)
                                         0.0000 -0.0871  0.0245  0.0066  0.0012
                                         0.0000  0.0000 -0.9937 -0.0505 -0.0043
                                        -0.0018  0.0007  0.0000  0.0000  0.0000
                                         0.0000  0.0000  0.0000  0.0000  0.0001
                                         0.0000 -0.0001  0.0000 -0.0001  0.0000
                                        -0.0343  0.0071  0.0203 -0.0038 -0.0010
                                         0.0004 -0.0056 -0.0008  0.0001 -0.0006
                                        -0.0015
               ( 24.53%)  -0.4953*Br  6 s(  7.89%)p11.67( 92.07%)d 0.01(  0.04%)
                                                  f 0.00(  0.00%)
                                         0.0000  0.0000  0.0000 -0.2807 -0.0098
                                        -0.0005  0.0000  0.0000 -0.0001  0.0000
                                         0.0000  0.0000  0.9593  0.0186  0.0009
                                         0.0003  0.0000  0.0000  0.0018  0.0000
                                         0.0000  0.0000  0.0000  0.0000  0.0007
                                         0.0000  0.0000  0.0000  0.0000 -0.0001
                                         0.0000  0.0000  0.0000  0.0000  0.0000
                                         0.0000  0.0000  0.0000  0.0000  0.0000
                                         0.0000 -0.0180  0.0002 -0.0005  0.0000
                                         0.0103  0.0000  0.0003  0.0000 -0.0021
                                         0.0001  0.0000  0.0000  0.0027  0.0000
  36. (0.00371) RY ( 1) C  1            s( 27.33%)p 0.07(  1.81%)d 2.51( 68.56%)
                                                  f 0.08(  2.30%)
                                         0.0000 -0.0314  0.5166  0.0735 -0.0052
                                         0.0000  0.0002  0.0445  0.1209  0.0062
                                        -0.0377  0.0007 -0.0014 -0.0010 -0.0005
                                         0.0000 -0.0006 -0.0003 -0.0003  0.0004
                                         0.0000  0.0001  0.0000 -0.0023  0.0004
                                        -0.7085  0.0806  0.4190 -0.0386 -0.0258
                                        -0.0135 -0.1421 -0.0203  0.0001  0.0168
                                        -0.0361
  37. (0.00083) RY ( 2) C  1            s(  0.93%)p99.99( 97.61%)d 1.02(  0.95%)
                                                  f 0.55(  0.51%)
                                         0.0000  0.0011  0.0856 -0.0369 -0.0251
                                        -0.0005 -0.0012  0.0548 -0.9790  0.0762
                                         0.0933 -0.0004  0.0113  0.0016 -0.0007
                                        -0.0001 -0.0023  0.0004  0.0000  0.0013
                                        -0.0007  0.0047 -0.0018 -0.0001  0.0001
                                        -0.0837 -0.0181  0.0452  0.0109 -0.0028
                                         0.0430 -0.0156 -0.0025 -0.0004 -0.0545
                                        -0.0057
  38. (0.00077) RY ( 3) C  1            s(  0.00%)p 1.00( 61.74%)d 0.60( 37.11%)
                                                  f 0.02(  1.15%)
                                         0.0000  0.0000  0.0015 -0.0002  0.0001
                                         0.0000  0.0000  0.0002 -0.0023  0.0002
                                         0.0001 -0.0057  0.1720  0.0271 -0.0038
                                         0.0252  0.7565 -0.1175  0.0168  0.1283
                                        -0.0517 -0.5206  0.2103  0.1883  0.0357
                                        -0.0007 -0.0002  0.0005 -0.0001 -0.0639
                                        -0.0005  0.0059  0.0825  0.0072  0.0002
                                        -0.0227
  39. (0.00076) RY ( 4) C  1            s(  0.00%)p 1.00( 63.46%)d 0.56( 35.35%)
                                                  f 0.02(  1.18%)
                                         0.0000  0.0000  0.0007  0.0014  0.0001
                                         0.0000  0.0000 -0.0006  0.0115 -0.0006
                                        -0.0009 -0.0252  0.7647  0.1181 -0.0184
                                        -0.0061 -0.1843  0.0280 -0.0045  0.5102
                                        -0.2065  0.1108 -0.0450 -0.0039 -0.0006
                                        -0.0943 -0.0189 -0.1611 -0.0324  0.0158
                                        -0.0059  0.0261 -0.0204  0.0002 -0.0023
                                        -0.1023
  40. (0.00070) RY ( 5) C  1            s(  0.00%)p 1.00( 30.38%)d 2.25( 68.43%)
                                                  f 0.04(  1.18%)
                                         0.0000  0.0000  0.0005  0.0000  0.0001
                                         0.0000  0.0000 -0.0003  0.0040 -0.0002
                                        -0.0004 -0.0041  0.1222  0.0121 -0.0128
                                         0.0181  0.5314 -0.0499  0.0579 -0.1528
                                         0.0590  0.7437 -0.2879  0.1416  0.0392
                                        -0.0003  0.0000 -0.0003 -0.0001 -0.0650
                                         0.0003  0.0061  0.0838 -0.0049 -0.0004
                                        -0.0231
  41. (0.00069) RY ( 6) C  1            s(  0.00%)p 1.00( 28.88%)d 2.42( 69.96%)
                                                  f 0.04(  1.16%)
                                         0.0000  0.0001  0.0009 -0.0005 -0.0003
                                        -0.0001  0.0000 -0.0003  0.0050 -0.0005
                                        -0.0004 -0.0176  0.5211  0.0480 -0.0592
                                        -0.0035 -0.1041  0.0091 -0.0123 -0.7503
                                         0.2912 -0.1650  0.0641  0.0028  0.0007
                                        -0.0706 -0.0173 -0.1190 -0.0324  0.0132
                                         0.0030  0.0262 -0.0170 -0.0001  0.0010
                                        -0.1021
  42. (0.00023) RY ( 7) C  1            s( 86.03%)p 0.00(  0.25%)d 0.15( 13.29%)
                                                  f 0.01(  0.43%)
                                         0.0000  0.0119  0.6764 -0.6340  0.0252
                                         0.0000 -0.0001 -0.0060  0.0442 -0.0212
                                        -0.0046 -0.0002 -0.0016 -0.0002  0.0000
                                         0.0000 -0.0007  0.0002  0.0000  0.0005
                                        -0.0002  0.0001  0.0000  0.0007 -0.0003
                                         0.3045 -0.0752 -0.1813  0.0405  0.0100
                                        -0.0186  0.0555  0.0076  0.0001  0.0237
                                         0.0138
  43. (0.00001) RY ( 8) C  1            s( 20.53%)p 0.07(  1.47%)d 0.38(  7.72%)
                                                  f 3.42( 70.27%)
  44. (0.00000) RY ( 9) C  1            s(  0.76%)p99.99( 79.27%)d 3.08(  2.32%)
                                                  f23.37( 17.65%)
  45. (0.00000) RY (10) C  1            s( 62.05%)p 0.32( 19.85%)d 0.07(  4.04%)
                                                  f 0.23( 14.06%)
  46. (0.00000) RY (11) C  1            s(  0.40%)p99.99( 58.05%)d75.59( 30.33%)
                                                  f27.97( 11.22%)
  47. (0.00000) RY (12) C  1            s(  0.01%)p 1.00( 78.04%)d 0.12(  9.70%)
                                                  f 0.16( 12.26%)
  48. (0.00000) RY (13) C  1            s( 92.96%)p 0.01(  0.87%)d 0.05(  4.24%)
                                                  f 0.02(  1.92%)
  49. (0.00000) RY (14) C  1            s(  0.04%)p99.99( 59.72%)d99.99( 30.06%)
                                                  f99.99( 10.18%)
  50. (0.00000) RY (15) C  1            s(  0.00%)p 1.00( 78.09%)d 0.12(  9.61%)
                                                  f 0.16( 12.31%)
  51. (0.00000) RY (16) C  1            s( 94.72%)p 0.05(  4.55%)d 0.01(  0.49%)
                                                  f 0.00(  0.24%)
  52. (0.00000) RY (17) C  1            s(  0.02%)p99.99( 10.95%)d99.99( 60.90%)
                                                  f99.99( 28.14%)
  53. (0.00000) RY (18) C  1            s( 38.86%)p 0.76( 29.38%)d 0.34( 13.36%)
                                                  f 0.47( 18.40%)
  54. (0.00000) RY (19) C  1            s(  0.00%)p 1.00( 13.05%)d 4.66( 60.80%)
                                                  f 2.00( 26.14%)
  55. (0.00000) RY (20) C  1            s(  0.03%)p99.99( 15.72%)d99.99( 41.60%)
                                                  f99.99( 42.65%)
  56. (0.00000) RY (21) C  1            s(  0.10%)p99.99( 16.84%)d99.99( 65.40%)
                                                  f99.99( 17.67%)
  57. (0.00000) RY (22) C  1            s(  2.79%)p16.45( 45.89%)d 2.36(  6.58%)
                                                  f16.04( 44.74%)
  58. (0.00000) RY (23) C  1            s(  4.68%)p 0.79(  3.69%)d16.30( 76.28%)
                                                  f 3.28( 15.35%)
  59. (0.00000) RY (24) C  1            s(  0.11%)p27.59(  2.93%)d99.99( 57.33%)
                                                  f99.99( 39.64%)
  60. (0.00000) RY (25) C  1            s(  1.13%)p14.75( 16.72%)d67.05( 75.98%)
                                                  f 5.44(  6.17%)
  61. (0.00000) RY (26) C  1            s(  0.20%)p90.72( 18.07%)d99.99( 35.94%)
                                                  f99.99( 45.80%)
  62. (0.00000) RY (27) C  1            s(  0.05%)p99.99( 17.20%)d99.99( 38.45%)
                                                  f99.99( 44.29%)
  63. (0.00000) RY (28) C  1            s(  0.04%)p 0.91(  0.04%)d 3.62(  0.15%)
                                                  f99.99( 99.77%)
  64. (0.00000) RY (29) C  1            s(  5.90%)p 1.11(  6.52%)d 8.26( 48.73%)
                                                  f 6.59( 38.85%)
  65. (0.00000) RY (30) C  1            s( 60.31%)p 0.27( 16.54%)d 0.12(  7.10%)
                                                  f 0.27( 16.05%)
  66. (0.00000) RY (31) C  1            s(  0.14%)p99.99( 23.37%)d99.99( 18.36%)
                                                  f99.99( 58.13%)
  67. (0.00070) RY ( 1) H  2            s( 94.84%)p 0.05(  5.16%)
                                        -0.0038  0.9738  0.0132 -0.1569  0.0902
                                        -0.1371
  68. (0.00021) RY ( 2) H  2            s( 52.27%)p 0.91( 47.73%)
                                         0.0032 -0.1087  0.7147 -0.6873 -0.0438
                                         0.0550
  69. (0.00010) RY ( 3) H  2            s( 48.97%)p 1.04( 51.03%)
                                         0.0021  0.1210  0.6893  0.7076 -0.0635
                                         0.0743
  70. (0.00004) RY ( 4) H  2            s(  3.98%)p24.13( 96.02%)
  71. (0.00000) RY ( 5) H  2            s(  0.02%)p99.99( 99.98%)
  72. (0.00071) RY ( 1) H  3            s( 94.87%)p 0.05(  5.13%)
                                        -0.0043  0.9738  0.0174 -0.1609 -0.1589
                                        -0.0123
  73. (0.00022) RY ( 2) H  3            s( 49.67%)p 1.01( 50.33%)
                                         0.0019 -0.1263  0.6934 -0.7092  0.0197
                                         0.0031
  74. (0.00011) RY ( 3) H  3            s( 52.80%)p 0.89( 47.20%)
                                        -0.0016  0.0959  0.7203  0.6864 -0.0291
                                         0.0006
  75. (0.00005) RY ( 4) H  3            s(  2.76%)p35.24( 97.24%)
  76. (0.00000) RY ( 5) H  3            s(  0.00%)p 1.00(100.00%)
  77. (0.00070) RY ( 1) H  4            s( 94.83%)p 0.05(  5.17%)
                                        -0.0040  0.9737  0.0145 -0.1581  0.0704
                                         0.1475
  78. (0.00022) RY ( 2) H  4            s( 51.29%)p 0.95( 48.71%)
                                         0.0029 -0.1142  0.7070 -0.6957 -0.0317
                                        -0.0459
  79. (0.00010) RY ( 3) H  4            s( 50.58%)p 0.98( 49.42%)
                                         0.0011  0.1136  0.7021  0.7000 -0.0418
                                        -0.0487
  80. (0.00004) RY ( 4) H  4            s(  3.35%)p28.89( 96.65%)
  81. (0.00000) RY ( 5) H  4            s(  0.03%)p99.99( 99.97%)
  82. (0.00109) RY ( 1)Cl  5            s(  0.53%)p57.55( 30.66%)d99.99( 67.19%)
                                                  f 3.02(  1.61%)
                                         0.0000  0.0000 -0.0038  0.0312  0.0658
                                         0.0028  0.0013  0.0000 -0.0166  0.5526
                                         0.0261  0.0176  0.0029  0.0000  0.0000
                                        -0.0015 -0.0002 -0.0001  0.0000  0.0000
                                         0.0000 -0.0006 -0.0002 -0.0001  0.0000
                                        -0.0013  0.0004 -0.0006  0.0000 -0.0001
                                        -0.0001  0.7091 -0.0224 -0.4104  0.0136
                                        -0.0005 -0.0777 -0.0031 -0.0006  0.0000
                                         0.1002 -0.0012
  83. (0.00023) RY ( 2)Cl  5            s(  0.00%)p 1.00( 10.40%)d 8.45( 87.84%)
                                                  f 0.17(  1.76%)
                                         0.0000  0.0000  0.0000  0.0013 -0.0001
                                         0.0000  0.0000  0.0000  0.0000  0.0011
                                        -0.0004  0.0000  0.0000  0.0000 -0.0019
                                         0.1571 -0.0405 -0.0140  0.0022  0.0000
                                         0.0031 -0.2687  0.0682  0.0235 -0.0038
                                         0.4660 -0.0058 -0.7870  0.0109  0.1617
                                         0.1079 -0.0262 -0.0187 -0.0443 -0.0304
                                         0.0694 -0.0042 -0.0167 -0.0895  0.0176
                                        -0.0035  0.0649
  84. (0.00023) RY ( 3)Cl  5            s(  0.00%)p 1.00( 10.28%)d 8.56( 87.96%)
                                                  f 0.17(  1.77%)
                                         0.0000  0.0000  0.0000  0.0048  0.0003
                                        -0.0002 -0.0001  0.0000  0.0000  0.0038
                                        -0.0026 -0.0001  0.0001  0.0000 -0.0031
                                         0.2656 -0.0683 -0.0235  0.0038  0.0000
                                        -0.0018  0.1586 -0.0401 -0.0138  0.0022
                                         0.7880 -0.0098  0.4652 -0.0063 -0.0534
                                        -0.0350 -0.0810 -0.0583 -0.1392 -0.0931
                                        -0.0410 -0.0131 -0.0283  0.0529 -0.0059
                                        -0.0113  0.1097
  85. (0.00009) RY ( 4)Cl  5            s( 53.47%)p 0.51( 27.11%)d 0.20( 10.84%)
                                                  f 0.16(  8.58%)
  86. (0.00002) RY ( 5)Cl  5            s(  0.00%)p 1.00( 80.79%)d 0.24( 19.14%)
                                                  f 0.00(  0.07%)
  87. (0.00002) RY ( 6)Cl  5            s(  0.00%)p 1.00( 80.96%)d 0.23( 18.96%)
                                                  f 0.00(  0.07%)
  88. (0.00000) RY ( 7)Cl  5            s( 95.39%)p 0.03(  3.32%)d 0.01(  1.00%)
                                                  f 0.00(  0.29%)
  89. (0.00000) RY ( 8)Cl  5            s(  8.86%)p 8.82( 78.16%)d 0.82(  7.25%)
                                                  f 0.65(  5.73%)
  90. (0.00000) RY ( 9)Cl  5            s(  4.11%)p21.06( 86.63%)d 2.07(  8.53%)
                                                  f 0.18(  0.73%)
  91. (0.00000) RY (10)Cl  5            s( 91.43%)p 0.08(  7.32%)d 0.01(  0.91%)
                                                  f 0.00(  0.34%)
  92. (0.00000) RY (11)Cl  5            s(  0.00%)p 1.00( 35.40%)d 1.22( 43.15%)
                                                  f 0.61( 21.45%)
  93. (0.00000) RY (12)Cl  5            s(  0.00%)p 1.00( 77.11%)d 0.29( 22.16%)
                                                  f 0.01(  0.73%)
  94. (0.00000) RY (13)Cl  5            s(  0.00%)p 1.00( 76.31%)d 0.31( 23.59%)
                                                  f 0.00(  0.10%)
  95. (0.00000) RY (14)Cl  5            s( 42.04%)p 0.03(  1.24%)d 0.26( 10.83%)
                                                  f 1.09( 45.89%)
  96. (0.00000) RY (15)Cl  5            s(  0.00%)p 1.00( 82.17%)d 0.18( 15.09%)
                                                  f 0.03(  2.74%)
  97. (0.00000) RY (16)Cl  5            s(  0.00%)p 1.00( 75.01%)d 0.32( 24.24%)
                                                  f 0.01(  0.75%)
  98. (0.00000) RY (17)Cl  5            s(  0.00%)p 1.00( 74.68%)d 0.23( 17.50%)
                                                  f 0.10(  7.82%)
  99. (0.00000) RY (18)Cl  5            s(  0.01%)p 1.00( 54.72%)d 0.50( 27.35%)
                                                  f 0.33( 17.93%)
 100. (0.00000) RY (19)Cl  5            s( 10.70%)p 2.28( 24.36%)d 1.35( 14.42%)
                                                  f 4.72( 50.53%)
 101. (0.00000) RY (20)Cl  5            s(  0.00%)p 1.00( 48.51%)d 1.04( 50.69%)
                                                  f 0.02(  0.79%)
 102. (0.00000) RY (21)Cl  5            s(  0.00%)p 1.00(  4.93%)d14.36( 70.82%)
                                                  f 4.92( 24.25%)
 103. (0.00000) RY (22)Cl  5            s(  0.01%)p99.99(  3.54%)d99.99( 64.56%)
                                                  f99.99( 31.89%)
 104. (0.00000) RY (23)Cl  5            s(  2.30%)p25.49( 58.52%)d 7.86( 18.05%)
                                                  f 9.21( 21.14%)
 105. (0.00000) RY (24)Cl  5            s( 23.14%)p 0.76( 17.51%)d 2.56( 59.18%)
                                                  f 0.01(  0.17%)
 106. (0.00000) RY (25)Cl  5            s(  0.01%)p 1.00( 35.74%)d 1.63( 58.21%)
                                                  f 0.17(  6.04%)
 107. (0.00000) RY (26)Cl  5            s( 39.22%)p 0.09(  3.50%)d 0.74( 28.99%)
                                                  f 0.72( 28.28%)
 108. (0.00000) RY (27)Cl  5            s(  0.01%)p87.48(  1.23%)d99.99( 29.54%)
                                                  f99.99( 69.22%)
 109. (0.00000) RY (28)Cl  5            s(  2.02%)p 0.88(  1.78%)d29.13( 58.83%)
                                                  f18.50( 37.37%)
 110. (0.00000) RY (29)Cl  5            s( 12.16%)p 0.34(  4.12%)d 0.33(  4.06%)
                                                  f 6.55( 79.66%)
 111. (0.00000) RY (30)Cl  5            s(  0.00%)p 1.00(  8.96%)d 1.15( 10.29%)
                                                  f 9.01( 80.75%)
 112. (0.00000) RY (31)Cl  5            s(  3.06%)p 2.41(  7.36%)d 2.63(  8.02%)
                                                  f26.69( 81.56%)
 113. (0.00000) RY (32)Cl  5            s( 11.52%)p 5.56( 64.05%)d 1.10( 12.71%)
                                                  f 1.02( 11.72%)
 114. (0.00000) RY (33)Cl  5            s(  0.00%)p 1.00( 23.64%)d 0.77( 18.10%)
                                                  f 2.46( 58.26%)
 115. (0.00134) RY ( 1)Br  6            s(  1.23%)p38.13( 47.05%)d40.96( 50.54%)
                                                  f 0.95(  1.17%)
                                         0.0000  0.0000  0.0000 -0.0063  0.1029
                                        -0.0401  0.0014  0.0003  0.0096  0.0000
                                         0.0000  0.0000  0.0278 -0.6851  0.0187
                                         0.0078  0.0000  0.0000  0.0001 -0.0012
                                        -0.0002  0.0000  0.0000  0.0000  0.0000
                                        -0.0004 -0.0001  0.0000  0.0000  0.0000
                                         0.0009  0.0000  0.0000  0.0001  0.0003
                                         0.0000  0.0000 -0.0001  0.0001  0.0000
                                         0.0000  0.5994  0.1396 -0.0042  0.0000
                                        -0.3467 -0.0805  0.0012 -0.0008  0.0664
                                        -0.0044 -0.0007  0.0000 -0.0855 -0.0013
 116. (0.00036) RY ( 2)Br  6            s(  0.00%)p 1.00(  7.73%)d11.41( 88.19%)
                                                  f 0.53(  4.08%)
                                         0.0000  0.0000  0.0000  0.0000  0.0022
                                        -0.0003  0.0003  0.0000  0.0002  0.0000
                                         0.0000  0.0000 -0.0001 -0.0008  0.0016
                                         0.0009  0.0000  0.0000 -0.0038  0.2618
                                        -0.0904 -0.0151  0.0000  0.0000 -0.0003
                                         0.0177 -0.0060 -0.0010  0.0000 -0.8817
                                         0.0788 -0.0074  0.0000 -0.0600  0.0055
                                        -0.0005  0.0000  0.0313 -0.0333 -0.0005
                                         0.0000 -0.1058  0.1135  0.0020  0.0000
                                        -0.1799  0.1901  0.0028 -0.0084  0.0186
                                        -0.0501  0.0108 -0.0035  0.0149  0.1938
 117. (0.00036) RY ( 3)Br  6            s(  0.00%)p 1.00(  7.99%)d11.00( 87.90%)
                                                  f 0.51(  4.11%)
                                         0.0000  0.0000  0.0000  0.0000  0.0006
                                         0.0000  0.0001  0.0000  0.0000  0.0000
                                         0.0000  0.0000  0.0000  0.0000  0.0003
                                         0.0002  0.0000  0.0000  0.0003 -0.0183
                                         0.0063  0.0010  0.0000  0.0000 -0.0038
                                         0.2666 -0.0906 -0.0150  0.0000  0.0604
                                        -0.0051  0.0005  0.0000 -0.8812  0.0746
                                        -0.0074  0.0000 -0.2088  0.2179  0.0032
                                         0.0000 -0.0163  0.0172  0.0003  0.0000
                                        -0.0281  0.0291  0.0004 -0.1230  0.0030
                                         0.0034  0.1587  0.0240  0.0023 -0.0133
 118. (0.00010) RY ( 4)Br  6            s( 30.62%)p 0.72( 22.06%)d 1.06( 32.54%)
                                                  f 0.48( 14.78%)
                                         0.0000  0.0000  0.0000 -0.0019  0.5288
                                        -0.1593 -0.0023  0.0003 -0.0348  0.0000
                                         0.0000  0.0000  0.0045 -0.4099 -0.1330
                                         0.1868  0.0000  0.0000  0.0000  0.0005
                                         0.0005  0.0007  0.0000  0.0000  0.0000
                                        -0.0008 -0.0001  0.0001  0.0000 -0.0008
                                         0.0000  0.0004  0.0000 -0.0004  0.0001
                                         0.0002  0.0000  0.0000 -0.0001  0.0000
                                         0.0000 -0.2797 -0.3972  0.0972  0.0000
                                         0.1651  0.2227 -0.0552  0.0012 -0.2353
                                         0.0078  0.0016  0.0000  0.3038  0.0037
 119. (0.00004) RY ( 5)Br  6            s(  0.00%)p 1.00( 65.96%)d 0.51( 33.66%)
                                                  f 0.01(  0.38%)
 120. (0.00004) RY ( 6)Br  6            s(  0.00%)p 1.00( 66.03%)d 0.51( 33.59%)
                                                  f 0.01(  0.39%)
 121. (0.00000) RY ( 7)Br  6            s( 49.02%)p 0.27( 13.18%)d 0.77( 37.78%)
                                                  f 0.00(  0.02%)
 122. (0.00000) RY ( 8)Br  6            s( 38.31%)p 0.43( 16.57%)d 0.70( 26.67%)
                                                  f 0.48( 18.46%)
 123. (0.00000) RY ( 9)Br  6            s( 19.06%)p 2.39( 45.58%)d 1.15( 21.93%)
                                                  f 0.71( 13.44%)
 124. (0.00000) RY (10)Br  6            s( 25.99%)p 1.64( 42.67%)d 0.59( 15.38%)
                                                  f 0.61( 15.95%)
 125. (0.00000) RY (11)Br  6            s( 55.61%)p 0.21( 11.78%)d 0.56( 31.23%)
                                                  f 0.02(  1.38%)
 126. (0.00000) RY (12)Br  6            s(  0.12%)p99.99( 65.81%)d99.99( 25.91%)
                                                  f69.90(  8.17%)
 127. (0.00000) RY (13)Br  6            s(  0.05%)p99.99( 62.17%)d99.99( 27.16%)
                                                  f99.99( 10.62%)
 128. (0.00000) RY (14)Br  6            s( 81.46%)p 0.12(  9.64%)d 0.10(  8.54%)
                                                  f 0.00(  0.36%)
 129. (0.00000) RY (15)Br  6            s(  0.00%)p 1.00( 86.93%)d 0.08(  7.25%)
                                                  f 0.07(  5.82%)
 130. (0.00000) RY (16)Br  6            s(  0.05%)p99.99( 64.36%)d99.99( 23.94%)
                                                  f99.99( 11.64%)
 131. (0.00000) RY (17)Br  6            s( 79.70%)p 0.00(  0.28%)d 0.02(  1.94%)
                                                  f 0.23( 18.08%)
 132. (0.00000) RY (18)Br  6            s(  0.31%)p99.99( 32.21%)d99.99( 66.35%)
                                                  f 3.70(  1.13%)
 133. (0.00000) RY (19)Br  6            s(  0.11%)p15.11(  1.73%)d99.99( 86.56%)
                                                  f99.99( 11.60%)
 134. (0.00000) RY (20)Br  6            s( 80.19%)p 0.11(  9.12%)d 0.07(  5.74%)
                                                  f 0.06(  4.96%)
 135. (0.00000) RY (21)Br  6            s(  0.02%)p99.99( 27.79%)d99.99( 58.78%)
                                                  f99.99( 13.41%)
 136. (0.00000) RY (22)Br  6            s(  0.00%)p 1.00( 11.44%)d 7.44( 85.13%)
                                                  f 0.30(  3.43%)
 137. (0.00000) RY (23)Br  6            s(  0.00%)p 1.00(  4.24%)d10.14( 42.99%)
                                                  f12.46( 52.78%)
 138. (0.00000) RY (24)Br  6            s(  0.01%)p 1.00( 12.88%)d 5.72( 73.65%)
                                                  f 1.05( 13.46%)
 139. (0.00000) RY (25)Br  6            s(  1.02%)p 1.20(  1.23%)d90.99( 92.87%)
                                                  f 4.79(  4.89%)
 140. (0.00000) RY (26)Br  6            s( 79.02%)p 0.05(  3.77%)d 0.18( 13.89%)
                                                  f 0.04(  3.33%)
 141. (0.00000) RY (27)Br  6            s(  4.03%)p 8.65( 34.85%)d12.67( 51.03%)
                                                  f 2.51( 10.09%)
 142. (0.00000) RY (28)Br  6            s(  0.01%)p 1.00(  4.69%)d 8.91( 41.80%)
                                                  f11.40( 53.50%)
 143. (0.00000) RY (29)Br  6            s(  1.60%)p 2.90(  4.64%)d39.68( 63.59%)
                                                  f18.82( 30.16%)
 144. (0.00000) RY (30)Br  6            s(  0.06%)p21.04(  1.25%)d99.99( 92.25%)
                                                  f99.99(  6.45%)
 145. (0.00000) RY (31)Br  6            s(  0.00%)p 0.00(  0.01%)d 1.00(  0.05%)
                                                  f99.99( 99.94%)
 146. (0.00000) RY (32)Br  6            s( 28.34%)p 0.53( 14.94%)d 1.68( 47.75%)
                                                  f 0.32(  8.97%)
 147. (0.00000) RY (33)Br  6            s( 20.28%)p 0.03(  0.60%)d 0.03(  0.70%)
                                                  f 3.87( 78.42%)
 148. (0.00000) RY (34)Br  6            s(  0.00%)p 1.00( 16.41%)d 1.40( 22.96%)
                                                  f 3.70( 60.63%)
 149. (0.00000) RY (35)Br  6            s(  0.50%)p 5.31(  2.67%)d99.99( 64.21%)
                                                  f64.87( 32.62%)
 150. (0.00000) RY (36)Br  6            s(  3.29%)p19.54( 64.25%)d 3.35( 11.02%)
                                                  f 6.52( 21.45%)
 151. (0.00000) RY (37)Br  6            s(  0.00%)p 1.00( 15.58%)d 1.57( 24.51%)
                                                  f 3.85( 59.92%)


 NHO DIRECTIONALITY AND BOND BENDING (deviation from line of nuclear centers at
                                      the position of maximum hybrid amplitude)

         [Thresholds for printing:  angular deviation  >  1.0 degree]
                                    p- or d-character  > 25.0%
                                    orbital occupancy  >  0.10e

                        Line of Centers        Hybrid 1             Hybrid 2
                        ---------------  -------------------  ------------------
           NBO            Theta   Phi    Theta   Phi    Dev   Theta   Phi    Dev
 ===============================================================================
  22. LP ( 2)Cl  5          --     --    119.0   89.5   --      --     --    --
  23. LP ( 3)Cl  5          --     --     29.0   89.0   --      --     --    --
  24. LP ( 4)Cl  5          --     --     90.0  359.9   --      --     --    --
  26. LP ( 2)Br  6          --     --     90.6   90.4   --      --     --    --
  27. LP ( 3)Br  6          --     --      0.7  123.2   --      --     --    --
  28. BD ( 1) C  1- H  2   34.3  267.1    34.3  264.4   1.5     --     --    --
  29. BD ( 1) C  1- H  3   85.8   91.5    85.8   93.1   1.5     --     --    --
  30. BD ( 1) C  1- H  4  154.1  266.3   154.0  262.8   1.5     --     --    --


 3-Center, 4-Electron A:-B-:C Hyperbonds (A-B :C <=> A: B-C)
              [threshold for detection: 33.3%]

                                                  NBOs       3-center hybrids
                                              -------------  ----------------
       Hyperbond A:-B-:C   %A-B/%B-C   occ    BD(A-B) LP(C)  h(A)  h(B)  h(C)
      -------------------  ---------  ------  ------- -----  ----  ----  ----
   1. Br  6:- C  1-:Cl  5  56.4/43.6  3.9864      31     24    34    35    24


 NATURAL BOND ORBITALS (Summary):

           NBO                 Occupancy
 ========================================
 Molecular unit  1  (CH3Br)
 ------ Lewis ---------------------------
    1. CR ( 1) C  1             1.99957
    7. CR ( 1)Br  6             2.00000
    8. CR ( 2)Br  6             2.00000
    9. CR ( 3)Br  6             1.99999
   10. CR ( 4)Br  6             2.00000
   11. CR ( 5)Br  6             1.99999
   12. CR ( 6)Br  6             2.00000
   13. CR ( 7)Br  6             2.00000
   14. CR ( 8)Br  6             2.00000
   15. CR ( 9)Br  6             2.00000
   16. CR (10)Br  6             2.00000
   17. CR (11)Br  6             1.99999
   18. CR (12)Br  6             2.00000
   19. CR (13)Br  6             1.99996
   20. CR (14)Br  6             1.99999
   25. LP ( 1)Br  6             1.99925
   26. LP ( 2)Br  6             1.99810
   27. LP ( 3)Br  6             1.99807
   28. BD ( 1) C  1- H  2       1.99793
   29. BD ( 1) C  1- H  3       1.99792
   30. BD ( 1) C  1- H  4       1.99794
   31. BD ( 1) C  1-Br  6       1.99645
 ------ non-Lewis -----------------------
   32. BD*( 1) C  1- H  2       0.00464
   33. BD*( 1) C  1- H  3       0.00464
   34. BD*( 1) C  1- H  4       0.00464
   35. BD*( 1) C  1-Br  6       0.31917
   36. RY ( 1) C  1             0.00371
   37. RY ( 2) C  1             0.00083
   38. RY ( 3) C  1             0.00077
   39. RY ( 4) C  1             0.00076
   40. RY ( 5) C  1             0.00070
   41. RY ( 6) C  1             0.00069
   42. RY ( 7) C  1             0.00023
   43. RY ( 8) C  1             0.00001
   44. RY ( 9) C  1             0.00000
   45. RY (10) C  1             0.00000
   46. RY (11) C  1             0.00000
   47. RY (12) C  1             0.00000
   48. RY (13) C  1             0.00000
   49. RY (14) C  1             0.00000
   50. RY (15) C  1             0.00000
   51. RY (16) C  1             0.00000
   52. RY (17) C  1             0.00000
   53. RY (18) C  1             0.00000
   54. RY (19) C  1             0.00000
   55. RY (20) C  1             0.00000
   56. RY (21) C  1             0.00000
   57. RY (22) C  1             0.00000
   58. RY (23) C  1             0.00000
   59. RY (24) C  1             0.00000
   60. RY (25) C  1             0.00000
   61. RY (26) C  1             0.00000
   62. RY (27) C  1             0.00000
   63. RY (28) C  1             0.00000
   64. RY (29) C  1             0.00000
   65. RY (30) C  1             0.00000
   66. RY (31) C  1             0.00000
   67. RY ( 1) H  2             0.00070
   68. RY ( 2) H  2             0.00021
   69. RY ( 3) H  2             0.00010
   70. RY ( 4) H  2             0.00004
   71. RY ( 5) H  2             0.00000
   72. RY ( 1) H  3             0.00071
   73. RY ( 2) H  3             0.00022
   74. RY ( 3) H  3             0.00011
   75. RY ( 4) H  3             0.00005
   76. RY ( 5) H  3             0.00000
   77. RY ( 1) H  4             0.00070
   78. RY ( 2) H  4             0.00022
   79. RY ( 3) H  4             0.00010
   80. RY ( 4) H  4             0.00004
   81. RY ( 5) H  4             0.00000
  115. RY ( 1)Br  6             0.00134
  116. RY ( 2)Br  6             0.00036
  117. RY ( 3)Br  6             0.00036
  118. RY ( 4)Br  6             0.00010
  119. RY ( 5)Br  6             0.00004
  120. RY ( 6)Br  6             0.00004
  121. RY ( 7)Br  6             0.00000
  122. RY ( 8)Br  6             0.00000
  123. RY ( 9)Br  6             0.00000
  124. RY (10)Br  6             0.00000
  125. RY (11)Br  6             0.00000
  126. RY (12)Br  6             0.00000
  127. RY (13)Br  6             0.00000
  128. RY (14)Br  6             0.00000
  129. RY (15)Br  6             0.00000
  130. RY (16)Br  6             0.00000
  131. RY (17)Br  6             0.00000
  132. RY (18)Br  6             0.00000
  133. RY (19)Br  6             0.00000
  134. RY (20)Br  6             0.00000
  135. RY (21)Br  6             0.00000
  136. RY (22)Br  6             0.00000
  137. RY (23)Br  6             0.00000
  138. RY (24)Br  6             0.00000
  139. RY (25)Br  6             0.00000
  140. RY (26)Br  6             0.00000
  141. RY (27)Br  6             0.00000
  142. RY (28)Br  6             0.00000
  143. RY (29)Br  6             0.00000
  144. RY (30)Br  6             0.00000
  145. RY (31)Br  6             0.00000
  146. RY (32)Br  6             0.00000
  147. RY (33)Br  6             0.00000
  148. RY (34)Br  6             0.00000
  149. RY (35)Br  6             0.00000
  150. RY (36)Br  6             0.00000
  151. RY (37)Br  6             0.00000
          -------------------------------
                 Total Lewis   43.98512  ( 99.2190%)
           Valence non-Lewis    0.33309  (  0.7514%)
           Rydberg non-Lewis    0.01315  (  0.0297%)
          -------------------------------
               Total unit  1   44.33136  (100.0000%)
              Charge unit  1   -0.33136

 Molecular unit  2  (Cl)
 ------ Lewis ---------------------------
    2. CR ( 1)Cl  5             2.00000
    3. CR ( 2)Cl  5             1.99999
    4. CR ( 3)Cl  5             1.99999
    5. CR ( 4)Cl  5             2.00000
    6. CR ( 5)Cl  5             2.00000
   21. LP ( 1)Cl  5             1.99917
   22. LP ( 2)Cl  5             1.99850
   23. LP ( 3)Cl  5             1.99850
   24. LP ( 4)Cl  5             1.67080
 ------ non-Lewis -----------------------
   82. RY ( 1)Cl  5             0.00109
   83. RY ( 2)Cl  5             0.00023
   84. RY ( 3)Cl  5             0.00023
   85. RY ( 4)Cl  5             0.00009
   86. RY ( 5)Cl  5             0.00002
   87. RY ( 6)Cl  5             0.00002
   88. RY ( 7)Cl  5             0.00000
   89. RY ( 8)Cl  5             0.00000
   90. RY ( 9)Cl  5             0.00000
   91. RY (10)Cl  5             0.00000
   92. RY (11)Cl  5             0.00000
   93. RY (12)Cl  5             0.00000
   94. RY (13)Cl  5             0.00000
   95. RY (14)Cl  5             0.00000
   96. RY (15)Cl  5             0.00000
   97. RY (16)Cl  5             0.00000
   98. RY (17)Cl  5             0.00000
   99. RY (18)Cl  5             0.00000
  100. RY (19)Cl  5             0.00000
  101. RY (20)Cl  5             0.00000
  102. RY (21)Cl  5             0.00000
  103. RY (22)Cl  5             0.00000
  104. RY (23)Cl  5             0.00000
  105. RY (24)Cl  5             0.00000
  106. RY (25)Cl  5             0.00000
  107. RY (26)Cl  5             0.00000
  108. RY (27)Cl  5             0.00000
  109. RY (28)Cl  5             0.00000
  110. RY (29)Cl  5             0.00000
  111. RY (30)Cl  5             0.00000
  112. RY (31)Cl  5             0.00000
  113. RY (32)Cl  5             0.00000
  114. RY (33)Cl  5             0.00000
          -------------------------------
                 Total Lewis   17.66696  ( 99.9905%)
           Valence non-Lewis    0.00000  (  0.0000%)
           Rydberg non-Lewis    0.00168  (  0.0095%)
          -------------------------------
               Total unit  2   17.66864  (100.0000%)
              Charge unit  2   -0.66864

 $CHOOSE
   LONE 5 4 6 3 END
   BOND S 1 2 S 1 3 S 1 4 S 1 6 END
 $END

 Maximum scratch memory used by NBO was 500093 words
 Maximum scratch memory used by GENNBO was 23651 words
