
 *********************************** NBO 6.0 ***********************************
             N A T U R A L   A T O M I C   O R B I T A L   A N D
          N A T U R A L   B O N D   O R B I T A L   A N A L Y S I S
 ****************************** 00000000 (100000) ******************************
  (c) Copyright 1996-2015 Board of Regents of the University of Wisconsin System
      on behalf of the Theoretical Chemistry Institute.  All rights reserved.

          Cite this program as:

          NBO 6.0.  E. D. Glendening, J. K. Badenhoop, A. E. Reed,
          J. E. Carpenter, J. A. Bohmann, C. M. Morales, C. R. Landis,
          and F. Weinhold (Theoretical Chemistry Institute, University
          of Wisconsin, Madison, WI, 2013); http://nbo6.chem.wisc.edu/

 Job title:  Generated by Multiwfn


 NATURAL POPULATIONS:  Natural atomic orbital occupancies

  NAO Atom No lang   Type(AO)    Occupancy
 ------------------------------------------
   1    C  1  s      Cor( 1s)     1.99932
   2    C  1  s      Val( 2s)     1.21072
   3    C  1  s      Ryd( 3s)     0.00169
   4    C  1  s      Ryd( 4s)     0.00011
   5    C  1  s      Ryd( 5s)     0.00010
   6    C  1  s      Ryd( 7s)     0.00000
   7    C  1  s      Ryd( 6s)     0.00000
   8    C  1  px     Val( 2p)     0.85360
   9    C  1  px     Ryd( 3p)     0.00244
  10    C  1  px     Ryd( 4p)     0.00029
  11    C  1  px     Ryd( 5p)     0.00002
  12    C  1  py     Val( 2p)     1.24357
  13    C  1  py     Ryd( 3p)     0.00042
  14    C  1  py     Ryd( 4p)     0.00011
  15    C  1  py     Ryd( 5p)     0.00001
  16    C  1  pz     Val( 2p)     1.24392
  17    C  1  pz     Ryd( 3p)     0.00042
  18    C  1  pz     Ryd( 4p)     0.00011
  19    C  1  pz     Ryd( 5p)     0.00001
  20    C  1  dxy    Ryd( 3d)     0.00084
  21    C  1  dxy    Ryd( 4d)     0.00011
  22    C  1  dxz    Ryd( 3d)     0.00083
  23    C  1  dxz    Ryd( 4d)     0.00011
  24    C  1  dyz    Ryd( 3d)     0.00270
  25    C  1  dyz    Ryd( 4d)     0.00004
  26    C  1  dx2y2  Ryd( 3d)     0.00450
  27    C  1  dx2y2  Ryd( 4d)     0.00009
  28    C  1  dz2    Ryd( 3d)     0.00326
  29    C  1  dz2    Ryd( 4d)     0.00005
  30    C  1  f(0)   Ryd( 4f)     0.00055
  31    C  1  f(c1)  Ryd( 4f)     0.00034
  32    C  1  f(s1)  Ryd( 4f)     0.00001
  33    C  1  f(c2)  Ryd( 4f)     0.00036
  34    C  1  f(s2)  Ryd( 4f)     0.00010
  35    C  1  f(c3)  Ryd( 4f)     0.00050
  36    C  1  f(s3)  Ryd( 4f)     0.00006

  37    H  2  s      Val( 1s)     0.77349
  38    H  2  s      Ryd( 2s)     0.00112
  39    H  2  s      Ryd( 3s)     0.00017
  40    H  2  px     Ryd( 2p)     0.00010
  41    H  2  py     Ryd( 2p)     0.00025
  42    H  2  pz     Ryd( 2p)     0.00009

  43    H  3  s      Val( 1s)     0.77333
  44    H  3  s      Ryd( 2s)     0.00112
  45    H  3  s      Ryd( 3s)     0.00017
  46    H  3  px     Ryd( 2p)     0.00011
  47    H  3  py     Ryd( 2p)     0.00028
  48    H  3  pz     Ryd( 2p)     0.00007

  49    H  4  s      Val( 1s)     0.77296
  50    H  4  s      Ryd( 2s)     0.00113
  51    H  4  s      Ryd( 3s)     0.00017
  52    H  4  px     Ryd( 2p)     0.00011
  53    H  4  py     Ryd( 2p)     0.00000
  54    H  4  pz     Ryd( 2p)     0.00044

  55   Cl  5  s      Cor( 1s)     2.00000
  56   Cl  5  s      Cor( 2s)     2.00000
  57   Cl  5  s      Val( 3s)     1.99815
  58   Cl  5  s      Ryd( 4s)     0.00009
  59   Cl  5  s      Ryd( 5s)     0.00000
  60   Cl  5  s      Ryd( 7s)     0.00000
  61   Cl  5  s      Ryd( 6s)     0.00000
  62   Cl  5  px     Cor( 2p)     2.00000
  63   Cl  5  px     Val( 3p)     1.96776
  64   Cl  5  px     Ryd( 4p)     0.00004
  65   Cl  5  px     Ryd( 5p)     0.00001
  66   Cl  5  px     Ryd( 7p)     0.00000
  67   Cl  5  px     Ryd( 6p)     0.00000
  68   Cl  5  py     Cor( 2p)     2.00000
  69   Cl  5  py     Val( 3p)     1.99886
  70   Cl  5  py     Ryd( 4p)     0.00002
  71   Cl  5  py     Ryd( 5p)     0.00001
  72   Cl  5  py     Ryd( 7p)     0.00000
  73   Cl  5  py     Ryd( 6p)     0.00000
  74   Cl  5  pz     Cor( 2p)     2.00000
  75   Cl  5  pz     Val( 3p)     1.99884
  76   Cl  5  pz     Ryd( 4p)     0.00002
  77   Cl  5  pz     Ryd( 5p)     0.00001
  78   Cl  5  pz     Ryd( 7p)     0.00000
  79   Cl  5  pz     Ryd( 6p)     0.00000
  80   Cl  5  dxy    Ryd( 3d)     0.00002
  81   Cl  5  dxy    Ryd( 4d)     0.00000
  82   Cl  5  dxz    Ryd( 3d)     0.00002
  83   Cl  5  dxz    Ryd( 4d)     0.00000
  84   Cl  5  dyz    Ryd( 3d)     0.00000
  85   Cl  5  dyz    Ryd( 4d)     0.00000
  86   Cl  5  dx2y2  Ryd( 3d)     0.00006
  87   Cl  5  dx2y2  Ryd( 4d)     0.00000
  88   Cl  5  dz2    Ryd( 3d)     0.00002
  89   Cl  5  dz2    Ryd( 4d)     0.00000
  90   Cl  5  f(0)   Ryd( 4f)     0.00000
  91   Cl  5  f(c1)  Ryd( 4f)     0.00000
  92   Cl  5  f(s1)  Ryd( 4f)     0.00000
  93   Cl  5  f(c2)  Ryd( 4f)     0.00000
  94   Cl  5  f(s2)  Ryd( 4f)     0.00000
  95   Cl  5  f(c3)  Ryd( 4f)     0.00000
  96   Cl  5  f(s3)  Ryd( 4f)     0.00000

  97   Br  6  s      Cor( 1s)     2.00000
  98   Br  6  s      Cor( 2s)     2.00000
  99   Br  6  s      Cor( 3s)     1.99991
 100   Br  6  s      Val( 4s)     1.89718
 101   Br  6  s      Ryd( 5s)     0.00205
 102   Br  6  s      Ryd( 6s)     0.00005
 103   Br  6  s      Ryd( 8s)     0.00000
 104   Br  6  s      Ryd( 9s)     0.00000
 105   Br  6  s      Ryd( 7s)     0.00000
 106   Br  6  s      Ryd(10s)     0.00000
 107   Br  6  px     Cor( 2p)     2.00000
 108   Br  6  px     Cor( 3p)     1.99994
 109   Br  6  px     Val( 4p)     1.25834
 110   Br  6  px     Ryd( 5p)     0.00275
 111   Br  6  px     Ryd( 6p)     0.00001
 112   Br  6  px     Ryd( 7p)     0.00000
 113   Br  6  py     Cor( 2p)     2.00000
 114   Br  6  py     Cor( 3p)     1.99999
 115   Br  6  py     Val( 4p)     1.98660
 116   Br  6  py     Ryd( 5p)     0.00083
 117   Br  6  py     Ryd( 6p)     0.00001
 118   Br  6  py     Ryd( 7p)     0.00000
 119   Br  6  pz     Cor( 2p)     2.00000
 120   Br  6  pz     Cor( 3p)     1.99999
 121   Br  6  pz     Val( 4p)     1.98660
 122   Br  6  pz     Ryd( 5p)     0.00082
 123   Br  6  pz     Ryd( 6p)     0.00001
 124   Br  6  pz     Ryd( 7p)     0.00000
 125   Br  6  dxy    Cor( 3d)     1.99996
 126   Br  6  dxy    Ryd( 4d)     0.00119
 127   Br  6  dxy    Ryd( 5d)     0.00002
 128   Br  6  dxy    Ryd( 6d)     0.00000
 129   Br  6  dxz    Cor( 3d)     1.99996
 130   Br  6  dxz    Ryd( 4d)     0.00119
 131   Br  6  dxz    Ryd( 5d)     0.00002
 132   Br  6  dxz    Ryd( 6d)     0.00000
 133   Br  6  dyz    Cor( 3d)     2.00000
 134   Br  6  dyz    Ryd( 4d)     0.00002
 135   Br  6  dyz    Ryd( 5d)     0.00001
 136   Br  6  dyz    Ryd( 6d)     0.00000
 137   Br  6  dx2y2  Cor( 3d)     1.99974
 138   Br  6  dx2y2  Ryd( 4d)     0.00159
 139   Br  6  dx2y2  Ryd( 5d)     0.00003
 140   Br  6  dx2y2  Ryd( 6d)     0.00000
 141   Br  6  dz2    Cor( 3d)     1.99991
 142   Br  6  dz2    Ryd( 4d)     0.00053
 143   Br  6  dz2    Ryd( 5d)     0.00001
 144   Br  6  dz2    Ryd( 6d)     0.00000
 145   Br  6  f(0)   Ryd( 4f)     0.00004
 146   Br  6  f(c1)  Ryd( 4f)     0.00005
 147   Br  6  f(s1)  Ryd( 4f)     0.00001
 148   Br  6  f(c2)  Ryd( 4f)     0.00007
 149   Br  6  f(s2)  Ryd( 4f)     0.00000
 150   Br  6  f(c3)  Ryd( 4f)     0.00009
 151   Br  6  f(s3)  Ryd( 4f)     0.00011


 Summary of Natural Population Analysis:

                                     Natural Population
             Natural    ---------------------------------------------
  Atom No    Charge        Core      Valence    Rydberg      Total
 --------------------------------------------------------------------
    C  1   -0.57130      1.99932     4.55181    0.02018     6.57130
    H  2    0.22477      0.00000     0.77349    0.00174     0.77523
    H  3    0.22492      0.00000     0.77333    0.00176     0.77508
    H  4    0.22518      0.00000     0.77296    0.00186     0.77482
   Cl  5   -0.96393     10.00000     7.96361    0.00033    17.96393
   Br  6   -0.13963     27.99940     7.12873    0.01151    35.13963
 ====================================================================
 * Total * -1.00000     39.99872    21.96391    0.03737    62.00000

                                 Natural Population
 ---------------------------------------------------------
   Core                      39.99872 ( 99.9968% of   40)
   Valence                   21.96391 ( 99.8360% of   22)
   Natural Minimal Basis     61.96263 ( 99.9397% of   62)
   Natural Rydberg Basis      0.03737 (  0.0603% of   62)
 ---------------------------------------------------------

    Atom No         Natural Electron Configuration
 ----------------------------------------------------------------------------
      C  1      [core]2s( 1.21)2p( 3.34)3d( 0.01)
      H  2            1s( 0.77)
      H  3            1s( 0.77)
      H  4            1s( 0.77)
     Cl  5      [core]3s( 2.00)3p( 5.97)
     Br  6      [core]4s( 1.90)4p( 5.23)


 NATURAL BOND ORBITAL ANALYSIS:

                            Occupancies       Lewis Structure    Low   High
         Max    Occ     -------------------  -----------------   occ   occ
  Cycle  Ctr   Thresh    Lewis   non-Lewis     CR  BD  nC  LP    (L)   (NL)
 ============================================================================
    1     2     1.90    61.92315   0.07685     20   4   0   7     0      0
 ----------------------------------------------------------------------------

 Structure accepted: No low occupancy Lewis orbitals

 -------------------------------------------------------
   Core                     39.99872 ( 99.997% of  40)
   Valence Lewis            21.92444 ( 99.657% of  22)
  ==================      =============================
   Total Lewis              61.92315 ( 99.876% of  62)
  -----------------------------------------------------
   Valence non-Lewis         0.06236 (  0.101% of  62)
   Rydberg non-Lewis         0.01448 (  0.023% of  62)
  ==================      =============================
   Total non-Lewis           0.07685 (  0.124% of  62)
 -------------------------------------------------------


     (Occupancy)   Bond orbital / Coefficients / Hybrids
 ------------------ Lewis ------------------------------------------------------
   1. (1.99932) CR ( 1) C  1            s(100.00%)
                                         1.0000  0.0000  0.0000  0.0000  0.0000
                                         0.0000  0.0000  0.0000  0.0000  0.0000
                                         0.0000  0.0000  0.0000  0.0000  0.0000
                                         0.0000  0.0000  0.0000  0.0000  0.0000
                                         0.0000  0.0000  0.0000  0.0000  0.0000
                                         0.0000  0.0000  0.0000  0.0000  0.0000
                                         0.0000  0.0000  0.0000  0.0000  0.0000
                                         0.0000
   2. (2.00000) CR ( 1)Cl  5            s(100.00%)
                                         1.0000  0.0000  0.0000  0.0000  0.0000
                                         0.0000  0.0000  0.0000  0.0000  0.0000
                                         0.0000  0.0000  0.0000  0.0000  0.0000
                                         0.0000  0.0000  0.0000  0.0000  0.0000
                                         0.0000  0.0000  0.0000  0.0000  0.0000
                                         0.0000  0.0000  0.0000  0.0000  0.0000
                                         0.0000  0.0000  0.0000  0.0000  0.0000
                                         0.0000  0.0000  0.0000  0.0000  0.0000
                                         0.0000  0.0000
   3. (2.00000) CR ( 2)Cl  5            s(100.00%)
                                         0.0000  1.0000  0.0000  0.0000  0.0000
                                         0.0000  0.0000  0.0000  0.0000  0.0000
                                         0.0000  0.0000  0.0000  0.0000  0.0000
                                         0.0000  0.0000  0.0000  0.0000  0.0000
                                         0.0000  0.0000  0.0000  0.0000  0.0000
                                         0.0000  0.0000  0.0000  0.0000  0.0000
                                         0.0000  0.0000  0.0000  0.0000  0.0000
                                         0.0000  0.0000  0.0000  0.0000  0.0000
                                         0.0000  0.0000
   4. (2.00000) CR ( 3)Cl  5            s(  0.00%)p 1.00(100.00%)
                                         0.0000  0.0000  0.0000  0.0000  0.0000
                                         0.0000  0.0000  1.0000  0.0000  0.0000
                                         0.0000  0.0000  0.0000  0.0000  0.0000
                                         0.0000  0.0000  0.0000  0.0000  0.0000
                                         0.0000  0.0000  0.0000  0.0000  0.0000
                                         0.0000  0.0000  0.0000  0.0000  0.0000
                                         0.0000  0.0000  0.0000  0.0000  0.0000
                                         0.0000  0.0000  0.0000  0.0000  0.0000
                                         0.0000  0.0000
   5. (2.00000) CR ( 4)Cl  5            s(  0.00%)p 1.00(100.00%)
                                         0.0000  0.0000  0.0000  0.0000  0.0000
                                         0.0000  0.0000  0.0000  0.0000  0.0000
                                         0.0000  0.0000  0.0000  1.0000  0.0000
                                         0.0000  0.0000  0.0000  0.0000  0.0000
                                         0.0000  0.0000  0.0000  0.0000  0.0000
                                         0.0000  0.0000  0.0000  0.0000  0.0000
                                         0.0000  0.0000  0.0000  0.0000  0.0000
                                         0.0000  0.0000  0.0000  0.0000  0.0000
                                         0.0000  0.0000
   6. (2.00000) CR ( 5)Cl  5            s(  0.00%)p 1.00(100.00%)
                                         0.0000  0.0000  0.0000  0.0000  0.0000
                                         0.0000  0.0000  0.0000  0.0000  0.0000
                                         0.0000  0.0000  0.0000  0.0000  0.0000
                                         0.0000  0.0000  0.0000  0.0000  1.0000
                                         0.0000  0.0000  0.0000  0.0000  0.0000
                                         0.0000  0.0000  0.0000  0.0000  0.0000
                                         0.0000  0.0000  0.0000  0.0000  0.0000
                                         0.0000  0.0000  0.0000  0.0000  0.0000
                                         0.0000  0.0000
   7. (2.00000) CR ( 1)Br  6            s(100.00%)
                                         1.0000  0.0000  0.0000  0.0000  0.0000
                                         0.0000  0.0000  0.0000  0.0000  0.0000
                                         0.0000  0.0000  0.0000  0.0000  0.0000
                                         0.0000  0.0000  0.0000  0.0000  0.0000
                                         0.0000  0.0000  0.0000  0.0000  0.0000
                                         0.0000  0.0000  0.0000  0.0000  0.0000
                                         0.0000  0.0000  0.0000  0.0000  0.0000
                                         0.0000  0.0000  0.0000  0.0000  0.0000
                                         0.0000  0.0000  0.0000  0.0000  0.0000
                                         0.0000  0.0000  0.0000  0.0000  0.0000
                                         0.0000  0.0000  0.0000  0.0000  0.0000
   8. (2.00000) CR ( 2)Br  6            s(100.00%)
                                         0.0000  1.0000  0.0000  0.0000  0.0000
                                         0.0000  0.0000  0.0000  0.0000  0.0000
                                         0.0000  0.0000  0.0000  0.0000  0.0000
                                         0.0000  0.0000  0.0000  0.0000  0.0000
                                         0.0000  0.0000  0.0000  0.0000  0.0000
                                         0.0000  0.0000  0.0000  0.0000  0.0000
                                         0.0000  0.0000  0.0000  0.0000  0.0000
                                         0.0000  0.0000  0.0000  0.0000  0.0000
                                         0.0000  0.0000  0.0000  0.0000  0.0000
                                         0.0000  0.0000  0.0000  0.0000  0.0000
                                         0.0000  0.0000  0.0000  0.0000  0.0000
   9. (1.99991) CR ( 3)Br  6            s(100.00%)
                                         0.0000  0.0000  1.0000  0.0000  0.0000
                                         0.0000  0.0000  0.0000  0.0000  0.0000
                                         0.0000  0.0000  0.0000  0.0000  0.0000
                                         0.0000  0.0000  0.0000  0.0000  0.0000
                                         0.0000  0.0000  0.0000  0.0000  0.0000
                                         0.0000  0.0000  0.0000  0.0000  0.0000
                                         0.0000  0.0000  0.0000  0.0000  0.0000
                                         0.0000  0.0000  0.0000  0.0000  0.0000
                                         0.0000  0.0000  0.0000  0.0000  0.0000
                                         0.0000  0.0000  0.0000  0.0000  0.0000
                                         0.0000  0.0000  0.0000  0.0000  0.0000
  10. (2.00000) CR ( 4)Br  6            s(  0.00%)p 1.00(100.00%)
                                         0.0000  0.0000  0.0000  0.0000  0.0000
                                         0.0000  0.0000  0.0000  0.0000  0.0000
                                         1.0000  0.0000  0.0000  0.0000  0.0000
                                         0.0000  0.0000  0.0000  0.0000  0.0000
                                         0.0000  0.0000  0.0000  0.0000  0.0000
                                         0.0000  0.0000  0.0000  0.0000  0.0000
                                         0.0000  0.0000  0.0000  0.0000  0.0000
                                         0.0000  0.0000  0.0000  0.0000  0.0000
                                         0.0000  0.0000  0.0000  0.0000  0.0000
                                         0.0000  0.0000  0.0000  0.0000  0.0000
                                         0.0000  0.0000  0.0000  0.0000  0.0000
  11. (1.99994) CR ( 5)Br  6            s(  0.00%)p 1.00(100.00%)
                                         0.0000  0.0000  0.0000  0.0000  0.0000
                                         0.0000  0.0000  0.0000  0.0000  0.0000
                                         0.0000  1.0000  0.0000  0.0000  0.0000
                                         0.0000  0.0000  0.0000  0.0000  0.0000
                                         0.0000  0.0000  0.0000  0.0000  0.0000
                                         0.0000  0.0000  0.0000  0.0000  0.0000
                                         0.0000  0.0000  0.0000  0.0000  0.0000
                                         0.0000  0.0000  0.0000  0.0000  0.0000
                                         0.0000  0.0000  0.0000  0.0000  0.0000
                                         0.0000  0.0000  0.0000  0.0000  0.0000
                                         0.0000  0.0000  0.0000  0.0000  0.0000
  12. (2.00000) CR ( 6)Br  6            s(  0.00%)p 1.00(100.00%)
                                         0.0000  0.0000  0.0000  0.0000  0.0000
                                         0.0000  0.0000  0.0000  0.0000  0.0000
                                         0.0000  0.0000  0.0000  0.0000  0.0000
                                         0.0000  1.0000  0.0000  0.0000  0.0000
                                         0.0000  0.0000  0.0000  0.0000  0.0000
                                         0.0000  0.0000  0.0000  0.0000  0.0000
                                         0.0000  0.0000  0.0000  0.0000  0.0000
                                         0.0000  0.0000  0.0000  0.0000  0.0000
                                         0.0000  0.0000  0.0000  0.0000  0.0000
                                         0.0000  0.0000  0.0000  0.0000  0.0000
                                         0.0000  0.0000  0.0000  0.0000  0.0000
  13. (1.99999) CR ( 7)Br  6            s(  0.00%)p 1.00(100.00%)
                                         0.0000  0.0000  0.0000  0.0000  0.0000
                                         0.0000  0.0000  0.0000  0.0000  0.0000
                                         0.0000  0.0000  0.0000  0.0000  0.0000
                                         0.0000  0.0000  1.0000  0.0000  0.0000
                                         0.0000  0.0000  0.0000  0.0000  0.0000
                                         0.0000  0.0000  0.0000  0.0000  0.0000
                                         0.0000  0.0000  0.0000  0.0000  0.0000
                                         0.0000  0.0000  0.0000  0.0000  0.0000
                                         0.0000  0.0000  0.0000  0.0000  0.0000
                                         0.0000  0.0000  0.0000  0.0000  0.0000
                                         0.0000  0.0000  0.0000  0.0000  0.0000
  14. (2.00000) CR ( 8)Br  6            s(  0.00%)p 1.00(100.00%)
                                         0.0000  0.0000  0.0000  0.0000  0.0000
                                         0.0000  0.0000  0.0000  0.0000  0.0000
                                         0.0000  0.0000  0.0000  0.0000  0.0000
                                         0.0000  0.0000  0.0000  0.0000  0.0000
                                         0.0000  0.0000  1.0000  0.0000  0.0000
                                         0.0000  0.0000  0.0000  0.0000  0.0000
                                         0.0000  0.0000  0.0000  0.0000  0.0000
                                         0.0000  0.0000  0.0000  0.0000  0.0000
                                         0.0000  0.0000  0.0000  0.0000  0.0000
                                         0.0000  0.0000  0.0000  0.0000  0.0000
                                         0.0000  0.0000  0.0000  0.0000  0.0000
  15. (1.99999) CR ( 9)Br  6            s(  0.00%)p 1.00(100.00%)
                                         0.0000  0.0000  0.0000  0.0000  0.0000
                                         0.0000  0.0000  0.0000  0.0000  0.0000
                                         0.0000  0.0000  0.0000  0.0000  0.0000
                                         0.0000  0.0000  0.0000  0.0000  0.0000
                                         0.0000  0.0000  0.0000  1.0000  0.0000
                                         0.0000  0.0000  0.0000  0.0000  0.0000
                                         0.0000  0.0000  0.0000  0.0000  0.0000
                                         0.0000  0.0000  0.0000  0.0000  0.0000
                                         0.0000  0.0000  0.0000  0.0000  0.0000
                                         0.0000  0.0000  0.0000  0.0000  0.0000
                                         0.0000  0.0000  0.0000  0.0000  0.0000
  16. (1.99996) CR (10)Br  6            s(  0.00%)p 0.00(  0.00%)d 1.00(100.00%)
                                         0.0000  0.0000  0.0000  0.0000  0.0000
                                         0.0000  0.0000  0.0000  0.0000  0.0000
                                         0.0000  0.0000  0.0000  0.0000  0.0000
                                         0.0000  0.0000  0.0000  0.0000  0.0000
                                         0.0000  0.0000  0.0000  0.0000  0.0000
                                         0.0000  0.0000  0.0000  1.0000  0.0000
                                         0.0000  0.0000  0.0000  0.0000  0.0000
                                         0.0000  0.0000  0.0000  0.0000  0.0000
                                         0.0000  0.0000  0.0000  0.0000  0.0000
                                         0.0000  0.0000  0.0000  0.0000  0.0000
                                         0.0000  0.0000  0.0000  0.0000  0.0000
  17. (1.99996) CR (11)Br  6            s(  0.00%)p 0.00(  0.00%)d 1.00(100.00%)
                                         0.0000  0.0000  0.0000  0.0000  0.0000
                                         0.0000  0.0000  0.0000  0.0000  0.0000
                                         0.0000  0.0000  0.0000  0.0000  0.0000
                                         0.0000  0.0000  0.0000  0.0000  0.0000
                                         0.0000  0.0000  0.0000  0.0000  0.0000
                                         0.0000  0.0000  0.0000  0.0000  0.0000
                                         0.0000  0.0000  1.0000  0.0000  0.0000
                                         0.0000  0.0000  0.0000  0.0000  0.0000
                                         0.0000  0.0000  0.0000  0.0000  0.0000
                                         0.0000  0.0000  0.0000  0.0000  0.0000
                                         0.0000  0.0000  0.0000  0.0000  0.0000
  18. (2.00000) CR (12)Br  6            s(  0.00%)p 0.00(  0.00%)d 1.00(100.00%)
                                         0.0000  0.0000  0.0000  0.0000  0.0000
                                         0.0000  0.0000  0.0000  0.0000  0.0000
                                         0.0000  0.0000  0.0000  0.0000  0.0000
                                         0.0000  0.0000  0.0000  0.0000  0.0000
                                         0.0000  0.0000  0.0000  0.0000  0.0000
                                         0.0000  0.0000  0.0000  0.0000  0.0000
                                         0.0000  0.0000  0.0000  0.0000  0.0000
                                         0.0000  1.0000  0.0000  0.0000  0.0000
                                         0.0000  0.0000  0.0000  0.0000  0.0000
                                         0.0000  0.0000  0.0000  0.0000  0.0000
                                         0.0000  0.0000  0.0000  0.0000  0.0000
  19. (1.99974) CR (13)Br  6            s(  0.00%)p 0.00(  0.00%)d 1.00(100.00%)
                                         0.0000  0.0000  0.0000  0.0000  0.0000
                                         0.0000  0.0000  0.0000  0.0000  0.0000
                                         0.0000  0.0000  0.0000  0.0000  0.0000
                                         0.0000  0.0000  0.0000  0.0000  0.0000
                                         0.0000  0.0000  0.0000  0.0000  0.0000
                                         0.0000  0.0000  0.0000  0.0000  0.0000
                                         0.0000  0.0000  0.0000  0.0000  0.0000
                                         0.0000  0.0000  0.0000  0.0000  0.0000
                                         1.0000  0.0000  0.0000  0.0000  0.0000
                                         0.0000  0.0000  0.0000  0.0000  0.0000
                                         0.0000  0.0000  0.0000  0.0000  0.0000
  20. (1.99991) CR (14)Br  6            s(  0.00%)p 0.00(  0.00%)d 1.00(100.00%)
                                         0.0000  0.0000  0.0000  0.0000  0.0000
                                         0.0000  0.0000  0.0000  0.0000  0.0000
                                         0.0000  0.0000  0.0000  0.0000  0.0000
                                         0.0000  0.0000  0.0000  0.0000  0.0000
                                         0.0000  0.0000  0.0000  0.0000  0.0000
                                         0.0000  0.0000  0.0000  0.0000  0.0000
                                         0.0000  0.0000  0.0000  0.0000  0.0000
                                         0.0000  0.0000  0.0000  0.0000  0.0000
                                         0.0000  0.0000  0.0000  0.0000  1.0000
                                         0.0000  0.0000  0.0000  0.0000  0.0000
                                         0.0000  0.0000  0.0000  0.0000  0.0000
  21. (1.99982) LP ( 1)Cl  5            s( 95.11%)p 0.05(  4.89%)d 0.00(  0.00%)
                                                  f 0.00(  0.00%)
                                         0.0000  0.0000  0.9753 -0.0010 -0.0002
                                         0.0000  0.0000  0.0000 -0.2210  0.0024
                                        -0.0014  0.0000  0.0000  0.0000 -0.0009
                                         0.0000  0.0000  0.0000  0.0000  0.0000
                                         0.0030  0.0000  0.0000  0.0000  0.0000
                                         0.0000  0.0000  0.0000  0.0000  0.0000
                                         0.0000 -0.0008  0.0002  0.0004 -0.0001
                                         0.0000  0.0001  0.0000  0.0000  0.0000
                                        -0.0001  0.0000
  22. (1.99887) LP ( 2)Cl  5            s(  0.00%)p 1.00(100.00%)d 0.00(  0.00%)
                                                  f 0.00(  0.00%)
                                         0.0000  0.0000  0.0010  0.0000  0.0000
                                         0.0000  0.0000  0.0000 -0.0017  0.0000
                                         0.0000  0.0000  0.0000  0.0000  0.9847
                                        -0.0012  0.0006  0.0000 -0.0001  0.0000
                                        -0.1742  0.0002 -0.0001  0.0000  0.0000
                                         0.0011  0.0000 -0.0002  0.0000 -0.0001
                                         0.0000  0.0000  0.0000  0.0000  0.0000
                                         0.0000  0.0000 -0.0001  0.0000  0.0000
                                         0.0000  0.0002
  23. (1.99884) LP ( 3)Cl  5            s(  0.00%)p 1.00(100.00%)d 0.00(  0.00%)
                                                  f 0.00(  0.00%)
                                         0.0000  0.0000  0.0021  0.0000  0.0000
                                         0.0000  0.0000  0.0000 -0.0037  0.0000
                                         0.0000  0.0000  0.0000  0.0000 -0.1742
                                         0.0002 -0.0001  0.0000  0.0000  0.0000
                                        -0.9847  0.0012 -0.0006  0.0000  0.0001
                                        -0.0002  0.0000 -0.0011  0.0000  0.0000
                                         0.0000  0.0000  0.0000  0.0000  0.0000
                                         0.0001  0.0000  0.0000 -0.0002  0.0000
                                         0.0000  0.0000
  24. (1.96618) LP ( 4)Cl  5            s(  4.89%)p19.46( 95.11%)d 0.00(  0.00%)
                                                  f 0.00(  0.00%)
                                         0.0000  0.0000  0.2210  0.0044  0.0008
                                         0.0000  0.0000  0.0000  0.9752  0.0031
                                        -0.0017  0.0000  0.0002  0.0000  0.0009
                                         0.0000  0.0000  0.0000  0.0000  0.0000
                                        -0.0033  0.0000  0.0000  0.0000  0.0000
                                         0.0000  0.0000  0.0000  0.0000  0.0000
                                         0.0000  0.0006  0.0004 -0.0003 -0.0003
                                         0.0000 -0.0001  0.0000  0.0000  0.0000
                                         0.0002  0.0000
  25. (1.99858) LP ( 1)Br  6            s( 87.90%)p 0.14( 12.10%)d 0.00(  0.00%)
                                                  f 0.00(  0.00%)
                                         0.0000  0.0000  0.0000  0.9375 -0.0087
                                         0.0001  0.0000  0.0000  0.0000  0.0000
                                         0.0000  0.0000  0.3478  0.0055 -0.0004
                                         0.0004  0.0000  0.0000 -0.0003  0.0000
                                         0.0000  0.0000  0.0000  0.0000  0.0009
                                         0.0000  0.0000  0.0000  0.0000  0.0000
                                         0.0000  0.0000  0.0000  0.0000  0.0000
                                         0.0000  0.0000  0.0000  0.0000  0.0000
                                         0.0000 -0.0054  0.0015  0.0000  0.0000
                                         0.0031  0.0009  0.0001  0.0000 -0.0016
                                         0.0000  0.0000  0.0000  0.0020  0.0000
  26. (1.98707) LP ( 2)Br  6            s(  0.00%)p 1.00( 99.99%)d 0.00(  0.00%)
                                                  f 0.00(  0.00%)
                                         0.0000  0.0000  0.0000  0.0000  0.0000
                                         0.0000  0.0000  0.0000  0.0000  0.0000
                                         0.0000  0.0000 -0.0025  0.0000  0.0000
                                         0.0000  0.0000  0.0000  0.1953 -0.0026
                                         0.0000  0.0000  0.0000  0.0000  0.9806
                                        -0.0130 -0.0002 -0.0001  0.0000 -0.0009
                                         0.0004  0.0001  0.0000 -0.0047  0.0019
                                         0.0005  0.0000  0.0001  0.0001  0.0000
                                         0.0000 -0.0006  0.0003  0.0000  0.0000
                                        -0.0010 -0.0006 -0.0001 -0.0030  0.0002
                                        -0.0002  0.0039  0.0000  0.0001  0.0010
  27. (1.98706) LP ( 3)Br  6            s(  0.00%)p 1.00( 99.99%)d 0.00(  0.00%)
                                                  f 0.00(  0.00%)
                                         0.0000  0.0000  0.0000  0.0000  0.0000
                                         0.0000  0.0000  0.0000  0.0000  0.0000
                                         0.0000  0.0000 -0.0014  0.0000  0.0000
                                         0.0000  0.0000  0.0000 -0.9806  0.0130
                                         0.0002  0.0001  0.0000  0.0000  0.1953
                                        -0.0026  0.0000  0.0000  0.0000  0.0047
                                        -0.0019 -0.0005  0.0000 -0.0009  0.0004
                                         0.0001  0.0000 -0.0011 -0.0006 -0.0001
                                         0.0000  0.0000  0.0000  0.0000  0.0000
                                        -0.0001 -0.0001  0.0000 -0.0006  0.0000
                                         0.0012  0.0008  0.0001  0.0000 -0.0048
  28. (1.99736) BD ( 1) C  1- H  2
               ( 61.54%)   0.7845* C  1 s( 28.27%)p 2.53( 71.50%)d 0.01(  0.19%)
                                                  f 0.00(  0.04%)
                                         0.0000  0.5316  0.0082 -0.0006  0.0004
                                         0.0000  0.0000 -0.2214  0.0106  0.0000
                                        -0.0013  0.6926  0.0002 -0.0035  0.0002
                                        -0.4315 -0.0001  0.0022 -0.0001 -0.0064
                                        -0.0059  0.0040  0.0036 -0.0339 -0.0033
                                        -0.0248 -0.0024 -0.0050 -0.0004  0.0106
                                        -0.0037  0.0024  0.0112  0.0065  0.0101
                                        -0.0034
               ( 38.46%)   0.6201* H  2 s( 99.96%)p 0.00(  0.04%)
                                         0.9998 -0.0025 -0.0001  0.0065 -0.0168
                                         0.0099
  29. (1.99736) BD ( 1) C  1- H  3
               ( 61.55%)   0.7845* C  1 s( 28.27%)p 2.53( 71.50%)d 0.01(  0.19%)
                                                  f 0.00(  0.04%)
                                         0.0000  0.5316  0.0082 -0.0006  0.0004
                                         0.0000  0.0000 -0.2227  0.0106  0.0000
                                        -0.0013 -0.7191 -0.0002  0.0037 -0.0002
                                        -0.3849 -0.0001  0.0020 -0.0001  0.0067
                                         0.0061  0.0036  0.0032  0.0314  0.0031
                                        -0.0270 -0.0026 -0.0087 -0.0008  0.0107
                                        -0.0031  0.0005  0.0110 -0.0060  0.0106
                                         0.0042
               ( 38.45%)   0.6201* H  3 s( 99.96%)p 0.00(  0.04%)
                                         0.9998 -0.0025 -0.0001  0.0066  0.0178
                                         0.0089
  30. (1.99735) BD ( 1) C  1- H  4
               ( 61.56%)   0.7846* C  1 s( 28.29%)p 2.53( 71.48%)d 0.01(  0.19%)
                                                  f 0.00(  0.04%)
                                         0.0000  0.5318  0.0082 -0.0006  0.0004
                                         0.0000  0.0000 -0.2251  0.0107  0.0000
                                        -0.0013  0.0271  0.0000 -0.0001  0.0000
                                         0.8144  0.0004 -0.0042  0.0002 -0.0003
                                        -0.0002 -0.0076 -0.0070  0.0025  0.0003
                                         0.0024  0.0003  0.0418  0.0040  0.0147
                                        -0.0120  0.0015  0.0058 -0.0005  0.0037
                                         0.0002
               ( 38.44%)   0.6200* H  4 s( 99.95%)p 0.00(  0.05%)
                                         0.9997 -0.0025 -0.0001  0.0073 -0.0006
                                        -0.0223
  31. (1.99595) BD ( 1) C  1-Br  6
               ( 42.45%)   0.6515* C  1 s( 15.20%)p 5.54( 84.28%)d 0.03(  0.48%)
                                                  f 0.00(  0.04%)
                                         0.0000  0.3879 -0.0394  0.0038 -0.0009
                                         0.0000  0.0000  0.9179 -0.0009  0.0165
                                        -0.0019 -0.0007  0.0000  0.0000  0.0000
                                         0.0023  0.0000  0.0000  0.0000 -0.0001
                                         0.0000  0.0001  0.0000  0.0000  0.0000
                                         0.0594 -0.0084 -0.0342  0.0048 -0.0016
                                        -0.0116 -0.0002 -0.0010  0.0000  0.0148
                                        -0.0001
               ( 57.55%)   0.7586*Br  6 s( 12.25%)p 7.15( 87.57%)d 0.01(  0.17%)
                                                  f 0.00(  0.01%)
                                         0.0000  0.0000  0.0000  0.3476  0.0402
                                         0.0005  0.0000  0.0000  0.0000  0.0000
                                         0.0000  0.0000 -0.9346 -0.0471 -0.0015
                                        -0.0002  0.0000  0.0000  0.0008  0.0000
                                         0.0000  0.0000  0.0000  0.0000 -0.0025
                                        -0.0001  0.0000  0.0000  0.0000 -0.0001
                                         0.0000  0.0000  0.0000  0.0002  0.0000
                                         0.0000  0.0000  0.0000  0.0000  0.0000
                                         0.0000  0.0355  0.0033  0.0005  0.0000
                                        -0.0203  0.0020 -0.0005  0.0000  0.0062
                                         0.0000  0.0000  0.0000 -0.0080  0.0000
 ---------------- non-Lewis ----------------------------------------------------
  32. (0.00922) BD*( 1) C  1- H  2
               ( 38.46%)   0.6201* C  1 s( 28.27%)p 2.53( 71.50%)d 0.01(  0.19%)
                                                  f 0.00(  0.04%)
                                         0.0000 -0.5316 -0.0082  0.0006 -0.0004
                                         0.0000  0.0000  0.2214 -0.0106  0.0000
                                         0.0013 -0.6926 -0.0002  0.0035 -0.0002
                                         0.4315  0.0001 -0.0022  0.0001  0.0064
                                         0.0059 -0.0040 -0.0036  0.0339  0.0033
                                         0.0248  0.0024  0.0050  0.0004 -0.0106
                                         0.0037 -0.0024 -0.0112 -0.0065 -0.0101
                                         0.0034
               ( 61.54%)  -0.7845* H  2 s( 99.96%)p 0.00(  0.04%)
                                        -0.9998  0.0025  0.0001 -0.0065  0.0168
                                        -0.0099
  33. (0.00923) BD*( 1) C  1- H  3
               ( 38.45%)   0.6201* C  1 s( 28.27%)p 2.53( 71.50%)d 0.01(  0.19%)
                                                  f 0.00(  0.04%)
                                         0.0000 -0.5316 -0.0082  0.0006 -0.0004
                                         0.0000  0.0000  0.2227 -0.0106  0.0000
                                         0.0013  0.7191  0.0002 -0.0037  0.0002
                                         0.3849  0.0001 -0.0020  0.0001 -0.0067
                                        -0.0061 -0.0036 -0.0032 -0.0314 -0.0031
                                         0.0270  0.0026  0.0087  0.0008 -0.0107
                                         0.0031 -0.0005 -0.0110  0.0060 -0.0106
                                        -0.0042
               ( 61.55%)  -0.7845* H  3 s( 99.96%)p 0.00(  0.04%)
                                        -0.9998  0.0025  0.0001 -0.0066 -0.0178
                                        -0.0089
  34. (0.00924) BD*( 1) C  1- H  4
               ( 38.44%)   0.6200* C  1 s( 28.29%)p 2.53( 71.48%)d 0.01(  0.19%)
                                                  f 0.00(  0.04%)
                                         0.0000 -0.5318 -0.0082  0.0006 -0.0004
                                         0.0000  0.0000  0.2251 -0.0107  0.0000
                                         0.0013 -0.0271  0.0000  0.0001  0.0000
                                        -0.8144 -0.0004  0.0042 -0.0002  0.0003
                                         0.0002  0.0076  0.0070 -0.0025 -0.0003
                                        -0.0024 -0.0003 -0.0418 -0.0040 -0.0147
                                         0.0120 -0.0015 -0.0058  0.0005 -0.0037
                                        -0.0002
               ( 61.56%)  -0.7846* H  4 s( 99.95%)p 0.00(  0.05%)
                                        -0.9997  0.0025  0.0001 -0.0073  0.0006
                                         0.0223
  35. (0.03467) BD*( 1) C  1-Br  6
               ( 57.55%)   0.7586* C  1 s( 15.20%)p 5.54( 84.28%)d 0.03(  0.48%)
                                                  f 0.00(  0.04%)
                                         0.0000  0.3879 -0.0394  0.0038 -0.0009
                                         0.0000  0.0000  0.9179 -0.0009  0.0165
                                        -0.0019 -0.0007  0.0000  0.0000  0.0000
                                         0.0023  0.0000  0.0000  0.0000 -0.0001
                                         0.0000  0.0001  0.0000  0.0000  0.0000
                                         0.0594 -0.0084 -0.0342  0.0048 -0.0016
                                        -0.0116 -0.0002 -0.0010  0.0000  0.0148
                                        -0.0001
               ( 42.45%)  -0.6515*Br  6 s( 12.25%)p 7.15( 87.57%)d 0.01(  0.17%)
                                                  f 0.00(  0.01%)
                                         0.0000  0.0000  0.0000  0.3476  0.0402
                                         0.0005  0.0000  0.0000  0.0000  0.0000
                                         0.0000  0.0000 -0.9346 -0.0471 -0.0015
                                        -0.0002  0.0000  0.0000  0.0008  0.0000
                                         0.0000  0.0000  0.0000  0.0000 -0.0025
                                        -0.0001  0.0000  0.0000  0.0000 -0.0001
                                         0.0000  0.0000  0.0000  0.0002  0.0000
                                         0.0000  0.0000  0.0000  0.0000  0.0000
                                         0.0000  0.0355  0.0033  0.0005  0.0000
                                        -0.0203  0.0020 -0.0005  0.0000  0.0062
                                         0.0000  0.0000  0.0000 -0.0080  0.0000
  36. (0.00273) RY ( 1) C  1            s(  6.49%)p12.03( 78.03%)d 2.33( 15.13%)
                                                  f 0.06(  0.36%)
                                         0.0000 -0.0145  0.1950 -0.0038 -0.1632
                                         0.0000 -0.0007  0.0481  0.8668 -0.1621
                                        -0.0193  0.0000 -0.0006  0.0003 -0.0001
                                         0.0001  0.0021 -0.0009  0.0003  0.0005
                                        -0.0001 -0.0015  0.0004  0.0002  0.0000
                                        -0.3342  0.0406  0.1933 -0.0236  0.0391
                                         0.0202  0.0047  0.0301 -0.0001 -0.0267
                                         0.0013
  37. (0.00118) RY ( 2) C  1            s(  0.00%)p 1.00( 33.56%)d 1.90( 63.69%)
                                                  f 0.08(  2.75%)
                                         0.0000  0.0000  0.0004  0.0001 -0.0001
                                         0.0000  0.0000  0.0001 -0.0008 -0.0001
                                         0.0000 -0.0100 -0.5108 -0.2640 -0.0380
                                         0.0010  0.0520  0.0269  0.0039 -0.7795
                                         0.0983  0.0794 -0.0100 -0.0135 -0.1138
                                        -0.0019  0.0000  0.0005 -0.0003 -0.0096
                                         0.0001  0.0389  0.0129  0.0489 -0.0002
                                        -0.1529
  38. (0.00117) RY ( 3) C  1            s(  0.00%)p 1.00( 33.79%)d 1.88( 63.43%)
                                                  f 0.08(  2.78%)
                                         0.0000 -0.0001  0.0013  0.0004 -0.0002
                                         0.0000  0.0000  0.0003 -0.0019  0.0000
                                        -0.0001  0.0010  0.0522  0.0270  0.0039
                                         0.0098  0.5125  0.2650  0.0383  0.0793
                                        -0.0098  0.7782 -0.0965 -0.0004  0.0003
                                        -0.0084 -0.0568 -0.0061 -0.0987 -0.0964
                                         0.0389 -0.0039  0.1258 -0.0003  0.0302
                                         0.0157
  39. (0.00031) RY ( 4) C  1            s( 74.07%)p 0.10(  7.68%)d 0.24( 17.68%)
                                                  f 0.01(  0.58%)
                                         0.0000  0.0029  0.6375  0.5760  0.0488
                                         0.0000 -0.0006 -0.0093  0.0967  0.2311
                                         0.1181  0.0000 -0.0002 -0.0002  0.0000
                                        -0.0001 -0.0022  0.0011 -0.0007 -0.0004
                                        -0.0001  0.0026 -0.0007 -0.0002  0.0001
                                         0.3583  0.0676 -0.2056 -0.0390 -0.0498
                                         0.0254 -0.0063 -0.0413  0.0003 -0.0306
                                        -0.0014
  40. (0.00019) RY ( 5) C  1            s(  0.00%)p 1.00( 61.77%)d 0.62( 38.15%)
                                                  f 0.00(  0.08%)
                                         0.0000  0.0000 -0.0004  0.0001  0.0035
                                         0.0000  0.0000 -0.0001  0.0003 -0.0019
                                        -0.0004 -0.0132 -0.7428  0.0888 -0.1894
                                         0.0025  0.1427 -0.0172  0.0364  0.4412
                                        -0.1908 -0.0850  0.0367 -0.3659  0.0824
                                        -0.0145  0.0034 -0.0299  0.0067 -0.0036
                                        -0.0003  0.0068  0.0034 -0.0081 -0.0007
                                        -0.0256
  41. (0.00018) RY ( 6) C  1            s(  0.01%)p 1.00( 61.32%)d 0.63( 38.60%)
                                                  f 0.00(  0.08%)
                                         0.0000  0.0000  0.0008  0.0018  0.0070
                                         0.0000  0.0000 -0.0003  0.0006 -0.0032
                                        -0.0005  0.0026  0.1422 -0.0158  0.0371
                                         0.0132  0.7395 -0.0830  0.1932 -0.0848
                                         0.0366 -0.4420  0.1904  0.0339 -0.0077
                                        -0.1805  0.0419 -0.3240  0.0733 -0.0170
                                        -0.0050 -0.0015  0.0196  0.0007 -0.0053
                                         0.0049
  42. (0.00004) RY ( 7) C  1            s( 56.17%)p 0.33( 18.36%)d 0.43( 24.17%)
                                                  f 0.02(  1.30%)
  43. (0.00002) RY ( 8) C  1            s(  2.13%)p 4.53(  9.64%)d 2.69(  5.72%)
                                                  f38.79( 82.51%)
  44. (0.00000) RY ( 9) C  1            s( 27.91%)p 1.53( 42.62%)d 0.52( 14.53%)
                                                  f 0.54( 14.94%)
  45. (0.00000) RY (10) C  1            s( 42.83%)p 0.96( 40.94%)d 0.00(  0.15%)
                                                  f 0.38( 16.09%)
  46. (0.00000) RY (11) C  1            s(  0.00%)p 1.00( 62.78%)d 0.13(  8.35%)
                                                  f 0.46( 28.88%)
  47. (0.00000) RY (12) C  1            s(  0.00%)p 1.00( 55.57%)d 0.60( 33.55%)
                                                  f 0.20( 10.88%)
  48. (0.00000) RY (13) C  1            s(  0.01%)p99.99( 61.99%)d99.99(  8.86%)
                                                  f99.99( 29.14%)
  49. (0.00000) RY (14) C  1            s(  0.01%)p 1.00( 56.35%)d 0.59( 33.48%)
                                                  f 0.18( 10.16%)
  50. (0.00000) RY (15) C  1            s( 36.96%)p 0.12(  4.31%)d 1.31( 48.49%)
                                                  f 0.28( 10.25%)
  51. (0.00000) RY (16) C  1            s(  0.16%)p99.99( 35.23%)d99.99( 48.14%)
                                                  f99.99( 16.47%)
  52. (0.00000) RY (17) C  1            s( 63.70%)p 0.18( 11.63%)d 0.35( 22.33%)
                                                  f 0.04(  2.34%)
  53. (0.00000) RY (18) C  1            s(  0.01%)p99.99( 35.60%)d99.99( 48.06%)
                                                  f99.99( 16.32%)
  54. (0.00000) RY (19) C  1            s(  2.85%)p 2.33(  6.63%)d30.87( 87.96%)
                                                  f 0.90(  2.56%)
  55. (0.00000) RY (20) C  1            s( 46.63%)p 0.07(  3.27%)d 0.99( 46.26%)
                                                  f 0.08(  3.84%)
  56. (0.00000) RY (21) C  1            s(  4.52%)p 1.55(  7.00%)d19.00( 85.80%)
                                                  f 0.59(  2.68%)
  57. (0.00000) RY (22) C  1            s( 45.51%)p 0.23( 10.48%)d 0.90( 41.09%)
                                                  f 0.06(  2.92%)
  58. (0.00000) RY (23) C  1            s( 27.46%)p 1.09( 29.92%)d 0.31(  8.50%)
                                                  f 1.24( 34.13%)
  59. (0.00000) RY (24) C  1            s( 10.26%)p 0.57(  5.81%)d 6.14( 63.03%)
                                                  f 2.04( 20.89%)
  60. (0.00000) RY (25) C  1            s( 26.09%)p 1.62( 42.26%)d 1.03( 26.94%)
                                                  f 0.18(  4.71%)
  61. (0.00000) RY (26) C  1            s( 24.90%)p 0.12(  3.00%)d 1.31( 32.65%)
                                                  f 1.58( 39.45%)
  62. (0.00000) RY (27) C  1            s(  0.77%)p 0.14(  0.10%)d 0.46(  0.35%)
                                                  f99.99( 98.77%)
  63. (0.00000) RY (28) C  1            s(  0.00%)p 1.00( 36.23%)d 0.24(  8.85%)
                                                  f 1.52( 54.92%)
  64. (0.00000) RY (29) C  1            s(  0.49%)p13.09(  6.43%)d34.92( 17.15%)
                                                  f99.99( 75.93%)
  65. (0.00000) RY (30) C  1            s(  0.03%)p72.89(  2.40%)d99.99( 38.93%)
                                                  f99.99( 58.64%)
  66. (0.00000) RY (31) C  1            s(  0.00%)p 1.00( 36.56%)d 0.24(  8.95%)
                                                  f 1.49( 54.49%)
  67. (0.00120) RY ( 1) H  2            s( 93.43%)p 0.07(  6.57%)
                                         0.0022  0.9666 -0.0004 -0.2397 -0.0774
                                         0.0472
  68. (0.00017) RY ( 2) H  2            s( 98.82%)p 0.01(  1.18%)
                                         0.0023  0.0060  0.9941 -0.0181  0.0932
                                        -0.0529
  69. (0.00003) RY ( 3) H  2            s(  5.10%)p18.61( 94.90%)
  70. (0.00000) RY ( 4) H  2            s(  2.34%)p41.70( 97.66%)
  71. (0.00000) RY ( 5) H  2            s(  0.35%)p99.99( 99.65%)
  72. (0.00121) RY ( 1) H  3            s( 93.44%)p 0.07(  6.56%)
                                         0.0022  0.9666 -0.0006 -0.2392  0.0815
                                         0.0423
  73. (0.00017) RY ( 2) H  3            s( 98.72%)p 0.01(  1.28%)
                                         0.0024  0.0072  0.9936 -0.0162 -0.1013
                                        -0.0476
  74. (0.00003) RY ( 3) H  3            s(  5.16%)p18.38( 94.84%)
  75. (0.00000) RY ( 4) H  3            s(  2.56%)p38.00( 97.44%)
  76. (0.00000) RY ( 5) H  3            s(  0.16%)p99.99( 99.84%)
  77. (0.00121) RY ( 1) H  4            s( 93.41%)p 0.07(  6.59%)
                                         0.0020  0.9665 -0.0015 -0.2375 -0.0030
                                        -0.0973
  78. (0.00017) RY ( 2) H  4            s( 98.04%)p 0.02(  1.96%)
                                         0.0033  0.0146  0.9900 -0.0042  0.0039
                                         0.1400
  79. (0.00003) RY ( 3) H  4            s(  5.67%)p16.64( 94.33%)
  80. (0.00001) RY ( 4) H  4            s(  2.94%)p33.01( 97.06%)
  81. (0.00000) RY ( 5) H  4            s(  0.00%)p 1.00(100.00%)
  82. (0.00013) RY ( 1)Cl  5            s( 33.15%)p 0.06(  2.05%)d 1.90( 63.07%)
                                                  f 0.05(  1.73%)
                                         0.0000  0.0000  0.0008  0.5696 -0.0836
                                         0.0016 -0.0036  0.0000 -0.0030 -0.1139
                                        -0.0850 -0.0035 -0.0172  0.0000  0.0000
                                         0.0008  0.0005  0.0000  0.0000  0.0000
                                         0.0000 -0.0022 -0.0017  0.0000  0.0000
                                         0.0000 -0.0004 -0.0005  0.0014  0.0001
                                         0.0001  0.6853 -0.0602 -0.3953  0.0348
                                        -0.0023 -0.0804 -0.0003 -0.0019  0.0000
                                         0.1041 -0.0001
  83. (0.00004) RY ( 2)Cl  5            s(  0.00%)p 1.00( 61.97%)d 0.59( 36.68%)
                                                  f 0.02(  1.35%)
  84. (0.00004) RY ( 3)Cl  5            s(  0.00%)p 1.00( 62.21%)d 0.59( 36.46%)
                                                  f 0.02(  1.33%)
  85. (0.00002) RY ( 4)Cl  5            s( 25.66%)p 2.02( 51.81%)d 0.88( 22.50%)
                                                  f 0.00(  0.02%)
  86. (0.00000) RY ( 5)Cl  5            s( 33.10%)p 1.13( 37.39%)d 0.88( 29.02%)
                                                  f 0.01(  0.49%)
  87. (0.00000) RY ( 6)Cl  5            s( 74.69%)p 0.24( 18.19%)d 0.09(  6.99%)
                                                  f 0.00(  0.13%)
  88. (0.00000) RY ( 7)Cl  5            s(  0.01%)p 1.00( 56.18%)d 0.70( 39.55%)
                                                  f 0.08(  4.26%)
  89. (0.00000) RY ( 8)Cl  5            s(  0.06%)p99.99( 56.75%)d99.99( 38.94%)
                                                  f65.66(  4.24%)
  90. (0.00000) RY ( 9)Cl  5            s( 15.54%)p 4.79( 74.41%)d 0.63(  9.81%)
                                                  f 0.02(  0.24%)
  91. (0.00000) RY (10)Cl  5            s(  0.45%)p99.99( 99.42%)d 0.20(  0.09%)
                                                  f 0.10(  0.04%)
  92. (0.00000) RY (11)Cl  5            s( 10.04%)p 6.82( 68.47%)d 1.61( 16.15%)
                                                  f 0.53(  5.34%)
  93. (0.00000) RY (12)Cl  5            s(  0.00%)p 1.00(  2.85%)d 8.83( 25.13%)
                                                  f25.30( 72.02%)
  94. (0.00000) RY (13)Cl  5            s(  0.00%)p 1.00( 99.50%)d 0.00(  0.44%)
                                                  f 0.00(  0.06%)
  95. (0.00000) RY (14)Cl  5            s(  0.00%)p 1.00( 89.08%)d 0.11( 10.03%)
                                                  f 0.01(  0.89%)
  96. (0.00000) RY (15)Cl  5            s( 91.76%)p 0.03(  2.87%)d 0.04(  3.86%)
                                                  f 0.02(  1.51%)
  97. (0.00000) RY (16)Cl  5            s(  8.94%)p 5.68( 50.84%)d 3.83( 34.29%)
                                                  f 0.66(  5.93%)
  98. (0.00000) RY (17)Cl  5            s(  0.00%)p 1.00( 99.25%)d 0.01(  0.50%)
                                                  f 0.00(  0.24%)
  99. (0.00000) RY (18)Cl  5            s(  0.00%)p 1.00( 77.83%)d 0.24( 18.85%)
                                                  f 0.04(  3.32%)
 100. (0.00000) RY (19)Cl  5            s(  0.01%)p 1.00( 20.17%)d 3.86( 77.85%)
                                                  f 0.10(  1.97%)
 101. (0.00000) RY (20)Cl  5            s(  0.00%)p 1.00( 27.87%)d 2.55( 71.21%)
                                                  f 0.03(  0.92%)
 102. (0.00000) RY (21)Cl  5            s(  0.00%)p 1.00(  4.09%)d21.14( 86.41%)
                                                  f 2.32(  9.50%)
 103. (0.00000) RY (22)Cl  5            s(  0.00%)p 1.00(  0.50%)d99.99( 86.98%)
                                                  f25.20( 12.52%)
 104. (0.00000) RY (23)Cl  5            s( 91.61%)p 0.03(  3.07%)d 0.01(  0.51%)
                                                  f 0.05(  4.81%)
 105. (0.00000) RY (24)Cl  5            s(  8.74%)p 5.99( 52.39%)d 3.80( 33.17%)
                                                  f 0.65(  5.70%)
 106. (0.00000) RY (25)Cl  5            s(  0.02%)p99.99(  5.43%)d99.99( 84.39%)
                                                  f99.99( 10.16%)
 107. (0.00000) RY (26)Cl  5            s(  0.04%)p51.90(  2.21%)d99.99( 68.22%)
                                                  f99.99( 29.53%)
 108. (0.00000) RY (27)Cl  5            s(  3.39%)p 0.03(  0.09%)d 0.15(  0.52%)
                                                  f28.29( 96.00%)
 109. (0.00000) RY (28)Cl  5            s(  0.24%)p 0.07(  0.02%)d42.76( 10.46%)
                                                  f99.99( 89.28%)
 110. (0.00000) RY (29)Cl  5            s(  0.00%)p 0.00(  0.00%)d 1.00(  0.04%)
                                                  f99.99( 99.96%)
 111. (0.00000) RY (30)Cl  5            s(  0.00%)p 1.00(  2.16%)d21.09( 45.62%)
                                                  f24.14( 52.21%)
 112. (0.00000) RY (31)Cl  5            s(  0.00%)p 1.00(  0.02%)d99.99( 11.04%)
                                                  f99.99( 88.94%)
 113. (0.00000) RY (32)Cl  5            s(  2.52%)p 2.11(  5.30%)d 2.21(  5.56%)
                                                  f34.44( 86.63%)
 114. (0.00000) RY (33)Cl  5            s(  0.00%)p 1.00( 65.63%)d 0.39( 25.64%)
                                                  f 0.13(  8.73%)
 115. (0.00171) RY ( 1)Br  6            s(  0.00%)p 1.00( 27.77%)d 2.47( 68.45%)
                                                  f 0.14(  3.78%)
                                         0.0000  0.0000  0.0000  0.0000  0.0001
                                         0.0006 -0.0001  0.0000  0.0000  0.0000
                                         0.0000  0.0000  0.0002 -0.0025 -0.0003
                                        -0.0001  0.0000  0.0000  0.0004  0.0839
                                        -0.0092 -0.0012  0.0000  0.0000  0.0023
                                         0.5170 -0.0565 -0.0074  0.0000 -0.1307
                                        -0.0104  0.0021  0.0000 -0.8052 -0.0643
                                         0.0130  0.0000 -0.0059 -0.0039 -0.0006
                                         0.0000  0.0565 -0.0350  0.0045  0.0000
                                         0.0839  0.0557  0.0077 -0.1174  0.0086
                                        -0.0078  0.1515 -0.0007  0.0050  0.0301
 116. (0.00171) RY ( 2)Br  6            s(  0.00%)p 1.00( 27.79%)d 2.46( 68.43%)
                                                  f 0.14(  3.78%)
                                         0.0000  0.0000  0.0000  0.0000  0.0003
                                         0.0002  0.0000  0.0000  0.0000  0.0000
                                         0.0000  0.0000  0.0001 -0.0014  0.0000
                                         0.0000  0.0000  0.0000 -0.0023 -0.5173
                                         0.0564  0.0073  0.0000  0.0000  0.0004
                                         0.0839 -0.0092 -0.0012  0.0000  0.8049
                                         0.0640 -0.0131  0.0000 -0.1305 -0.0104
                                         0.0021  0.0000  0.1034  0.0641  0.0093
                                         0.0000  0.0056 -0.0023  0.0003  0.0000
                                         0.0045  0.0034  0.0005 -0.0191  0.0007
                                         0.0480  0.0246  0.0081 -0.0002 -0.1856
 117. (0.00064) RY ( 3)Br  6            s(  6.51%)p 8.24( 53.68%)d 6.08( 39.59%)
                                                  f 0.03(  0.21%)
                                         0.0000  0.0000  0.0000 -0.0142  0.0704
                                         0.2449 -0.0019 -0.0020  0.0040  0.0000
                                         0.0000  0.0000  0.0616 -0.7247 -0.0829
                                         0.0312  0.0000  0.0000 -0.0001  0.0012
                                         0.0000 -0.0001  0.0000  0.0000  0.0001
                                        -0.0040  0.0002  0.0003  0.0000 -0.0014
                                         0.0003  0.0000  0.0000  0.0045 -0.0010
                                         0.0000  0.0000 -0.0001  0.0000  0.0000
                                         0.0000  0.5380  0.0735  0.0347  0.0000
                                        -0.3129  0.0358 -0.0255 -0.0005 -0.0284
                                        -0.0001 -0.0009  0.0000  0.0366  0.0001
 118. (0.00005) RY ( 4)Br  6            s( 52.69%)p 0.21( 11.23%)d 0.64( 33.80%)
                                                  f 0.04(  2.28%)
 119. (0.00001) RY ( 5)Br  6            s(  0.00%)p 1.00( 48.87%)d 1.03( 50.20%)
                                                  f 0.02(  0.93%)
 120. (0.00001) RY ( 6)Br  6            s(  0.01%)p 1.00( 48.54%)d 1.04( 50.46%)
                                                  f 0.02(  0.99%)
 121. (0.00001) RY ( 7)Br  6            s( 76.02%)p 0.15( 11.54%)d 0.12(  8.79%)
                                                  f 0.05(  3.65%)
 122. (0.00000) RY ( 8)Br  6            s( 12.89%)p 4.05( 52.26%)d 1.57( 20.22%)
                                                  f 1.13( 14.62%)
 123. (0.00000) RY ( 9)Br  6            s( 19.23%)p 2.05( 39.47%)d 1.82( 34.95%)
                                                  f 0.33(  6.36%)
 124. (0.00000) RY (10)Br  6            s( 41.45%)p 0.83( 34.56%)d 0.43( 17.73%)
                                                  f 0.15(  6.25%)
 125. (0.00000) RY (11)Br  6            s( 32.93%)p 0.30(  9.75%)d 1.08( 35.63%)
                                                  f 0.66( 21.70%)
 126. (0.00000) RY (12)Br  6            s(  0.01%)p 1.00( 28.68%)d 2.40( 68.76%)
                                                  f 0.09(  2.55%)
 127. (0.00000) RY (13)Br  6            s(  0.01%)p 1.00( 33.11%)d 0.09(  3.02%)
                                                  f 1.93( 63.86%)
 128. (0.00000) RY (14)Br  6            s(  0.00%)p 1.00( 65.08%)d 0.19( 12.17%)
                                                  f 0.35( 22.75%)
 129. (0.00000) RY (15)Br  6            s( 88.58%)p 0.03(  2.70%)d 0.08(  7.01%)
                                                  f 0.02(  1.72%)
 130. (0.00000) RY (16)Br  6            s(  0.00%)p 1.00( 21.67%)d 3.38( 73.36%)
                                                  f 0.23(  4.97%)
 131. (0.00000) RY (17)Br  6            s(  5.96%)p 0.77(  4.60%)d13.87( 82.75%)
                                                  f 1.12(  6.69%)
 132. (0.00000) RY (18)Br  6            s(  0.00%)p 1.00( 36.19%)d 1.67( 60.54%)
                                                  f 0.09(  3.27%)
 133. (0.00000) RY (19)Br  6            s(  0.00%)p 1.00( 49.36%)d 1.02( 50.49%)
                                                  f 0.00(  0.15%)
 134. (0.00000) RY (20)Br  6            s( 79.83%)p 0.16( 13.11%)d 0.07(  5.77%)
                                                  f 0.02(  1.29%)
 135. (0.00000) RY (21)Br  6            s(  0.01%)p99.99( 36.34%)d99.99( 60.69%)
                                                  f99.99(  2.97%)
 136. (0.00000) RY (22)Br  6            s(  0.00%)p 1.00( 61.04%)d 0.61( 37.12%)
                                                  f 0.03(  1.84%)
 137. (0.00000) RY (23)Br  6            s(  0.00%)p 1.00(  0.54%)d99.99( 70.24%)
                                                  f54.36( 29.22%)
 138. (0.00000) RY (24)Br  6            s(  0.03%)p99.99(  9.66%)d99.99( 87.38%)
                                                  f85.12(  2.92%)
 139. (0.00000) RY (25)Br  6            s(  0.08%)p 3.23(  0.26%)d99.99( 93.50%)
                                                  f75.10(  6.16%)
 140. (0.00000) RY (26)Br  6            s( 22.63%)p 0.99( 22.48%)d 1.39( 31.38%)
                                                  f 1.04( 23.52%)
 141. (0.00000) RY (27)Br  6            s(  8.30%)p 0.67(  5.55%)d10.08( 83.65%)
                                                  f 0.30(  2.50%)
 142. (0.00000) RY (28)Br  6            s(  1.46%)p 0.77(  1.12%)d47.46( 69.10%)
                                                  f19.46( 28.33%)
 143. (0.00000) RY (29)Br  6            s( 63.21%)p 0.22( 13.74%)d 0.27( 17.23%)
                                                  f 0.09(  5.82%)
 144. (0.00000) RY (30)Br  6            s( 58.82%)p 0.24( 14.21%)d 0.26( 15.31%)
                                                  f 0.20( 11.66%)
 145. (0.00000) RY (31)Br  6            s(  0.50%)p84.36( 41.99%)d88.09( 43.85%)
                                                  f27.45( 13.66%)
 146. (0.00000) RY (32)Br  6            s(  0.04%)p17.78(  0.64%)d99.99( 34.20%)
                                                  f99.99( 65.12%)
 147. (0.00000) RY (33)Br  6            s(  0.16%)p 0.04(  0.01%)d 5.77(  0.91%)
                                                  f99.99( 98.92%)
 148. (0.00000) RY (34)Br  6            s(  6.31%)p 0.52(  3.31%)d 2.04( 12.90%)
                                                  f12.28( 77.48%)
 149. (0.00000) RY (35)Br  6            s(  0.00%)p 1.00(  0.59%)d57.35( 34.10%)
                                                  f99.99( 65.31%)
 150. (0.00000) RY (36)Br  6            s( 22.19%)p 1.62( 35.84%)d 0.59( 13.10%)
                                                  f 1.30( 28.87%)
 151. (0.00000) RY (37)Br  6            s(  0.00%)p 1.00( 33.07%)d 0.09(  3.06%)
                                                  f 1.93( 63.87%)


 NHO DIRECTIONALITY AND BOND BENDING (deviation from line of nuclear centers at
                                      the position of maximum hybrid amplitude)

         [Thresholds for printing:  angular deviation  >  1.0 degree]
                                    p- or d-character  > 25.0%
                                    orbital occupancy  >  0.10e

                        Line of Centers        Hybrid 1             Hybrid 2
                        ---------------  -------------------  ------------------
           NBO            Theta   Phi    Theta   Phi    Dev   Theta   Phi    Dev
 ===============================================================================
  22. LP ( 2)Cl  5          --     --    100.0   90.0   --      --     --    --
  23. LP ( 3)Cl  5          --     --    170.0  269.4   --      --     --    --
  24. LP ( 4)Cl  5          --     --     90.2    0.1   --      --     --    --
  26. LP ( 2)Br  6          --     --    168.8  268.0   --      --     --    --
  27. LP ( 3)Br  6          --     --     78.7  269.4   --      --     --    --
  28. BD ( 1) C  1- H  2  120.4  109.8   120.6  108.7   1.0     --     --    --
  29. BD ( 1) C  1- H  3  116.8  250.8   117.0  251.9   1.0     --     --    --
  30. BD ( 1) C  1- H  4   17.4  173.9    16.4  173.5   1.0     --     --    --


 NATURAL BOND ORBITALS (Summary):

           NBO                 Occupancy
 ========================================
 Molecular unit  1  (CH3Br)
 ------ Lewis ---------------------------
    1. CR ( 1) C  1             1.99932
    7. CR ( 1)Br  6             2.00000
    8. CR ( 2)Br  6             2.00000
    9. CR ( 3)Br  6             1.99991
   10. CR ( 4)Br  6             2.00000
   11. CR ( 5)Br  6             1.99994
   12. CR ( 6)Br  6             2.00000
   13. CR ( 7)Br  6             1.99999
   14. CR ( 8)Br  6             2.00000
   15. CR ( 9)Br  6             1.99999
   16. CR (10)Br  6             1.99996
   17. CR (11)Br  6             1.99996
   18. CR (12)Br  6             2.00000
   19. CR (13)Br  6             1.99974
   20. CR (14)Br  6             1.99991
   25. LP ( 1)Br  6             1.99858
   26. LP ( 2)Br  6             1.98707
   27. LP ( 3)Br  6             1.98706
   28. BD ( 1) C  1- H  2       1.99736
   29. BD ( 1) C  1- H  3       1.99736
   30. BD ( 1) C  1- H  4       1.99735
   31. BD ( 1) C  1-Br  6       1.99595
 ------ non-Lewis -----------------------
   32. BD*( 1) C  1- H  2       0.00922
   33. BD*( 1) C  1- H  3       0.00923
   34. BD*( 1) C  1- H  4       0.00924
   35. BD*( 1) C  1-Br  6       0.03467
   36. RY ( 1) C  1             0.00273
   37. RY ( 2) C  1             0.00118
   38. RY ( 3) C  1             0.00117
   39. RY ( 4) C  1             0.00031
   40. RY ( 5) C  1             0.00019
   41. RY ( 6) C  1             0.00018
   42. RY ( 7) C  1             0.00004
   43. RY ( 8) C  1             0.00002
   44. RY ( 9) C  1             0.00000
   45. RY (10) C  1             0.00000
   46. RY (11) C  1             0.00000
   47. RY (12) C  1             0.00000
   48. RY (13) C  1             0.00000
   49. RY (14) C  1             0.00000
   50. RY (15) C  1             0.00000
   51. RY (16) C  1             0.00000
   52. RY (17) C  1             0.00000
   53. RY (18) C  1             0.00000
   54. RY (19) C  1             0.00000
   55. RY (20) C  1             0.00000
   56. RY (21) C  1             0.00000
   57. RY (22) C  1             0.00000
   58. RY (23) C  1             0.00000
   59. RY (24) C  1             0.00000
   60. RY (25) C  1             0.00000
   61. RY (26) C  1             0.00000
   62. RY (27) C  1             0.00000
   63. RY (28) C  1             0.00000
   64. RY (29) C  1             0.00000
   65. RY (30) C  1             0.00000
   66. RY (31) C  1             0.00000
   67. RY ( 1) H  2             0.00120
   68. RY ( 2) H  2             0.00017
   69. RY ( 3) H  2             0.00003
   70. RY ( 4) H  2             0.00000
   71. RY ( 5) H  2             0.00000
   72. RY ( 1) H  3             0.00121
   73. RY ( 2) H  3             0.00017
   74. RY ( 3) H  3             0.00003
   75. RY ( 4) H  3             0.00000
   76. RY ( 5) H  3             0.00000
   77. RY ( 1) H  4             0.00121
   78. RY ( 2) H  4             0.00017
   79. RY ( 3) H  4             0.00003
   80. RY ( 4) H  4             0.00001
   81. RY ( 5) H  4             0.00000
  115. RY ( 1)Br  6             0.00171
  116. RY ( 2)Br  6             0.00171
  117. RY ( 3)Br  6             0.00064
  118. RY ( 4)Br  6             0.00005
  119. RY ( 5)Br  6             0.00001
  120. RY ( 6)Br  6             0.00001
  121. RY ( 7)Br  6             0.00001
  122. RY ( 8)Br  6             0.00000
  123. RY ( 9)Br  6             0.00000
  124. RY (10)Br  6             0.00000
  125. RY (11)Br  6             0.00000
  126. RY (12)Br  6             0.00000
  127. RY (13)Br  6             0.00000
  128. RY (14)Br  6             0.00000
  129. RY (15)Br  6             0.00000
  130. RY (16)Br  6             0.00000
  131. RY (17)Br  6             0.00000
  132. RY (18)Br  6             0.00000
  133. RY (19)Br  6             0.00000
  134. RY (20)Br  6             0.00000
  135. RY (21)Br  6             0.00000
  136. RY (22)Br  6             0.00000
  137. RY (23)Br  6             0.00000
  138. RY (24)Br  6             0.00000
  139. RY (25)Br  6             0.00000
  140. RY (26)Br  6             0.00000
  141. RY (27)Br  6             0.00000
  142. RY (28)Br  6             0.00000
  143. RY (29)Br  6             0.00000
  144. RY (30)Br  6             0.00000
  145. RY (31)Br  6             0.00000
  146. RY (32)Br  6             0.00000
  147. RY (33)Br  6             0.00000
  148. RY (34)Br  6             0.00000
  149. RY (35)Br  6             0.00000
  150. RY (36)Br  6             0.00000
  151. RY (37)Br  6             0.00000
          -------------------------------
                 Total Lewis   43.95945  ( 99.8260%)
           Valence non-Lewis    0.06236  (  0.1416%)
           Rydberg non-Lewis    0.01425  (  0.0324%)
          -------------------------------
               Total unit  1   44.03607  (100.0000%)
              Charge unit  1   -0.03607

 Molecular unit  2  (Cl)
 ------ Lewis ---------------------------
    2. CR ( 1)Cl  5             2.00000
    3. CR ( 2)Cl  5             2.00000
    4. CR ( 3)Cl  5             2.00000
    5. CR ( 4)Cl  5             2.00000
    6. CR ( 5)Cl  5             2.00000
   21. LP ( 1)Cl  5             1.99982
   22. LP ( 2)Cl  5             1.99887
   23. LP ( 3)Cl  5             1.99884
   24. LP ( 4)Cl  5             1.96618
 ------ non-Lewis -----------------------
   82. RY ( 1)Cl  5             0.00013
   83. RY ( 2)Cl  5             0.00004
   84. RY ( 3)Cl  5             0.00004
   85. RY ( 4)Cl  5             0.00002
   86. RY ( 5)Cl  5             0.00000
   87. RY ( 6)Cl  5             0.00000
   88. RY ( 7)Cl  5             0.00000
   89. RY ( 8)Cl  5             0.00000
   90. RY ( 9)Cl  5             0.00000
   91. RY (10)Cl  5             0.00000
   92. RY (11)Cl  5             0.00000
   93. RY (12)Cl  5             0.00000
   94. RY (13)Cl  5             0.00000
   95. RY (14)Cl  5             0.00000
   96. RY (15)Cl  5             0.00000
   97. RY (16)Cl  5             0.00000
   98. RY (17)Cl  5             0.00000
   99. RY (18)Cl  5             0.00000
  100. RY (19)Cl  5             0.00000
  101. RY (20)Cl  5             0.00000
  102. RY (21)Cl  5             0.00000
  103. RY (22)Cl  5             0.00000
  104. RY (23)Cl  5             0.00000
  105. RY (24)Cl  5             0.00000
  106. RY (25)Cl  5             0.00000
  107. RY (26)Cl  5             0.00000
  108. RY (27)Cl  5             0.00000
  109. RY (28)Cl  5             0.00000
  110. RY (29)Cl  5             0.00000
  111. RY (30)Cl  5             0.00000
  112. RY (31)Cl  5             0.00000
  113. RY (32)Cl  5             0.00000
  114. RY (33)Cl  5             0.00000
          -------------------------------
                 Total Lewis   17.96370  ( 99.9987%)
           Valence non-Lewis    0.00000  (  0.0000%)
           Rydberg non-Lewis    0.00023  (  0.0013%)
          -------------------------------
               Total unit  2   17.96393  (100.0000%)
              Charge unit  2   -0.96393

 $CHOOSE
   LONE 5 4 6 3 END
   BOND S 1 2 S 1 3 S 1 4 S 1 6 END
 $END

 Maximum scratch memory used by NBO was 500093 words
 Maximum scratch memory used by GENNBO was 23651 words
