
 *********************************** NBO 6.0 ***********************************
             N A T U R A L   A T O M I C   O R B I T A L   A N D
          N A T U R A L   B O N D   O R B I T A L   A N A L Y S I S
 ****************************** 00000000 (100000) ******************************
  (c) Copyright 1996-2015 Board of Regents of the University of Wisconsin System
      on behalf of the Theoretical Chemistry Institute.  All rights reserved.

          Cite this program as:

          NBO 6.0.  E. D. Glendening, J. K. Badenhoop, A. E. Reed,
          J. E. Carpenter, J. A. Bohmann, C. M. Morales, C. R. Landis,
          and F. Weinhold (Theoretical Chemistry Institute, University
          of Wisconsin, Madison, WI, 2013); http://nbo6.chem.wisc.edu/

 Job title:  Generated by Multiwfn


 NATURAL POPULATIONS:  Natural atomic orbital occupancies

  NAO Atom No lang   Type(AO)    Occupancy
 ------------------------------------------
   1    C  1  s      Cor( 1s)     1.99957
   2    C  1  s      Val( 2s)     1.23984
   3    C  1  s      Ryd( 3s)     0.00083
   4    C  1  s      Ryd( 4s)     0.00010
   5    C  1  s      Ryd( 5s)     0.00000
   6    C  1  s      Ryd( 7s)     0.00000
   7    C  1  s      Ryd( 6s)     0.00000
   8    C  1  px     Val( 2p)     0.71154
   9    C  1  px     Ryd( 3p)     0.00289
  10    C  1  px     Ryd( 4p)     0.00002
  11    C  1  px     Ryd( 5p)     0.00001
  12    C  1  py     Val( 2p)     1.19757
  13    C  1  py     Ryd( 3p)     0.00088
  14    C  1  py     Ryd( 4p)     0.00001
  15    C  1  py     Ryd( 5p)     0.00000
  16    C  1  pz     Val( 2p)     1.19755
  17    C  1  pz     Ryd( 3p)     0.00088
  18    C  1  pz     Ryd( 4p)     0.00001
  19    C  1  pz     Ryd( 5p)     0.00000
  20    C  1  dxy    Ryd( 3d)     0.00057
  21    C  1  dxy    Ryd( 4d)     0.00009
  22    C  1  dxz    Ryd( 3d)     0.00057
  23    C  1  dxz    Ryd( 4d)     0.00009
  24    C  1  dyz    Ryd( 3d)     0.00351
  25    C  1  dyz    Ryd( 4d)     0.00001
  26    C  1  dx2y2  Ryd( 3d)     0.00303
  27    C  1  dx2y2  Ryd( 4d)     0.00007
  28    C  1  dz2    Ryd( 3d)     0.00329
  29    C  1  dz2    Ryd( 4d)     0.00003
  30    C  1  f(0)   Ryd( 4f)     0.00088
  31    C  1  f(c1)  Ryd( 4f)     0.00000
  32    C  1  f(s1)  Ryd( 4f)     0.00004
  33    C  1  f(c2)  Ryd( 4f)     0.00076
  34    C  1  f(s2)  Ryd( 4f)     0.00000
  35    C  1  f(c3)  Ryd( 4f)     0.00001
  36    C  1  f(s3)  Ryd( 4f)     0.00053

  37    H  2  s      Val( 1s)     0.78753
  38    H  2  s      Ryd( 2s)     0.00068
  39    H  2  s      Ryd( 3s)     0.00015
  40    H  2  px     Ryd( 2p)     0.00017
  41    H  2  py     Ryd( 2p)     0.00054
  42    H  2  pz     Ryd( 2p)     0.00018

  43    H  3  s      Val( 1s)     0.78752
  44    H  3  s      Ryd( 2s)     0.00068
  45    H  3  s      Ryd( 3s)     0.00015
  46    H  3  px     Ryd( 2p)     0.00017
  47    H  3  py     Ryd( 2p)     0.00056
  48    H  3  pz     Ryd( 2p)     0.00017

  49    H  4  s      Val( 1s)     0.78752
  50    H  4  s      Ryd( 2s)     0.00068
  51    H  4  s      Ryd( 3s)     0.00015
  52    H  4  px     Ryd( 2p)     0.00017
  53    H  4  py     Ryd( 2p)     0.00000
  54    H  4  pz     Ryd( 2p)     0.00091

  55   Cl  5  s      Cor( 1s)     2.00000
  56   Cl  5  s      Cor( 2s)     1.99999
  57   Cl  5  s      Val( 3s)     1.96992
  58   Cl  5  s      Ryd( 4s)     0.00010
  59   Cl  5  s      Ryd( 5s)     0.00001
  60   Cl  5  s      Ryd( 6s)     0.00000
  61   Cl  5  s      Ryd( 7s)     0.00000
  62   Cl  5  px     Cor( 2p)     1.99999
  63   Cl  5  px     Val( 3p)     1.69853
  64   Cl  5  px     Ryd( 4p)     0.00054
  65   Cl  5  px     Ryd( 5p)     0.00000
  66   Cl  5  px     Ryd( 6p)     0.00000
  67   Cl  5  px     Ryd( 7p)     0.00000
  68   Cl  5  py     Cor( 2p)     2.00000
  69   Cl  5  py     Val( 3p)     1.99846
  70   Cl  5  py     Ryd( 4p)     0.00006
  71   Cl  5  py     Ryd( 5p)     0.00000
  72   Cl  5  py     Ryd( 6p)     0.00000
  73   Cl  5  py     Ryd( 7p)     0.00000
  74   Cl  5  pz     Cor( 2p)     2.00000
  75   Cl  5  pz     Val( 3p)     1.99845
  76   Cl  5  pz     Ryd( 4p)     0.00006
  77   Cl  5  pz     Ryd( 5p)     0.00000
  78   Cl  5  pz     Ryd( 6p)     0.00000
  79   Cl  5  pz     Ryd( 7p)     0.00000
  80   Cl  5  dxy    Ryd( 3d)     0.00025
  81   Cl  5  dxy    Ryd( 4d)     0.00000
  82   Cl  5  dxz    Ryd( 3d)     0.00025
  83   Cl  5  dxz    Ryd( 4d)     0.00000
  84   Cl  5  dyz    Ryd( 3d)     0.00001
  85   Cl  5  dyz    Ryd( 4d)     0.00000
  86   Cl  5  dx2y2  Ryd( 3d)     0.00082
  87   Cl  5  dx2y2  Ryd( 4d)     0.00000
  88   Cl  5  dz2    Ryd( 3d)     0.00028
  89   Cl  5  dz2    Ryd( 4d)     0.00000
  90   Cl  5  f(0)   Ryd( 4f)     0.00000
  91   Cl  5  f(c1)  Ryd( 4f)     0.00001
  92   Cl  5  f(s1)  Ryd( 4f)     0.00000
  93   Cl  5  f(c2)  Ryd( 4f)     0.00001
  94   Cl  5  f(s2)  Ryd( 4f)     0.00000
  95   Cl  5  f(c3)  Ryd( 4f)     0.00002
  96   Cl  5  f(s3)  Ryd( 4f)     0.00001

  97   Br  6  s      Cor( 1s)     2.00000
  98   Br  6  s      Cor( 2s)     2.00000
  99   Br  6  s      Cor( 3s)     1.99999
 100   Br  6  s      Val( 4s)     1.96790
 101   Br  6  s      Ryd( 5s)     0.00016
 102   Br  6  s      Ryd( 6s)     0.00001
 103   Br  6  s      Ryd( 8s)     0.00000
 104   Br  6  s      Ryd( 9s)     0.00000
 105   Br  6  s      Ryd( 7s)     0.00000
 106   Br  6  s      Ryd(10s)     0.00000
 107   Br  6  px     Cor( 2p)     2.00000
 108   Br  6  px     Cor( 3p)     1.99999
 109   Br  6  px     Val( 4p)     1.63164
 110   Br  6  px     Ryd( 5p)     0.00087
 111   Br  6  px     Ryd( 6p)     0.00001
 112   Br  6  px     Ryd( 7p)     0.00000
 113   Br  6  py     Cor( 2p)     2.00000
 114   Br  6  py     Cor( 3p)     2.00000
 115   Br  6  py     Val( 4p)     1.99822
 116   Br  6  py     Ryd( 5p)     0.00010
 117   Br  6  py     Ryd( 6p)     0.00000
 118   Br  6  py     Ryd( 7p)     0.00000
 119   Br  6  pz     Cor( 2p)     2.00000
 120   Br  6  pz     Cor( 3p)     2.00000
 121   Br  6  pz     Val( 4p)     1.99821
 122   Br  6  pz     Ryd( 5p)     0.00010
 123   Br  6  pz     Ryd( 6p)     0.00000
 124   Br  6  pz     Ryd( 7p)     0.00000
 125   Br  6  dxy    Cor( 3d)     2.00000
 126   Br  6  dxy    Ryd( 4d)     0.00032
 127   Br  6  dxy    Ryd( 5d)     0.00001
 128   Br  6  dxy    Ryd( 6d)     0.00000
 129   Br  6  dxz    Cor( 3d)     2.00000
 130   Br  6  dxz    Ryd( 4d)     0.00032
 131   Br  6  dxz    Ryd( 5d)     0.00001
 132   Br  6  dxz    Ryd( 6d)     0.00000
 133   Br  6  dyz    Cor( 3d)     2.00000
 134   Br  6  dyz    Ryd( 5d)     0.00002
 135   Br  6  dyz    Ryd( 4d)     0.00002
 136   Br  6  dyz    Ryd( 6d)     0.00000
 137   Br  6  dx2y2  Cor( 3d)     1.99996
 138   Br  6  dx2y2  Ryd( 4d)     0.00078
 139   Br  6  dx2y2  Ryd( 5d)     0.00005
 140   Br  6  dx2y2  Ryd( 6d)     0.00000
 141   Br  6  dz2    Cor( 3d)     1.99999
 142   Br  6  dz2    Ryd( 4d)     0.00027
 143   Br  6  dz2    Ryd( 5d)     0.00003
 144   Br  6  dz2    Ryd( 6d)     0.00000
 145   Br  6  f(0)   Ryd( 4f)     0.00001
 146   Br  6  f(c1)  Ryd( 4f)     0.00002
 147   Br  6  f(s1)  Ryd( 4f)     0.00000
 148   Br  6  f(c2)  Ryd( 4f)     0.00002
 149   Br  6  f(s2)  Ryd( 4f)     0.00000
 150   Br  6  f(c3)  Ryd( 4f)     0.00003
 151   Br  6  f(s3)  Ryd( 4f)     0.00003


 Summary of Natural Population Analysis:

                                     Natural Population
             Natural    ---------------------------------------------
  Atom No    Charge        Core      Valence    Rydberg      Total
 --------------------------------------------------------------------
    C  1   -0.36521      1.99957     4.34651    0.01913     6.36521
    H  2    0.21075      0.00000     0.78753    0.00172     0.78925
    H  3    0.21075      0.00000     0.78752    0.00173     0.78925
    H  4    0.21057      0.00000     0.78752    0.00191     0.78943
   Cl  5   -0.66780      9.99998     7.66535    0.00246    17.66780
   Br  6   -0.59906     27.99991     7.59597    0.00318    35.59906
 ====================================================================
 * Total * -1.00000     39.99946    21.97041    0.03013    62.00000

                                 Natural Population
 ---------------------------------------------------------
   Core                      39.99946 ( 99.9987% of   40)
   Valence                   21.97041 ( 99.8655% of   22)
   Natural Minimal Basis     61.96987 ( 99.9514% of   62)
   Natural Rydberg Basis      0.03013 (  0.0486% of   62)
 ---------------------------------------------------------

    Atom No         Natural Electron Configuration
 ----------------------------------------------------------------------------
      C  1      [core]2s( 1.24)2p( 3.11)3d( 0.01)
      H  2            1s( 0.79)
      H  3            1s( 0.79)
      H  4            1s( 0.79)
     Cl  5      [core]3s( 1.97)3p( 5.70)
     Br  6      [core]4s( 1.97)4p( 5.63)


 NATURAL BOND ORBITAL ANALYSIS:

                            Occupancies       Lewis Structure    Low   High
         Max    Occ     -------------------  -----------------   occ   occ
  Cycle  Ctr   Thresh    Lewis   non-Lewis     CR  BD  nC  LP    (L)   (NL)
 ============================================================================
    1     2     1.90    61.65196   0.34804     20   4   0   7     1      1
    2     2     1.66    61.65196   0.34804     20   4   0   7     0      1
    3     2     1.60    61.25939   0.74061     20   3   0   8     0      1
    4     2     1.90    61.65196   0.34804     20   4   0   7     1      1
 ----------------------------------------------------------------------------

 Strongly delocalized structure accepted

 -------------------------------------------------------
   Core                     39.99946 ( 99.999% of  40)
   Valence Lewis            21.65250 ( 98.420% of  22)
  ==================      =============================
   Total Lewis              61.65196 ( 99.439% of  62)
  -----------------------------------------------------
   Valence non-Lewis         0.33357 (  0.538% of  62)
   Rydberg non-Lewis         0.01447 (  0.023% of  62)
  ==================      =============================
   Total non-Lewis           0.34804 (  0.561% of  62)
 -------------------------------------------------------


     (Occupancy)   Bond orbital / Coefficients / Hybrids
 ------------------ Lewis ------------------------------------------------------
   1. (1.99957) CR ( 1) C  1            s(100.00%)
                                         1.0000  0.0000  0.0000  0.0000  0.0000
                                         0.0000  0.0000  0.0000  0.0000  0.0000
                                         0.0000  0.0000  0.0000  0.0000  0.0000
                                         0.0000  0.0000  0.0000  0.0000  0.0000
                                         0.0000  0.0000  0.0000  0.0000  0.0000
                                         0.0000  0.0000  0.0000  0.0000  0.0000
                                         0.0000  0.0000  0.0000  0.0000  0.0000
                                         0.0000
   2. (2.00000) CR ( 1)Cl  5            s(100.00%)
                                         1.0000  0.0000  0.0000  0.0000  0.0000
                                         0.0000  0.0000  0.0000  0.0000  0.0000
                                         0.0000  0.0000  0.0000  0.0000  0.0000
                                         0.0000  0.0000  0.0000  0.0000  0.0000
                                         0.0000  0.0000  0.0000  0.0000  0.0000
                                         0.0000  0.0000  0.0000  0.0000  0.0000
                                         0.0000  0.0000  0.0000  0.0000  0.0000
                                         0.0000  0.0000  0.0000  0.0000  0.0000
                                         0.0000  0.0000
   3. (1.99999) CR ( 2)Cl  5            s(100.00%)
                                         0.0000  1.0000  0.0000  0.0000  0.0000
                                         0.0000  0.0000  0.0000  0.0000  0.0000
                                         0.0000  0.0000  0.0000  0.0000  0.0000
                                         0.0000  0.0000  0.0000  0.0000  0.0000
                                         0.0000  0.0000  0.0000  0.0000  0.0000
                                         0.0000  0.0000  0.0000  0.0000  0.0000
                                         0.0000  0.0000  0.0000  0.0000  0.0000
                                         0.0000  0.0000  0.0000  0.0000  0.0000
                                         0.0000  0.0000
   4. (1.99999) CR ( 3)Cl  5            s(  0.00%)p 1.00(100.00%)
                                         0.0000  0.0000  0.0000  0.0000  0.0000
                                         0.0000  0.0000  1.0000  0.0000  0.0000
                                         0.0000  0.0000  0.0000  0.0000  0.0000
                                         0.0000  0.0000  0.0000  0.0000  0.0000
                                         0.0000  0.0000  0.0000  0.0000  0.0000
                                         0.0000  0.0000  0.0000  0.0000  0.0000
                                         0.0000  0.0000  0.0000  0.0000  0.0000
                                         0.0000  0.0000  0.0000  0.0000  0.0000
                                         0.0000  0.0000
   5. (2.00000) CR ( 4)Cl  5            s(  0.00%)p 1.00(100.00%)
                                         0.0000  0.0000  0.0000  0.0000  0.0000
                                         0.0000  0.0000  0.0000  0.0000  0.0000
                                         0.0000  0.0000  0.0000  1.0000  0.0000
                                         0.0000  0.0000  0.0000  0.0000  0.0000
                                         0.0000  0.0000  0.0000  0.0000  0.0000
                                         0.0000  0.0000  0.0000  0.0000  0.0000
                                         0.0000  0.0000  0.0000  0.0000  0.0000
                                         0.0000  0.0000  0.0000  0.0000  0.0000
                                         0.0000  0.0000
   6. (2.00000) CR ( 5)Cl  5            s(  0.00%)p 1.00(100.00%)
                                         0.0000  0.0000  0.0000  0.0000  0.0000
                                         0.0000  0.0000  0.0000  0.0000  0.0000
                                         0.0000  0.0000  0.0000  0.0000  0.0000
                                         0.0000  0.0000  0.0000  0.0000  1.0000
                                         0.0000  0.0000  0.0000  0.0000  0.0000
                                         0.0000  0.0000  0.0000  0.0000  0.0000
                                         0.0000  0.0000  0.0000  0.0000  0.0000
                                         0.0000  0.0000  0.0000  0.0000  0.0000
                                         0.0000  0.0000
   7. (2.00000) CR ( 1)Br  6            s(100.00%)
                                         1.0000  0.0000  0.0000  0.0000  0.0000
                                         0.0000  0.0000  0.0000  0.0000  0.0000
                                         0.0000  0.0000  0.0000  0.0000  0.0000
                                         0.0000  0.0000  0.0000  0.0000  0.0000
                                         0.0000  0.0000  0.0000  0.0000  0.0000
                                         0.0000  0.0000  0.0000  0.0000  0.0000
                                         0.0000  0.0000  0.0000  0.0000  0.0000
                                         0.0000  0.0000  0.0000  0.0000  0.0000
                                         0.0000  0.0000  0.0000  0.0000  0.0000
                                         0.0000  0.0000  0.0000  0.0000  0.0000
                                         0.0000  0.0000  0.0000  0.0000  0.0000
   8. (2.00000) CR ( 2)Br  6            s(100.00%)
                                         0.0000  1.0000  0.0000  0.0000  0.0000
                                         0.0000  0.0000  0.0000  0.0000  0.0000
                                         0.0000  0.0000  0.0000  0.0000  0.0000
                                         0.0000  0.0000  0.0000  0.0000  0.0000
                                         0.0000  0.0000  0.0000  0.0000  0.0000
                                         0.0000  0.0000  0.0000  0.0000  0.0000
                                         0.0000  0.0000  0.0000  0.0000  0.0000
                                         0.0000  0.0000  0.0000  0.0000  0.0000
                                         0.0000  0.0000  0.0000  0.0000  0.0000
                                         0.0000  0.0000  0.0000  0.0000  0.0000
                                         0.0000  0.0000  0.0000  0.0000  0.0000
   9. (1.99999) CR ( 3)Br  6            s(100.00%)
                                         0.0000  0.0000  1.0000  0.0000  0.0000
                                         0.0000  0.0000  0.0000  0.0000  0.0000
                                         0.0000  0.0000  0.0000  0.0000  0.0000
                                         0.0000  0.0000  0.0000  0.0000  0.0000
                                         0.0000  0.0000  0.0000  0.0000  0.0000
                                         0.0000  0.0000  0.0000  0.0000  0.0000
                                         0.0000  0.0000  0.0000  0.0000  0.0000
                                         0.0000  0.0000  0.0000  0.0000  0.0000
                                         0.0000  0.0000  0.0000  0.0000  0.0000
                                         0.0000  0.0000  0.0000  0.0000  0.0000
                                         0.0000  0.0000  0.0000  0.0000  0.0000
  10. (2.00000) CR ( 4)Br  6            s(  0.00%)p 1.00(100.00%)
                                         0.0000  0.0000  0.0000  0.0000  0.0000
                                         0.0000  0.0000  0.0000  0.0000  0.0000
                                         1.0000  0.0000  0.0000  0.0000  0.0000
                                         0.0000  0.0000  0.0000  0.0000  0.0000
                                         0.0000  0.0000  0.0000  0.0000  0.0000
                                         0.0000  0.0000  0.0000  0.0000  0.0000
                                         0.0000  0.0000  0.0000  0.0000  0.0000
                                         0.0000  0.0000  0.0000  0.0000  0.0000
                                         0.0000  0.0000  0.0000  0.0000  0.0000
                                         0.0000  0.0000  0.0000  0.0000  0.0000
                                         0.0000  0.0000  0.0000  0.0000  0.0000
  11. (1.99999) CR ( 5)Br  6            s(  0.00%)p 1.00(100.00%)
                                         0.0000  0.0000  0.0000  0.0000  0.0000
                                         0.0000  0.0000  0.0000  0.0000  0.0000
                                         0.0000  1.0000  0.0000  0.0000  0.0000
                                         0.0000  0.0000  0.0000  0.0000  0.0000
                                         0.0000  0.0000  0.0000  0.0000  0.0000
                                         0.0000  0.0000  0.0000  0.0000  0.0000
                                         0.0000  0.0000  0.0000  0.0000  0.0000
                                         0.0000  0.0000  0.0000  0.0000  0.0000
                                         0.0000  0.0000  0.0000  0.0000  0.0000
                                         0.0000  0.0000  0.0000  0.0000  0.0000
                                         0.0000  0.0000  0.0000  0.0000  0.0000
  12. (2.00000) CR ( 6)Br  6            s(  0.00%)p 1.00(100.00%)
                                         0.0000  0.0000  0.0000  0.0000  0.0000
                                         0.0000  0.0000  0.0000  0.0000  0.0000
                                         0.0000  0.0000  0.0000  0.0000  0.0000
                                         0.0000  1.0000  0.0000  0.0000  0.0000
                                         0.0000  0.0000  0.0000  0.0000  0.0000
                                         0.0000  0.0000  0.0000  0.0000  0.0000
                                         0.0000  0.0000  0.0000  0.0000  0.0000
                                         0.0000  0.0000  0.0000  0.0000  0.0000
                                         0.0000  0.0000  0.0000  0.0000  0.0000
                                         0.0000  0.0000  0.0000  0.0000  0.0000
                                         0.0000  0.0000  0.0000  0.0000  0.0000
  13. (2.00000) CR ( 7)Br  6            s(  0.00%)p 1.00(100.00%)
                                         0.0000  0.0000  0.0000  0.0000  0.0000
                                         0.0000  0.0000  0.0000  0.0000  0.0000
                                         0.0000  0.0000  0.0000  0.0000  0.0000
                                         0.0000  0.0000  1.0000  0.0000  0.0000
                                         0.0000  0.0000  0.0000  0.0000  0.0000
                                         0.0000  0.0000  0.0000  0.0000  0.0000
                                         0.0000  0.0000  0.0000  0.0000  0.0000
                                         0.0000  0.0000  0.0000  0.0000  0.0000
                                         0.0000  0.0000  0.0000  0.0000  0.0000
                                         0.0000  0.0000  0.0000  0.0000  0.0000
                                         0.0000  0.0000  0.0000  0.0000  0.0000
  14. (2.00000) CR ( 8)Br  6            s(  0.00%)p 1.00(100.00%)
                                         0.0000  0.0000  0.0000  0.0000  0.0000
                                         0.0000  0.0000  0.0000  0.0000  0.0000
                                         0.0000  0.0000  0.0000  0.0000  0.0000
                                         0.0000  0.0000  0.0000  0.0000  0.0000
                                         0.0000  0.0000  1.0000  0.0000  0.0000
                                         0.0000  0.0000  0.0000  0.0000  0.0000
                                         0.0000  0.0000  0.0000  0.0000  0.0000
                                         0.0000  0.0000  0.0000  0.0000  0.0000
                                         0.0000  0.0000  0.0000  0.0000  0.0000
                                         0.0000  0.0000  0.0000  0.0000  0.0000
                                         0.0000  0.0000  0.0000  0.0000  0.0000
  15. (2.00000) CR ( 9)Br  6            s(  0.00%)p 1.00(100.00%)
                                         0.0000  0.0000  0.0000  0.0000  0.0000
                                         0.0000  0.0000  0.0000  0.0000  0.0000
                                         0.0000  0.0000  0.0000  0.0000  0.0000
                                         0.0000  0.0000  0.0000  0.0000  0.0000
                                         0.0000  0.0000  0.0000  1.0000  0.0000
                                         0.0000  0.0000  0.0000  0.0000  0.0000
                                         0.0000  0.0000  0.0000  0.0000  0.0000
                                         0.0000  0.0000  0.0000  0.0000  0.0000
                                         0.0000  0.0000  0.0000  0.0000  0.0000
                                         0.0000  0.0000  0.0000  0.0000  0.0000
                                         0.0000  0.0000  0.0000  0.0000  0.0000
  16. (2.00000) CR (10)Br  6            s(  0.00%)p 0.00(  0.00%)d 1.00(100.00%)
                                         0.0000  0.0000  0.0000  0.0000  0.0000
                                         0.0000  0.0000  0.0000  0.0000  0.0000
                                         0.0000  0.0000  0.0000  0.0000  0.0000
                                         0.0000  0.0000  0.0000  0.0000  0.0000
                                         0.0000  0.0000  0.0000  0.0000  0.0000
                                         0.0000  0.0000  0.0000  1.0000  0.0000
                                         0.0000  0.0000  0.0000  0.0000  0.0000
                                         0.0000  0.0000  0.0000  0.0000  0.0000
                                         0.0000  0.0000  0.0000  0.0000  0.0000
                                         0.0000  0.0000  0.0000  0.0000  0.0000
                                         0.0000  0.0000  0.0000  0.0000  0.0000
  17. (2.00000) CR (11)Br  6            s(  0.00%)p 0.00(  0.00%)d 1.00(100.00%)
                                         0.0000  0.0000  0.0000  0.0000  0.0000
                                         0.0000  0.0000  0.0000  0.0000  0.0000
                                         0.0000  0.0000  0.0000  0.0000  0.0000
                                         0.0000  0.0000  0.0000  0.0000  0.0000
                                         0.0000  0.0000  0.0000  0.0000  0.0000
                                         0.0000  0.0000  0.0000  0.0000  0.0000
                                         0.0000  0.0000  1.0000  0.0000  0.0000
                                         0.0000  0.0000  0.0000  0.0000  0.0000
                                         0.0000  0.0000  0.0000  0.0000  0.0000
                                         0.0000  0.0000  0.0000  0.0000  0.0000
                                         0.0000  0.0000  0.0000  0.0000  0.0000
  18. (2.00000) CR (12)Br  6            s(  0.00%)p 0.00(  0.00%)d 1.00(100.00%)
                                         0.0000  0.0000  0.0000  0.0000  0.0000
                                         0.0000  0.0000  0.0000  0.0000  0.0000
                                         0.0000  0.0000  0.0000  0.0000  0.0000
                                         0.0000  0.0000  0.0000  0.0000  0.0000
                                         0.0000  0.0000  0.0000  0.0000  0.0000
                                         0.0000  0.0000  0.0000  0.0000  0.0000
                                         0.0000  0.0000  0.0000  0.0000  0.0000
                                         0.0000  1.0000  0.0000  0.0000  0.0000
                                         0.0000  0.0000  0.0000  0.0000  0.0000
                                         0.0000  0.0000  0.0000  0.0000  0.0000
                                         0.0000  0.0000  0.0000  0.0000  0.0000
  19. (1.99996) CR (13)Br  6            s(  0.00%)p 0.00(  0.00%)d 1.00(100.00%)
                                         0.0000  0.0000  0.0000  0.0000  0.0000
                                         0.0000  0.0000  0.0000  0.0000  0.0000
                                         0.0000  0.0000  0.0000  0.0000  0.0000
                                         0.0000  0.0000  0.0000  0.0000  0.0000
                                         0.0000  0.0000  0.0000  0.0000  0.0000
                                         0.0000  0.0000  0.0000  0.0000  0.0000
                                         0.0000  0.0000  0.0000  0.0000  0.0000
                                         0.0000  0.0000  0.0000  0.0000  0.0000
                                         1.0000  0.0000  0.0000  0.0000  0.0000
                                         0.0000  0.0000  0.0000  0.0000  0.0000
                                         0.0000  0.0000  0.0000  0.0000  0.0000
  20. (1.99999) CR (14)Br  6            s(  0.00%)p 0.00(  0.00%)d 1.00(100.00%)
                                         0.0000  0.0000  0.0000  0.0000  0.0000
                                         0.0000  0.0000  0.0000  0.0000  0.0000
                                         0.0000  0.0000  0.0000  0.0000  0.0000
                                         0.0000  0.0000  0.0000  0.0000  0.0000
                                         0.0000  0.0000  0.0000  0.0000  0.0000
                                         0.0000  0.0000  0.0000  0.0000  0.0000
                                         0.0000  0.0000  0.0000  0.0000  0.0000
                                         0.0000  0.0000  0.0000  0.0000  0.0000
                                         0.0000  0.0000  0.0000  0.0000  1.0000
                                         0.0000  0.0000  0.0000  0.0000  0.0000
                                         0.0000  0.0000  0.0000  0.0000  0.0000
  21. (1.99918) LP ( 1)Cl  5            s( 91.13%)p 0.10(  8.87%)d 0.00(  0.00%)
                                                  f 0.00(  0.00%)
                                         0.0000  0.0000  0.9546 -0.0014  0.0001
                                         0.0000  0.0000  0.0000 -0.2979  0.0014
                                        -0.0004 -0.0002  0.0000  0.0000  0.0000
                                         0.0000  0.0000  0.0000  0.0000  0.0000
                                        -0.0007  0.0000  0.0000  0.0000  0.0000
                                         0.0000  0.0000  0.0000  0.0000  0.0000
                                         0.0000 -0.0022 -0.0006  0.0013  0.0004
                                         0.0000  0.0006  0.0000  0.0000  0.0000
                                        -0.0008  0.0000
  22. (1.99853) LP ( 2)Cl  5            s(  0.00%)p 1.00(100.00%)d 0.00(  0.00%)
                                                  f 0.00(  0.00%)
                                         0.0000  0.0000  0.0000  0.0000  0.0000
                                         0.0000  0.0000  0.0000  0.0000  0.0000
                                         0.0000  0.0000  0.0000  0.0000 -1.0000
                                         0.0036  0.0001 -0.0002  0.0000  0.0000
                                         0.0034  0.0000  0.0000  0.0000  0.0000
                                        -0.0041 -0.0012  0.0000  0.0000 -0.0002
                                         0.0000  0.0000  0.0000  0.0000  0.0000
                                         0.0000  0.0000  0.0005  0.0000  0.0000
                                         0.0000 -0.0020
  23. (1.99852) LP ( 3)Cl  5            s(  0.00%)p 1.00(100.00%)d 0.00(  0.00%)
                                                  f 0.00(  0.00%)
                                         0.0000  0.0000  0.0004  0.0000  0.0000
                                         0.0000  0.0000  0.0000 -0.0011  0.0000
                                         0.0000  0.0000  0.0000  0.0000  0.0034
                                         0.0000  0.0000  0.0000  0.0000  0.0000
                                         1.0000 -0.0036 -0.0001  0.0002  0.0000
                                         0.0000  0.0000  0.0042  0.0013  0.0000
                                         0.0000 -0.0001  0.0000 -0.0001  0.0000
                                        -0.0013  0.0000  0.0000  0.0016  0.0000
                                         0.0000  0.0000
  24. (1.66982) LP ( 4)Cl  5            s(  8.87%)p10.27( 91.11%)d 0.00(  0.02%)
                                                  f 0.00(  0.00%)
                                         0.0000  0.0000  0.2978  0.0054 -0.0003
                                         0.0001  0.0000  0.0000  0.9545  0.0096
                                         0.0002 -0.0006 -0.0001  0.0000  0.0000
                                         0.0000  0.0000  0.0000  0.0000  0.0000
                                         0.0009  0.0000  0.0000  0.0000  0.0000
                                         0.0000  0.0000  0.0000  0.0000  0.0000
                                         0.0000  0.0119 -0.0007 -0.0068  0.0004
                                         0.0000 -0.0013  0.0000  0.0000  0.0000
                                         0.0017  0.0000
  25. (1.99926) LP ( 1)Br  6            s( 92.13%)p 0.09(  7.86%)d 0.00(  0.00%)
                                                  f 0.00(  0.00%)
                                         0.0000  0.0000  0.0000  0.9599 -0.0020
                                        -0.0002  0.0000  0.0000  0.0000  0.0000
                                         0.0000  0.0000  0.2804 -0.0011 -0.0010
                                        -0.0002  0.0000  0.0000 -0.0001  0.0000
                                         0.0000  0.0000  0.0000  0.0000  0.0001
                                         0.0000  0.0000  0.0000  0.0000  0.0000
                                         0.0000  0.0000  0.0000  0.0000  0.0000
                                         0.0000  0.0000  0.0000  0.0000  0.0000
                                         0.0000 -0.0031  0.0013  0.0009  0.0000
                                         0.0018 -0.0007 -0.0005  0.0000 -0.0007
                                         0.0000  0.0000  0.0000  0.0009  0.0000
  26. (1.99833) LP ( 2)Br  6            s(  0.00%)p 1.00(100.00%)d 0.00(  0.00%)
                                                  f 0.00(  0.00%)
                                         0.0000  0.0000  0.0000  0.0001  0.0000
                                         0.0000  0.0000  0.0000  0.0000  0.0000
                                         0.0000  0.0000 -0.0001  0.0000  0.0000
                                         0.0000  0.0000  0.0000  0.9977 -0.0052
                                        -0.0002 -0.0001  0.0000  0.0000 -0.0671
                                         0.0004  0.0000  0.0000  0.0000 -0.0044
                                         0.0013  0.0001  0.0000  0.0003 -0.0001
                                         0.0000  0.0000  0.0003 -0.0002  0.0000
                                         0.0000  0.0000  0.0000  0.0000  0.0000
                                         0.0000  0.0000  0.0000  0.0001  0.0000
                                        -0.0007 -0.0002  0.0000  0.0000  0.0028
  27. (1.99832) LP ( 3)Br  6            s(  0.00%)p 1.00(100.00%)d 0.00(  0.00%)
                                                  f 0.00(  0.00%)
                                         0.0000  0.0000  0.0000  0.0003  0.0000
                                         0.0000  0.0000  0.0000  0.0000  0.0000
                                         0.0000  0.0000 -0.0007  0.0000  0.0000
                                         0.0000  0.0000  0.0000 -0.0671  0.0003
                                         0.0000  0.0000  0.0000  0.0000 -0.9977
                                         0.0052  0.0002  0.0001  0.0000  0.0003
                                        -0.0001  0.0000  0.0000  0.0044 -0.0013
                                        -0.0001  0.0000  0.0000  0.0000  0.0000
                                         0.0000  0.0001 -0.0001  0.0000  0.0000
                                         0.0002 -0.0001  0.0000  0.0017  0.0000
                                         0.0000 -0.0022  0.0000  0.0000 -0.0002
  28. (1.99798) BD ( 1) C  1- H  2
               ( 60.69%)   0.7790* C  1 s( 33.08%)p 2.01( 66.62%)d 0.01(  0.24%)
                                                  f 0.00(  0.06%)
                                         0.0000  0.5752  0.0016  0.0004  0.0000
                                         0.0000  0.0000 -0.0426 -0.0002  0.0001
                                         0.0003  0.7004 -0.0115 -0.0008 -0.0001
                                        -0.4167 -0.0069  0.0006  0.0001  0.0005
                                        -0.0009 -0.0003  0.0005 -0.0387 -0.0022
                                        -0.0283 -0.0034 -0.0080  0.0012  0.0078
                                        -0.0003  0.0044  0.0174  0.0006  0.0009
                                        -0.0144
               ( 39.31%)   0.6270* H  2 s( 99.92%)p 0.00(  0.08%)
                                         0.9996 -0.0006 -0.0005  0.0009 -0.0248
                                         0.0141
  29. (1.99798) BD ( 1) C  1- H  3
               ( 60.69%)   0.7790* C  1 s( 33.08%)p 2.01( 66.62%)d 0.01(  0.24%)
                                                  f 0.00(  0.06%)
                                         0.0000  0.5752  0.0016  0.0004  0.0000
                                         0.0000  0.0000 -0.0427 -0.0002  0.0001
                                         0.0003 -0.7111  0.0117  0.0009  0.0001
                                        -0.3982 -0.0066  0.0006  0.0001 -0.0005
                                         0.0009 -0.0003  0.0005  0.0375  0.0022
                                        -0.0293 -0.0034 -0.0097  0.0011  0.0081
                                        -0.0003 -0.0031  0.0171 -0.0005  0.0010
                                         0.0150
               ( 39.31%)   0.6270* H  3 s( 99.92%)p 0.00(  0.08%)
                                         0.9996 -0.0006 -0.0005  0.0009  0.0254
                                         0.0136
  30. (1.99797) BD ( 1) C  1- H  4
               ( 60.68%)   0.7790* C  1 s( 33.08%)p 2.01( 66.63%)d 0.01(  0.23%)
                                                  f 0.00(  0.06%)
                                         0.0000  0.5751  0.0016  0.0004  0.0000
                                         0.0000  0.0000 -0.0427 -0.0002  0.0001
                                         0.0003  0.0107 -0.0002  0.0000  0.0000
                                         0.8150  0.0134 -0.0011 -0.0001  0.0000
                                         0.0000  0.0006 -0.0010  0.0011  0.0001
                                         0.0040 -0.0025  0.0478  0.0039  0.0240
                                        -0.0011  0.0007 -0.0035  0.0000  0.0004
                                        -0.0001
               ( 39.32%)   0.6270* H  4 s( 99.89%)p 0.00(  0.11%)
                                         0.9995 -0.0006 -0.0005  0.0010 -0.0004
                                        -0.0325
  31. (1.99662) BD ( 1) C  1-Br  6
               ( 23.59%)   0.4856* C  1 s(  0.63%)p99.99( 99.21%)d 0.25(  0.16%)
                                                  f 0.01(  0.00%)
                                         0.0000  0.0754 -0.0246 -0.0063 -0.0011
                                         0.0000  0.0000  0.9946  0.0526  0.0040
                                         0.0014  0.0000  0.0000  0.0000  0.0000
                                         0.0000  0.0001  0.0000  0.0000  0.0000
                                         0.0000 -0.0002  0.0001  0.0000  0.0000
                                         0.0336 -0.0069 -0.0194  0.0035 -0.0047
                                        -0.0006 -0.0002 -0.0036  0.0000  0.0006
                                        -0.0001
               ( 76.41%)   0.8742*Br  6 s(  7.87%)p11.70( 92.09%)d 0.00(  0.04%)
                                                  f 0.00(  0.00%)
                                         0.0000  0.0000  0.0000  0.2804  0.0093
                                         0.0004  0.0000  0.0000  0.0001  0.0000
                                         0.0000  0.0000 -0.9595 -0.0181 -0.0009
                                        -0.0003  0.0000  0.0000  0.0000  0.0000
                                         0.0000  0.0000  0.0000  0.0000  0.0008
                                         0.0000  0.0000  0.0000  0.0000  0.0000
                                         0.0000  0.0000  0.0000  0.0000  0.0000
                                         0.0000  0.0000  0.0000  0.0000  0.0000
                                         0.0000  0.0171 -0.0002  0.0005  0.0000
                                        -0.0098  0.0000 -0.0003  0.0000  0.0019
                                         0.0000  0.0001  0.0000 -0.0025  0.0000
 ---------------- non-Lewis ----------------------------------------------------
  32. (0.00462) BD*( 1) C  1- H  2
               ( 39.31%)   0.6270* C  1 s( 33.08%)p 2.01( 66.62%)d 0.01(  0.24%)
                                                  f 0.00(  0.06%)
                                         0.0000 -0.5752 -0.0016 -0.0004  0.0000
                                         0.0000  0.0000  0.0426  0.0002 -0.0001
                                        -0.0003 -0.7004  0.0115  0.0008  0.0001
                                         0.4167  0.0069 -0.0006 -0.0001 -0.0005
                                         0.0009  0.0003 -0.0005  0.0387  0.0022
                                         0.0283  0.0034  0.0080 -0.0012 -0.0078
                                         0.0003 -0.0044 -0.0174 -0.0006 -0.0009
                                         0.0144
               ( 60.69%)  -0.7790* H  2 s( 99.92%)p 0.00(  0.08%)
                                        -0.9996  0.0006  0.0005 -0.0009  0.0248
                                        -0.0141
  33. (0.00462) BD*( 1) C  1- H  3
               ( 39.31%)   0.6270* C  1 s( 33.08%)p 2.01( 66.62%)d 0.01(  0.24%)
                                                  f 0.00(  0.06%)
                                         0.0000 -0.5752 -0.0016 -0.0004  0.0000
                                         0.0000  0.0000  0.0427  0.0002 -0.0001
                                        -0.0003  0.7111 -0.0117 -0.0009 -0.0001
                                         0.3982  0.0066 -0.0006 -0.0001  0.0005
                                        -0.0009  0.0003 -0.0005 -0.0375 -0.0022
                                         0.0293  0.0034  0.0097 -0.0011 -0.0081
                                         0.0003  0.0031 -0.0171  0.0005 -0.0010
                                        -0.0150
               ( 60.69%)  -0.7790* H  3 s( 99.92%)p 0.00(  0.08%)
                                        -0.9996  0.0006  0.0005 -0.0009 -0.0254
                                        -0.0136
  34. (0.00462) BD*( 1) C  1- H  4
               ( 39.32%)   0.6270* C  1 s( 33.08%)p 2.01( 66.63%)d 0.01(  0.23%)
                                                  f 0.00(  0.06%)
                                         0.0000 -0.5751 -0.0016 -0.0004  0.0000
                                         0.0000  0.0000  0.0427  0.0002 -0.0001
                                        -0.0003 -0.0107  0.0002  0.0000  0.0000
                                        -0.8150 -0.0134  0.0011  0.0001  0.0000
                                         0.0000 -0.0006  0.0010 -0.0011 -0.0001
                                        -0.0040  0.0025 -0.0478 -0.0039 -0.0240
                                         0.0011 -0.0007  0.0035  0.0000 -0.0004
                                         0.0001
               ( 60.68%)  -0.7790* H  4 s( 99.89%)p 0.00(  0.11%)
                                        -0.9995  0.0006  0.0005 -0.0010  0.0004
                                         0.0325
  35. (0.31971) BD*( 1) C  1-Br  6
               ( 76.41%)   0.8742* C  1 s(  0.63%)p99.99( 99.21%)d 0.25(  0.16%)
                                                  f 0.01(  0.00%)
                                         0.0000 -0.0754  0.0246  0.0063  0.0011
                                         0.0000  0.0000 -0.9946 -0.0526 -0.0040
                                        -0.0014  0.0000  0.0000  0.0000  0.0000
                                         0.0000 -0.0001  0.0000  0.0000  0.0000
                                         0.0000  0.0002 -0.0001  0.0000  0.0000
                                        -0.0336  0.0069  0.0194 -0.0035  0.0047
                                         0.0006  0.0002  0.0036  0.0000 -0.0006
                                         0.0001
               ( 23.59%)  -0.4856*Br  6 s(  7.87%)p11.70( 92.09%)d 0.00(  0.04%)
                                                  f 0.00(  0.00%)
                                         0.0000  0.0000  0.0000 -0.2804 -0.0093
                                        -0.0004  0.0000  0.0000 -0.0001  0.0000
                                         0.0000  0.0000  0.9595  0.0181  0.0009
                                         0.0003  0.0000  0.0000  0.0000  0.0000
                                         0.0000  0.0000  0.0000  0.0000 -0.0008
                                         0.0000  0.0000  0.0000  0.0000  0.0000
                                         0.0000  0.0000  0.0000  0.0000  0.0000
                                         0.0000  0.0000  0.0000  0.0000  0.0000
                                         0.0000 -0.0171  0.0002 -0.0005  0.0000
                                         0.0098  0.0000  0.0003  0.0000 -0.0019
                                         0.0000 -0.0001  0.0000  0.0025  0.0000
  36. (0.00371) RY ( 1) C  1            s( 29.83%)p 0.02(  0.51%)d 2.26( 67.30%)
                                                  f 0.08(  2.36%)
                                         0.0000 -0.0310  0.5407  0.0703 -0.0035
                                         0.0000 -0.0001  0.0471  0.0458  0.0102
                                        -0.0261  0.0000  0.0000  0.0000  0.0000
                                         0.0002 -0.0031  0.0011  0.0006  0.0000
                                         0.0000  0.0001  0.0000 -0.0004  0.0001
                                        -0.7076  0.0786  0.4061 -0.0344  0.1200
                                        -0.0116  0.0058  0.0936  0.0000  0.0153
                                         0.0014
  37. (0.00084) RY ( 2) C  1            s(  0.68%)p99.99( 98.71%)d 0.20(  0.14%)
                                                  f 0.70(  0.47%)
                                         0.0000  0.0024  0.0617 -0.0498 -0.0225
                                        -0.0001  0.0010  0.0532 -0.9831  0.0873
                                         0.1007  0.0000 -0.0003  0.0001  0.0000
                                         0.0001 -0.0025 -0.0004 -0.0001  0.0003
                                        -0.0001 -0.0088  0.0033 -0.0001  0.0000
                                        -0.0191 -0.0249  0.0098  0.0147  0.0034
                                         0.0414  0.0002  0.0031 -0.0001 -0.0547
                                         0.0000
  38. (0.00069) RY ( 3) C  1            s(  0.00%)p 1.00( 37.86%)d 1.62( 61.36%)
                                                  f 0.02(  0.78%)
                                         0.0000  0.0000  0.0003 -0.0001  0.0000
                                         0.0000  0.0000  0.0001 -0.0010  0.0001
                                         0.0001  0.0213  0.6051 -0.1003  0.0096
                                        -0.0015  0.0417  0.0068 -0.0007 -0.7125
                                         0.2779  0.0463 -0.0181  0.1602  0.0240
                                         0.0022  0.0004  0.0041  0.0007  0.0037
                                         0.0001 -0.0219 -0.0048  0.0080  0.0002
                                         0.0852
  39. (0.00069) RY ( 4) C  1            s(  0.00%)p 1.00( 43.75%)d 1.26( 55.30%)
                                                  f 0.02(  0.94%)
                                         0.0000  0.0001  0.0024 -0.0009 -0.0001
                                         0.0000  0.0000  0.0006 -0.0085  0.0007
                                         0.0004 -0.0015 -0.0421  0.0069 -0.0008
                                        -0.0227  0.6511  0.1052 -0.0134  0.0460
                                        -0.0180  0.6719 -0.2626 -0.0044 -0.0006
                                         0.0847  0.0136  0.1494  0.0235  0.0589
                                         0.0039  0.0015 -0.0766 -0.0002  0.0042
                                        -0.0060
  40. (0.00062) RY ( 5) C  1            s(  0.00%)p 1.00( 52.15%)d 0.88( 45.81%)
                                                  f 0.04(  2.04%)
                                         0.0000  0.0000  0.0002  0.0000  0.0000
                                         0.0000  0.0000  0.0000  0.0001  0.0000
                                         0.0000  0.0258  0.7132 -0.0810  0.0697
                                        -0.0009  0.0257  0.0029 -0.0025  0.5961
                                        -0.2319 -0.0213  0.0083  0.2169  0.0384
                                        -0.0005 -0.0001 -0.0006 -0.0001  0.0031
                                         0.0001 -0.0355 -0.0041 -0.0015 -0.0001
                                         0.1382
  41. (0.00062) RY ( 6) C  1            s(  0.00%)p 1.00( 46.39%)d 1.12( 51.74%)
                                                  f 0.04(  1.87%)
                                         0.0000  0.0001  0.0022  0.0000  0.0002
                                         0.0000  0.0000 -0.0004  0.0048 -0.0004
                                        -0.0004 -0.0009 -0.0241  0.0026 -0.0025
                                        -0.0242  0.6727  0.0735 -0.0690 -0.0231
                                         0.0090 -0.6411  0.2500  0.0007  0.0001
                                         0.1015  0.0167  0.1784  0.0306  0.0834
                                         0.0008  0.0012 -0.1082  0.0000 -0.0008
                                        -0.0047
  42. (0.00022) RY ( 7) C  1            s( 83.81%)p 0.01(  0.45%)d 0.18( 15.23%)
                                                  f 0.01(  0.52%)
                                         0.0000  0.0130  0.6819 -0.6102  0.0234
                                         0.0000  0.0002 -0.0071  0.0622 -0.0222
                                        -0.0074  0.0000 -0.0001  0.0000  0.0000
                                        -0.0001 -0.0014 -0.0008  0.0001  0.0000
                                         0.0000  0.0001 -0.0001  0.0001 -0.0001
                                         0.3294 -0.0762 -0.1909  0.0390 -0.0538
                                        -0.0151 -0.0025 -0.0411  0.0000  0.0197
                                        -0.0007
  43. (0.00001) RY ( 8) C  1            s( 20.72%)p 0.05(  1.04%)d 0.39(  8.16%)
                                                  f 3.38( 70.08%)
  44. (0.00000) RY ( 9) C  1            s(  0.89%)p94.52( 83.84%)d 3.39(  3.01%)
                                                  f13.82( 12.26%)
  45. (0.00000) RY (10) C  1            s( 97.41%)p 0.01(  0.54%)d 0.01(  1.38%)
                                                  f 0.01(  0.68%)
  46. (0.00000) RY (11) C  1            s(  0.00%)p 1.00( 40.69%)d 1.05( 42.62%)
                                                  f 0.41( 16.69%)
  47. (0.00000) RY (12) C  1            s(  0.00%)p 1.00( 80.83%)d 0.12(  9.31%)
                                                  f 0.12(  9.86%)
  48. (0.00000) RY (13) C  1            s( 81.46%)p 0.15( 12.44%)d 0.04(  3.60%)
                                                  f 0.03(  2.49%)
  49. (0.00000) RY (14) C  1            s(  0.11%)p99.99( 27.04%)d99.99( 50.06%)
                                                  f99.99( 22.79%)
  50. (0.00000) RY (15) C  1            s(  0.01%)p99.99( 80.30%)d99.99(  9.83%)
                                                  f99.99(  9.86%)
  51. (0.00000) RY (16) C  1            s( 93.89%)p 0.02(  1.48%)d 0.04(  3.67%)
                                                  f 0.01(  0.96%)
  52. (0.00000) RY (17) C  1            s(  0.01%)p 1.00( 31.22%)d 1.51( 47.19%)
                                                  f 0.69( 21.58%)
  53. (0.00000) RY (18) C  1            s( 11.31%)p 3.29( 37.19%)d 3.24( 36.63%)
                                                  f 1.31( 14.87%)
  54. (0.00000) RY (19) C  1            s(  0.19%)p64.59( 12.49%)d99.99( 52.00%)
                                                  f99.99( 35.31%)
  55. (0.00000) RY (20) C  1            s(  0.01%)p 1.00( 12.63%)d 4.07( 51.38%)
                                                  f 2.85( 35.98%)
  56. (0.00000) RY (21) C  1            s(  0.27%)p81.43( 21.89%)d99.99( 71.93%)
                                                  f22.00(  5.91%)
  57. (0.00000) RY (22) C  1            s( 37.73%)p 0.73( 27.67%)d 0.41( 15.34%)
                                                  f 0.51( 19.26%)
  58. (0.00000) RY (23) C  1            s(  5.10%)p 0.80(  4.08%)d14.33( 73.06%)
                                                  f 3.49( 17.76%)
  59. (0.00000) RY (24) C  1            s( 28.03%)p 1.21( 33.78%)d 0.34(  9.45%)
                                                  f 1.03( 28.74%)
  60. (0.00000) RY (25) C  1            s(  5.45%)p 3.42( 18.65%)d13.59( 74.06%)
                                                  f 0.34(  1.83%)
  61. (0.00000) RY (26) C  1            s(  0.46%)p 8.59(  3.91%)d99.99( 49.14%)
                                                  f99.99( 46.49%)
  62. (0.00000) RY (27) C  1            s(  0.25%)p 4.57(  1.14%)d12.49(  3.11%)
                                                  f99.99( 95.51%)
  63. (0.00000) RY (28) C  1            s(  0.12%)p99.99( 22.87%)d99.99( 13.63%)
                                                  f99.99( 63.38%)
  64. (0.00000) RY (29) C  1            s(  0.42%)p 8.29(  3.49%)d99.99( 47.43%)
                                                  f99.99( 48.65%)
  65. (0.00000) RY (30) C  1            s(  1.64%)p26.53( 43.63%)d 4.42(  7.27%)
                                                  f28.86( 47.46%)
  66. (0.00000) RY (31) C  1            s(  0.34%)p54.30( 18.25%)d56.47( 18.98%)
                                                  f99.99( 62.43%)
  67. (0.00071) RY ( 1) H  2            s( 95.37%)p 0.05(  4.63%)
                                        -0.0042  0.9765  0.0109 -0.1318 -0.1441
                                         0.0906
  68. (0.00020) RY ( 2) H  2            s( 48.62%)p 1.06( 51.38%)
                                         0.0022 -0.0966  0.6906 -0.7155  0.0344
                                        -0.0268
  69. (0.00010) RY ( 3) H  2            s( 52.76%)p 0.90( 47.24%)
                                         0.0011  0.0927  0.7204  0.6857  0.0354
                                        -0.0314
  70. (0.00004) RY ( 4) H  2            s(  3.33%)p29.06( 96.67%)
  71. (0.00000) RY ( 5) H  2            s(  0.01%)p 1.00( 99.99%)
  72. (0.00071) RY ( 1) H  3            s( 95.37%)p 0.05(  4.63%)
                                        -0.0042  0.9765  0.0111 -0.1319  0.1462
                                         0.0868
  73. (0.00020) RY ( 2) H  3            s( 48.47%)p 1.06( 51.53%)
                                         0.0021 -0.0976  0.6893 -0.7167 -0.0323
                                        -0.0251
  74. (0.00010) RY ( 3) H  3            s( 52.98%)p 0.89( 47.02%)
                                         0.0009  0.0912  0.7222  0.6845 -0.0296
                                        -0.0280
  75. (0.00004) RY ( 4) H  3            s(  3.25%)p29.77( 96.75%)
  76. (0.00000) RY ( 5) H  3            s(  0.01%)p99.99( 99.99%)
  77. (0.00071) RY ( 1) H  4            s( 95.47%)p 0.05(  4.53%)
                                        -0.0046  0.9769  0.0147 -0.1358 -0.0021
                                        -0.1640
  78. (0.00021) RY ( 2) H  4            s( 45.79%)p 1.18( 54.21%)
                                         0.0009 -0.1126  0.6672 -0.7363  0.0004
                                        -0.0017
  79. (0.00010) RY ( 3) H  4            s( 55.57%)p 0.80( 44.43%)
                                        -0.0027  0.0683  0.7423  0.6624 -0.0002
                                        -0.0747
  80. (0.00004) RY ( 4) H  4            s(  3.29%)p29.43( 96.71%)
  81. (0.00000) RY ( 5) H  4            s(  0.00%)p 1.00(100.00%)
  82. (0.00114) RY ( 1)Cl  5            s(  0.51%)p61.64( 31.60%)d99.99( 66.43%)
                                                  f 2.84(  1.45%)
                                         0.0000  0.0000 -0.0037  0.0260  0.0665
                                         0.0034  0.0010  0.0000 -0.0166  0.5613
                                         0.0179  0.0182  0.0032  0.0000  0.0000
                                         0.0000  0.0000  0.0000  0.0000  0.0000
                                         0.0000  0.0010  0.0001  0.0001  0.0000
                                         0.0000  0.0000  0.0011  0.0001  0.0000
                                         0.0000  0.7051 -0.0231 -0.4079  0.0142
                                         0.0026 -0.0739  0.0001  0.0023  0.0000
                                         0.0953  0.0000
  83. (0.00025) RY ( 2)Cl  5            s(  0.00%)p 1.00(  9.96%)d 8.86( 88.32%)
                                                  f 0.17(  1.72%)
                                         0.0000  0.0000  0.0000  0.0047  0.0003
                                        -0.0002 -0.0001  0.0000  0.0000  0.0039
                                        -0.0025 -0.0009  0.0001  0.0000  0.0001
                                        -0.0055  0.0012  0.0007 -0.0001  0.0000
                                         0.0030 -0.3067  0.0648  0.0362 -0.0037
                                        -0.0167 -0.0002 -0.9190 -0.0079 -0.0034
                                        -0.0023 -0.0816 -0.0593 -0.1391 -0.0937
                                         0.0797 -0.0123  0.0006 -0.1028 -0.0003
                                        -0.0106 -0.0023
  84. (0.00025) RY ( 3)Cl  5            s(  0.00%)p 1.00( 10.13%)d 8.70( 88.15%)
                                                  f 0.17(  1.72%)
                                         0.0000  0.0000  0.0000 -0.0001  0.0000
                                         0.0000  0.0000  0.0000  0.0000 -0.0001
                                         0.0000  0.0000  0.0000  0.0000 -0.0029
                                         0.3094 -0.0649 -0.0363  0.0038  0.0000
                                         0.0001 -0.0057  0.0012  0.0007 -0.0001
                                         0.9187  0.0069 -0.0167 -0.0001 -0.1590
                                        -0.1087  0.0018  0.0013  0.0029  0.0020
                                         0.0014  0.0003 -0.0325 -0.0019 -0.0159
                                         0.0002  0.1259
  85. (0.00009) RY ( 4)Cl  5            s( 53.17%)p 0.51( 27.08%)d 0.21( 11.20%)
                                                  f 0.16(  8.54%)
  86. (0.00001) RY ( 5)Cl  5            s(  0.00%)p 1.00( 81.28%)d 0.23( 18.59%)
                                                  f 0.00(  0.13%)
  87. (0.00001) RY ( 6)Cl  5            s(  0.00%)p 1.00( 81.10%)d 0.23( 18.77%)
                                                  f 0.00(  0.13%)
  88. (0.00000) RY ( 7)Cl  5            s( 95.10%)p 0.04(  3.67%)d 0.01(  0.80%)
                                                  f 0.00(  0.43%)
  89. (0.00000) RY ( 8)Cl  5            s(  5.78%)p14.88( 86.01%)d 0.82(  4.72%)
                                                  f 0.60(  3.49%)
  90. (0.00000) RY ( 9)Cl  5            s( 11.39%)p 5.38( 61.22%)d 1.78( 20.21%)
                                                  f 0.63(  7.18%)
  91. (0.00000) RY (10)Cl  5            s( 87.56%)p 0.14( 12.02%)d 0.00(  0.07%)
                                                  f 0.00(  0.35%)
  92. (0.00000) RY (11)Cl  5            s(  0.00%)p 1.00( 86.08%)d 0.16( 13.65%)
                                                  f 0.00(  0.28%)
  93. (0.00000) RY (12)Cl  5            s(  0.00%)p 1.00( 49.96%)d 0.88( 43.72%)
                                                  f 0.13(  6.32%)
  94. (0.00000) RY (13)Cl  5            s(  0.00%)p 1.00( 83.56%)d 0.17( 14.10%)
                                                  f 0.03(  2.34%)
  95. (0.00000) RY (14)Cl  5            s( 13.64%)p 0.04(  0.51%)d 1.34( 18.26%)
                                                  f 4.96( 67.59%)
  96. (0.00000) RY (15)Cl  5            s(  0.00%)p 1.00( 74.77%)d 0.24( 18.10%)
                                                  f 0.10(  7.13%)
  97. (0.00000) RY (16)Cl  5            s(  0.01%)p 1.00( 67.55%)d 0.47( 31.74%)
                                                  f 0.01(  0.70%)
  98. (0.00000) RY (17)Cl  5            s(  0.00%)p 1.00( 64.57%)d 0.55( 35.36%)
                                                  f 0.00(  0.06%)
  99. (0.00000) RY (18)Cl  5            s(  0.00%)p 1.00( 49.84%)d 1.01( 50.13%)
                                                  f 0.00(  0.03%)
 100. (0.00000) RY (19)Cl  5            s( 15.59%)p 1.10( 17.13%)d 1.46( 22.73%)
                                                  f 2.86( 44.54%)
 101. (0.00000) RY (20)Cl  5            s(  0.00%)p 1.00( 60.73%)d 0.36( 22.10%)
                                                  f 0.28( 17.17%)
 102. (0.00000) RY (21)Cl  5            s(  0.02%)p99.99( 16.46%)d99.99( 60.18%)
                                                  f99.99( 23.34%)
 103. (0.00000) RY (22)Cl  5            s(  0.65%)p 5.33(  3.49%)d99.99( 90.49%)
                                                  f 8.19(  5.36%)
 104. (0.00000) RY (23)Cl  5            s(  7.75%)p 8.76( 67.84%)d 1.23(  9.54%)
                                                  f 1.92( 14.87%)
 105. (0.00000) RY (24)Cl  5            s( 22.52%)p 0.79( 17.80%)d 2.63( 59.30%)
                                                  f 0.02(  0.38%)
 106. (0.00000) RY (25)Cl  5            s(  0.31%)p52.97( 16.64%)d99.99( 64.87%)
                                                  f57.83( 18.17%)
 107. (0.00000) RY (26)Cl  5            s(  1.40%)p 3.74(  5.25%)d49.39( 69.30%)
                                                  f17.14( 24.05%)
 108. (0.00000) RY (27)Cl  5            s(  0.00%)p 1.00( 18.95%)d 1.00( 18.99%)
                                                  f 3.27( 62.06%)
 109. (0.00000) RY (28)Cl  5            s( 46.36%)p 0.02(  0.88%)d 0.23( 10.71%)
                                                  f 0.91( 42.04%)
 110. (0.00000) RY (29)Cl  5            s(  0.00%)p 1.00(  0.03%)d 4.71(  0.12%)
                                                  f99.99( 99.86%)
 111. (0.00000) RY (30)Cl  5            s( 36.08%)p 0.04(  1.50%)d 0.11(  3.86%)
                                                  f 1.62( 58.57%)
 112. (0.00000) RY (31)Cl  5            s(  0.03%)p46.83(  1.37%)d99.99( 11.98%)
                                                  f99.99( 86.62%)
 113. (0.00000) RY (32)Cl  5            s(  2.11%)p34.68( 73.34%)d 2.36(  5.00%)
                                                  f 9.24( 19.55%)
 114. (0.00000) RY (33)Cl  5            s(  0.00%)p 1.00( 17.70%)d 0.48(  8.47%)
                                                  f 4.17( 73.83%)
 115. (0.00124) RY ( 1)Br  6            s(  0.75%)p60.37( 45.34%)d70.06( 52.62%)
                                                  f 1.72(  1.29%)
                                         0.0000  0.0000  0.0000 -0.0058  0.0791
                                        -0.0338  0.0012  0.0003  0.0089  0.0000
                                         0.0000  0.0000  0.0266 -0.6724  0.0219
                                         0.0072  0.0000  0.0000  0.0000  0.0000
                                         0.0000  0.0000  0.0000  0.0000  0.0000
                                         0.0007  0.0000  0.0000  0.0000  0.0000
                                         0.0000  0.0000  0.0000 -0.0005 -0.0003
                                         0.0000  0.0000  0.0000  0.0000  0.0000
                                         0.0000  0.6116  0.1428 -0.0043  0.0000
                                        -0.3534 -0.0826  0.0013  0.0039  0.0696
                                         0.0002  0.0033  0.0000 -0.0897  0.0000
 116. (0.00035) RY ( 2)Br  6            s(  0.00%)p 1.00(  7.14%)d12.45( 88.90%)
                                                  f 0.55(  3.96%)
                                         0.0000  0.0000  0.0000  0.0000  0.0001
                                         0.0000  0.0000  0.0000  0.0000  0.0000
                                         0.0000  0.0000  0.0000 -0.0001  0.0000
                                         0.0000  0.0000  0.0000  0.0032 -0.2506
                                         0.0920  0.0116  0.0000  0.0000  0.0000
                                         0.0026 -0.0010 -0.0001  0.0000  0.8875
                                        -0.0866  0.0079  0.0000 -0.0093  0.0009
                                        -0.0001  0.0000  0.2083 -0.2240 -0.0037
                                         0.0000 -0.0031  0.0034  0.0001  0.0000
                                        -0.0052  0.0056  0.0001 -0.0013  0.0006
                                         0.0494  0.0016 -0.0251  0.0005 -0.1912
 117. (0.00036) RY ( 3)Br  6            s(  0.00%)p 1.00(  7.02%)d12.68( 89.03%)
                                                  f 0.56(  3.95%)
                                         0.0000  0.0000  0.0000  0.0000  0.0033
                                        -0.0002  0.0003  0.0001  0.0001 -0.0001
                                         0.0000  0.0000 -0.0001 -0.0013  0.0017
                                         0.0006  0.0000  0.0000  0.0000 -0.0025
                                         0.0009  0.0001  0.0000  0.0000  0.0032
                                        -0.2485  0.0910  0.0115  0.0000  0.0092
                                        -0.0009  0.0001  0.0000  0.8866 -0.0884
                                         0.0078  0.0000 -0.0060  0.0065  0.0001
                                         0.0000 -0.1069  0.1171  0.0021  0.0000
                                        -0.1816  0.1949  0.0033  0.1208  0.0200
                                         0.0005 -0.1559  0.0007  0.0158 -0.0020
 118. (0.00010) RY ( 4)Br  6            s( 32.07%)p 0.71( 22.90%)d 0.95( 30.34%)
                                                  f 0.46( 14.69%)
 119. (0.00003) RY ( 5)Br  6            s(  0.00%)p 1.00( 66.50%)d 0.50( 33.04%)
                                                  f 0.01(  0.46%)
 120. (0.00003) RY ( 6)Br  6            s(  0.00%)p 1.00( 66.45%)d 0.50( 33.09%)
                                                  f 0.01(  0.46%)
 121. (0.00000) RY ( 7)Br  6            s( 55.73%)p 0.23( 12.98%)d 0.56( 31.17%)
                                                  f 0.00(  0.13%)
 122. (0.00000) RY ( 8)Br  6            s( 47.38%)p 0.45( 21.37%)d 0.57( 27.07%)
                                                  f 0.09(  4.18%)
 123. (0.00000) RY ( 9)Br  6            s(  2.30%)p27.06( 62.22%)d 5.30( 12.18%)
                                                  f10.14( 23.30%)
 124. (0.00000) RY (10)Br  6            s( 24.02%)p 1.89( 45.31%)d 0.66( 15.91%)
                                                  f 0.61( 14.76%)
 125. (0.00000) RY (11)Br  6            s( 50.12%)p 0.25( 12.64%)d 0.71( 35.83%)
                                                  f 0.03(  1.41%)
 126. (0.00000) RY (12)Br  6            s(  0.00%)p 1.00( 58.72%)d 0.54( 31.86%)
                                                  f 0.16(  9.42%)
 127. (0.00000) RY (13)Br  6            s(  0.00%)p 1.00( 57.41%)d 0.55( 31.41%)
                                                  f 0.19( 11.18%)
 128. (0.00000) RY (14)Br  6            s( 55.57%)p 0.17(  9.22%)d 0.51( 28.42%)
                                                  f 0.12(  6.79%)
 129. (0.00000) RY (15)Br  6            s(  2.00%)p23.98( 47.91%)d18.63( 37.23%)
                                                  f 6.44( 12.86%)
 130. (0.00000) RY (16)Br  6            s(  0.01%)p 1.00( 66.08%)d 0.34( 22.45%)
                                                  f 0.17( 11.47%)
 131. (0.00000) RY (17)Br  6            s( 49.07%)p 0.01(  0.25%)d 0.11(  5.42%)
                                                  f 0.92( 45.26%)
 132. (0.00000) RY (18)Br  6            s(  0.02%)p99.99( 64.24%)d99.99( 32.17%)
                                                  f99.99(  3.57%)
 133. (0.00000) RY (19)Br  6            s(  0.00%)p 1.00( 12.34%)d 6.75( 83.26%)
                                                  f 0.36(  4.40%)
 134. (0.00000) RY (20)Br  6            s( 73.37%)p 0.04(  3.27%)d 0.21( 15.52%)
                                                  f 0.11(  7.85%)
 135. (0.00000) RY (21)Br  6            s(  0.76%)p42.84( 32.46%)d79.23( 60.02%)
                                                  f 8.93(  6.77%)
 136. (0.00000) RY (22)Br  6            s(  0.00%)p 1.00(  6.13%)d14.31( 87.72%)
                                                  f 1.00(  6.15%)
 137. (0.00000) RY (23)Br  6            s(  0.00%)p 1.00(  0.52%)d99.99( 73.00%)
                                                  f50.76( 26.47%)
 138. (0.00000) RY (24)Br  6            s(  0.01%)p99.99( 11.69%)d99.99( 65.50%)
                                                  f99.99( 22.80%)
 139. (0.00000) RY (25)Br  6            s(  0.00%)p 1.00(  0.49%)d99.99( 96.05%)
                                                  f 7.05(  3.46%)
 140. (0.00000) RY (26)Br  6            s( 94.29%)p 0.01(  0.76%)d 0.04(  3.81%)
                                                  f 0.01(  1.15%)
 141. (0.00000) RY (27)Br  6            s( 40.01%)p 0.41( 16.54%)d 0.84( 33.58%)
                                                  f 0.25(  9.88%)
 142. (0.00000) RY (28)Br  6            s(  0.00%)p 1.00(  8.04%)d 4.59( 36.89%)
                                                  f 6.85( 55.07%)
 143. (0.00000) RY (29)Br  6            s(  0.55%)p87.89( 48.52%)d69.98( 38.63%)
                                                  f22.28( 12.30%)
 144. (0.00000) RY (30)Br  6            s(  4.23%)p 0.12(  0.52%)d20.79( 87.97%)
                                                  f 1.72(  7.28%)
 145. (0.00000) RY (31)Br  6            s( 48.68%)p 0.01(  0.48%)d 0.01(  0.26%)
                                                  f 1.04( 50.58%)
 146. (0.00000) RY (32)Br  6            s( 12.87%)p 0.62(  8.02%)d 4.06( 52.26%)
                                                  f 2.09( 26.85%)
 147. (0.00000) RY (33)Br  6            s(  0.04%)p 0.24(  0.01%)d 1.17(  0.04%)
                                                  f99.99( 99.91%)
 148. (0.00000) RY (34)Br  6            s(  0.00%)p 1.00( 13.37%)d 2.70( 36.05%)
                                                  f 3.78( 50.58%)
 149. (0.00000) RY (35)Br  6            s(  0.00%)p 1.00(  2.65%)d17.91( 47.55%)
                                                  f18.76( 49.79%)
 150. (0.00000) RY (36)Br  6            s(  6.15%)p 6.89( 42.35%)d 4.30( 26.46%)
                                                  f 4.07( 25.04%)
 151. (0.00000) RY (37)Br  6            s(  0.00%)p 1.00( 18.22%)d 0.95( 17.24%)
                                                  f 3.54( 64.54%)


 NHO DIRECTIONALITY AND BOND BENDING (deviation from line of nuclear centers at
                                      the position of maximum hybrid amplitude)

         [Thresholds for printing:  angular deviation  >  1.0 degree]
                                    p- or d-character  > 25.0%
                                    orbital occupancy  >  0.10e

                        Line of Centers        Hybrid 1             Hybrid 2
                        ---------------  -------------------  ------------------
           NBO            Theta   Phi    Theta   Phi    Dev   Theta   Phi    Dev
 ===============================================================================
  22. LP ( 2)Cl  5          --     --     89.8  270.4   --      --     --    --
  23. LP ( 3)Cl  5          --     --      0.4   33.8   --      --     --    --
  24. LP ( 4)Cl  5          --     --     89.9    0.0   --      --     --    --
  26. LP ( 2)Br  6          --     --     86.1  269.7   --      --     --    --
  27. LP ( 3)Br  6          --     --    176.1  264.6   --      --     --    --
  28. BD ( 1) C  1- H  2  120.7   91.1   120.7   93.1   1.6     --     --    --
  29. BD ( 1) C  1- H  3  119.2  268.9   119.2  267.0   1.6     --     --    --
  30. BD ( 1) C  1- H  4    1.2  142.7     2.7  164.1   1.7     --     --    --


 3-Center, 4-Electron A:-B-:C Hyperbonds (A-B :C <=> A: B-C)
              [threshold for detection: 33.3%]

                                                  NBOs       3-center hybrids
                                              -------------  ----------------
       Hyperbond A:-B-:C   %A-B/%B-C   occ    BD(A-B) LP(C)  h(A)  h(B)  h(C)
      -------------------  ---------  ------  ------- -----  ----  ----  ----
   1. Br  6:- C  1-:Cl  5  55.3/44.7  3.9862      31     24    34    35    24


 NATURAL BOND ORBITALS (Summary):

           NBO                 Occupancy
 ========================================
 Molecular unit  1  (CH3Br)
 ------ Lewis ---------------------------
    1. CR ( 1) C  1             1.99957
    7. CR ( 1)Br  6             2.00000
    8. CR ( 2)Br  6             2.00000
    9. CR ( 3)Br  6             1.99999
   10. CR ( 4)Br  6             2.00000
   11. CR ( 5)Br  6             1.99999
   12. CR ( 6)Br  6             2.00000
   13. CR ( 7)Br  6             2.00000
   14. CR ( 8)Br  6             2.00000
   15. CR ( 9)Br  6             2.00000
   16. CR (10)Br  6             2.00000
   17. CR (11)Br  6             2.00000
   18. CR (12)Br  6             2.00000
   19. CR (13)Br  6             1.99996
   20. CR (14)Br  6             1.99999
   25. LP ( 1)Br  6             1.99926
   26. LP ( 2)Br  6             1.99833
   27. LP ( 3)Br  6             1.99832
   28. BD ( 1) C  1- H  2       1.99798
   29. BD ( 1) C  1- H  3       1.99798
   30. BD ( 1) C  1- H  4       1.99797
   31. BD ( 1) C  1-Br  6       1.99662
 ------ non-Lewis -----------------------
   32. BD*( 1) C  1- H  2       0.00462
   33. BD*( 1) C  1- H  3       0.00462
   34. BD*( 1) C  1- H  4       0.00462
   35. BD*( 1) C  1-Br  6       0.31971
   36. RY ( 1) C  1             0.00371
   37. RY ( 2) C  1             0.00084
   38. RY ( 3) C  1             0.00069
   39. RY ( 4) C  1             0.00069
   40. RY ( 5) C  1             0.00062
   41. RY ( 6) C  1             0.00062
   42. RY ( 7) C  1             0.00022
   43. RY ( 8) C  1             0.00001
   44. RY ( 9) C  1             0.00000
   45. RY (10) C  1             0.00000
   46. RY (11) C  1             0.00000
   47. RY (12) C  1             0.00000
   48. RY (13) C  1             0.00000
   49. RY (14) C  1             0.00000
   50. RY (15) C  1             0.00000
   51. RY (16) C  1             0.00000
   52. RY (17) C  1             0.00000
   53. RY (18) C  1             0.00000
   54. RY (19) C  1             0.00000
   55. RY (20) C  1             0.00000
   56. RY (21) C  1             0.00000
   57. RY (22) C  1             0.00000
   58. RY (23) C  1             0.00000
   59. RY (24) C  1             0.00000
   60. RY (25) C  1             0.00000
   61. RY (26) C  1             0.00000
   62. RY (27) C  1             0.00000
   63. RY (28) C  1             0.00000
   64. RY (29) C  1             0.00000
   65. RY (30) C  1             0.00000
   66. RY (31) C  1             0.00000
   67. RY ( 1) H  2             0.00071
   68. RY ( 2) H  2             0.00020
   69. RY ( 3) H  2             0.00010
   70. RY ( 4) H  2             0.00004
   71. RY ( 5) H  2             0.00000
   72. RY ( 1) H  3             0.00071
   73. RY ( 2) H  3             0.00020
   74. RY ( 3) H  3             0.00010
   75. RY ( 4) H  3             0.00004
   76. RY ( 5) H  3             0.00000
   77. RY ( 1) H  4             0.00071
   78. RY ( 2) H  4             0.00021
   79. RY ( 3) H  4             0.00010
   80. RY ( 4) H  4             0.00004
   81. RY ( 5) H  4             0.00000
  115. RY ( 1)Br  6             0.00124
  116. RY ( 2)Br  6             0.00035
  117. RY ( 3)Br  6             0.00036
  118. RY ( 4)Br  6             0.00010
  119. RY ( 5)Br  6             0.00003
  120. RY ( 6)Br  6             0.00003
  121. RY ( 7)Br  6             0.00000
  122. RY ( 8)Br  6             0.00000
  123. RY ( 9)Br  6             0.00000
  124. RY (10)Br  6             0.00000
  125. RY (11)Br  6             0.00000
  126. RY (12)Br  6             0.00000
  127. RY (13)Br  6             0.00000
  128. RY (14)Br  6             0.00000
  129. RY (15)Br  6             0.00000
  130. RY (16)Br  6             0.00000
  131. RY (17)Br  6             0.00000
  132. RY (18)Br  6             0.00000
  133. RY (19)Br  6             0.00000
  134. RY (20)Br  6             0.00000
  135. RY (21)Br  6             0.00000
  136. RY (22)Br  6             0.00000
  137. RY (23)Br  6             0.00000
  138. RY (24)Br  6             0.00000
  139. RY (25)Br  6             0.00000
  140. RY (26)Br  6             0.00000
  141. RY (27)Br  6             0.00000
  142. RY (28)Br  6             0.00000
  143. RY (29)Br  6             0.00000
  144. RY (30)Br  6             0.00000
  145. RY (31)Br  6             0.00000
  146. RY (32)Br  6             0.00000
  147. RY (33)Br  6             0.00000
  148. RY (34)Br  6             0.00000
  149. RY (35)Br  6             0.00000
  150. RY (36)Br  6             0.00000
  151. RY (37)Br  6             0.00000
          -------------------------------
                 Total Lewis   43.98593  ( 99.2189%)
           Valence non-Lewis    0.33357  (  0.7524%)
           Rydberg non-Lewis    0.01270  (  0.0286%)
          -------------------------------
               Total unit  1   44.33220  (100.0000%)
              Charge unit  1   -0.33220

 Molecular unit  2  (Cl)
 ------ Lewis ---------------------------
    2. CR ( 1)Cl  5             2.00000
    3. CR ( 2)Cl  5             1.99999
    4. CR ( 3)Cl  5             1.99999
    5. CR ( 4)Cl  5             2.00000
    6. CR ( 5)Cl  5             2.00000
   21. LP ( 1)Cl  5             1.99918
   22. LP ( 2)Cl  5             1.99853
   23. LP ( 3)Cl  5             1.99852
   24. LP ( 4)Cl  5             1.66982
 ------ non-Lewis -----------------------
   82. RY ( 1)Cl  5             0.00114
   83. RY ( 2)Cl  5             0.00025
   84. RY ( 3)Cl  5             0.00025
   85. RY ( 4)Cl  5             0.00009
   86. RY ( 5)Cl  5             0.00001
   87. RY ( 6)Cl  5             0.00001
   88. RY ( 7)Cl  5             0.00000
   89. RY ( 8)Cl  5             0.00000
   90. RY ( 9)Cl  5             0.00000
   91. RY (10)Cl  5             0.00000
   92. RY (11)Cl  5             0.00000
   93. RY (12)Cl  5             0.00000
   94. RY (13)Cl  5             0.00000
   95. RY (14)Cl  5             0.00000
   96. RY (15)Cl  5             0.00000
   97. RY (16)Cl  5             0.00000
   98. RY (17)Cl  5             0.00000
   99. RY (18)Cl  5             0.00000
  100. RY (19)Cl  5             0.00000
  101. RY (20)Cl  5             0.00000
  102. RY (21)Cl  5             0.00000
  103. RY (22)Cl  5             0.00000
  104. RY (23)Cl  5             0.00000
  105. RY (24)Cl  5             0.00000
  106. RY (25)Cl  5             0.00000
  107. RY (26)Cl  5             0.00000
  108. RY (27)Cl  5             0.00000
  109. RY (28)Cl  5             0.00000
  110. RY (29)Cl  5             0.00000
  111. RY (30)Cl  5             0.00000
  112. RY (31)Cl  5             0.00000
  113. RY (32)Cl  5             0.00000
  114. RY (33)Cl  5             0.00000
          -------------------------------
                 Total Lewis   17.66603  ( 99.9900%)
           Valence non-Lewis    0.00000  (  0.0000%)
           Rydberg non-Lewis    0.00177  (  0.0100%)
          -------------------------------
               Total unit  2   17.66780  (100.0000%)
              Charge unit  2   -0.66780

 $CHOOSE
   LONE 5 4 6 3 END
   BOND S 1 2 S 1 3 S 1 4 S 1 6 END
 $END

 Maximum scratch memory used by NBO was 500093 words
 Maximum scratch memory used by GENNBO was 23651 words
