
 *********************************** NBO 6.0 ***********************************
             N A T U R A L   A T O M I C   O R B I T A L   A N D
          N A T U R A L   B O N D   O R B I T A L   A N A L Y S I S
 ****************************** 00000000 (100000) ******************************
  (c) Copyright 1996-2015 Board of Regents of the University of Wisconsin System
      on behalf of the Theoretical Chemistry Institute.  All rights reserved.

          Cite this program as:

          NBO 6.0.  E. D. Glendening, J. K. Badenhoop, A. E. Reed,
          J. E. Carpenter, J. A. Bohmann, C. M. Morales, C. R. Landis,
          and F. Weinhold (Theoretical Chemistry Institute, University
          of Wisconsin, Madison, WI, 2013); http://nbo6.chem.wisc.edu/

 Job title:  Generated by Multiwfn


 NATURAL POPULATIONS:  Natural atomic orbital occupancies

  NAO Atom No lang   Type(AO)    Occupancy
 ------------------------------------------
   1    C  1  s      Cor( 1s)     1.99957
   2    C  1  s      Val( 2s)     1.23815
   3    C  1  s      Ryd( 3s)     0.00079
   4    C  1  s      Ryd( 4s)     0.00011
   5    C  1  s      Ryd( 5s)     0.00000
   6    C  1  s      Ryd( 7s)     0.00000
   7    C  1  s      Ryd( 6s)     0.00000
   8    C  1  px     Val( 2p)     0.71913
   9    C  1  px     Ryd( 3p)     0.00296
  10    C  1  px     Ryd( 4p)     0.00002
  11    C  1  px     Ryd( 5p)     0.00001
  12    C  1  py     Val( 2p)     1.19789
  13    C  1  py     Ryd( 3p)     0.00098
  14    C  1  py     Ryd( 4p)     0.00002
  15    C  1  py     Ryd( 5p)     0.00000
  16    C  1  pz     Val( 2p)     1.19787
  17    C  1  pz     Ryd( 3p)     0.00098
  18    C  1  pz     Ryd( 4p)     0.00002
  19    C  1  pz     Ryd( 5p)     0.00000
  20    C  1  dxy    Ryd( 3d)     0.00062
  21    C  1  dxy    Ryd( 4d)     0.00009
  22    C  1  dxz    Ryd( 3d)     0.00062
  23    C  1  dxz    Ryd( 4d)     0.00009
  24    C  1  dyz    Ryd( 3d)     0.00344
  25    C  1  dyz    Ryd( 4d)     0.00002
  26    C  1  dx2y2  Ryd( 3d)     0.00304
  27    C  1  dx2y2  Ryd( 4d)     0.00006
  28    C  1  dz2    Ryd( 3d)     0.00331
  29    C  1  dz2    Ryd( 4d)     0.00003
  30    C  1  f(0)   Ryd( 4f)     0.00037
  31    C  1  f(c1)  Ryd( 4f)     0.00000
  32    C  1  f(s1)  Ryd( 4f)     0.00080
  33    C  1  f(c2)  Ryd( 4f)     0.00045
  34    C  1  f(s2)  Ryd( 4f)     0.00000
  35    C  1  f(c3)  Ryd( 4f)     0.00000
  36    C  1  f(s3)  Ryd( 4f)     0.00059

  37    H  2  s      Val( 1s)     0.78781
  38    H  2  s      Ryd( 2s)     0.00067
  39    H  2  s      Ryd( 3s)     0.00015
  40    H  2  px     Ryd( 2p)     0.00018
  41    H  2  py     Ryd( 2p)     0.00087
  42    H  2  pz     Ryd( 2p)     0.00002

  43    H  3  s      Val( 1s)     0.78794
  44    H  3  s      Ryd( 2s)     0.00066
  45    H  3  s      Ryd( 3s)     0.00015
  46    H  3  px     Ryd( 2p)     0.00017
  47    H  3  py     Ryd( 2p)     0.00027
  48    H  3  pz     Ryd( 2p)     0.00041

  49    H  4  s      Val( 1s)     0.78786
  50    H  4  s      Ryd( 2s)     0.00066
  51    H  4  s      Ryd( 3s)     0.00015
  52    H  4  px     Ryd( 2p)     0.00017
  53    H  4  py     Ryd( 2p)     0.00009
  54    H  4  pz     Ryd( 2p)     0.00072

  55   Cl  5  s      Cor( 1s)     2.00000
  56   Cl  5  s      Cor( 2s)     1.99999
  57   Cl  5  s      Val( 3s)     1.96547
  58   Cl  5  s      Ryd( 4s)     0.00013
  59   Cl  5  s      Ryd( 5s)     0.00001
  60   Cl  5  s      Ryd( 6s)     0.00000
  61   Cl  5  s      Ryd( 7s)     0.00000
  62   Cl  5  px     Cor( 2p)     1.99999
  63   Cl  5  px     Val( 3p)     1.67274
  64   Cl  5  px     Ryd( 4p)     0.00068
  65   Cl  5  px     Ryd( 5p)     0.00001
  66   Cl  5  px     Ryd( 6p)     0.00000
  67   Cl  5  px     Ryd( 7p)     0.00000
  68   Cl  5  py     Cor( 2p)     2.00000
  69   Cl  5  py     Val( 3p)     1.99802
  70   Cl  5  py     Ryd( 4p)     0.00008
  71   Cl  5  py     Ryd( 6p)     0.00000
  72   Cl  5  py     Ryd( 5p)     0.00000
  73   Cl  5  py     Ryd( 7p)     0.00000
  74   Cl  5  pz     Cor( 2p)     2.00000
  75   Cl  5  pz     Val( 3p)     1.99802
  76   Cl  5  pz     Ryd( 4p)     0.00008
  77   Cl  5  pz     Ryd( 6p)     0.00000
  78   Cl  5  pz     Ryd( 5p)     0.00000
  79   Cl  5  pz     Ryd( 7p)     0.00000
  80   Cl  5  dxy    Ryd( 3d)     0.00029
  81   Cl  5  dxy    Ryd( 4d)     0.00001
  82   Cl  5  dxz    Ryd( 3d)     0.00029
  83   Cl  5  dxz    Ryd( 4d)     0.00001
  84   Cl  5  dyz    Ryd( 3d)     0.00001
  85   Cl  5  dyz    Ryd( 4d)     0.00000
  86   Cl  5  dx2y2  Ryd( 3d)     0.00094
  87   Cl  5  dx2y2  Ryd( 4d)     0.00000
  88   Cl  5  dz2    Ryd( 3d)     0.00032
  89   Cl  5  dz2    Ryd( 4d)     0.00000
  90   Cl  5  f(0)   Ryd( 4f)     0.00001
  91   Cl  5  f(c1)  Ryd( 4f)     0.00001
  92   Cl  5  f(s1)  Ryd( 4f)     0.00000
  93   Cl  5  f(c2)  Ryd( 4f)     0.00001
  94   Cl  5  f(s2)  Ryd( 4f)     0.00000
  95   Cl  5  f(c3)  Ryd( 4f)     0.00002
  96   Cl  5  f(s3)  Ryd( 4f)     0.00001

  97   Br  6  s      Cor( 1s)     2.00000
  98   Br  6  s      Cor( 2s)     2.00000
  99   Br  6  s      Cor( 3s)     1.99999
 100   Br  6  s      Val( 4s)     1.97219
 101   Br  6  s      Ryd( 5s)     0.00011
 102   Br  6  s      Ryd( 6s)     0.00001
 103   Br  6  s      Ryd( 8s)     0.00000
 104   Br  6  s      Ryd( 9s)     0.00000
 105   Br  6  s      Ryd( 7s)     0.00000
 106   Br  6  s      Ryd(10s)     0.00000
 107   Br  6  px     Cor( 2p)     2.00000
 108   Br  6  px     Cor( 3p)     1.99999
 109   Br  6  px     Val( 4p)     1.65002
 110   Br  6  px     Ryd( 5p)     0.00069
 111   Br  6  px     Ryd( 7p)     0.00000
 112   Br  6  px     Ryd( 6p)     0.00000
 113   Br  6  py     Cor( 2p)     2.00000
 114   Br  6  py     Cor( 3p)     2.00000
 115   Br  6  py     Val( 4p)     1.99846
 116   Br  6  py     Ryd( 5p)     0.00008
 117   Br  6  py     Ryd( 6p)     0.00000
 118   Br  6  py     Ryd( 7p)     0.00000
 119   Br  6  pz     Cor( 2p)     2.00000
 120   Br  6  pz     Cor( 3p)     2.00000
 121   Br  6  pz     Val( 4p)     1.99845
 122   Br  6  pz     Ryd( 5p)     0.00008
 123   Br  6  pz     Ryd( 6p)     0.00000
 124   Br  6  pz     Ryd( 7p)     0.00000
 125   Br  6  dxy    Cor( 3d)     2.00000
 126   Br  6  dxy    Ryd( 4d)     0.00029
 127   Br  6  dxy    Ryd( 5d)     0.00002
 128   Br  6  dxy    Ryd( 6d)     0.00000
 129   Br  6  dxz    Cor( 3d)     2.00000
 130   Br  6  dxz    Ryd( 4d)     0.00029
 131   Br  6  dxz    Ryd( 5d)     0.00002
 132   Br  6  dxz    Ryd( 6d)     0.00000
 133   Br  6  dyz    Cor( 3d)     2.00000
 134   Br  6  dyz    Ryd( 5d)     0.00002
 135   Br  6  dyz    Ryd( 4d)     0.00002
 136   Br  6  dyz    Ryd( 6d)     0.00000
 137   Br  6  dx2y2  Cor( 3d)     1.99997
 138   Br  6  dx2y2  Ryd( 4d)     0.00074
 139   Br  6  dx2y2  Ryd( 5d)     0.00005
 140   Br  6  dx2y2  Ryd( 6d)     0.00000
 141   Br  6  dz2    Cor( 3d)     1.99999
 142   Br  6  dz2    Ryd( 4d)     0.00026
 143   Br  6  dz2    Ryd( 5d)     0.00003
 144   Br  6  dz2    Ryd( 6d)     0.00000
 145   Br  6  f(0)   Ryd( 4f)     0.00001
 146   Br  6  f(c1)  Ryd( 4f)     0.00002
 147   Br  6  f(s1)  Ryd( 4f)     0.00000
 148   Br  6  f(c2)  Ryd( 4f)     0.00002
 149   Br  6  f(s2)  Ryd( 4f)     0.00000
 150   Br  6  f(c3)  Ryd( 4f)     0.00003
 151   Br  6  f(s3)  Ryd( 4f)     0.00003


 Summary of Natural Population Analysis:

                                     Natural Population
             Natural    ---------------------------------------------
  Atom No    Charge        Core      Valence    Rydberg      Total
 --------------------------------------------------------------------
    C  1   -0.37201      1.99957     4.35304    0.01940     6.37201
    H  2    0.21031      0.00000     0.78781    0.00188     0.78969
    H  3    0.21039      0.00000     0.78794    0.00167     0.78961
    H  4    0.21034      0.00000     0.78786    0.00180     0.78966
   Cl  5   -0.63717      9.99998     7.63425    0.00294    17.63717
   Br  6   -0.62185     27.99992     7.61913    0.00281    35.62185
 ====================================================================
 * Total * -1.00000     39.99947    21.97003    0.03050    62.00000

                                 Natural Population
 ---------------------------------------------------------
   Core                      39.99947 ( 99.9987% of   40)
   Valence                   21.97003 ( 99.8638% of   22)
   Natural Minimal Basis     61.96950 ( 99.9508% of   62)
   Natural Rydberg Basis      0.03050 (  0.0492% of   62)
 ---------------------------------------------------------

    Atom No         Natural Electron Configuration
 ----------------------------------------------------------------------------
      C  1      [core]2s( 1.24)2p( 3.11)3d( 0.01)
      H  2            1s( 0.79)
      H  3            1s( 0.79)
      H  4            1s( 0.79)
     Cl  5      [core]3s( 1.97)3p( 5.67)
     Br  6      [core]4s( 1.97)4p( 5.65)


 NATURAL BOND ORBITAL ANALYSIS:

                            Occupancies       Lewis Structure    Low   High
         Max    Occ     -------------------  -----------------   occ   occ
  Cycle  Ctr   Thresh    Lewis   non-Lewis     CR  BD  nC  LP    (L)   (NL)
 ============================================================================
    1     2     1.90    61.60617   0.39383     20   4   0   7     1      1
    2     2     1.63    61.62288   0.37712     20   4   0   7     0      1
    3     2     1.62    61.25164   0.74836     20   3   0   8     0      1
    4     2     1.63    61.62288   0.37712     20   4   0   7     0      1
 ----------------------------------------------------------------------------

 Structure accepted: No low occupancy Lewis orbitals

 -------------------------------------------------------
   Core                     39.99947 ( 99.999% of  40)
   Valence Lewis            21.62341 ( 98.288% of  22)
  ==================      =============================
   Total Lewis              61.62288 ( 99.392% of  62)
  -----------------------------------------------------
   Valence non-Lewis         0.36208 (  0.584% of  62)
   Rydberg non-Lewis         0.01504 (  0.024% of  62)
  ==================      =============================
   Total non-Lewis           0.37712 (  0.608% of  62)
 -------------------------------------------------------


     (Occupancy)   Bond orbital / Coefficients / Hybrids
 ------------------ Lewis ------------------------------------------------------
   1. (1.99957) CR ( 1) C  1            s(100.00%)
                                         1.0000  0.0000  0.0000  0.0000  0.0000
                                         0.0000  0.0000  0.0000  0.0000  0.0000
                                         0.0000  0.0000  0.0000  0.0000  0.0000
                                         0.0000  0.0000  0.0000  0.0000  0.0000
                                         0.0000  0.0000  0.0000  0.0000  0.0000
                                         0.0000  0.0000  0.0000  0.0000  0.0000
                                         0.0000  0.0000  0.0000  0.0000  0.0000
                                         0.0000
   2. (2.00000) CR ( 1)Cl  5            s(100.00%)
                                         1.0000  0.0000  0.0000  0.0000  0.0000
                                         0.0000  0.0000  0.0000  0.0000  0.0000
                                         0.0000  0.0000  0.0000  0.0000  0.0000
                                         0.0000  0.0000  0.0000  0.0000  0.0000
                                         0.0000  0.0000  0.0000  0.0000  0.0000
                                         0.0000  0.0000  0.0000  0.0000  0.0000
                                         0.0000  0.0000  0.0000  0.0000  0.0000
                                         0.0000  0.0000  0.0000  0.0000  0.0000
                                         0.0000  0.0000
   3. (1.99999) CR ( 2)Cl  5            s(100.00%)
                                         0.0000  1.0000  0.0000  0.0000  0.0000
                                         0.0000  0.0000  0.0000  0.0000  0.0000
                                         0.0000  0.0000  0.0000  0.0000  0.0000
                                         0.0000  0.0000  0.0000  0.0000  0.0000
                                         0.0000  0.0000  0.0000  0.0000  0.0000
                                         0.0000  0.0000  0.0000  0.0000  0.0000
                                         0.0000  0.0000  0.0000  0.0000  0.0000
                                         0.0000  0.0000  0.0000  0.0000  0.0000
                                         0.0000  0.0000
   4. (1.99999) CR ( 3)Cl  5            s(  0.00%)p 1.00(100.00%)
                                         0.0000  0.0000  0.0000  0.0000  0.0000
                                         0.0000  0.0000  1.0000  0.0000  0.0000
                                         0.0000  0.0000  0.0000  0.0000  0.0000
                                         0.0000  0.0000  0.0000  0.0000  0.0000
                                         0.0000  0.0000  0.0000  0.0000  0.0000
                                         0.0000  0.0000  0.0000  0.0000  0.0000
                                         0.0000  0.0000  0.0000  0.0000  0.0000
                                         0.0000  0.0000  0.0000  0.0000  0.0000
                                         0.0000  0.0000
   5. (2.00000) CR ( 4)Cl  5            s(  0.00%)p 1.00(100.00%)
                                         0.0000  0.0000  0.0000  0.0000  0.0000
                                         0.0000  0.0000  0.0000  0.0000  0.0000
                                         0.0000  0.0000  0.0000  1.0000  0.0000
                                         0.0000  0.0000  0.0000  0.0000  0.0000
                                         0.0000  0.0000  0.0000  0.0000  0.0000
                                         0.0000  0.0000  0.0000  0.0000  0.0000
                                         0.0000  0.0000  0.0000  0.0000  0.0000
                                         0.0000  0.0000  0.0000  0.0000  0.0000
                                         0.0000  0.0000
   6. (2.00000) CR ( 5)Cl  5            s(  0.00%)p 1.00(100.00%)
                                         0.0000  0.0000  0.0000  0.0000  0.0000
                                         0.0000  0.0000  0.0000  0.0000  0.0000
                                         0.0000  0.0000  0.0000  0.0000  0.0000
                                         0.0000  0.0000  0.0000  0.0000  1.0000
                                         0.0000  0.0000  0.0000  0.0000  0.0000
                                         0.0000  0.0000  0.0000  0.0000  0.0000
                                         0.0000  0.0000  0.0000  0.0000  0.0000
                                         0.0000  0.0000  0.0000  0.0000  0.0000
                                         0.0000  0.0000
   7. (2.00000) CR ( 1)Br  6            s(100.00%)
                                         1.0000  0.0000  0.0000  0.0000  0.0000
                                         0.0000  0.0000  0.0000  0.0000  0.0000
                                         0.0000  0.0000  0.0000  0.0000  0.0000
                                         0.0000  0.0000  0.0000  0.0000  0.0000
                                         0.0000  0.0000  0.0000  0.0000  0.0000
                                         0.0000  0.0000  0.0000  0.0000  0.0000
                                         0.0000  0.0000  0.0000  0.0000  0.0000
                                         0.0000  0.0000  0.0000  0.0000  0.0000
                                         0.0000  0.0000  0.0000  0.0000  0.0000
                                         0.0000  0.0000  0.0000  0.0000  0.0000
                                         0.0000  0.0000  0.0000  0.0000  0.0000
   8. (2.00000) CR ( 2)Br  6            s(100.00%)
                                         0.0000  1.0000  0.0000  0.0000  0.0000
                                         0.0000  0.0000  0.0000  0.0000  0.0000
                                         0.0000  0.0000  0.0000  0.0000  0.0000
                                         0.0000  0.0000  0.0000  0.0000  0.0000
                                         0.0000  0.0000  0.0000  0.0000  0.0000
                                         0.0000  0.0000  0.0000  0.0000  0.0000
                                         0.0000  0.0000  0.0000  0.0000  0.0000
                                         0.0000  0.0000  0.0000  0.0000  0.0000
                                         0.0000  0.0000  0.0000  0.0000  0.0000
                                         0.0000  0.0000  0.0000  0.0000  0.0000
                                         0.0000  0.0000  0.0000  0.0000  0.0000
   9. (1.99999) CR ( 3)Br  6            s(100.00%)
                                         0.0000  0.0000  1.0000  0.0000  0.0000
                                         0.0000  0.0000  0.0000  0.0000  0.0000
                                         0.0000  0.0000  0.0000  0.0000  0.0000
                                         0.0000  0.0000  0.0000  0.0000  0.0000
                                         0.0000  0.0000  0.0000  0.0000  0.0000
                                         0.0000  0.0000  0.0000  0.0000  0.0000
                                         0.0000  0.0000  0.0000  0.0000  0.0000
                                         0.0000  0.0000  0.0000  0.0000  0.0000
                                         0.0000  0.0000  0.0000  0.0000  0.0000
                                         0.0000  0.0000  0.0000  0.0000  0.0000
                                         0.0000  0.0000  0.0000  0.0000  0.0000
  10. (2.00000) CR ( 4)Br  6            s(  0.00%)p 1.00(100.00%)
                                         0.0000  0.0000  0.0000  0.0000  0.0000
                                         0.0000  0.0000  0.0000  0.0000  0.0000
                                         1.0000  0.0000  0.0000  0.0000  0.0000
                                         0.0000  0.0000  0.0000  0.0000  0.0000
                                         0.0000  0.0000  0.0000  0.0000  0.0000
                                         0.0000  0.0000  0.0000  0.0000  0.0000
                                         0.0000  0.0000  0.0000  0.0000  0.0000
                                         0.0000  0.0000  0.0000  0.0000  0.0000
                                         0.0000  0.0000  0.0000  0.0000  0.0000
                                         0.0000  0.0000  0.0000  0.0000  0.0000
                                         0.0000  0.0000  0.0000  0.0000  0.0000
  11. (1.99999) CR ( 5)Br  6            s(  0.00%)p 1.00(100.00%)
                                         0.0000  0.0000  0.0000  0.0000  0.0000
                                         0.0000  0.0000  0.0000  0.0000  0.0000
                                         0.0000  1.0000  0.0000  0.0000  0.0000
                                         0.0000  0.0000  0.0000  0.0000  0.0000
                                         0.0000  0.0000  0.0000  0.0000  0.0000
                                         0.0000  0.0000  0.0000  0.0000  0.0000
                                         0.0000  0.0000  0.0000  0.0000  0.0000
                                         0.0000  0.0000  0.0000  0.0000  0.0000
                                         0.0000  0.0000  0.0000  0.0000  0.0000
                                         0.0000  0.0000  0.0000  0.0000  0.0000
                                         0.0000  0.0000  0.0000  0.0000  0.0000
  12. (2.00000) CR ( 6)Br  6            s(  0.00%)p 1.00(100.00%)
                                         0.0000  0.0000  0.0000  0.0000  0.0000
                                         0.0000  0.0000  0.0000  0.0000  0.0000
                                         0.0000  0.0000  0.0000  0.0000  0.0000
                                         0.0000  1.0000  0.0000  0.0000  0.0000
                                         0.0000  0.0000  0.0000  0.0000  0.0000
                                         0.0000  0.0000  0.0000  0.0000  0.0000
                                         0.0000  0.0000  0.0000  0.0000  0.0000
                                         0.0000  0.0000  0.0000  0.0000  0.0000
                                         0.0000  0.0000  0.0000  0.0000  0.0000
                                         0.0000  0.0000  0.0000  0.0000  0.0000
                                         0.0000  0.0000  0.0000  0.0000  0.0000
  13. (2.00000) CR ( 7)Br  6            s(  0.00%)p 1.00(100.00%)
                                         0.0000  0.0000  0.0000  0.0000  0.0000
                                         0.0000  0.0000  0.0000  0.0000  0.0000
                                         0.0000  0.0000  0.0000  0.0000  0.0000
                                         0.0000  0.0000  1.0000  0.0000  0.0000
                                         0.0000  0.0000  0.0000  0.0000  0.0000
                                         0.0000  0.0000  0.0000  0.0000  0.0000
                                         0.0000  0.0000  0.0000  0.0000  0.0000
                                         0.0000  0.0000  0.0000  0.0000  0.0000
                                         0.0000  0.0000  0.0000  0.0000  0.0000
                                         0.0000  0.0000  0.0000  0.0000  0.0000
                                         0.0000  0.0000  0.0000  0.0000  0.0000
  14. (2.00000) CR ( 8)Br  6            s(  0.00%)p 1.00(100.00%)
                                         0.0000  0.0000  0.0000  0.0000  0.0000
                                         0.0000  0.0000  0.0000  0.0000  0.0000
                                         0.0000  0.0000  0.0000  0.0000  0.0000
                                         0.0000  0.0000  0.0000  0.0000  0.0000
                                         0.0000  0.0000  1.0000  0.0000  0.0000
                                         0.0000  0.0000  0.0000  0.0000  0.0000
                                         0.0000  0.0000  0.0000  0.0000  0.0000
                                         0.0000  0.0000  0.0000  0.0000  0.0000
                                         0.0000  0.0000  0.0000  0.0000  0.0000
                                         0.0000  0.0000  0.0000  0.0000  0.0000
                                         0.0000  0.0000  0.0000  0.0000  0.0000
  15. (2.00000) CR ( 9)Br  6            s(  0.00%)p 1.00(100.00%)
                                         0.0000  0.0000  0.0000  0.0000  0.0000
                                         0.0000  0.0000  0.0000  0.0000  0.0000
                                         0.0000  0.0000  0.0000  0.0000  0.0000
                                         0.0000  0.0000  0.0000  0.0000  0.0000
                                         0.0000  0.0000  0.0000  1.0000  0.0000
                                         0.0000  0.0000  0.0000  0.0000  0.0000
                                         0.0000  0.0000  0.0000  0.0000  0.0000
                                         0.0000  0.0000  0.0000  0.0000  0.0000
                                         0.0000  0.0000  0.0000  0.0000  0.0000
                                         0.0000  0.0000  0.0000  0.0000  0.0000
                                         0.0000  0.0000  0.0000  0.0000  0.0000
  16. (2.00000) CR (10)Br  6            s(  0.00%)p 0.00(  0.00%)d 1.00(100.00%)
                                         0.0000  0.0000  0.0000  0.0000  0.0000
                                         0.0000  0.0000  0.0000  0.0000  0.0000
                                         0.0000  0.0000  0.0000  0.0000  0.0000
                                         0.0000  0.0000  0.0000  0.0000  0.0000
                                         0.0000  0.0000  0.0000  0.0000  0.0000
                                         0.0000  0.0000  0.0000  1.0000  0.0000
                                         0.0000  0.0000  0.0000  0.0000  0.0000
                                         0.0000  0.0000  0.0000  0.0000  0.0000
                                         0.0000  0.0000  0.0000  0.0000  0.0000
                                         0.0000  0.0000  0.0000  0.0000  0.0000
                                         0.0000  0.0000  0.0000  0.0000  0.0000
  17. (2.00000) CR (11)Br  6            s(  0.00%)p 0.00(  0.00%)d 1.00(100.00%)
                                         0.0000  0.0000  0.0000  0.0000  0.0000
                                         0.0000  0.0000  0.0000  0.0000  0.0000
                                         0.0000  0.0000  0.0000  0.0000  0.0000
                                         0.0000  0.0000  0.0000  0.0000  0.0000
                                         0.0000  0.0000  0.0000  0.0000  0.0000
                                         0.0000  0.0000  0.0000  0.0000  0.0000
                                         0.0000  0.0000  1.0000  0.0000  0.0000
                                         0.0000  0.0000  0.0000  0.0000  0.0000
                                         0.0000  0.0000  0.0000  0.0000  0.0000
                                         0.0000  0.0000  0.0000  0.0000  0.0000
                                         0.0000  0.0000  0.0000  0.0000  0.0000
  18. (2.00000) CR (12)Br  6            s(  0.00%)p 0.00(  0.00%)d 1.00(100.00%)
                                         0.0000  0.0000  0.0000  0.0000  0.0000
                                         0.0000  0.0000  0.0000  0.0000  0.0000
                                         0.0000  0.0000  0.0000  0.0000  0.0000
                                         0.0000  0.0000  0.0000  0.0000  0.0000
                                         0.0000  0.0000  0.0000  0.0000  0.0000
                                         0.0000  0.0000  0.0000  0.0000  0.0000
                                         0.0000  0.0000  0.0000  0.0000  0.0000
                                         0.0000  1.0000  0.0000  0.0000  0.0000
                                         0.0000  0.0000  0.0000  0.0000  0.0000
                                         0.0000  0.0000  0.0000  0.0000  0.0000
                                         0.0000  0.0000  0.0000  0.0000  0.0000
  19. (1.99997) CR (13)Br  6            s(  0.00%)p 0.00(  0.00%)d 1.00(100.00%)
                                         0.0000  0.0000  0.0000  0.0000  0.0000
                                         0.0000  0.0000  0.0000  0.0000  0.0000
                                         0.0000  0.0000  0.0000  0.0000  0.0000
                                         0.0000  0.0000  0.0000  0.0000  0.0000
                                         0.0000  0.0000  0.0000  0.0000  0.0000
                                         0.0000  0.0000  0.0000  0.0000  0.0000
                                         0.0000  0.0000  0.0000  0.0000  0.0000
                                         0.0000  0.0000  0.0000  0.0000  0.0000
                                         1.0000  0.0000  0.0000  0.0000  0.0000
                                         0.0000  0.0000  0.0000  0.0000  0.0000
                                         0.0000  0.0000  0.0000  0.0000  0.0000
  20. (1.99999) CR (14)Br  6            s(  0.00%)p 0.00(  0.00%)d 1.00(100.00%)
                                         0.0000  0.0000  0.0000  0.0000  0.0000
                                         0.0000  0.0000  0.0000  0.0000  0.0000
                                         0.0000  0.0000  0.0000  0.0000  0.0000
                                         0.0000  0.0000  0.0000  0.0000  0.0000
                                         0.0000  0.0000  0.0000  0.0000  0.0000
                                         0.0000  0.0000  0.0000  0.0000  0.0000
                                         0.0000  0.0000  0.0000  0.0000  0.0000
                                         0.0000  0.0000  0.0000  0.0000  0.0000
                                         0.0000  0.0000  0.0000  0.0000  1.0000
                                         0.0000  0.0000  0.0000  0.0000  0.0000
                                         0.0000  0.0000  0.0000  0.0000  0.0000
  21. (1.99916) LP ( 1)Cl  5            s( 90.64%)p 0.10(  9.36%)d 0.00(  0.00%)
                                                  f 0.00(  0.00%)
                                         0.0000  0.0000  0.9520 -0.0017  0.0002
                                         0.0000  0.0000  0.0000 -0.3059  0.0011
                                        -0.0002 -0.0003  0.0000  0.0000 -0.0002
                                         0.0000  0.0000  0.0000  0.0000  0.0000
                                        -0.0003  0.0000  0.0000  0.0000  0.0000
                                         0.0000  0.0000  0.0000  0.0000  0.0000
                                         0.0000 -0.0025 -0.0007  0.0014  0.0004
                                         0.0000  0.0007  0.0000  0.0000  0.0000
                                        -0.0009  0.0000
  22. (1.99811) LP ( 2)Cl  5            s(  0.00%)p 1.00(100.00%)d 0.00(  0.00%)
                                                  f 0.00(  0.00%)
                                         0.0000  0.0000  0.0004  0.0000  0.0000
                                         0.0000  0.0000  0.0000  0.0000  0.0000
                                         0.0000  0.0000  0.0000  0.0000  0.8687
                                        -0.0033 -0.0002  0.0001  0.0000  0.0000
                                         0.4953 -0.0019 -0.0001  0.0001  0.0000
                                         0.0040  0.0012  0.0023  0.0007 -0.0002
                                         0.0000 -0.0001  0.0000 -0.0001  0.0000
                                        -0.0007  0.0000 -0.0005  0.0009  0.0000
                                         0.0000  0.0019
  23. (1.99810) LP ( 3)Cl  5            s(  0.00%)p 1.00(100.00%)d 0.00(  0.00%)
                                                  f 0.00(  0.00%)
                                         0.0000  0.0000  0.0003  0.0000  0.0000
                                         0.0000  0.0000  0.0000  0.0003  0.0000
                                         0.0000  0.0000  0.0000  0.0000 -0.4953
                                         0.0019  0.0001 -0.0001  0.0000  0.0000
                                         0.8687 -0.0033 -0.0002  0.0001  0.0000
                                        -0.0023 -0.0007  0.0040  0.0012 -0.0001
                                         0.0000  0.0001  0.0000  0.0001  0.0000
                                        -0.0012  0.0000  0.0003  0.0016  0.0000
                                         0.0000 -0.0011
  24. (1.63972) LP ( 4)Cl  5            s(  9.36%)p 9.68( 90.61%)d 0.00(  0.02%)
                                                  f 0.00(  0.00%)
                                         0.0000  0.0000  0.3059  0.0065 -0.0008
                                        -0.0001  0.0000  0.0000  0.9519  0.0103
                                         0.0004 -0.0005 -0.0001  0.0000  0.0001
                                         0.0000  0.0000  0.0000  0.0000  0.0000
                                        -0.0004  0.0000  0.0000  0.0000  0.0000
                                         0.0000  0.0000  0.0000  0.0000  0.0000
                                         0.0000  0.0132 -0.0005 -0.0076  0.0004
                                         0.0000 -0.0015  0.0000  0.0000  0.0000
                                         0.0019  0.0000
  25. (1.99927) LP ( 1)Br  6            s( 92.80%)p 0.08(  7.20%)d 0.00(  0.00%)
                                                  f 0.00(  0.00%)
                                         0.0000  0.0000  0.0000  0.9633 -0.0015
                                        -0.0002  0.0000  0.0000  0.0000  0.0000
                                         0.0000  0.0000  0.2682 -0.0017 -0.0011
                                         0.0000  0.0000  0.0000  0.0001  0.0000
                                         0.0000  0.0000  0.0000  0.0000  0.0004
                                         0.0000  0.0000  0.0000  0.0000  0.0000
                                         0.0000  0.0000  0.0000  0.0000  0.0000
                                         0.0000  0.0000  0.0000  0.0000  0.0000
                                         0.0000 -0.0026  0.0011  0.0008  0.0000
                                         0.0015 -0.0007 -0.0004  0.0000 -0.0007
                                         0.0000  0.0000  0.0000  0.0010  0.0000
  26. (1.99859) LP ( 2)Br  6            s(  0.00%)p 1.00(100.00%)d 0.00(  0.00%)
                                                  f 0.00(  0.00%)
                                         0.0000  0.0000  0.0000  0.0001  0.0000
                                         0.0000  0.0000  0.0000  0.0000  0.0000
                                         0.0000  0.0000  0.0002  0.0000  0.0000
                                         0.0000  0.0000  0.0000  0.7970 -0.0038
                                        -0.0001 -0.0001  0.0000  0.0000 -0.6040
                                         0.0028  0.0001  0.0001  0.0000 -0.0046
                                         0.0016  0.0001  0.0000  0.0035 -0.0012
                                        -0.0001  0.0000  0.0000  0.0000  0.0000
                                         0.0000 -0.0001  0.0000  0.0000  0.0000
                                        -0.0001  0.0000  0.0000  0.0011  0.0000
                                        -0.0006 -0.0014  0.0000  0.0000  0.0023
  27. (1.99859) LP ( 3)Br  6            s(  0.00%)p 1.00(100.00%)d 0.00(  0.00%)
                                                  f 0.00(  0.00%)
                                         0.0000  0.0000  0.0000  0.0004  0.0000
                                         0.0000  0.0000  0.0000  0.0000  0.0000
                                         0.0000  0.0000  0.0002  0.0000  0.0000
                                         0.0000  0.0000  0.0000 -0.6040  0.0028
                                         0.0001  0.0001  0.0000  0.0000 -0.7970
                                         0.0038  0.0001  0.0001  0.0000  0.0035
                                        -0.0012 -0.0001  0.0000  0.0046 -0.0016
                                        -0.0001  0.0000  0.0001  0.0000  0.0000
                                         0.0000  0.0000  0.0000  0.0000  0.0000
                                         0.0000  0.0000  0.0000  0.0014  0.0000
                                         0.0004 -0.0019  0.0000  0.0000 -0.0017
  28. (1.99824) BD ( 1) C  1- H  2
               ( 60.68%)   0.7790* C  1 s( 33.22%)p 2.00( 66.50%)d 0.01(  0.23%)
                                                  f 0.00(  0.06%)
                                         0.0000  0.5763  0.0013  0.0004  0.0000
                                         0.0000  0.0000 -0.0229 -0.0016  0.0001
                                         0.0002 -0.8037 -0.0134  0.0012  0.0001
                                         0.1356  0.0023 -0.0003  0.0000 -0.0014
                                         0.0002  0.0002  0.0000 -0.0140  0.0010
                                        -0.0380 -0.0037 -0.0250 -0.0001 -0.0045
                                        -0.0001  0.0099 -0.0072 -0.0002 -0.0007
                                         0.0205
               ( 39.32%)   0.6270* H  2 s( 99.90%)p 0.00(  0.10%)
                                         0.9995 -0.0005 -0.0004 -0.0004  0.0317
                                        -0.0049
  29. (1.99825) BD ( 1) C  1- H  3
               ( 60.68%)   0.7790* C  1 s( 33.21%)p 2.00( 66.50%)d 0.01(  0.24%)
                                                  f 0.00(  0.06%)
                                         0.0000  0.5762  0.0013  0.0003  0.0000
                                         0.0000  0.0000 -0.0232 -0.0016  0.0001
                                         0.0002  0.5193  0.0087 -0.0007 -0.0001
                                         0.6282  0.0105 -0.0009 -0.0001  0.0009
                                        -0.0001  0.0011 -0.0001  0.0430 -0.0027
                                        -0.0137 -0.0028  0.0175  0.0023  0.0020
                                         0.0004  0.0170 -0.0157  0.0005 -0.0003
                                        -0.0073
               ( 39.32%)   0.6270* H  3 s( 99.92%)p 0.00(  0.08%)
                                         0.9996 -0.0005 -0.0004 -0.0003 -0.0175
                                        -0.0216
  30. (1.99825) BD ( 1) C  1- H  4
               ( 60.68%)   0.7790* C  1 s( 33.20%)p 2.00( 66.50%)d 0.01(  0.23%)
                                                  f 0.00(  0.06%)
                                         0.0000  0.5762  0.0014  0.0003  0.0000
                                         0.0000  0.0000 -0.0227 -0.0016  0.0001
                                         0.0002  0.2844  0.0048 -0.0005 -0.0001
                                        -0.7638 -0.0127  0.0011  0.0001  0.0005
                                        -0.0001 -0.0014  0.0001 -0.0283  0.0019
                                        -0.0013 -0.0023  0.0387  0.0035 -0.0165
                                         0.0007  0.0157  0.0082 -0.0004 -0.0001
                                        -0.0023
               ( 39.32%)   0.6270* H  4 s( 99.91%)p 0.00(  0.09%)
                                         0.9995 -0.0005 -0.0004 -0.0004 -0.0101
                                         0.0288
  31. (1.99712) BD ( 1) C  1-Br  6
               ( 22.64%)   0.4758* C  1 s(  0.22%)p99.99( 99.64%)d 0.63(  0.14%)
                                                  f 0.01(  0.00%)
                                         0.0000  0.0413 -0.0211 -0.0060 -0.0004
                                         0.0000  0.0000  0.9964  0.0595  0.0041
                                         0.0005  0.0001  0.0000  0.0000  0.0000
                                         0.0004 -0.0001  0.0000  0.0000  0.0002
                                         0.0000  0.0001  0.0000 -0.0002  0.0000
                                         0.0315 -0.0061 -0.0185  0.0031  0.0020
                                        -0.0002 -0.0045  0.0016  0.0001  0.0004
                                        -0.0011
               ( 77.36%)   0.8796*Br  6 s(  7.20%)p12.89( 92.76%)d 0.01(  0.04%)
                                                  f 0.00(  0.00%)
                                         0.0000  0.0000  0.0000  0.2682  0.0072
                                         0.0004  0.0000  0.0000  0.0001  0.0000
                                         0.0000  0.0000 -0.9630 -0.0162 -0.0006
                                        -0.0002  0.0000  0.0000  0.0001  0.0000
                                         0.0000  0.0000  0.0000  0.0000 -0.0002
                                         0.0000  0.0000  0.0000  0.0000  0.0000
                                         0.0000  0.0000  0.0000  0.0000  0.0000
                                         0.0000  0.0000  0.0000  0.0000  0.0000
                                         0.0000  0.0171 -0.0001  0.0004  0.0000
                                        -0.0098 -0.0001 -0.0002  0.0000  0.0020
                                         0.0001  0.0000  0.0000 -0.0026  0.0000
 ---------------- non-Lewis ----------------------------------------------------
  32. (0.00488) BD*( 1) C  1- H  2
               ( 39.32%)   0.6270* C  1 s( 33.22%)p 2.00( 66.50%)d 0.01(  0.23%)
                                                  f 0.00(  0.06%)
                                         0.0000 -0.5763 -0.0013 -0.0004  0.0000
                                         0.0000  0.0000  0.0229  0.0016 -0.0001
                                        -0.0002  0.8037  0.0134 -0.0012 -0.0001
                                        -0.1356 -0.0023  0.0003  0.0000  0.0014
                                        -0.0002 -0.0002  0.0000  0.0140 -0.0010
                                         0.0380  0.0037  0.0250  0.0001  0.0045
                                         0.0001 -0.0099  0.0072  0.0002  0.0007
                                        -0.0205
               ( 60.68%)  -0.7790* H  2 s( 99.90%)p 0.00(  0.10%)
                                        -0.9995  0.0005  0.0004  0.0004 -0.0317
                                         0.0049
  33. (0.00487) BD*( 1) C  1- H  3
               ( 39.32%)   0.6270* C  1 s( 33.21%)p 2.00( 66.50%)d 0.01(  0.24%)
                                                  f 0.00(  0.06%)
                                         0.0000 -0.5762 -0.0013 -0.0003  0.0000
                                         0.0000  0.0000  0.0232  0.0016 -0.0001
                                        -0.0002 -0.5193 -0.0087  0.0007  0.0001
                                        -0.6282 -0.0105  0.0009  0.0001 -0.0009
                                         0.0001 -0.0011  0.0001 -0.0430  0.0027
                                         0.0137  0.0028 -0.0175 -0.0023 -0.0020
                                        -0.0004 -0.0170  0.0157 -0.0005  0.0003
                                         0.0073
               ( 60.68%)  -0.7790* H  3 s( 99.92%)p 0.00(  0.08%)
                                        -0.9996  0.0005  0.0004  0.0003  0.0175
                                         0.0216
  34. (0.00487) BD*( 1) C  1- H  4
               ( 39.32%)   0.6270* C  1 s( 33.20%)p 2.00( 66.50%)d 0.01(  0.23%)
                                                  f 0.00(  0.06%)
                                         0.0000 -0.5762 -0.0014 -0.0003  0.0000
                                         0.0000  0.0000  0.0227  0.0016 -0.0001
                                        -0.0002 -0.2844 -0.0048  0.0005  0.0001
                                         0.7638  0.0127 -0.0011 -0.0001 -0.0005
                                         0.0001  0.0014 -0.0001  0.0283 -0.0019
                                         0.0013  0.0023 -0.0387 -0.0035  0.0165
                                        -0.0007 -0.0157 -0.0082  0.0004  0.0001
                                         0.0023
               ( 60.68%)  -0.7790* H  4 s( 99.91%)p 0.00(  0.09%)
                                        -0.9995  0.0005  0.0004  0.0004  0.0101
                                        -0.0288
  35. (0.34746) BD*( 1) C  1-Br  6
               ( 77.36%)   0.8796* C  1 s(  0.22%)p99.99( 99.64%)d 0.63(  0.14%)
                                                  f 0.01(  0.00%)
                                         0.0000 -0.0413  0.0211  0.0060  0.0004
                                         0.0000  0.0000 -0.9964 -0.0595 -0.0041
                                        -0.0005 -0.0001  0.0000  0.0000  0.0000
                                        -0.0004  0.0001  0.0000  0.0000 -0.0002
                                         0.0000 -0.0001  0.0000  0.0002  0.0000
                                        -0.0315  0.0061  0.0185 -0.0031 -0.0020
                                         0.0002  0.0045 -0.0016 -0.0001 -0.0004
                                         0.0011
               ( 22.64%)  -0.4758*Br  6 s(  7.20%)p12.89( 92.76%)d 0.01(  0.04%)
                                                  f 0.00(  0.00%)
                                         0.0000  0.0000  0.0000 -0.2682 -0.0072
                                        -0.0004  0.0000  0.0000 -0.0001  0.0000
                                         0.0000  0.0000  0.9630  0.0162  0.0006
                                         0.0002  0.0000  0.0000 -0.0001  0.0000
                                         0.0000  0.0000  0.0000  0.0000  0.0002
                                         0.0000  0.0000  0.0000  0.0000  0.0000
                                         0.0000  0.0000  0.0000  0.0000  0.0000
                                         0.0000  0.0000  0.0000  0.0000  0.0000
                                         0.0000 -0.0171  0.0001 -0.0004  0.0000
                                         0.0098  0.0001  0.0002  0.0000 -0.0020
                                        -0.0001  0.0000  0.0000  0.0026  0.0000
  36. (0.00405) RY ( 1) C  1            s( 27.20%)p 0.11(  2.86%)d 2.49( 67.75%)
                                                  f 0.08(  2.18%)
                                         0.0000 -0.0324  0.5145  0.0793 -0.0008
                                         0.0000  0.0001  0.0535 -0.1588  0.0237
                                         0.0023 -0.0006  0.0009  0.0007  0.0002
                                        -0.0001  0.0015 -0.0005 -0.0003  0.0001
                                        -0.0001  0.0002 -0.0001  0.0046  0.0010
                                        -0.7055  0.0800  0.4148 -0.0375 -0.0558
                                        -0.0073  0.1251 -0.0435 -0.0001  0.0095
                                         0.0313
  37. (0.00084) RY ( 2) C  1            s(  0.79%)p99.99( 95.70%)d 3.69(  2.90%)
                                                  f 0.78(  0.61%)
                                         0.0000 -0.0057  0.0160  0.0852  0.0176
                                        -0.0007 -0.0006 -0.0500  0.9693 -0.0727
                                        -0.0982 -0.0004  0.0074  0.0011 -0.0003
                                        -0.0002  0.0048  0.0006 -0.0004 -0.0008
                                         0.0003 -0.0033  0.0013  0.0030 -0.0002
                                        -0.1412  0.0380  0.0847 -0.0199 -0.0096
                                        -0.0454  0.0229 -0.0083 -0.0007  0.0580
                                         0.0044
  38. (0.00077) RY ( 3) C  1            s(  0.00%)p 1.00( 60.04%)d 0.64( 38.52%)
                                                  f 0.02(  1.44%)
                                         0.0000  0.0000  0.0014  0.0007  0.0002
                                         0.0000  0.0000 -0.0001  0.0032 -0.0002
                                        -0.0005  0.0078 -0.2295 -0.0342  0.0064
                                         0.0246 -0.7306 -0.1079  0.0207 -0.1772
                                         0.0639 -0.5295  0.1903 -0.1729  0.0451
                                         0.0154  0.0047  0.0306  0.0078 -0.0699
                                         0.0003 -0.0091  0.0901 -0.0081  0.0017
                                         0.0347
  39. (0.00076) RY ( 4) C  1            s(  0.00%)p 1.00( 63.33%)d 0.55( 35.14%)
                                                  f 0.02(  1.52%)
                                         0.0000  0.0000  0.0018  0.0006  0.0001
                                         0.0000  0.0000 -0.0002  0.0048 -0.0004
                                        -0.0004  0.0250 -0.7473 -0.1096  0.0223
                                        -0.0082  0.2455  0.0357 -0.0074 -0.5066
                                         0.1815  0.1555 -0.0554 -0.0332  0.0086
                                        -0.0904 -0.0231 -0.1522 -0.0403  0.0233
                                        -0.0060 -0.0287 -0.0304 -0.0016 -0.0031
                                         0.1134
  40. (0.00068) RY ( 5) C  1            s(  0.00%)p 1.00( 32.27%)d 2.07( 66.85%)
                                                  f 0.03(  0.88%)
                                         0.0000  0.0001  0.0019  0.0001  0.0001
                                         0.0000  0.0000 -0.0005  0.0077 -0.0005
                                        -0.0008  0.0094 -0.2937 -0.0348  0.0254
                                         0.0154 -0.4789 -0.0568  0.0415  0.3906
                                        -0.1558  0.6356 -0.2535 -0.1506  0.0267
                                        -0.0054 -0.0002 -0.0049 -0.0014 -0.0489
                                         0.0006 -0.0122  0.0631  0.0011 -0.0007
                                         0.0473
  41. (0.00067) RY ( 6) C  1            s(  0.00%)p 1.00( 28.71%)d 2.46( 70.51%)
                                                  f 0.03(  0.78%)
                                         0.0000  0.0000  0.0009  0.0004  0.0000
                                         0.0000  0.0000 -0.0001  0.0014 -0.0001
                                        -0.0003  0.0144 -0.4512 -0.0524  0.0410
                                        -0.0089  0.2777  0.0323 -0.0252  0.6550
                                        -0.2611 -0.4017  0.1601  0.0075 -0.0012
                                        -0.0721 -0.0113 -0.1229 -0.0208  0.0283
                                        -0.0004 -0.0186 -0.0368  0.0000 -0.0012
                                         0.0730
  42. (0.00022) RY ( 7) C  1            s( 86.25%)p 0.01(  1.10%)d 0.14( 12.32%)
                                                  f 0.00(  0.32%)
                                         0.0000  0.0119  0.6999 -0.6102  0.0117
                                         0.0001 -0.0004 -0.0087  0.1009 -0.0088
                                        -0.0259  0.0002  0.0021  0.0003 -0.0002
                                         0.0001  0.0004  0.0003  0.0000 -0.0003
                                         0.0002 -0.0007  0.0004 -0.0017 -0.0006
                                         0.2934 -0.0746 -0.1732  0.0398  0.0214
                                        -0.0036 -0.0482  0.0165 -0.0002  0.0044
                                        -0.0122
  43. (0.00001) RY ( 8) C  1            s( 21.11%)p 0.00(  0.08%)d 0.37(  7.74%)
                                                  f 3.37( 71.06%)
  44. (0.00000) RY ( 9) C  1            s(  0.91%)p99.99( 91.57%)d 4.85(  4.44%)
                                                  f 3.37(  3.08%)
  45. (0.00000) RY (10) C  1            s(  0.00%)p 1.00(  1.01%)d48.75( 49.10%)
                                                  f49.53( 49.89%)
  46. (0.00000) RY (11) C  1            s(  0.04%)p99.99( 34.92%)d99.99( 36.98%)
                                                  f99.99( 28.06%)
  47. (0.00000) RY (12) C  1            s(  0.00%)p 1.00( 77.99%)d 0.19( 14.90%)
                                                  f 0.09(  7.10%)
  48. (0.00000) RY (13) C  1            s( 59.48%)p 0.37( 21.72%)d 0.07(  4.42%)
                                                  f 0.24( 14.38%)
  49. (0.00000) RY (14) C  1            s(  0.05%)p99.99( 35.28%)d99.99( 37.26%)
                                                  f99.99( 27.41%)
  50. (0.00000) RY (15) C  1            s(  0.01%)p 1.00( 77.68%)d 0.20( 15.24%)
                                                  f 0.09(  7.07%)
  51. (0.00000) RY (16) C  1            s( 75.44%)p 0.03(  1.90%)d 0.27( 20.29%)
                                                  f 0.03(  2.37%)
  52. (0.00000) RY (17) C  1            s(  0.02%)p99.99( 52.50%)d99.99( 34.61%)
                                                  f99.99( 12.88%)
  53. (0.00000) RY (18) C  1            s( 87.73%)p 0.03(  2.82%)d 0.04(  3.58%)
                                                  f 0.07(  5.87%)
  54. (0.00000) RY (19) C  1            s(  0.01%)p70.91(  1.00%)d99.99( 49.35%)
                                                  f99.99( 49.63%)
  55. (0.00000) RY (20) C  1            s(  0.00%)p 1.00( 50.79%)d 0.72( 36.63%)
                                                  f 0.25( 12.58%)
  56. (0.00000) RY (21) C  1            s(  0.20%)p13.63(  2.68%)d99.99( 84.71%)
                                                  f63.09( 12.41%)
  57. (0.00000) RY (22) C  1            s(  4.52%)p 1.42(  6.42%)d15.14( 68.48%)
                                                  f 4.55( 20.57%)
  58. (0.00000) RY (23) C  1            s( 34.94%)p 0.54( 18.70%)d 0.55( 19.33%)
                                                  f 0.77( 27.03%)
  59. (0.00000) RY (24) C  1            s(  1.93%)p22.53( 43.59%)d 3.79(  7.33%)
                                                  f24.37( 47.14%)
  60. (0.00000) RY (25) C  1            s( 21.96%)p 0.23(  5.15%)d 2.96( 64.91%)
                                                  f 0.36(  7.99%)
  61. (0.00000) RY (26) C  1            s(  0.00%)p 1.00(  0.25%)d 5.97(  1.47%)
                                                  f99.99( 98.28%)
  62. (0.00000) RY (27) C  1            s(  0.05%)p99.99( 14.35%)d99.99( 27.11%)
                                                  f99.99( 58.50%)
  63. (0.00000) RY (28) C  1            s(  1.72%)p14.66( 25.22%)d28.35( 48.77%)
                                                  f14.12( 24.30%)
  64. (0.00000) RY (29) C  1            s(  0.22%)p64.42( 14.42%)d95.44( 21.36%)
                                                  f99.99( 64.00%)
  65. (0.00000) RY (30) C  1            s( 75.53%)p 0.20( 15.21%)d 0.02(  1.77%)
                                                  f 0.10(  7.48%)
  66. (0.00000) RY (31) C  1            s(  0.03%)p99.99( 21.58%)d99.99( 45.37%)
                                                  f99.99( 33.02%)
  67. (0.00069) RY ( 1) H  2            s( 96.71%)p 0.03(  3.29%)
                                        -0.0048  0.9834  0.0053 -0.0753  0.1623
                                        -0.0293
  68. (0.00019) RY ( 2) H  2            s( 32.50%)p 2.08( 67.50%)
                                        -0.0006 -0.0682  0.5660 -0.8215  0.0135
                                         0.0006
  69. (0.00012) RY ( 3) H  2            s( 68.12%)p 0.47( 31.88%)
                                         0.0007  0.0397  0.8244  0.5646 -0.0040
                                         0.0077
  70. (0.00004) RY ( 4) H  2            s(  2.77%)p35.07( 97.23%)
  71. (0.00000) RY ( 5) H  2            s(  0.01%)p 1.00( 99.99%)
  72. (0.00069) RY ( 1) H  3            s( 96.54%)p 0.04(  3.46%)
                                        -0.0043  0.9826  0.0012 -0.0721 -0.1069
                                        -0.1340
  73. (0.00019) RY ( 2) H  3            s( 37.04%)p 1.70( 62.96%)
                                         0.0009 -0.0526  0.6063 -0.7927  0.0258
                                         0.0255
  74. (0.00012) RY ( 3) H  3            s( 62.24%)p 0.61( 37.76%)
                                         0.0039  0.0641  0.7863  0.6027  0.0810
                                         0.0883
  75. (0.00004) RY ( 4) H  3            s(  4.25%)p22.55( 95.75%)
  76. (0.00000) RY ( 5) H  3            s(  0.01%)p 1.00( 99.99%)
  77. (0.00068) RY ( 1) H  4            s( 96.64%)p 0.03(  3.36%)
                                        -0.0047  0.9830  0.0037 -0.0748 -0.0588
                                         0.1568
  78. (0.00019) RY ( 2) H  4            s( 33.68%)p 1.97( 66.32%)
                                         0.0000 -0.0631  0.5769 -0.8143  0.0095
                                        -0.0030
  79. (0.00012) RY ( 3) H  4            s( 66.71%)p 0.50( 33.29%)
                                         0.0022  0.0496  0.8153  0.5743  0.0343
                                        -0.0436
  80. (0.00004) RY ( 4) H  4            s(  3.03%)p31.98( 96.97%)
  81. (0.00000) RY ( 5) H  4            s(  0.03%)p99.99( 99.97%)
  82. (0.00136) RY ( 1)Cl  5            s(  1.25%)p28.85( 35.94%)d49.54( 61.71%)
                                                  f 0.88(  1.10%)
                                         0.0000  0.0000 -0.0041  0.0840  0.0733
                                        -0.0030  0.0005  0.0000 -0.0185  0.5989
                                         0.0066  0.0172  0.0029  0.0000  0.0000
                                         0.0006  0.0000  0.0000  0.0000  0.0000
                                         0.0000 -0.0004  0.0000 -0.0001  0.0000
                                         0.0003 -0.0003 -0.0004 -0.0001  0.0001
                                         0.0001  0.6792 -0.0323 -0.3929  0.0192
                                        -0.0012 -0.0643  0.0027 -0.0010  0.0000
                                         0.0829  0.0008
  83. (0.00030) RY ( 2)Cl  5            s(  0.00%)p 1.00( 12.97%)d 6.58( 85.35%)
                                                  f 0.13(  1.68%)
                                         0.0000  0.0000  0.0000  0.0005  0.0002
                                         0.0000  0.0000  0.0000  0.0000  0.0004
                                         0.0000  0.0002  0.0000  0.0000  0.0018
                                        -0.2122  0.0226  0.0256 -0.0022  0.0000
                                         0.0024 -0.2852  0.0303  0.0342 -0.0029
                                        -0.5417 -0.0098 -0.7262 -0.0129 -0.1498
                                        -0.0967 -0.0109 -0.0071 -0.0179 -0.0119
                                         0.0634 -0.0011  0.0193 -0.0818 -0.0103
                                        -0.0009 -0.0747
  84. (0.00030) RY ( 3)Cl  5            s(  0.00%)p 1.00( 12.80%)d 6.68( 85.52%)
                                                  f 0.13(  1.68%)
                                         0.0000  0.0000  0.0000  0.0037  0.0001
                                         0.0001 -0.0001  0.0000  0.0000  0.0029
                                        -0.0015 -0.0013  0.0001  0.0000  0.0025
                                        -0.2829  0.0303  0.0341 -0.0029  0.0000
                                        -0.0018  0.2114 -0.0225 -0.0254  0.0022
                                        -0.7267 -0.0138  0.5418  0.0102  0.0212
                                         0.0135 -0.0771 -0.0525 -0.1298 -0.0836
                                        -0.0474 -0.0077  0.0259  0.0611  0.0015
                                        -0.0069 -0.1003
  85. (0.00010) RY ( 4)Cl  5            s( 49.73%)p 0.50( 25.06%)d 0.32( 15.74%)
                                                  f 0.19(  9.48%)
  86. (0.00002) RY ( 5)Cl  5            s(  0.00%)p 1.00( 77.93%)d 0.28( 22.00%)
                                                  f 0.00(  0.07%)
  87. (0.00002) RY ( 6)Cl  5            s(  0.00%)p 1.00( 78.07%)d 0.28( 21.86%)
                                                  f 0.00(  0.07%)
  88. (0.00000) RY ( 7)Cl  5            s( 95.13%)p 0.04(  4.20%)d 0.00(  0.42%)
                                                  f 0.00(  0.25%)
  89. (0.00000) RY ( 8)Cl  5            s(  3.69%)p24.35( 89.72%)d 1.47(  5.42%)
                                                  f 0.32(  1.17%)
  90. (0.00000) RY ( 9)Cl  5            s(  7.18%)p11.72( 84.16%)d 1.09(  7.82%)
                                                  f 0.12(  0.84%)
  91. (0.00000) RY (10)Cl  5            s(  0.00%)p 1.00( 78.84%)d 0.27( 20.90%)
                                                  f 0.00(  0.26%)
  92. (0.00000) RY (11)Cl  5            s(  0.00%)p 1.00( 66.50%)d 0.41( 27.08%)
                                                  f 0.10(  6.42%)
  93. (0.00000) RY (12)Cl  5            s(  0.00%)p 1.00( 99.10%)d 0.01(  0.69%)
                                                  f 0.00(  0.21%)
  94. (0.00000) RY (13)Cl  5            s( 93.41%)p 0.06(  5.39%)d 0.00(  0.34%)
                                                  f 0.01(  0.86%)
  95. (0.00000) RY (14)Cl  5            s(  0.00%)p 1.00( 68.02%)d 0.47( 31.73%)
                                                  f 0.00(  0.25%)
  96. (0.00000) RY (15)Cl  5            s(  0.00%)p 1.00( 65.09%)d 0.45( 29.07%)
                                                  f 0.09(  5.84%)
  97. (0.00000) RY (16)Cl  5            s(  0.00%)p 1.00( 91.85%)d 0.09(  7.88%)
                                                  f 0.00(  0.26%)
  98. (0.00000) RY (17)Cl  5            s( 45.59%)p 0.06(  2.94%)d 0.23( 10.30%)
                                                  f 0.90( 41.18%)
  99. (0.00000) RY (18)Cl  5            s(  0.00%)p 1.00( 35.69%)d 1.27( 45.25%)
                                                  f 0.53( 19.07%)
 100. (0.00000) RY (19)Cl  5            s(  6.24%)p 6.32( 39.46%)d 3.88( 24.24%)
                                                  f 4.82( 30.06%)
 101. (0.00000) RY (20)Cl  5            s(  0.00%)p 1.00( 62.72%)d 0.59( 36.82%)
                                                  f 0.01(  0.46%)
 102. (0.00000) RY (21)Cl  5            s(  0.00%)p 1.00( 10.18%)d 6.54( 66.61%)
                                                  f 2.28( 23.20%)
 103. (0.00000) RY (22)Cl  5            s(  0.45%)p 5.65(  2.53%)d99.99( 81.02%)
                                                  f35.71( 16.00%)
 104. (0.00000) RY (23)Cl  5            s(  5.11%)p16.95( 86.56%)d 1.23(  6.30%)
                                                  f 0.40(  2.03%)
 105. (0.00000) RY (24)Cl  5            s( 20.83%)p 0.80( 16.76%)d 2.99( 62.23%)
                                                  f 0.01(  0.18%)
 106. (0.00000) RY (25)Cl  5            s(  0.02%)p99.99( 11.79%)d99.99( 65.71%)
                                                  f99.99( 22.47%)
 107. (0.00000) RY (26)Cl  5            s( 24.76%)p 0.09(  2.15%)d 2.48( 61.32%)
                                                  f 0.48( 11.77%)
 108. (0.00000) RY (27)Cl  5            s(  0.02%)p 0.46(  0.01%)d 1.19(  0.02%)
                                                  f99.99( 99.96%)
 109. (0.00000) RY (28)Cl  5            s(  2.67%)p 2.37(  6.32%)d10.93( 29.16%)
                                                  f23.18( 61.85%)
 110. (0.00000) RY (29)Cl  5            s( 24.12%)p 0.05(  1.11%)d 0.18(  4.28%)
                                                  f 2.92( 70.48%)
 111. (0.00000) RY (30)Cl  5            s(  0.00%)p 1.00(  2.84%)d 4.05( 11.51%)
                                                  f30.18( 85.66%)
 112. (0.00000) RY (31)Cl  5            s(  0.78%)p 8.21(  6.44%)d32.08( 25.17%)
                                                  f86.18( 67.61%)
 113. (0.00000) RY (32)Cl  5            s( 19.03%)p 0.55( 10.40%)d 0.83( 15.79%)
                                                  f 2.88( 54.78%)
 114. (0.00000) RY (33)Cl  5            s(  0.00%)p 1.00(  6.50%)d 4.73( 30.70%)
                                                  f 9.67( 62.80%)
 115. (0.00105) RY ( 1)Br  6            s(  0.29%)p99.99( 40.69%)d99.99( 57.00%)
                                                  f 7.10(  2.03%)
                                         0.0000  0.0000  0.0000 -0.0058  0.0412
                                        -0.0323  0.0013  0.0004  0.0094  0.0000
                                         0.0000  0.0000  0.0249 -0.6372  0.0140
                                         0.0052  0.0000  0.0000  0.0000  0.0004
                                        -0.0001  0.0000  0.0000  0.0000  0.0000
                                        -0.0003  0.0000  0.0000  0.0000  0.0000
                                        -0.0004  0.0000  0.0000  0.0003  0.0002
                                         0.0000  0.0000  0.0001 -0.0002  0.0000
                                         0.0000  0.6346  0.1567 -0.0068  0.0000
                                        -0.3668 -0.0902  0.0026 -0.0019  0.0873
                                         0.0045 -0.0016  0.0000 -0.1126  0.0012
 116. (0.00028) RY ( 2)Br  6            s(  0.00%)p 1.00(  5.33%)d17.01( 90.68%)
                                                  f 0.75(  3.99%)
                                         0.0000  0.0000  0.0000  0.0000  0.0027
                                        -0.0003  0.0002  0.0002  0.0000 -0.0001
                                         0.0000  0.0000 -0.0001 -0.0016  0.0015
                                         0.0002  0.0000  0.0000  0.0039 -0.1605
                                         0.0916 -0.0002  0.0000  0.0000 -0.0029
                                         0.1202 -0.0685  0.0002  0.0000  0.7115
                                        -0.0523  0.0138  0.0000 -0.5316  0.0388
                                        -0.0103  0.0000  0.0330 -0.0333 -0.0002
                                         0.0000 -0.1187  0.1226  0.0008  0.0000
                                        -0.2008  0.2046  0.0013 -0.0723  0.0241
                                         0.0395  0.0934 -0.0044  0.0190 -0.1530
 117. (0.00028) RY ( 3)Br  6            s(  0.00%)p 1.00(  5.45%)d16.61( 90.55%)
                                                  f 0.73(  4.00%)
                                         0.0000  0.0000  0.0000  0.0000 -0.0001
                                         0.0000  0.0000  0.0000  0.0000  0.0000
                                         0.0000  0.0000  0.0000 -0.0003  0.0002
                                         0.0000  0.0000  0.0000  0.0029 -0.1213
                                         0.0688 -0.0001  0.0000  0.0000  0.0039
                                        -0.1629  0.0922 -0.0002  0.0000  0.5320
                                        -0.0379  0.0103  0.0000  0.7120 -0.0503
                                         0.0138  0.0000 -0.2316  0.2355  0.0013
                                         0.0000 -0.0169  0.0172  0.0001  0.0000
                                        -0.0280  0.0288  0.0002  0.0970  0.0033
                                         0.0296 -0.1252  0.0305  0.0027 -0.1145
 118. (0.00009) RY ( 4)Br  6            s( 34.67%)p 0.69( 24.09%)d 0.74( 25.49%)
                                                  f 0.45( 15.75%)
 119. (0.00003) RY ( 5)Br  6            s(  0.00%)p 1.00( 66.65%)d 0.49( 32.94%)
                                                  f 0.01(  0.41%)
 120. (0.00003) RY ( 6)Br  6            s(  0.00%)p 1.00( 66.64%)d 0.49( 32.94%)
                                                  f 0.01(  0.41%)
 121. (0.00000) RY ( 7)Br  6            s( 49.54%)p 0.34( 17.01%)d 0.67( 33.25%)
                                                  f 0.00(  0.20%)
 122. (0.00000) RY ( 8)Br  6            s(  1.81%)p29.62( 53.51%)d 8.03( 14.51%)
                                                  f16.70( 30.17%)
 123. (0.00000) RY ( 9)Br  6            s( 49.05%)p 0.41( 19.92%)d 0.56( 27.64%)
                                                  f 0.07(  3.38%)
 124. (0.00000) RY (10)Br  6            s( 22.34%)p 2.05( 45.71%)d 0.66( 14.66%)
                                                  f 0.77( 17.30%)
 125. (0.00000) RY (11)Br  6            s( 55.87%)p 0.20( 11.41%)d 0.57( 32.01%)
                                                  f 0.01(  0.71%)
 126. (0.00000) RY (12)Br  6            s( 13.66%)p 2.77( 37.78%)d 2.41( 32.91%)
                                                  f 1.15( 15.65%)
 127. (0.00000) RY (13)Br  6            s(  0.00%)p 1.00( 74.01%)d 0.21( 15.18%)
                                                  f 0.15( 10.81%)
 128. (0.00000) RY (14)Br  6            s( 88.22%)p 0.02(  1.89%)d 0.07(  6.26%)
                                                  f 0.04(  3.63%)
 129. (0.00000) RY (15)Br  6            s(  2.73%)p16.30( 44.57%)d12.80( 35.00%)
                                                  f 6.47( 17.70%)
 130. (0.00000) RY (16)Br  6            s(  0.00%)p 1.00( 68.85%)d 0.32( 22.20%)
                                                  f 0.13(  8.95%)
 131. (0.00000) RY (17)Br  6            s( 89.55%)p 0.00(  0.17%)d 0.03(  2.95%)
                                                  f 0.08(  7.33%)
 132. (0.00000) RY (18)Br  6            s(  0.02%)p99.99( 30.61%)d99.99( 68.84%)
                                                  f26.97(  0.53%)
 133. (0.00000) RY (19)Br  6            s(  0.27%)p13.07(  3.52%)d99.99( 90.45%)
                                                  f21.34(  5.75%)
 134. (0.00000) RY (20)Br  6            s( 65.21%)p 0.31( 20.44%)d 0.21( 13.74%)
                                                  f 0.01(  0.61%)
 135. (0.00000) RY (21)Br  6            s(  0.01%)p99.99( 52.91%)d99.99( 38.73%)
                                                  f99.99(  8.36%)
 136. (0.00000) RY (22)Br  6            s(  0.00%)p 1.00(  9.30%)d 9.19( 85.49%)
                                                  f 0.56(  5.21%)
 137. (0.00000) RY (23)Br  6            s(  0.00%)p 1.00(  8.01%)d 5.78( 46.32%)
                                                  f 5.70( 45.67%)
 138. (0.00000) RY (24)Br  6            s(  0.01%)p99.99( 34.80%)d99.99( 55.83%)
                                                  f99.99(  9.35%)
 139. (0.00000) RY (25)Br  6            s(  0.35%)p 1.62(  0.57%)d99.99( 94.88%)
                                                  f11.84(  4.19%)
 140. (0.00000) RY (26)Br  6            s( 78.36%)p 0.16( 12.57%)d 0.09(  6.94%)
                                                  f 0.03(  2.14%)
 141. (0.00000) RY (27)Br  6            s( 24.53%)p 0.36(  8.94%)d 2.25( 55.15%)
                                                  f 0.46( 11.38%)
 142. (0.00000) RY (28)Br  6            s(  0.00%)p 1.00(  8.88%)d 5.20( 46.21%)
                                                  f 5.05( 44.90%)
 143. (0.00000) RY (29)Br  6            s(  2.18%)p 1.77(  3.85%)d33.47( 72.93%)
                                                  f 9.66( 21.05%)
 144. (0.00000) RY (30)Br  6            s(  6.46%)p 0.24(  1.57%)d13.85( 89.51%)
                                                  f 0.38(  2.45%)
 145. (0.00000) RY (31)Br  6            s(  0.01%)p 1.00(  0.05%)d 4.83(  0.23%)
                                                  f99.99( 99.71%)
 146. (0.00000) RY (32)Br  6            s(  1.57%)p27.23( 42.61%)d20.67( 32.36%)
                                                  f14.99( 23.47%)
 147. (0.00000) RY (33)Br  6            s(  5.47%)p 0.18(  0.97%)d 0.69(  3.75%)
                                                  f16.43( 89.81%)
 148. (0.00000) RY (34)Br  6            s(  0.00%)p 1.00(  9.84%)d 2.62( 25.78%)
                                                  f 6.54( 64.38%)
 149. (0.00000) RY (35)Br  6            s(  0.05%)p67.99(  3.64%)d99.99( 62.08%)
                                                  f99.99( 34.22%)
 150. (0.00000) RY (36)Br  6            s(  7.77%)p 6.86( 53.30%)d 2.41( 18.70%)
                                                  f 2.60( 20.23%)
 151. (0.00000) RY (37)Br  6            s(  0.00%)p 1.00(  9.99%)d 2.59( 25.86%)
                                                  f 6.42( 64.15%)


 NHO DIRECTIONALITY AND BOND BENDING (deviation from line of nuclear centers at
                                      the position of maximum hybrid amplitude)

         [Thresholds for printing:  angular deviation  >  1.0 degree]
                                    p- or d-character  > 25.0%
                                    orbital occupancy  >  0.10e

                        Line of Centers        Hybrid 1             Hybrid 2
                        ---------------  -------------------  ------------------
           NBO            Theta   Phi    Theta   Phi    Dev   Theta   Phi    Dev
 ===============================================================================
  22. LP ( 2)Cl  5          --     --     60.3   89.5   --      --     --    --
  23. LP ( 3)Cl  5          --     --     29.7  270.9   --      --     --    --
  24. LP ( 4)Cl  5          --     --     90.0    0.0   --      --     --    --
  26. LP ( 2)Br  6          --     --    127.1   90.5   --      --     --    --
  27. LP ( 3)Br  6          --     --    142.8  269.4   --      --     --    --
  28. BD ( 1) C  1- H  2   80.4  270.8    80.4  268.8   2.0     --     --    --
  29. BD ( 1) C  1- H  3   39.6   88.8    39.6   92.0   2.0     --     --    --
  30. BD ( 1) C  1- H  4  159.6   87.7   159.5   93.5   2.0     --     --    --


 3-Center, 4-Electron A:-B-:C Hyperbonds (A-B :C <=> A: B-C)
              [threshold for detection: 33.3%]

                                                  NBOs       3-center hybrids
                                              -------------  ----------------
       Hyperbond A:-B-:C   %A-B/%B-C   occ    BD(A-B) LP(C)  h(A)  h(B)  h(C)
      -------------------  ---------  ------  ------- -----  ----  ----  ----
   1. Br  6:- C  1-:Cl  5  51.8/48.2  3.9843      31     24    34    35    24


 NATURAL BOND ORBITALS (Summary):

           NBO                 Occupancy
 ========================================
 Molecular unit  1  (CH3Br)
 ------ Lewis ---------------------------
    1. CR ( 1) C  1             1.99957
    7. CR ( 1)Br  6             2.00000
    8. CR ( 2)Br  6             2.00000
    9. CR ( 3)Br  6             1.99999
   10. CR ( 4)Br  6             2.00000
   11. CR ( 5)Br  6             1.99999
   12. CR ( 6)Br  6             2.00000
   13. CR ( 7)Br  6             2.00000
   14. CR ( 8)Br  6             2.00000
   15. CR ( 9)Br  6             2.00000
   16. CR (10)Br  6             2.00000
   17. CR (11)Br  6             2.00000
   18. CR (12)Br  6             2.00000
   19. CR (13)Br  6             1.99997
   20. CR (14)Br  6             1.99999
   25. LP ( 1)Br  6             1.99927
   26. LP ( 2)Br  6             1.99859
   27. LP ( 3)Br  6             1.99859
   28. BD ( 1) C  1- H  2       1.99824
   29. BD ( 1) C  1- H  3       1.99825
   30. BD ( 1) C  1- H  4       1.99825
   31. BD ( 1) C  1-Br  6       1.99712
 ------ non-Lewis -----------------------
   32. BD*( 1) C  1- H  2       0.00488
   33. BD*( 1) C  1- H  3       0.00487
   34. BD*( 1) C  1- H  4       0.00487
   35. BD*( 1) C  1-Br  6       0.34746
   36. RY ( 1) C  1             0.00405
   37. RY ( 2) C  1             0.00084
   38. RY ( 3) C  1             0.00077
   39. RY ( 4) C  1             0.00076
   40. RY ( 5) C  1             0.00068
   41. RY ( 6) C  1             0.00067
   42. RY ( 7) C  1             0.00022
   43. RY ( 8) C  1             0.00001
   44. RY ( 9) C  1             0.00000
   45. RY (10) C  1             0.00000
   46. RY (11) C  1             0.00000
   47. RY (12) C  1             0.00000
   48. RY (13) C  1             0.00000
   49. RY (14) C  1             0.00000
   50. RY (15) C  1             0.00000
   51. RY (16) C  1             0.00000
   52. RY (17) C  1             0.00000
   53. RY (18) C  1             0.00000
   54. RY (19) C  1             0.00000
   55. RY (20) C  1             0.00000
   56. RY (21) C  1             0.00000
   57. RY (22) C  1             0.00000
   58. RY (23) C  1             0.00000
   59. RY (24) C  1             0.00000
   60. RY (25) C  1             0.00000
   61. RY (26) C  1             0.00000
   62. RY (27) C  1             0.00000
   63. RY (28) C  1             0.00000
   64. RY (29) C  1             0.00000
   65. RY (30) C  1             0.00000
   66. RY (31) C  1             0.00000
   67. RY ( 1) H  2             0.00069
   68. RY ( 2) H  2             0.00019
   69. RY ( 3) H  2             0.00012
   70. RY ( 4) H  2             0.00004
   71. RY ( 5) H  2             0.00000
   72. RY ( 1) H  3             0.00069
   73. RY ( 2) H  3             0.00019
   74. RY ( 3) H  3             0.00012
   75. RY ( 4) H  3             0.00004
   76. RY ( 5) H  3             0.00000
   77. RY ( 1) H  4             0.00068
   78. RY ( 2) H  4             0.00019
   79. RY ( 3) H  4             0.00012
   80. RY ( 4) H  4             0.00004
   81. RY ( 5) H  4             0.00000
  115. RY ( 1)Br  6             0.00105
  116. RY ( 2)Br  6             0.00028
  117. RY ( 3)Br  6             0.00028
  118. RY ( 4)Br  6             0.00009
  119. RY ( 5)Br  6             0.00003
  120. RY ( 6)Br  6             0.00003
  121. RY ( 7)Br  6             0.00000
  122. RY ( 8)Br  6             0.00000
  123. RY ( 9)Br  6             0.00000
  124. RY (10)Br  6             0.00000
  125. RY (11)Br  6             0.00000
  126. RY (12)Br  6             0.00000
  127. RY (13)Br  6             0.00000
  128. RY (14)Br  6             0.00000
  129. RY (15)Br  6             0.00000
  130. RY (16)Br  6             0.00000
  131. RY (17)Br  6             0.00000
  132. RY (18)Br  6             0.00000
  133. RY (19)Br  6             0.00000
  134. RY (20)Br  6             0.00000
  135. RY (21)Br  6             0.00000
  136. RY (22)Br  6             0.00000
  137. RY (23)Br  6             0.00000
  138. RY (24)Br  6             0.00000
  139. RY (25)Br  6             0.00000
  140. RY (26)Br  6             0.00000
  141. RY (27)Br  6             0.00000
  142. RY (28)Br  6             0.00000
  143. RY (29)Br  6             0.00000
  144. RY (30)Br  6             0.00000
  145. RY (31)Br  6             0.00000
  146. RY (32)Br  6             0.00000
  147. RY (33)Br  6             0.00000
  148. RY (34)Br  6             0.00000
  149. RY (35)Br  6             0.00000
  150. RY (36)Br  6             0.00000
  151. RY (37)Br  6             0.00000
          -------------------------------
                 Total Lewis   43.98782  ( 99.1547%)
           Valence non-Lewis    0.36208  (  0.8162%)
           Rydberg non-Lewis    0.01293  (  0.0291%)
          -------------------------------
               Total unit  1   44.36283  (100.0000%)
              Charge unit  1   -0.36283

 Molecular unit  2  (Cl)
 ------ Lewis ---------------------------
    2. CR ( 1)Cl  5             2.00000
    3. CR ( 2)Cl  5             1.99999
    4. CR ( 3)Cl  5             1.99999
    5. CR ( 4)Cl  5             2.00000
    6. CR ( 5)Cl  5             2.00000
   21. LP ( 1)Cl  5             1.99916
   22. LP ( 2)Cl  5             1.99811
   23. LP ( 3)Cl  5             1.99810
   24. LP ( 4)Cl  5             1.63972
 ------ non-Lewis -----------------------
   82. RY ( 1)Cl  5             0.00136
   83. RY ( 2)Cl  5             0.00030
   84. RY ( 3)Cl  5             0.00030
   85. RY ( 4)Cl  5             0.00010
   86. RY ( 5)Cl  5             0.00002
   87. RY ( 6)Cl  5             0.00002
   88. RY ( 7)Cl  5             0.00000
   89. RY ( 8)Cl  5             0.00000
   90. RY ( 9)Cl  5             0.00000
   91. RY (10)Cl  5             0.00000
   92. RY (11)Cl  5             0.00000
   93. RY (12)Cl  5             0.00000
   94. RY (13)Cl  5             0.00000
   95. RY (14)Cl  5             0.00000
   96. RY (15)Cl  5             0.00000
   97. RY (16)Cl  5             0.00000
   98. RY (17)Cl  5             0.00000
   99. RY (18)Cl  5             0.00000
  100. RY (19)Cl  5             0.00000
  101. RY (20)Cl  5             0.00000
  102. RY (21)Cl  5             0.00000
  103. RY (22)Cl  5             0.00000
  104. RY (23)Cl  5             0.00000
  105. RY (24)Cl  5             0.00000
  106. RY (25)Cl  5             0.00000
  107. RY (26)Cl  5             0.00000
  108. RY (27)Cl  5             0.00000
  109. RY (28)Cl  5             0.00000
  110. RY (29)Cl  5             0.00000
  111. RY (30)Cl  5             0.00000
  112. RY (31)Cl  5             0.00000
  113. RY (32)Cl  5             0.00000
  114. RY (33)Cl  5             0.00000
          -------------------------------
                 Total Lewis   17.63507  ( 99.9881%)
           Valence non-Lewis    0.00000  (  0.0000%)
           Rydberg non-Lewis    0.00211  (  0.0119%)
          -------------------------------
               Total unit  2   17.63717  (100.0000%)
              Charge unit  2   -0.63717

 $CHOOSE
   LONE 5 4 6 3 END
   BOND S 1 2 S 1 3 S 1 4 S 1 6 END
 $END

 Maximum scratch memory used by NBO was 500093 words
 Maximum scratch memory used by GENNBO was 23651 words
