
 *********************************** NBO 6.0 ***********************************
             N A T U R A L   A T O M I C   O R B I T A L   A N D
          N A T U R A L   B O N D   O R B I T A L   A N A L Y S I S
 ****************************** 00000000 (100000) ******************************
  (c) Copyright 1996-2015 Board of Regents of the University of Wisconsin System
      on behalf of the Theoretical Chemistry Institute.  All rights reserved.

          Cite this program as:

          NBO 6.0.  E. D. Glendening, J. K. Badenhoop, A. E. Reed,
          J. E. Carpenter, J. A. Bohmann, C. M. Morales, C. R. Landis,
          and F. Weinhold (Theoretical Chemistry Institute, University
          of Wisconsin, Madison, WI, 2013); http://nbo6.chem.wisc.edu/

 Job title:  Generated by Multiwfn


 NATURAL POPULATIONS:  Natural atomic orbital occupancies

  NAO Atom No lang   Type(AO)    Occupancy
 ------------------------------------------
   1    C  1  s      Cor( 1s)     1.99957
   2    C  1  s      Val( 2s)     1.23492
   3    C  1  s      Ryd( 3s)     0.00077
   4    C  1  s      Ryd( 4s)     0.00012
   5    C  1  s      Ryd( 5s)     0.00000
   6    C  1  s      Ryd( 7s)     0.00000
   7    C  1  s      Ryd( 6s)     0.00000
   8    C  1  px     Val( 2p)     0.72938
   9    C  1  px     Ryd( 3p)     0.00298
  10    C  1  px     Ryd( 4p)     0.00002
  11    C  1  px     Ryd( 5p)     0.00001
  12    C  1  py     Val( 2p)     1.19486
  13    C  1  py     Ryd( 3p)     0.00104
  14    C  1  py     Ryd( 4p)     0.00002
  15    C  1  py     Ryd( 5p)     0.00000
  16    C  1  pz     Val( 2p)     1.19485
  17    C  1  pz     Ryd( 3p)     0.00104
  18    C  1  pz     Ryd( 4p)     0.00002
  19    C  1  pz     Ryd( 5p)     0.00000
  20    C  1  dxy    Ryd( 3d)     0.00064
  21    C  1  dxy    Ryd( 4d)     0.00010
  22    C  1  dxz    Ryd( 3d)     0.00064
  23    C  1  dxz    Ryd( 4d)     0.00010
  24    C  1  dyz    Ryd( 3d)     0.00335
  25    C  1  dyz    Ryd( 4d)     0.00002
  26    C  1  dx2y2  Ryd( 3d)     0.00309
  27    C  1  dx2y2  Ryd( 4d)     0.00007
  28    C  1  dz2    Ryd( 3d)     0.00321
  29    C  1  dz2    Ryd( 4d)     0.00003
  30    C  1  f(0)   Ryd( 4f)     0.00083
  31    C  1  f(c1)  Ryd( 4f)     0.00000
  32    C  1  f(s1)  Ryd( 4f)     0.00009
  33    C  1  f(c2)  Ryd( 4f)     0.00074
  34    C  1  f(s2)  Ryd( 4f)     0.00000
  35    C  1  f(c3)  Ryd( 4f)     0.00000
  36    C  1  f(s3)  Ryd( 4f)     0.00055

  37    H  2  s      Val( 1s)     0.79111
  38    H  2  s      Ryd( 2s)     0.00066
  39    H  2  s      Ryd( 3s)     0.00016
  40    H  2  px     Ryd( 2p)     0.00018
  41    H  2  py     Ryd( 2p)     0.00001
  42    H  2  pz     Ryd( 2p)     0.00090

  43    H  3  s      Val( 1s)     0.79116
  44    H  3  s      Ryd( 2s)     0.00067
  45    H  3  s      Ryd( 3s)     0.00016
  46    H  3  px     Ryd( 2p)     0.00017
  47    H  3  py     Ryd( 2p)     0.00048
  48    H  3  pz     Ryd( 2p)     0.00022

  49    H  4  s      Val( 1s)     0.79114
  50    H  4  s      Ryd( 2s)     0.00066
  51    H  4  s      Ryd( 3s)     0.00016
  52    H  4  px     Ryd( 2p)     0.00018
  53    H  4  py     Ryd( 2p)     0.00063
  54    H  4  pz     Ryd( 2p)     0.00013

  55   Cl  5  s      Cor( 1s)     2.00000
  56   Cl  5  s      Cor( 2s)     1.99999
  57   Cl  5  s      Val( 3s)     1.96862
  58   Cl  5  s      Ryd( 4s)     0.00011
  59   Cl  5  s      Ryd( 5s)     0.00001
  60   Cl  5  s      Ryd( 6s)     0.00000
  61   Cl  5  s      Ryd( 7s)     0.00000
  62   Cl  5  px     Cor( 2p)     1.99999
  63   Cl  5  px     Val( 3p)     1.68247
  64   Cl  5  px     Ryd( 4p)     0.00059
  65   Cl  5  px     Ryd( 6p)     0.00000
  66   Cl  5  px     Ryd( 5p)     0.00000
  67   Cl  5  px     Ryd( 7p)     0.00000
  68   Cl  5  py     Cor( 2p)     2.00000
  69   Cl  5  py     Val( 3p)     1.99817
  70   Cl  5  py     Ryd( 4p)     0.00007
  71   Cl  5  py     Ryd( 6p)     0.00000
  72   Cl  5  py     Ryd( 5p)     0.00000
  73   Cl  5  py     Ryd( 7p)     0.00000
  74   Cl  5  pz     Cor( 2p)     2.00000
  75   Cl  5  pz     Val( 3p)     1.99818
  76   Cl  5  pz     Ryd( 4p)     0.00007
  77   Cl  5  pz     Ryd( 6p)     0.00000
  78   Cl  5  pz     Ryd( 5p)     0.00000
  79   Cl  5  pz     Ryd( 7p)     0.00000
  80   Cl  5  dxy    Ryd( 3d)     0.00027
  81   Cl  5  dxy    Ryd( 4d)     0.00001
  82   Cl  5  dxz    Ryd( 3d)     0.00027
  83   Cl  5  dxz    Ryd( 4d)     0.00001
  84   Cl  5  dyz    Ryd( 3d)     0.00001
  85   Cl  5  dyz    Ryd( 4d)     0.00000
  86   Cl  5  dx2y2  Ryd( 3d)     0.00088
  87   Cl  5  dx2y2  Ryd( 4d)     0.00000
  88   Cl  5  dz2    Ryd( 3d)     0.00030
  89   Cl  5  dz2    Ryd( 4d)     0.00000
  90   Cl  5  f(0)   Ryd( 4f)     0.00001
  91   Cl  5  f(c1)  Ryd( 4f)     0.00001
  92   Cl  5  f(s1)  Ryd( 4f)     0.00000
  93   Cl  5  f(c2)  Ryd( 4f)     0.00001
  94   Cl  5  f(s2)  Ryd( 4f)     0.00000
  95   Cl  5  f(c3)  Ryd( 4f)     0.00002
  96   Cl  5  f(s3)  Ryd( 4f)     0.00001

  97   Br  6  s      Cor( 1s)     2.00000
  98   Br  6  s      Cor( 2s)     2.00000
  99   Br  6  s      Cor( 3s)     1.99999
 100   Br  6  s      Val( 4s)     1.96946
 101   Br  6  s      Ryd( 5s)     0.00014
 102   Br  6  s      Ryd( 6s)     0.00001
 103   Br  6  s      Ryd( 8s)     0.00000
 104   Br  6  s      Ryd( 9s)     0.00000
 105   Br  6  s      Ryd( 7s)     0.00000
 106   Br  6  s      Ryd(10s)     0.00000
 107   Br  6  px     Cor( 2p)     2.00000
 108   Br  6  px     Cor( 3p)     1.99999
 109   Br  6  px     Val( 4p)     1.62926
 110   Br  6  px     Ryd( 5p)     0.00081
 111   Br  6  px     Ryd( 7p)     0.00000
 112   Br  6  px     Ryd( 6p)     0.00000
 113   Br  6  py     Cor( 2p)     2.00000
 114   Br  6  py     Cor( 3p)     2.00000
 115   Br  6  py     Val( 4p)     1.99817
 116   Br  6  py     Ryd( 5p)     0.00009
 117   Br  6  py     Ryd( 6p)     0.00000
 118   Br  6  py     Ryd( 7p)     0.00000
 119   Br  6  pz     Cor( 2p)     2.00000
 120   Br  6  pz     Cor( 3p)     2.00000
 121   Br  6  pz     Val( 4p)     1.99816
 122   Br  6  pz     Ryd( 5p)     0.00009
 123   Br  6  pz     Ryd( 6p)     0.00000
 124   Br  6  pz     Ryd( 7p)     0.00000
 125   Br  6  dxy    Cor( 3d)     2.00000
 126   Br  6  dxy    Ryd( 4d)     0.00031
 127   Br  6  dxy    Ryd( 5d)     0.00002
 128   Br  6  dxy    Ryd( 6d)     0.00000
 129   Br  6  dxz    Cor( 3d)     2.00000
 130   Br  6  dxz    Ryd( 4d)     0.00031
 131   Br  6  dxz    Ryd( 5d)     0.00002
 132   Br  6  dxz    Ryd( 6d)     0.00000
 133   Br  6  dyz    Cor( 3d)     2.00000
 134   Br  6  dyz    Ryd( 5d)     0.00002
 135   Br  6  dyz    Ryd( 4d)     0.00002
 136   Br  6  dyz    Ryd( 6d)     0.00000
 137   Br  6  dx2y2  Cor( 3d)     1.99996
 138   Br  6  dx2y2  Ryd( 4d)     0.00079
 139   Br  6  dx2y2  Ryd( 5d)     0.00005
 140   Br  6  dx2y2  Ryd( 6d)     0.00000
 141   Br  6  dz2    Cor( 3d)     1.99999
 142   Br  6  dz2    Ryd( 4d)     0.00027
 143   Br  6  dz2    Ryd( 5d)     0.00003
 144   Br  6  dz2    Ryd( 6d)     0.00000
 145   Br  6  f(0)   Ryd( 4f)     0.00001
 146   Br  6  f(c1)  Ryd( 4f)     0.00002
 147   Br  6  f(s1)  Ryd( 4f)     0.00000
 148   Br  6  f(c2)  Ryd( 4f)     0.00002
 149   Br  6  f(s2)  Ryd( 4f)     0.00000
 150   Br  6  f(c3)  Ryd( 4f)     0.00003
 151   Br  6  f(s3)  Ryd( 4f)     0.00003


 Summary of Natural Population Analysis:

                                     Natural Population
             Natural    ---------------------------------------------
  Atom No    Charge        Core      Valence    Rydberg      Total
 --------------------------------------------------------------------
    C  1   -0.37307      1.99957     4.35401    0.01949     6.37307
    H  2    0.20698      0.00000     0.79111    0.00191     0.79302
    H  3    0.20714      0.00000     0.79116    0.00170     0.79286
    H  4    0.20710      0.00000     0.79114    0.00176     0.79290
   Cl  5   -0.65009      9.99998     7.64744    0.00266    17.65009
   Br  6   -0.59807     27.99991     7.59505    0.00310    35.59807
 ====================================================================
 * Total * -1.00000     39.99947    21.96991    0.03063    62.00000

                                 Natural Population
 ---------------------------------------------------------
   Core                      39.99947 ( 99.9987% of   40)
   Valence                   21.96991 ( 99.8632% of   22)
   Natural Minimal Basis     61.96937 ( 99.9506% of   62)
   Natural Rydberg Basis      0.03063 (  0.0494% of   62)
 ---------------------------------------------------------

    Atom No         Natural Electron Configuration
 ----------------------------------------------------------------------------
      C  1      [core]2s( 1.23)2p( 3.12)3p( 0.01)3d( 0.01)
      H  2            1s( 0.79)
      H  3            1s( 0.79)
      H  4            1s( 0.79)
     Cl  5      [core]3s( 1.97)3p( 5.68)
     Br  6      [core]4s( 1.97)4p( 5.63)


 NATURAL BOND ORBITAL ANALYSIS:

                            Occupancies       Lewis Structure    Low   High
         Max    Occ     -------------------  -----------------   occ   occ
  Cycle  Ctr   Thresh    Lewis   non-Lewis     CR  BD  nC  LP    (L)   (NL)
 ============================================================================
    1     2     1.90    61.63466   0.36534     20   4   0   7     1      1
    2     2     1.65    61.63466   0.36534     20   4   0   7     0      1
    3     2     1.60    61.24087   0.75913     20   3   0   8     0      1
    4     2     1.90    61.63466   0.36534     20   4   0   7     1      1
 ----------------------------------------------------------------------------

 Strongly delocalized structure accepted

 -------------------------------------------------------
   Core                     39.99947 ( 99.999% of  40)
   Valence Lewis            21.63519 ( 98.342% of  22)
  ==================      =============================
   Total Lewis              61.63466 ( 99.411% of  62)
  -----------------------------------------------------
   Valence non-Lewis         0.35027 (  0.565% of  62)
   Rydberg non-Lewis         0.01507 (  0.024% of  62)
  ==================      =============================
   Total non-Lewis           0.36534 (  0.589% of  62)
 -------------------------------------------------------


     (Occupancy)   Bond orbital / Coefficients / Hybrids
 ------------------ Lewis ------------------------------------------------------
   1. (1.99957) CR ( 1) C  1            s(100.00%)
                                         1.0000  0.0000  0.0000  0.0000  0.0000
                                         0.0000  0.0000  0.0000  0.0000  0.0000
                                         0.0000  0.0000  0.0000  0.0000  0.0000
                                         0.0000  0.0000  0.0000  0.0000  0.0000
                                         0.0000  0.0000  0.0000  0.0000  0.0000
                                         0.0000  0.0000  0.0000  0.0000  0.0000
                                         0.0000  0.0000  0.0000  0.0000  0.0000
                                         0.0000
   2. (2.00000) CR ( 1)Cl  5            s(100.00%)
                                         1.0000  0.0000  0.0000  0.0000  0.0000
                                         0.0000  0.0000  0.0000  0.0000  0.0000
                                         0.0000  0.0000  0.0000  0.0000  0.0000
                                         0.0000  0.0000  0.0000  0.0000  0.0000
                                         0.0000  0.0000  0.0000  0.0000  0.0000
                                         0.0000  0.0000  0.0000  0.0000  0.0000
                                         0.0000  0.0000  0.0000  0.0000  0.0000
                                         0.0000  0.0000  0.0000  0.0000  0.0000
                                         0.0000  0.0000
   3. (1.99999) CR ( 2)Cl  5            s(100.00%)
                                         0.0000  1.0000  0.0000  0.0000  0.0000
                                         0.0000  0.0000  0.0000  0.0000  0.0000
                                         0.0000  0.0000  0.0000  0.0000  0.0000
                                         0.0000  0.0000  0.0000  0.0000  0.0000
                                         0.0000  0.0000  0.0000  0.0000  0.0000
                                         0.0000  0.0000  0.0000  0.0000  0.0000
                                         0.0000  0.0000  0.0000  0.0000  0.0000
                                         0.0000  0.0000  0.0000  0.0000  0.0000
                                         0.0000  0.0000
   4. (1.99999) CR ( 3)Cl  5            s(  0.00%)p 1.00(100.00%)
                                         0.0000  0.0000  0.0000  0.0000  0.0000
                                         0.0000  0.0000  1.0000  0.0000  0.0000
                                         0.0000  0.0000  0.0000  0.0000  0.0000
                                         0.0000  0.0000  0.0000  0.0000  0.0000
                                         0.0000  0.0000  0.0000  0.0000  0.0000
                                         0.0000  0.0000  0.0000  0.0000  0.0000
                                         0.0000  0.0000  0.0000  0.0000  0.0000
                                         0.0000  0.0000  0.0000  0.0000  0.0000
                                         0.0000  0.0000
   5. (2.00000) CR ( 4)Cl  5            s(  0.00%)p 1.00(100.00%)
                                         0.0000  0.0000  0.0000  0.0000  0.0000
                                         0.0000  0.0000  0.0000  0.0000  0.0000
                                         0.0000  0.0000  0.0000  1.0000  0.0000
                                         0.0000  0.0000  0.0000  0.0000  0.0000
                                         0.0000  0.0000  0.0000  0.0000  0.0000
                                         0.0000  0.0000  0.0000  0.0000  0.0000
                                         0.0000  0.0000  0.0000  0.0000  0.0000
                                         0.0000  0.0000  0.0000  0.0000  0.0000
                                         0.0000  0.0000
   6. (2.00000) CR ( 5)Cl  5            s(  0.00%)p 1.00(100.00%)
                                         0.0000  0.0000  0.0000  0.0000  0.0000
                                         0.0000  0.0000  0.0000  0.0000  0.0000
                                         0.0000  0.0000  0.0000  0.0000  0.0000
                                         0.0000  0.0000  0.0000  0.0000  1.0000
                                         0.0000  0.0000  0.0000  0.0000  0.0000
                                         0.0000  0.0000  0.0000  0.0000  0.0000
                                         0.0000  0.0000  0.0000  0.0000  0.0000
                                         0.0000  0.0000  0.0000  0.0000  0.0000
                                         0.0000  0.0000
   7. (2.00000) CR ( 1)Br  6            s(100.00%)
                                         1.0000  0.0000  0.0000  0.0000  0.0000
                                         0.0000  0.0000  0.0000  0.0000  0.0000
                                         0.0000  0.0000  0.0000  0.0000  0.0000
                                         0.0000  0.0000  0.0000  0.0000  0.0000
                                         0.0000  0.0000  0.0000  0.0000  0.0000
                                         0.0000  0.0000  0.0000  0.0000  0.0000
                                         0.0000  0.0000  0.0000  0.0000  0.0000
                                         0.0000  0.0000  0.0000  0.0000  0.0000
                                         0.0000  0.0000  0.0000  0.0000  0.0000
                                         0.0000  0.0000  0.0000  0.0000  0.0000
                                         0.0000  0.0000  0.0000  0.0000  0.0000
   8. (2.00000) CR ( 2)Br  6            s(100.00%)
                                         0.0000  1.0000  0.0000  0.0000  0.0000
                                         0.0000  0.0000  0.0000  0.0000  0.0000
                                         0.0000  0.0000  0.0000  0.0000  0.0000
                                         0.0000  0.0000  0.0000  0.0000  0.0000
                                         0.0000  0.0000  0.0000  0.0000  0.0000
                                         0.0000  0.0000  0.0000  0.0000  0.0000
                                         0.0000  0.0000  0.0000  0.0000  0.0000
                                         0.0000  0.0000  0.0000  0.0000  0.0000
                                         0.0000  0.0000  0.0000  0.0000  0.0000
                                         0.0000  0.0000  0.0000  0.0000  0.0000
                                         0.0000  0.0000  0.0000  0.0000  0.0000
   9. (1.99999) CR ( 3)Br  6            s(100.00%)
                                         0.0000  0.0000  1.0000  0.0000  0.0000
                                         0.0000  0.0000  0.0000  0.0000  0.0000
                                         0.0000  0.0000  0.0000  0.0000  0.0000
                                         0.0000  0.0000  0.0000  0.0000  0.0000
                                         0.0000  0.0000  0.0000  0.0000  0.0000
                                         0.0000  0.0000  0.0000  0.0000  0.0000
                                         0.0000  0.0000  0.0000  0.0000  0.0000
                                         0.0000  0.0000  0.0000  0.0000  0.0000
                                         0.0000  0.0000  0.0000  0.0000  0.0000
                                         0.0000  0.0000  0.0000  0.0000  0.0000
                                         0.0000  0.0000  0.0000  0.0000  0.0000
  10. (2.00000) CR ( 4)Br  6            s(  0.00%)p 1.00(100.00%)
                                         0.0000  0.0000  0.0000  0.0000  0.0000
                                         0.0000  0.0000  0.0000  0.0000  0.0000
                                         1.0000  0.0000  0.0000  0.0000  0.0000
                                         0.0000  0.0000  0.0000  0.0000  0.0000
                                         0.0000  0.0000  0.0000  0.0000  0.0000
                                         0.0000  0.0000  0.0000  0.0000  0.0000
                                         0.0000  0.0000  0.0000  0.0000  0.0000
                                         0.0000  0.0000  0.0000  0.0000  0.0000
                                         0.0000  0.0000  0.0000  0.0000  0.0000
                                         0.0000  0.0000  0.0000  0.0000  0.0000
                                         0.0000  0.0000  0.0000  0.0000  0.0000
  11. (1.99999) CR ( 5)Br  6            s(  0.00%)p 1.00(100.00%)
                                         0.0000  0.0000  0.0000  0.0000  0.0000
                                         0.0000  0.0000  0.0000  0.0000  0.0000
                                         0.0000  1.0000  0.0000  0.0000  0.0000
                                         0.0000  0.0000  0.0000  0.0000  0.0000
                                         0.0000  0.0000  0.0000  0.0000  0.0000
                                         0.0000  0.0000  0.0000  0.0000  0.0000
                                         0.0000  0.0000  0.0000  0.0000  0.0000
                                         0.0000  0.0000  0.0000  0.0000  0.0000
                                         0.0000  0.0000  0.0000  0.0000  0.0000
                                         0.0000  0.0000  0.0000  0.0000  0.0000
                                         0.0000  0.0000  0.0000  0.0000  0.0000
  12. (2.00000) CR ( 6)Br  6            s(  0.00%)p 1.00(100.00%)
                                         0.0000  0.0000  0.0000  0.0000  0.0000
                                         0.0000  0.0000  0.0000  0.0000  0.0000
                                         0.0000  0.0000  0.0000  0.0000  0.0000
                                         0.0000  1.0000  0.0000  0.0000  0.0000
                                         0.0000  0.0000  0.0000  0.0000  0.0000
                                         0.0000  0.0000  0.0000  0.0000  0.0000
                                         0.0000  0.0000  0.0000  0.0000  0.0000
                                         0.0000  0.0000  0.0000  0.0000  0.0000
                                         0.0000  0.0000  0.0000  0.0000  0.0000
                                         0.0000  0.0000  0.0000  0.0000  0.0000
                                         0.0000  0.0000  0.0000  0.0000  0.0000
  13. (2.00000) CR ( 7)Br  6            s(  0.00%)p 1.00(100.00%)
                                         0.0000  0.0000  0.0000  0.0000  0.0000
                                         0.0000  0.0000  0.0000  0.0000  0.0000
                                         0.0000  0.0000  0.0000  0.0000  0.0000
                                         0.0000  0.0000  1.0000  0.0000  0.0000
                                         0.0000  0.0000  0.0000  0.0000  0.0000
                                         0.0000  0.0000  0.0000  0.0000  0.0000
                                         0.0000  0.0000  0.0000  0.0000  0.0000
                                         0.0000  0.0000  0.0000  0.0000  0.0000
                                         0.0000  0.0000  0.0000  0.0000  0.0000
                                         0.0000  0.0000  0.0000  0.0000  0.0000
                                         0.0000  0.0000  0.0000  0.0000  0.0000
  14. (2.00000) CR ( 8)Br  6            s(  0.00%)p 1.00(100.00%)
                                         0.0000  0.0000  0.0000  0.0000  0.0000
                                         0.0000  0.0000  0.0000  0.0000  0.0000
                                         0.0000  0.0000  0.0000  0.0000  0.0000
                                         0.0000  0.0000  0.0000  0.0000  0.0000
                                         0.0000  0.0000  1.0000  0.0000  0.0000
                                         0.0000  0.0000  0.0000  0.0000  0.0000
                                         0.0000  0.0000  0.0000  0.0000  0.0000
                                         0.0000  0.0000  0.0000  0.0000  0.0000
                                         0.0000  0.0000  0.0000  0.0000  0.0000
                                         0.0000  0.0000  0.0000  0.0000  0.0000
                                         0.0000  0.0000  0.0000  0.0000  0.0000
  15. (2.00000) CR ( 9)Br  6            s(  0.00%)p 1.00(100.00%)
                                         0.0000  0.0000  0.0000  0.0000  0.0000
                                         0.0000  0.0000  0.0000  0.0000  0.0000
                                         0.0000  0.0000  0.0000  0.0000  0.0000
                                         0.0000  0.0000  0.0000  0.0000  0.0000
                                         0.0000  0.0000  0.0000  1.0000  0.0000
                                         0.0000  0.0000  0.0000  0.0000  0.0000
                                         0.0000  0.0000  0.0000  0.0000  0.0000
                                         0.0000  0.0000  0.0000  0.0000  0.0000
                                         0.0000  0.0000  0.0000  0.0000  0.0000
                                         0.0000  0.0000  0.0000  0.0000  0.0000
                                         0.0000  0.0000  0.0000  0.0000  0.0000
  16. (2.00000) CR (10)Br  6            s(  0.00%)p 0.00(  0.00%)d 1.00(100.00%)
                                         0.0000  0.0000  0.0000  0.0000  0.0000
                                         0.0000  0.0000  0.0000  0.0000  0.0000
                                         0.0000  0.0000  0.0000  0.0000  0.0000
                                         0.0000  0.0000  0.0000  0.0000  0.0000
                                         0.0000  0.0000  0.0000  0.0000  0.0000
                                         0.0000  0.0000  0.0000  1.0000  0.0000
                                         0.0000  0.0000  0.0000  0.0000  0.0000
                                         0.0000  0.0000  0.0000  0.0000  0.0000
                                         0.0000  0.0000  0.0000  0.0000  0.0000
                                         0.0000  0.0000  0.0000  0.0000  0.0000
                                         0.0000  0.0000  0.0000  0.0000  0.0000
  17. (2.00000) CR (11)Br  6            s(  0.00%)p 0.00(  0.00%)d 1.00(100.00%)
                                         0.0000  0.0000  0.0000  0.0000  0.0000
                                         0.0000  0.0000  0.0000  0.0000  0.0000
                                         0.0000  0.0000  0.0000  0.0000  0.0000
                                         0.0000  0.0000  0.0000  0.0000  0.0000
                                         0.0000  0.0000  0.0000  0.0000  0.0000
                                         0.0000  0.0000  0.0000  0.0000  0.0000
                                         0.0000  0.0000  1.0000  0.0000  0.0000
                                         0.0000  0.0000  0.0000  0.0000  0.0000
                                         0.0000  0.0000  0.0000  0.0000  0.0000
                                         0.0000  0.0000  0.0000  0.0000  0.0000
                                         0.0000  0.0000  0.0000  0.0000  0.0000
  18. (2.00000) CR (12)Br  6            s(  0.00%)p 0.00(  0.00%)d 1.00(100.00%)
                                         0.0000  0.0000  0.0000  0.0000  0.0000
                                         0.0000  0.0000  0.0000  0.0000  0.0000
                                         0.0000  0.0000  0.0000  0.0000  0.0000
                                         0.0000  0.0000  0.0000  0.0000  0.0000
                                         0.0000  0.0000  0.0000  0.0000  0.0000
                                         0.0000  0.0000  0.0000  0.0000  0.0000
                                         0.0000  0.0000  0.0000  0.0000  0.0000
                                         0.0000  1.0000  0.0000  0.0000  0.0000
                                         0.0000  0.0000  0.0000  0.0000  0.0000
                                         0.0000  0.0000  0.0000  0.0000  0.0000
                                         0.0000  0.0000  0.0000  0.0000  0.0000
  19. (1.99996) CR (13)Br  6            s(  0.00%)p 0.00(  0.00%)d 1.00(100.00%)
                                         0.0000  0.0000  0.0000  0.0000  0.0000
                                         0.0000  0.0000  0.0000  0.0000  0.0000
                                         0.0000  0.0000  0.0000  0.0000  0.0000
                                         0.0000  0.0000  0.0000  0.0000  0.0000
                                         0.0000  0.0000  0.0000  0.0000  0.0000
                                         0.0000  0.0000  0.0000  0.0000  0.0000
                                         0.0000  0.0000  0.0000  0.0000  0.0000
                                         0.0000  0.0000  0.0000  0.0000  0.0000
                                         1.0000  0.0000  0.0000  0.0000  0.0000
                                         0.0000  0.0000  0.0000  0.0000  0.0000
                                         0.0000  0.0000  0.0000  0.0000  0.0000
  20. (1.99999) CR (14)Br  6            s(  0.00%)p 0.00(  0.00%)d 1.00(100.00%)
                                         0.0000  0.0000  0.0000  0.0000  0.0000
                                         0.0000  0.0000  0.0000  0.0000  0.0000
                                         0.0000  0.0000  0.0000  0.0000  0.0000
                                         0.0000  0.0000  0.0000  0.0000  0.0000
                                         0.0000  0.0000  0.0000  0.0000  0.0000
                                         0.0000  0.0000  0.0000  0.0000  0.0000
                                         0.0000  0.0000  0.0000  0.0000  0.0000
                                         0.0000  0.0000  0.0000  0.0000  0.0000
                                         0.0000  0.0000  0.0000  0.0000  1.0000
                                         0.0000  0.0000  0.0000  0.0000  0.0000
                                         0.0000  0.0000  0.0000  0.0000  0.0000
  21. (1.99916) LP ( 1)Cl  5            s( 91.20%)p 0.10(  8.80%)d 0.00(  0.00%)
                                                  f 0.00(  0.00%)
                                         0.0000  0.0000  0.9550 -0.0014  0.0002
                                         0.0000  0.0000  0.0000 -0.2966  0.0012
                                        -0.0003 -0.0003  0.0000  0.0000  0.0006
                                         0.0000  0.0000  0.0000  0.0000  0.0000
                                         0.0000  0.0000  0.0000  0.0000  0.0000
                                         0.0000  0.0000  0.0000  0.0000  0.0000
                                         0.0000 -0.0021 -0.0006  0.0012  0.0003
                                         0.0000  0.0007  0.0000  0.0000  0.0000
                                        -0.0008  0.0000
  22. (1.99828) LP ( 2)Cl  5            s(  0.00%)p 1.00(100.00%)d 0.00(  0.00%)
                                                  f 0.00(  0.00%)
                                         0.0000  0.0000  0.0009  0.0000  0.0000
                                         0.0000  0.0000  0.0000  0.0016  0.0000
                                         0.0000  0.0000  0.0000  0.0000 -0.6703
                                         0.0025 -0.0002  0.0001  0.0000  0.0000
                                         0.7421 -0.0027  0.0002 -0.0001  0.0000
                                        -0.0034 -0.0010  0.0038  0.0011  0.0001
                                         0.0000  0.0000  0.0000  0.0001  0.0000
                                        -0.0010  0.0000  0.0004  0.0013  0.0000
                                         0.0000 -0.0015
  23. (1.99826) LP ( 3)Cl  5            s(  0.00%)p 1.00(100.00%)d 0.00(  0.00%)
                                                  f 0.00(  0.00%)
                                         0.0000  0.0000  0.0006  0.0000  0.0000
                                         0.0000  0.0000  0.0000  0.0005  0.0000
                                         0.0000  0.0000  0.0000  0.0000 -0.7421
                                         0.0027 -0.0002  0.0001  0.0000  0.0000
                                        -0.6703  0.0025 -0.0002  0.0001  0.0000
                                        -0.0038 -0.0011 -0.0034 -0.0010  0.0001
                                         0.0000  0.0000  0.0000 -0.0001  0.0000
                                         0.0009  0.0000  0.0004 -0.0012  0.0000
                                         0.0000 -0.0016
  24. (1.65253) LP ( 4)Cl  5            s(  8.80%)p10.36( 91.18%)d 0.00(  0.02%)
                                                  f 0.00(  0.00%)
                                         0.0000  0.0000  0.2966  0.0054 -0.0006
                                        -0.0002  0.0000  0.0000  0.9548  0.0098
                                        -0.0007  0.0002 -0.0001  0.0000  0.0018
                                         0.0000  0.0000  0.0000  0.0000  0.0000
                                        -0.0009  0.0000  0.0000  0.0000  0.0000
                                         0.0000  0.0000  0.0000  0.0000  0.0000
                                         0.0000  0.0128 -0.0006 -0.0074  0.0004
                                         0.0000 -0.0014  0.0000  0.0000  0.0000
                                         0.0018  0.0000
  25. (1.99925) LP ( 1)Br  6            s( 92.54%)p 0.08(  7.45%)d 0.00(  0.00%)
                                                  f 0.00(  0.00%)
                                         0.0000  0.0000  0.0000  0.9620 -0.0018
                                        -0.0002  0.0000  0.0000  0.0000  0.0000
                                         0.0000  0.0000  0.2730 -0.0015 -0.0011
                                        -0.0001  0.0000  0.0000 -0.0006  0.0000
                                         0.0000  0.0000  0.0000  0.0000 -0.0004
                                         0.0000  0.0000  0.0000  0.0000  0.0000
                                         0.0000  0.0000  0.0000  0.0000  0.0000
                                         0.0000  0.0000  0.0000  0.0000  0.0000
                                         0.0000 -0.0026  0.0011  0.0008  0.0000
                                         0.0015 -0.0007 -0.0005  0.0000 -0.0008
                                         0.0000  0.0000  0.0000  0.0010  0.0000
  26. (1.99831) LP ( 2)Br  6            s(  0.00%)p 1.00(100.00%)d 0.00(  0.00%)
                                                  f 0.00(  0.00%)
                                         0.0000  0.0000  0.0000  0.0001  0.0000
                                         0.0000  0.0000  0.0000  0.0000  0.0000
                                         0.0000  0.0000  0.0015  0.0000  0.0000
                                         0.0000  0.0000  0.0000  0.9660 -0.0047
                                        -0.0002 -0.0001  0.0000  0.0000 -0.2586
                                         0.0013  0.0000  0.0000  0.0000 -0.0056
                                         0.0018  0.0002  0.0000  0.0015 -0.0005
                                         0.0000  0.0000 -0.0001  0.0001  0.0000
                                         0.0000  0.0000  0.0000  0.0000  0.0000
                                         0.0000  0.0000  0.0000  0.0005  0.0000
                                        -0.0008 -0.0006  0.0000  0.0000  0.0029
  27. (1.99830) LP ( 3)Br  6            s(  0.00%)p 1.00(100.00%)d 0.00(  0.00%)
                                                  f 0.00(  0.00%)
                                         0.0000  0.0000  0.0000  0.0006  0.0000
                                         0.0000  0.0000  0.0000  0.0000  0.0000
                                         0.0000  0.0000 -0.0004  0.0000  0.0000
                                         0.0000  0.0000  0.0000  0.2586 -0.0013
                                         0.0000  0.0000  0.0000  0.0000  0.9660
                                        -0.0047 -0.0002 -0.0001  0.0000 -0.0015
                                         0.0005  0.0000  0.0000 -0.0056  0.0018
                                         0.0002  0.0000  0.0000  0.0000  0.0000
                                         0.0000  0.0001  0.0000  0.0000  0.0000
                                         0.0001  0.0000  0.0000 -0.0019  0.0000
                                        -0.0002  0.0024  0.0000  0.0000  0.0008
  28. (1.99810) BD ( 1) C  1- H  2
               ( 60.51%)   0.7779* C  1 s( 33.12%)p 2.01( 66.60%)d 0.01(  0.23%)
                                                  f 0.00(  0.06%)
                                         0.0000  0.5755  0.0015  0.0004  0.0000
                                         0.0000  0.0000 -0.0372 -0.0006  0.0001
                                         0.0003 -0.0639  0.0011  0.0001  0.0000
                                        -0.8126 -0.0138  0.0012  0.0001 -0.0001
                                         0.0001 -0.0007  0.0007 -0.0066  0.0005
                                         0.0031 -0.0020  0.0467  0.0043 -0.0237
                                        -0.0006 -0.0041  0.0040 -0.0001  0.0002
                                         0.0004
               ( 39.49%)   0.6284* H  2 s( 99.90%)p 0.00(  0.10%)
                                         0.9995 -0.0005 -0.0004  0.0006  0.0023
                                         0.0322
  29. (1.99810) BD ( 1) C  1- H  3
               ( 60.52%)   0.7779* C  1 s( 33.13%)p 2.01( 66.58%)d 0.01(  0.23%)
                                                  f 0.00(  0.06%)
                                         0.0000  0.5756  0.0014  0.0004  0.0000
                                         0.0000  0.0000 -0.0372 -0.0007  0.0001
                                         0.0003 -0.6717  0.0115  0.0009 -0.0001
                                         0.4616  0.0080 -0.0007 -0.0001 -0.0005
                                         0.0005  0.0003 -0.0004  0.0403 -0.0029
                                        -0.0258 -0.0032 -0.0031  0.0011 -0.0067
                                        -0.0002 -0.0074 -0.0180  0.0003  0.0005
                                         0.0132
               ( 39.48%)   0.6284* H  3 s( 99.92%)p 0.00(  0.08%)
                                         0.9996 -0.0005 -0.0004  0.0005  0.0233
                                        -0.0155
  30. (1.99811) BD ( 1) C  1- H  4
               ( 60.52%)   0.7779* C  1 s( 33.13%)p 2.01( 66.59%)d 0.01(  0.23%)
                                                  f 0.00(  0.06%)
                                         0.0000  0.5755  0.0015  0.0004  0.0000
                                         0.0000  0.0000 -0.0364 -0.0007  0.0001
                                         0.0003  0.7357 -0.0126 -0.0010  0.0001
                                         0.3509  0.0061 -0.0006 -0.0001  0.0007
                                        -0.0006  0.0003 -0.0003 -0.0333  0.0025
                                        -0.0315 -0.0035 -0.0131  0.0005 -0.0082
                                        -0.0002  0.0002 -0.0160 -0.0002  0.0005
                                        -0.0165
               ( 39.48%)   0.6284* H  4 s( 99.91%)p 0.00(  0.09%)
                                         0.9996 -0.0005 -0.0004  0.0005 -0.0267
                                        -0.0121
  31. (1.99678) BD ( 1) C  1-Br  6
               ( 23.87%)   0.4886* C  1 s(  0.48%)p99.99( 99.36%)d 0.32(  0.15%)
                                                  f 0.01(  0.00%)
                                         0.0000  0.0654 -0.0225 -0.0064 -0.0008
                                         0.0000  0.0000  0.9953  0.0549  0.0043
                                         0.0012 -0.0006  0.0000  0.0000  0.0000
                                        -0.0003 -0.0001  0.0000  0.0000 -0.0001
                                         0.0000  0.0002 -0.0001 -0.0001  0.0000
                                         0.0331 -0.0068 -0.0192  0.0034  0.0043
                                        -0.0003  0.0013  0.0033 -0.0001  0.0002
                                         0.0003
               ( 76.13%)   0.8725*Br  6 s(  7.46%)p12.40( 92.50%)d 0.01(  0.04%)
                                                  f 0.00(  0.00%)
                                         0.0000  0.0000  0.0000  0.2730  0.0085
                                         0.0005  0.0000  0.0000  0.0001  0.0000
                                         0.0000  0.0000 -0.9616 -0.0174 -0.0007
                                        -0.0002  0.0000  0.0000  0.0012  0.0000
                                         0.0000  0.0000  0.0000  0.0000 -0.0009
                                         0.0000  0.0000  0.0000  0.0000 -0.0001
                                         0.0000  0.0000  0.0000  0.0001  0.0000
                                         0.0000  0.0000  0.0000  0.0000  0.0000
                                         0.0000  0.0178 -0.0002  0.0004  0.0000
                                        -0.0102  0.0000 -0.0003 -0.0001  0.0021
                                         0.0000 -0.0001  0.0000 -0.0027  0.0000
 ---------------- non-Lewis ----------------------------------------------------
  32. (0.00478) BD*( 1) C  1- H  2
               ( 39.49%)   0.6284* C  1 s( 33.12%)p 2.01( 66.60%)d 0.01(  0.23%)
                                                  f 0.00(  0.06%)
                                         0.0000 -0.5755 -0.0015 -0.0004  0.0000
                                         0.0000  0.0000  0.0372  0.0006 -0.0001
                                        -0.0003  0.0639 -0.0011 -0.0001  0.0000
                                         0.8126  0.0138 -0.0012 -0.0001  0.0001
                                        -0.0001  0.0007 -0.0007  0.0066 -0.0005
                                        -0.0031  0.0020 -0.0467 -0.0043  0.0237
                                         0.0006  0.0041 -0.0040  0.0001 -0.0002
                                        -0.0004
               ( 60.51%)  -0.7779* H  2 s( 99.90%)p 0.00(  0.10%)
                                        -0.9995  0.0005  0.0004 -0.0006 -0.0023
                                        -0.0322
  33. (0.00477) BD*( 1) C  1- H  3
               ( 39.48%)   0.6284* C  1 s( 33.13%)p 2.01( 66.58%)d 0.01(  0.23%)
                                                  f 0.00(  0.06%)
                                         0.0000 -0.5756 -0.0014 -0.0004  0.0000
                                         0.0000  0.0000  0.0372  0.0007 -0.0001
                                        -0.0003  0.6717 -0.0115 -0.0009  0.0001
                                        -0.4616 -0.0080  0.0007  0.0001  0.0005
                                        -0.0005 -0.0003  0.0004 -0.0403  0.0029
                                         0.0258  0.0032  0.0031 -0.0011  0.0067
                                         0.0002  0.0074  0.0180 -0.0003 -0.0005
                                        -0.0132
               ( 60.52%)  -0.7779* H  3 s( 99.92%)p 0.00(  0.08%)
                                        -0.9996  0.0005  0.0004 -0.0005 -0.0233
                                         0.0155
  34. (0.00478) BD*( 1) C  1- H  4
               ( 39.48%)   0.6284* C  1 s( 33.13%)p 2.01( 66.59%)d 0.01(  0.23%)
                                                  f 0.00(  0.06%)
                                         0.0000 -0.5755 -0.0015 -0.0004  0.0000
                                         0.0000  0.0000  0.0364  0.0007 -0.0001
                                        -0.0003 -0.7357  0.0126  0.0010 -0.0001
                                        -0.3509 -0.0061  0.0006  0.0001 -0.0007
                                         0.0006 -0.0003  0.0003  0.0333 -0.0025
                                         0.0315  0.0035  0.0131 -0.0005  0.0082
                                         0.0002 -0.0002  0.0160  0.0002 -0.0005
                                         0.0165
               ( 60.52%)  -0.7779* H  4 s( 99.91%)p 0.00(  0.09%)
                                        -0.9996  0.0005  0.0004 -0.0005  0.0267
                                         0.0121
  35. (0.33594) BD*( 1) C  1-Br  6
               ( 76.13%)   0.8725* C  1 s(  0.48%)p99.99( 99.36%)d 0.32(  0.15%)
                                                  f 0.01(  0.00%)
                                         0.0000 -0.0654  0.0225  0.0064  0.0008
                                         0.0000  0.0000 -0.9953 -0.0549 -0.0043
                                        -0.0012  0.0006  0.0000  0.0000  0.0000
                                         0.0003  0.0001  0.0000  0.0000  0.0001
                                         0.0000 -0.0002  0.0001  0.0001  0.0000
                                        -0.0331  0.0068  0.0192 -0.0034 -0.0043
                                         0.0003 -0.0013 -0.0033  0.0001 -0.0002
                                        -0.0003
               ( 23.87%)  -0.4886*Br  6 s(  7.46%)p12.40( 92.50%)d 0.01(  0.04%)
                                                  f 0.00(  0.00%)
                                         0.0000  0.0000  0.0000 -0.2730 -0.0085
                                        -0.0005  0.0000  0.0000 -0.0001  0.0000
                                         0.0000  0.0000  0.9616  0.0174  0.0007
                                         0.0002  0.0000  0.0000 -0.0012  0.0000
                                         0.0000  0.0000  0.0000  0.0000  0.0009
                                         0.0000  0.0000  0.0000  0.0000  0.0001
                                         0.0000  0.0000  0.0000 -0.0001  0.0000
                                         0.0000  0.0000  0.0000  0.0000  0.0000
                                         0.0000 -0.0178  0.0002 -0.0004  0.0000
                                         0.0102  0.0000  0.0003  0.0001 -0.0021
                                         0.0000  0.0001  0.0000  0.0027  0.0000
  36. (0.00385) RY ( 1) C  1            s( 26.88%)p 0.01(  0.31%)d 2.62( 70.55%)
                                                  f 0.08(  2.26%)
                                         0.0000 -0.0321  0.5110  0.0813 -0.0021
                                         0.0000  0.0001  0.0486 -0.0147  0.0148
                                        -0.0183  0.0001 -0.0002 -0.0001 -0.0002
                                        -0.0002  0.0032 -0.0011 -0.0007 -0.0007
                                         0.0003 -0.0002  0.0001  0.0027  0.0004
                                        -0.7235  0.0847  0.4164 -0.0381 -0.1146
                                        -0.0106 -0.0340 -0.0893  0.0001  0.0138
                                        -0.0079
  37. (0.00085) RY ( 2) C  1            s(  0.50%)p99.99( 98.75%)d 0.41(  0.21%)
                                                  f 1.06(  0.53%)
                                         0.0000 -0.0032 -0.0342  0.0589  0.0199
                                        -0.0001  0.0009 -0.0527  0.9853 -0.0671
                                        -0.0967  0.0003  0.0086 -0.0011 -0.0007
                                         0.0003 -0.0079 -0.0014  0.0000  0.0099
                                        -0.0038 -0.0131  0.0049  0.0019 -0.0004
                                        -0.0238  0.0269  0.0167 -0.0145 -0.0038
                                        -0.0440 -0.0012 -0.0016  0.0004  0.0581
                                         0.0011
  38. (0.00081) RY ( 3) C  1            s(  0.00%)p 1.00( 69.75%)d 0.41( 28.88%)
                                                  f 0.02(  1.38%)
                                         0.0000 -0.0001 -0.0004  0.0010  0.0005
                                         0.0000  0.0000 -0.0004  0.0071 -0.0004
                                        -0.0010 -0.0249 -0.7651  0.1143  0.0165
                                        -0.0100  0.3097  0.0453 -0.0072  0.4456
                                        -0.1708  0.1498 -0.0574 -0.1481  0.0378
                                        -0.0529 -0.0137 -0.0913 -0.0237  0.0269
                                        -0.0028  0.0268 -0.0351  0.0061 -0.0015
                                        -0.1050
  39. (0.00081) RY ( 4) C  1            s(  0.00%)p 1.00( 70.75%)d 0.39( 27.84%)
                                                  f 0.02(  1.41%)
                                         0.0000  0.0002  0.0030 -0.0010  0.0000
                                         0.0001  0.0000  0.0008 -0.0123  0.0007
                                         0.0010 -0.0094 -0.2878  0.0436  0.0064
                                         0.0252 -0.7798 -0.1156  0.0184  0.1868
                                        -0.0717 -0.4203  0.1612 -0.1018  0.0260
                                         0.0750  0.0197  0.1323  0.0342 -0.0678
                                         0.0037  0.0103  0.0883  0.0044  0.0031
                                        -0.0394
  40. (0.00072) RY ( 5) C  1            s(  0.00%)p 1.00( 25.01%)d 2.97( 74.20%)
                                                  f 0.03(  0.79%)
                                         0.0000  0.0000  0.0000  0.0004  0.0004
                                         0.0000  0.0000 -0.0010  0.0153 -0.0010
                                        -0.0010 -0.0154 -0.4746  0.0490  0.0473
                                         0.0045 -0.1391 -0.0144  0.0136 -0.7619
                                         0.3001  0.2192 -0.0863 -0.1226  0.0314
                                         0.0023  0.0013  0.0049  0.0011 -0.0150
                                        -0.0003  0.0212  0.0197 -0.0035  0.0000
                                        -0.0824
  41. (0.00071) RY ( 6) C  1            s(  0.00%)p 1.00( 20.61%)d 3.82( 78.72%)
                                                  f 0.03(  0.67%)
                                         0.0000  0.0000  0.0011  0.0008  0.0002
                                         0.0000  0.0000 -0.0003  0.0043 -0.0002
                                        -0.0004  0.0040  0.1242 -0.0121 -0.0136
                                         0.0139 -0.4315 -0.0421  0.0463  0.2273
                                        -0.0897  0.7861 -0.3100  0.0058 -0.0012
                                         0.0549  0.0133  0.0979  0.0241 -0.0482
                                        -0.0001 -0.0056  0.0623  0.0000 -0.0017
                                         0.0221
  42. (0.00023) RY ( 7) C  1            s( 87.10%)p 0.01(  0.54%)d 0.14( 12.04%)
                                                  f 0.00(  0.32%)
                                         0.0000  0.0115  0.6842 -0.6344  0.0164
                                         0.0000 -0.0002 -0.0070  0.0700 -0.0142
                                        -0.0156  0.0000  0.0006  0.0000 -0.0002
                                         0.0001  0.0011  0.0007  0.0001  0.0003
                                        -0.0004  0.0005 -0.0002 -0.0006 -0.0003
                                         0.2907 -0.0763 -0.1687  0.0398  0.0417
                                        -0.0111  0.0120  0.0319  0.0001  0.0145
                                         0.0030
  43. (0.00001) RY ( 8) C  1            s( 21.39%)p 0.03(  0.61%)d 0.37(  7.85%)
                                                  f 3.28( 70.16%)
  44. (0.00000) RY ( 9) C  1            s(  0.73%)p67.48( 48.99%)d 1.07(  0.77%)
                                                  f68.20( 49.51%)
  45. (0.00000) RY (10) C  1            s( 37.61%)p 0.62( 23.35%)d 0.44( 16.70%)
                                                  f 0.59( 22.35%)
  46. (0.00000) RY (11) C  1            s(  0.33%)p99.99( 44.89%)d99.99( 36.98%)
                                                  f53.38( 17.79%)
  47. (0.00000) RY (12) C  1            s(  0.00%)p 1.00( 77.58%)d 0.16( 12.61%)
                                                  f 0.13(  9.81%)
  48. (0.00000) RY (13) C  1            s( 97.98%)p 0.01(  0.60%)d 0.01(  0.82%)
                                                  f 0.01(  0.60%)
  49. (0.00000) RY (14) C  1            s( 35.01%)p 0.87( 30.35%)d 0.63( 22.21%)
                                                  f 0.36( 12.44%)
  50. (0.00000) RY (15) C  1            s(  0.01%)p 1.00( 77.29%)d 0.17( 12.93%)
                                                  f 0.13(  9.77%)
  51. (0.00000) RY (16) C  1            s( 97.57%)p 0.00(  0.45%)d 0.01(  0.93%)
                                                  f 0.01(  1.05%)
  52. (0.00000) RY (17) C  1            s(  0.00%)p 1.00( 12.66%)d 4.09( 51.74%)
                                                  f 2.81( 35.59%)
  53. (0.00000) RY (18) C  1            s( 61.50%)p 0.26( 15.75%)d 0.26( 15.77%)
                                                  f 0.11(  6.98%)
  54. (0.00000) RY (19) C  1            s(  0.01%)p 1.00( 10.10%)d 5.21( 52.57%)
                                                  f 3.70( 37.33%)
  55. (0.00000) RY (20) C  1            s(  0.01%)p99.99( 31.16%)d99.99( 35.14%)
                                                  f99.99( 33.69%)
  56. (0.00000) RY (21) C  1            s(  0.03%)p99.99( 15.94%)d99.99( 80.72%)
                                                  f99.99(  3.31%)
  57. (0.00000) RY (22) C  1            s(  0.06%)p99.99( 31.93%)d99.99( 36.31%)
                                                  f99.99( 31.70%)
  58. (0.00000) RY (23) C  1            s(  4.85%)p 0.97(  4.72%)d14.97( 72.66%)
                                                  f 3.66( 17.77%)
  59. (0.00000) RY (24) C  1            s(  1.41%)p58.67( 82.70%)d 6.66(  9.39%)
                                                  f 4.61(  6.50%)
  60. (0.00000) RY (25) C  1            s(  0.34%)p45.74( 15.39%)d99.99( 80.55%)
                                                  f11.07(  3.72%)
  61. (0.00000) RY (26) C  1            s(  0.04%)p99.99(  6.70%)d99.99( 43.04%)
                                                  f99.99( 50.23%)
  62. (0.00000) RY (27) C  1            s(  0.02%)p 3.87(  0.09%)d33.78(  0.83%)
                                                  f99.99( 99.05%)
  63. (0.00000) RY (28) C  1            s(  0.57%)p36.97( 21.18%)d54.45( 31.19%)
                                                  f82.17( 47.06%)
  64. (0.00000) RY (29) C  1            s(  1.64%)p 2.81(  4.62%)d26.04( 42.80%)
                                                  f30.99( 50.94%)
  65. (0.00000) RY (30) C  1            s( 24.53%)p 1.56( 38.26%)d 0.33(  8.11%)
                                                  f 1.19( 29.10%)
  66. (0.00000) RY (31) C  1            s(  0.02%)p99.99( 19.85%)d99.99( 34.13%)
                                                  f99.99( 46.00%)
  67. (0.00069) RY ( 1) H  2            s( 95.92%)p 0.04(  4.08%)
                                        -0.0046  0.9793  0.0105 -0.1221  0.0125
                                         0.1606
  68. (0.00021) RY ( 2) H  2            s( 43.12%)p 1.32( 56.88%)
                                         0.0012 -0.0984  0.6492 -0.7540 -0.0031
                                        -0.0152
  69. (0.00012) RY ( 3) H  2            s( 58.35%)p 0.71( 41.65%)
                                         0.0005  0.0752  0.7602  0.6451 -0.0058
                                        -0.0174
  70. (0.00005) RY ( 4) H  2            s(  2.72%)p35.83( 97.28%)
  71. (0.00000) RY ( 5) H  2            s(  0.00%)p 1.00(100.00%)
  72. (0.00069) RY ( 1) H  3            s( 95.83%)p 0.04(  4.17%)
                                        -0.0041  0.9789  0.0063 -0.1187  0.1348
                                        -0.0971
  73. (0.00021) RY ( 2) H  3            s( 47.73%)p 1.09( 52.27%)
                                         0.0024 -0.0805  0.6862 -0.7199 -0.0521
                                         0.0403
  74. (0.00012) RY ( 3) H  3            s( 52.08%)p 0.92( 47.92%)
                                         0.0034  0.0988  0.7148  0.6814 -0.0977
                                         0.0731
  75. (0.00004) RY ( 4) H  3            s(  4.43%)p21.55( 95.57%)
  76. (0.00000) RY ( 5) H  3            s(  0.00%)p 1.00(100.00%)
  77. (0.00069) RY ( 1) H  4            s( 95.80%)p 0.04(  4.20%)
                                        -0.0043  0.9788  0.0077 -0.1203 -0.1476
                                        -0.0755
  78. (0.00021) RY ( 2) H  4            s( 46.17%)p 1.17( 53.83%)
                                         0.0020 -0.0869  0.6739 -0.7320  0.0415
                                         0.0274
  79. (0.00012) RY ( 3) H  4            s( 54.39%)p 0.84( 45.61%)
                                         0.0027  0.0920  0.7317  0.6691  0.0773
                                         0.0496
  80. (0.00004) RY ( 4) H  4            s(  3.70%)p26.02( 96.30%)
  81. (0.00000) RY ( 5) H  4            s(  0.01%)p99.99( 99.99%)
  82. (0.00122) RY ( 1)Cl  5            s(  0.96%)p35.07( 33.64%)d66.78( 64.04%)
                                                  f 1.42(  1.36%)
                                         0.0000  0.0000 -0.0040  0.0705  0.0678
                                        -0.0028  0.0008  0.0000 -0.0178  0.5791
                                         0.0210  0.0150  0.0027  0.0000  0.0000
                                         0.0005  0.0002  0.0002  0.0000  0.0000
                                         0.0000 -0.0013 -0.0002 -0.0002  0.0000
                                         0.0008  0.0001 -0.0011  0.0001 -0.0003
                                        -0.0002  0.6921 -0.0285 -0.4004  0.0170
                                        -0.0024 -0.0715 -0.0008 -0.0022 -0.0001
                                         0.0922  0.0001
  83. (0.00026) RY ( 2)Cl  5            s(  0.00%)p 1.00( 11.97%)d 7.21( 86.31%)
                                                  f 0.14(  1.72%)
                                         0.0000  0.0000  0.0000  0.0028  0.0005
                                         0.0001 -0.0001  0.0000  0.0000  0.0021
                                        -0.0009 -0.0021  0.0000  0.0000  0.0025
                                        -0.2363  0.0292  0.0404 -0.0029  0.0000
                                        -0.0026  0.2423 -0.0300 -0.0415  0.0030
                                        -0.6322  0.0025  0.6524 -0.0020 -0.1364
                                        -0.0900 -0.0437 -0.0316 -0.0760 -0.0490
                                        -0.0573 -0.0058  0.0227  0.0740 -0.0121
                                        -0.0053 -0.0879
  84. (0.00026) RY ( 3)Cl  5            s(  0.00%)p 1.00( 12.03%)d 7.17( 86.24%)
                                                  f 0.14(  1.73%)
                                         0.0000  0.0000  0.0000  0.0035 -0.0001
                                         0.0001  0.0000  0.0000  0.0000  0.0025
                                        -0.0006 -0.0012  0.0001  0.0000 -0.0026
                                         0.2445 -0.0296 -0.0412  0.0030  0.0000
                                        -0.0025  0.2355 -0.0286 -0.0398  0.0029
                                         0.6516 -0.0028  0.6318 -0.0020  0.0873
                                         0.0569 -0.0712 -0.0483 -0.1199 -0.0776
                                        -0.0556 -0.0096 -0.0235  0.0719  0.0077
                                        -0.0080  0.0908
  85. (0.00010) RY ( 4)Cl  5            s( 51.34%)p 0.50( 25.53%)d 0.26( 13.58%)
                                                  f 0.19(  9.55%)
  86. (0.00002) RY ( 5)Cl  5            s(  0.00%)p 1.00( 78.99%)d 0.27( 20.96%)
                                                  f 0.00(  0.05%)
  87. (0.00002) RY ( 6)Cl  5            s(  0.00%)p 1.00( 78.94%)d 0.27( 21.01%)
                                                  f 0.00(  0.05%)
  88. (0.00000) RY ( 7)Cl  5            s( 95.66%)p 0.04(  3.60%)d 0.01(  0.54%)
                                                  f 0.00(  0.20%)
  89. (0.00000) RY ( 8)Cl  5            s(  2.44%)p36.31( 88.46%)d 3.41(  8.30%)
                                                  f 0.33(  0.80%)
  90. (0.00000) RY ( 9)Cl  5            s(  6.39%)p13.80( 88.11%)d 0.52(  3.32%)
                                                  f 0.34(  2.18%)
  91. (0.00000) RY (10)Cl  5            s( 95.83%)p 0.04(  3.72%)d 0.00(  0.16%)
                                                  f 0.00(  0.29%)
  92. (0.00000) RY (11)Cl  5            s(  0.07%)p99.99( 44.75%)d99.99( 43.98%)
                                                  f99.99( 11.21%)
  93. (0.00000) RY (12)Cl  5            s(  0.00%)p 1.00( 82.43%)d 0.21( 17.08%)
                                                  f 0.01(  0.49%)
  94. (0.00000) RY (13)Cl  5            s(  0.00%)p 1.00( 85.52%)d 0.16( 13.74%)
                                                  f 0.01(  0.74%)
  95. (0.00000) RY (14)Cl  5            s( 63.63%)p 0.03(  1.97%)d 0.02(  1.44%)
                                                  f 0.52( 32.97%)
  96. (0.00000) RY (15)Cl  5            s(  0.00%)p 1.00( 75.36%)d 0.24( 18.04%)
                                                  f 0.09(  6.60%)
  97. (0.00000) RY (16)Cl  5            s(  0.00%)p 1.00( 73.53%)d 0.35( 25.74%)
                                                  f 0.01(  0.73%)
  98. (0.00000) RY (17)Cl  5            s(  0.00%)p 1.00( 77.17%)d 0.30( 22.79%)
                                                  f 0.00(  0.04%)
  99. (0.00000) RY (18)Cl  5            s(  0.01%)p 1.00( 65.37%)d 0.53( 34.60%)
                                                  f 0.00(  0.03%)
 100. (0.00000) RY (19)Cl  5            s( 13.92%)p 0.91( 12.64%)d 0.90( 12.51%)
                                                  f 4.38( 60.93%)
 101. (0.00000) RY (20)Cl  5            s(  0.00%)p 1.00( 27.70%)d 2.10( 58.21%)
                                                  f 0.51( 14.09%)
 102. (0.00000) RY (21)Cl  5            s(  0.00%)p 1.00( 21.72%)d 3.34( 72.64%)
                                                  f 0.26(  5.64%)
 103. (0.00000) RY (22)Cl  5            s(  0.00%)p 1.00(  1.76%)d20.67( 36.45%)
                                                  f35.03( 61.78%)
 104. (0.00000) RY (23)Cl  5            s(  5.18%)p16.79( 87.03%)d 0.98(  5.07%)
                                                  f 0.52(  2.71%)
 105. (0.00000) RY (24)Cl  5            s( 21.66%)p 0.79( 17.05%)d 2.83( 61.22%)
                                                  f 0.00(  0.07%)
 106. (0.00000) RY (25)Cl  5            s(  2.46%)p 1.53(  3.77%)d33.64( 82.88%)
                                                  f 4.42( 10.89%)
 107. (0.00000) RY (26)Cl  5            s(  0.22%)p99.99( 24.76%)d99.99( 53.94%)
                                                  f96.09( 21.08%)
 108. (0.00000) RY (27)Cl  5            s( 21.85%)p 0.03(  0.74%)d 0.08(  1.80%)
                                                  f 3.46( 75.61%)
 109. (0.00000) RY (28)Cl  5            s(  9.95%)p 0.13(  1.31%)d 1.83( 18.22%)
                                                  f 7.08( 70.52%)
 110. (0.00000) RY (29)Cl  5            s(  0.00%)p 1.00(  2.24%)d23.23( 52.15%)
                                                  f20.32( 45.60%)
 111. (0.00000) RY (30)Cl  5            s(  0.00%)p 1.00( 23.62%)d 0.18(  4.25%)
                                                  f 3.05( 72.13%)
 112. (0.00000) RY (31)Cl  5            s(  0.70%)p 0.41(  0.29%)d16.20( 11.29%)
                                                  f99.99( 87.72%)
 113. (0.00000) RY (32)Cl  5            s(  7.73%)p 4.95( 38.23%)d 4.06( 31.35%)
                                                  f 2.94( 22.69%)
 114. (0.00000) RY (33)Cl  5            s(  0.00%)p 1.00(  6.11%)d 2.63( 16.10%)
                                                  f12.73( 77.79%)
 115. (0.00120) RY ( 1)Br  6            s(  0.81%)p54.66( 44.43%)d65.41( 53.17%)
                                                  f 1.95(  1.59%)
                                         0.0000  0.0000  0.0000 -0.0062  0.0805
                                        -0.0391  0.0013  0.0005  0.0087  0.0000
                                         0.0000  0.0000  0.0265 -0.6658  0.0151
                                         0.0063  0.0000  0.0000  0.0000  0.0005
                                         0.0003  0.0000  0.0000  0.0000  0.0000
                                        -0.0008 -0.0001  0.0000  0.0000 -0.0003
                                        -0.0004  0.0001  0.0000  0.0003  0.0004
                                         0.0000  0.0000 -0.0004  0.0004  0.0000
                                         0.0000  0.6136  0.1483 -0.0055  0.0000
                                        -0.3548 -0.0852  0.0019 -0.0037  0.0771
                                        -0.0012 -0.0031  0.0001 -0.0994 -0.0001
 116. (0.00031) RY ( 2)Br  6            s(  0.00%)p 1.00(  6.85%)d12.99( 89.03%)
                                                  f 0.60(  4.11%)
                                         0.0000  0.0000  0.0000  0.0000  0.0008
                                         0.0000  0.0001  0.0001  0.0000  0.0000
                                         0.0000  0.0000  0.0000  0.0003 -0.0001
                                         0.0002  0.0000  0.0000  0.0045 -0.2331
                                         0.1014  0.0064  0.0000  0.0000 -0.0011
                                         0.0569 -0.0246 -0.0016  0.0000  0.8596
                                        -0.0599  0.0130  0.0000 -0.2096  0.0148
                                        -0.0032  0.0000 -0.2246  0.2304  0.0018
                                         0.0000  0.0007 -0.0003  0.0001  0.0000
                                        -0.0003  0.0009 -0.0001 -0.0291 -0.0001
                                         0.0489  0.0376  0.0275 -0.0002 -0.1891
 117. (0.00031) RY ( 3)Br  6            s(  0.00%)p 1.00(  6.73%)d13.24( 89.16%)
                                                  f 0.61(  4.11%)
                                         0.0000  0.0000  0.0000  0.0000  0.0030
                                         0.0000  0.0003  0.0001  0.0001 -0.0001
                                         0.0000  0.0000 -0.0001 -0.0012  0.0019
                                         0.0004  0.0000  0.0000 -0.0011  0.0563
                                        -0.0246 -0.0016  0.0000  0.0000 -0.0045
                                         0.2312 -0.1003 -0.0065  0.0000 -0.2089
                                         0.0147 -0.0031  0.0000 -0.8587  0.0614
                                        -0.0129  0.0000  0.0017 -0.0010  0.0000
                                         0.0000 -0.1157  0.1204  0.0010  0.0000
                                        -0.1959  0.2002  0.0016 -0.1195  0.0219
                                        -0.0119  0.1541 -0.0004  0.0174  0.0459
 118. (0.00010) RY ( 4)Br  6            s( 32.20%)p 0.70( 22.48%)d 0.91( 29.45%)
                                                  f 0.49( 15.86%)
 119. (0.00004) RY ( 5)Br  6            s(  0.00%)p 1.00( 66.18%)d 0.51( 33.47%)
                                                  f 0.01(  0.35%)
 120. (0.00004) RY ( 6)Br  6            s(  0.00%)p 1.00( 66.17%)d 0.51( 33.49%)
                                                  f 0.01(  0.34%)
 121. (0.00000) RY ( 7)Br  6            s( 45.34%)p 0.34( 15.35%)d 0.87( 39.27%)
                                                  f 0.00(  0.04%)
 122. (0.00000) RY ( 8)Br  6            s( 24.13%)p 1.80( 43.43%)d 0.64( 15.41%)
                                                  f 0.71( 17.03%)
 123. (0.00000) RY ( 9)Br  6            s( 59.73%)p 0.18( 10.79%)d 0.48( 28.59%)
                                                  f 0.01(  0.89%)
 124. (0.00000) RY (10)Br  6            s(  2.52%)p21.79( 54.99%)d 5.82( 14.69%)
                                                  f11.01( 27.79%)
 125. (0.00000) RY (11)Br  6            s( 52.65%)p 0.40( 21.02%)d 0.45( 23.86%)
                                                  f 0.05(  2.47%)
 126. (0.00000) RY (12)Br  6            s(  0.01%)p 1.00( 63.03%)d 0.56( 35.16%)
                                                  f 0.03(  1.81%)
 127. (0.00000) RY (13)Br  6            s(  0.00%)p 1.00( 67.28%)d 0.34( 22.67%)
                                                  f 0.15( 10.05%)
 128. (0.00000) RY (14)Br  6            s( 99.47%)p 0.00(  0.07%)d 0.00(  0.21%)
                                                  f 0.00(  0.25%)
 129. (0.00000) RY (15)Br  6            s( 26.53%)p 1.38( 36.65%)d 1.04( 27.49%)
                                                  f 0.35(  9.33%)
 130. (0.00000) RY (16)Br  6            s(  0.00%)p 1.00( 66.03%)d 0.37( 24.43%)
                                                  f 0.14(  9.55%)
 131. (0.00000) RY (17)Br  6            s( 51.45%)p 0.37( 19.03%)d 0.40( 20.55%)
                                                  f 0.17(  8.97%)
 132. (0.00000) RY (18)Br  6            s(  0.04%)p99.99( 54.04%)d99.99( 38.13%)
                                                  f99.99(  7.79%)
 133. (0.00000) RY (19)Br  6            s(  0.03%)p99.99(  8.81%)d99.99( 84.95%)
                                                  f99.99(  6.21%)
 134. (0.00000) RY (20)Br  6            s( 45.87%)p 0.16(  7.38%)d 0.80( 36.83%)
                                                  f 0.22(  9.92%)
 135. (0.00000) RY (21)Br  6            s(  0.01%)p 1.00( 35.30%)d 1.67( 59.00%)
                                                  f 0.16(  5.69%)
 136. (0.00000) RY (22)Br  6            s(  7.44%)p 0.53(  3.96%)d11.20( 83.24%)
                                                  f 0.72(  5.36%)
 137. (0.00000) RY (23)Br  6            s(  0.00%)p 1.00(  7.08%)d 4.73( 33.46%)
                                                  f 8.40( 59.47%)
 138. (0.00000) RY (24)Br  6            s(  0.00%)p 1.00(  0.72%)d92.44( 66.65%)
                                                  f45.26( 32.63%)
 139. (0.00000) RY (25)Br  6            s(  0.00%)p 1.00(  0.63%)d99.99( 93.73%)
                                                  f 9.03(  5.64%)
 140. (0.00000) RY (26)Br  6            s( 96.87%)p 0.01(  1.14%)d 0.01(  1.18%)
                                                  f 0.01(  0.81%)
 141. (0.00000) RY (27)Br  6            s( 36.30%)p 0.55( 20.05%)d 1.02( 36.98%)
                                                  f 0.18(  6.66%)
 142. (0.00000) RY (28)Br  6            s(  0.00%)p 1.00(  7.18%)d 6.97( 50.03%)
                                                  f 5.96( 42.79%)
 143. (0.00000) RY (29)Br  6            s(  0.57%)p90.10( 51.66%)d68.51( 39.28%)
                                                  f14.80(  8.49%)
 144. (0.00000) RY (30)Br  6            s(  0.51%)p 0.87(  0.44%)d99.99( 95.23%)
                                                  f 7.48(  3.82%)
 145. (0.00000) RY (31)Br  6            s(  0.16%)p 3.72(  0.60%)d 2.94(  0.47%)
                                                  f99.99( 98.77%)
 146. (0.00000) RY (32)Br  6            s(  9.87%)p 0.27(  2.71%)d 5.29( 52.21%)
                                                  f 3.57( 35.22%)
 147. (0.00000) RY (33)Br  6            s(  0.00%)p 1.00(  0.06%)d 2.41(  0.14%)
                                                  f99.99( 99.80%)
 148. (0.00000) RY (34)Br  6            s(  0.00%)p 1.00( 10.95%)d 2.15( 23.52%)
                                                  f 5.98( 65.52%)
 149. (0.00000) RY (35)Br  6            s(  0.83%)p16.83( 14.03%)d80.30( 66.95%)
                                                  f21.81( 18.18%)
 150. (0.00000) RY (36)Br  6            s(  6.65%)p 7.73( 51.44%)d 3.40( 22.62%)
                                                  f 2.90( 19.29%)
 151. (0.00000) RY (37)Br  6            s(  0.00%)p 1.00( 11.36%)d 3.10( 35.25%)
                                                  f 4.70( 53.39%)


 NHO DIRECTIONALITY AND BOND BENDING (deviation from line of nuclear centers at
                                      the position of maximum hybrid amplitude)

         [Thresholds for printing:  angular deviation  >  1.0 degree]
                                    p- or d-character  > 25.0%
                                    orbital occupancy  >  0.10e

                        Line of Centers        Hybrid 1             Hybrid 2
                        ---------------  -------------------  ------------------
           NBO            Theta   Phi    Theta   Phi    Dev   Theta   Phi    Dev
 ===============================================================================
  22. LP ( 2)Cl  5          --     --     42.1  270.8   --      --     --    --
  23. LP ( 3)Cl  5          --     --    132.1  270.6   --      --     --    --
  24. LP ( 4)Cl  5          --     --     90.1    0.1   --      --     --    --
  26. LP ( 2)Br  6          --     --     75.0  269.5   --      --     --    --
  27. LP ( 3)Br  6          --     --     15.0   91.6   --      --     --    --
  28. BD ( 1) C  1- H  2  175.5  263.9   175.0  243.3   1.8     --     --    --
  29. BD ( 1) C  1- H  3   55.5  269.4    55.5  267.3   1.8     --     --    --
  30. BD ( 1) C  1- H  4   64.5   90.5    64.5   92.4   1.8     --     --    --


 3-Center, 4-Electron A:-B-:C Hyperbonds (A-B :C <=> A: B-C)
              [threshold for detection: 33.3%]

                                                  NBOs       3-center hybrids
                                              -------------  ----------------
       Hyperbond A:-B-:C   %A-B/%B-C   occ    BD(A-B) LP(C)  h(A)  h(B)  h(C)
      -------------------  ---------  ------  ------- -----  ----  ----  ----
   1. Br  6:- C  1-:Cl  5  54.1/45.9  3.9853      31     24    34    35    24


 NATURAL BOND ORBITALS (Summary):

           NBO                 Occupancy
 ========================================
 Molecular unit  1  (CH3Br)
 ------ Lewis ---------------------------
    1. CR ( 1) C  1             1.99957
    7. CR ( 1)Br  6             2.00000
    8. CR ( 2)Br  6             2.00000
    9. CR ( 3)Br  6             1.99999
   10. CR ( 4)Br  6             2.00000
   11. CR ( 5)Br  6             1.99999
   12. CR ( 6)Br  6             2.00000
   13. CR ( 7)Br  6             2.00000
   14. CR ( 8)Br  6             2.00000
   15. CR ( 9)Br  6             2.00000
   16. CR (10)Br  6             2.00000
   17. CR (11)Br  6             2.00000
   18. CR (12)Br  6             2.00000
   19. CR (13)Br  6             1.99996
   20. CR (14)Br  6             1.99999
   25. LP ( 1)Br  6             1.99925
   26. LP ( 2)Br  6             1.99831
   27. LP ( 3)Br  6             1.99830
   28. BD ( 1) C  1- H  2       1.99810
   29. BD ( 1) C  1- H  3       1.99810
   30. BD ( 1) C  1- H  4       1.99811
   31. BD ( 1) C  1-Br  6       1.99678
 ------ non-Lewis -----------------------
   32. BD*( 1) C  1- H  2       0.00478
   33. BD*( 1) C  1- H  3       0.00477
   34. BD*( 1) C  1- H  4       0.00478
   35. BD*( 1) C  1-Br  6       0.33594
   36. RY ( 1) C  1             0.00385
   37. RY ( 2) C  1             0.00085
   38. RY ( 3) C  1             0.00081
   39. RY ( 4) C  1             0.00081
   40. RY ( 5) C  1             0.00072
   41. RY ( 6) C  1             0.00071
   42. RY ( 7) C  1             0.00023
   43. RY ( 8) C  1             0.00001
   44. RY ( 9) C  1             0.00000
   45. RY (10) C  1             0.00000
   46. RY (11) C  1             0.00000
   47. RY (12) C  1             0.00000
   48. RY (13) C  1             0.00000
   49. RY (14) C  1             0.00000
   50. RY (15) C  1             0.00000
   51. RY (16) C  1             0.00000
   52. RY (17) C  1             0.00000
   53. RY (18) C  1             0.00000
   54. RY (19) C  1             0.00000
   55. RY (20) C  1             0.00000
   56. RY (21) C  1             0.00000
   57. RY (22) C  1             0.00000
   58. RY (23) C  1             0.00000
   59. RY (24) C  1             0.00000
   60. RY (25) C  1             0.00000
   61. RY (26) C  1             0.00000
   62. RY (27) C  1             0.00000
   63. RY (28) C  1             0.00000
   64. RY (29) C  1             0.00000
   65. RY (30) C  1             0.00000
   66. RY (31) C  1             0.00000
   67. RY ( 1) H  2             0.00069
   68. RY ( 2) H  2             0.00021
   69. RY ( 3) H  2             0.00012
   70. RY ( 4) H  2             0.00005
   71. RY ( 5) H  2             0.00000
   72. RY ( 1) H  3             0.00069
   73. RY ( 2) H  3             0.00021
   74. RY ( 3) H  3             0.00012
   75. RY ( 4) H  3             0.00004
   76. RY ( 5) H  3             0.00000
   77. RY ( 1) H  4             0.00069
   78. RY ( 2) H  4             0.00021
   79. RY ( 3) H  4             0.00012
   80. RY ( 4) H  4             0.00004
   81. RY ( 5) H  4             0.00000
  115. RY ( 1)Br  6             0.00120
  116. RY ( 2)Br  6             0.00031
  117. RY ( 3)Br  6             0.00031
  118. RY ( 4)Br  6             0.00010
  119. RY ( 5)Br  6             0.00004
  120. RY ( 6)Br  6             0.00004
  121. RY ( 7)Br  6             0.00000
  122. RY ( 8)Br  6             0.00000
  123. RY ( 9)Br  6             0.00000
  124. RY (10)Br  6             0.00000
  125. RY (11)Br  6             0.00000
  126. RY (12)Br  6             0.00000
  127. RY (13)Br  6             0.00000
  128. RY (14)Br  6             0.00000
  129. RY (15)Br  6             0.00000
  130. RY (16)Br  6             0.00000
  131. RY (17)Br  6             0.00000
  132. RY (18)Br  6             0.00000
  133. RY (19)Br  6             0.00000
  134. RY (20)Br  6             0.00000
  135. RY (21)Br  6             0.00000
  136. RY (22)Br  6             0.00000
  137. RY (23)Br  6             0.00000
  138. RY (24)Br  6             0.00000
  139. RY (25)Br  6             0.00000
  140. RY (26)Br  6             0.00000
  141. RY (27)Br  6             0.00000
  142. RY (28)Br  6             0.00000
  143. RY (29)Br  6             0.00000
  144. RY (30)Br  6             0.00000
  145. RY (31)Br  6             0.00000
  146. RY (32)Br  6             0.00000
  147. RY (33)Br  6             0.00000
  148. RY (34)Br  6             0.00000
  149. RY (35)Br  6             0.00000
  150. RY (36)Br  6             0.00000
  151. RY (37)Br  6             0.00000
          -------------------------------
                 Total Lewis   43.98645  ( 99.1805%)
           Valence non-Lewis    0.35027  (  0.7898%)
           Rydberg non-Lewis    0.01319  (  0.0297%)
          -------------------------------
               Total unit  1   44.34991  (100.0000%)
              Charge unit  1   -0.34991

 Molecular unit  2  (Cl)
 ------ Lewis ---------------------------
    2. CR ( 1)Cl  5             2.00000
    3. CR ( 2)Cl  5             1.99999
    4. CR ( 3)Cl  5             1.99999
    5. CR ( 4)Cl  5             2.00000
    6. CR ( 5)Cl  5             2.00000
   21. LP ( 1)Cl  5             1.99916
   22. LP ( 2)Cl  5             1.99828
   23. LP ( 3)Cl  5             1.99826
   24. LP ( 4)Cl  5             1.65253
 ------ non-Lewis -----------------------
   82. RY ( 1)Cl  5             0.00122
   83. RY ( 2)Cl  5             0.00026
   84. RY ( 3)Cl  5             0.00026
   85. RY ( 4)Cl  5             0.00010
   86. RY ( 5)Cl  5             0.00002
   87. RY ( 6)Cl  5             0.00002
   88. RY ( 7)Cl  5             0.00000
   89. RY ( 8)Cl  5             0.00000
   90. RY ( 9)Cl  5             0.00000
   91. RY (10)Cl  5             0.00000
   92. RY (11)Cl  5             0.00000
   93. RY (12)Cl  5             0.00000
   94. RY (13)Cl  5             0.00000
   95. RY (14)Cl  5             0.00000
   96. RY (15)Cl  5             0.00000
   97. RY (16)Cl  5             0.00000
   98. RY (17)Cl  5             0.00000
   99. RY (18)Cl  5             0.00000
  100. RY (19)Cl  5             0.00000
  101. RY (20)Cl  5             0.00000
  102. RY (21)Cl  5             0.00000
  103. RY (22)Cl  5             0.00000
  104. RY (23)Cl  5             0.00000
  105. RY (24)Cl  5             0.00000
  106. RY (25)Cl  5             0.00000
  107. RY (26)Cl  5             0.00000
  108. RY (27)Cl  5             0.00000
  109. RY (28)Cl  5             0.00000
  110. RY (29)Cl  5             0.00000
  111. RY (30)Cl  5             0.00000
  112. RY (31)Cl  5             0.00000
  113. RY (32)Cl  5             0.00000
  114. RY (33)Cl  5             0.00000
          -------------------------------
                 Total Lewis   17.64822  ( 99.9894%)
           Valence non-Lewis    0.00000  (  0.0000%)
           Rydberg non-Lewis    0.00187  (  0.0106%)
          -------------------------------
               Total unit  2   17.65009  (100.0000%)
              Charge unit  2   -0.65009

 $CHOOSE
   LONE 5 4 6 3 END
   BOND S 1 2 S 1 3 S 1 4 S 1 6 END
 $END

 Maximum scratch memory used by NBO was 500093 words
 Maximum scratch memory used by GENNBO was 23651 words
